0.653446 0.664813 0.837377 0.010000
0.710622 0.732478 0.519092 0.010000
0.761625 0.785846 0.467386 0.010000
0.757824 0.798647 0.582343 0.010000
0.775241 0.830230 0.470919 0.010000
0.754606 0.843686 0.447559 0.010000
0.781512 0.847470 0.498495 0.010000
0.782692 0.851728 0.284951 0.010000
0.781460 0.861859 0.430380 0.010000
0.779957 0.862395 0.386378 0.010000
0.797445 0.875809 0.447013 0.010000
0.778867 0.871392 0.466859 0.010000
0.803060 0.884086 0.416459 0.010000
0.805040 0.881445 0.371291 0.010000
0.814355 0.904873 0.352951 0.001000
0.813542 0.908106 0.352651 0.001000
0.817545 0.908110 0.452313 0.001000
0.816883 0.911114 0.500606 0.001000
0.808538 0.911667 0.360140 0.001000
0.811138 0.913159 0.395517 0.001000
0.811173 0.915387 0.395229 0.000100
0.812581 0.915767 0.363276 0.000100
0.812695 0.916608 0.373142 0.000100
0.812699 0.916569 0.384544 0.000100
0.810138 0.916448 0.337206 0.000100
0.813182 0.917019 0.370832 0.000100
0.813223 0.917033 0.373419 0.000010
0.813520 0.917078 0.374667 0.000010
0.813205 0.917098 0.365338 0.000010
0.812867 0.917125 0.364245 0.000010
0.813239 0.917193 0.367433 0.000010
0.814917 0.917273 0.378564 0.000010
