0.647741 0.667324 0.579739 0.010000
0.664006 0.731815 0.507035 0.010000
0.727720 0.767261 0.566409 0.010000
0.758097 0.812050 0.556482 0.010000
0.767963 0.828382 0.515066 0.010000
0.761121 0.833779 0.585031 0.010000
0.762131 0.839635 0.422262 0.010000
0.764551 0.849382 0.480094 0.010000
0.783038 0.865605 0.446392 0.010000
0.768574 0.861122 0.465020 0.010000
0.773411 0.870615 0.461423 0.010000
0.796435 0.879214 0.479581 0.010000
0.758962 0.859581 0.392948 0.010000
0.799807 0.893487 0.446300 0.010000
0.807866 0.899140 0.510638 0.010000
0.808845 0.906274 0.351675 0.010000
0.823678 0.905770 0.477022 0.010000
0.816167 0.908242 0.413130 0.010000
0.795393 0.904671 0.326922 0.010000
0.806676 0.911496 0.387471 0.010000
0.814897 0.890877 0.544726 0.010000
0.814936 0.910344 0.547236 0.010000
0.826534 0.914324 0.296631 0.010000
0.821529 0.916351 0.402955 0.010000
0.819866 0.920693 0.388196 0.010000
0.811366 0.911830 0.320948 0.010000
0.828711 0.920288 0.522647 0.010000
0.836594 0.923877 0.454456 0.010000
0.832495 0.920392 0.531651 0.010000
0.834205 0.937574 0.410610 0.001000
0.835925 0.939212 0.333453 0.001000
0.835667 0.940966 0.344469 0.001000
0.834664 0.941328 0.272205 0.001000
0.831639 0.942269 0.333337 0.001000
0.841952 0.943808 0.335716 0.001000
0.835303 0.943703 0.343818 0.001000
0.833684 0.944753 0.295845 0.001000
0.833464 0.944034 0.263993 0.001000
0.835987 0.945275 0.260718 0.001000
0.837912 0.945353 0.358021 0.001000
0.835854 0.945449 0.298951 0.001000
0.825819 0.941206 0.424962 0.001000
0.840413 0.944891 0.332906 0.001000
0.831332 0.945783 0.330968 0.001000
0.837450 0.945388 0.301029 0.001000
0.839354 0.949100 0.312591 0.000100
0.838942 0.949172 0.307197 0.000100
0.838097 0.949274 0.291611 0.000100
0.837478 0.949589 0.308924 0.000100
0.839859 0.949572 0.309666 0.000100
0.839193 0.949584 0.299086 0.000100
0.839639 0.949787 0.307975 0.000010
0.839588 0.949791 0.288085 0.000010
0.839320 0.949836 0.291389 0.000010
0.839727 0.949862 0.297324 0.000010
0.839330 0.949876 0.294516 0.000010
0.840009 0.949944 0.307015 0.000010
