0.617420 0.705290 0.625723 0.010000
0.659335 0.764874 0.782900 0.010000
0.704646 0.815197 0.420415 0.010000
0.689983 0.810718 0.489617 0.010000
0.736712 0.838406 0.477375 0.010000
0.717722 0.840872 0.467227 0.010000
0.741271 0.842276 0.532645 0.010000
0.753415 0.857473 0.516653 0.010000
0.760595 0.865602 0.537901 0.010000
0.785863 0.888469 0.401131 0.001000
0.792582 0.893590 0.398923 0.001000
0.791887 0.893917 0.339547 0.001000
0.798217 0.899715 0.454250 0.001000
0.787027 0.899146 0.372674 0.001000
0.793042 0.901049 0.409899 0.001000
0.787552 0.900488 0.349983 0.001000
0.801813 0.903650 0.486744 0.001000
0.793670 0.907645 0.397016 0.001000
0.797142 0.909552 0.404825 0.000100
0.795435 0.909782 0.357989 0.000100
0.797655 0.910431 0.382836 0.000100
0.799810 0.910669 0.370827 0.000100
0.800026 0.911062 0.422531 0.000100
0.798631 0.911522 0.381162 0.000100
0.800861 0.911718 0.382447 0.000010
0.800763 0.911752 0.385678 0.000010
0.800455 0.911774 0.390773 0.000010
0.801130 0.911778 0.386923 0.000010
0.800747 0.911897 0.398060 0.000010
0.800209 0.911958 0.398414 0.000010
