refined/10gs
refined/184l
refined/185l
refined/186l
refined/187l
refined/188l
refined/1a1e
refined/1a28
refined/1a30
refined/1a4k
refined/1a4r
refined/1a4w
refined/1a69
refined/1a94
refined/1a99
refined/1a9m
refined/1a9q
refined/1aaq
refined/1add
refined/1adl
refined/1ado
refined/1afk
refined/1afl
refined/1ai4
refined/1ai5
refined/1ai7
refined/1aid
refined/1aj7
refined/1ajn
refined/1ajp
refined/1ajq
refined/1ajv
refined/1ajx
refined/1alw
refined/1amk
refined/1amw
refined/1apv
refined/1atl
refined/1atr
refined/1avn
refined/1ax0
refined/1azm
refined/1b05
refined/1b0h
refined/1b1h
refined/1b2h
refined/1b32
refined/1b38
refined/1b3f
refined/1b3g
refined/1b3h
refined/1b3l
refined/1b40
refined/1b46
refined/1b4h
refined/1b4z
refined/1b51
refined/1b52
refined/1b55
refined/1b57
refined/1b58
refined/1b5h
refined/1b5i
refined/1b5j
refined/1b6h
refined/1b6j
refined/1b6k
refined/1b6l
refined/1b7h
refined/1b8n
refined/1b8o
refined/1b8y
refined/1b9j
refined/1bai
refined/1bcd
refined/1bcu
refined/1bdq
refined/1bgq
refined/1bhf
refined/1bhx
refined/1bju
refined/1bjv
refined/1bm7
refined/1bma
refined/1bn1
refined/1bn3
refined/1bn4
refined/1bnn
refined/1bnq
refined/1bnt
refined/1bnu
refined/1bnv
refined/1bnw
refined/1bp0
refined/1bq4
refined/1br6
refined/1bty
refined/1bv7
refined/1bv9
refined/1bwa
refined/1bwb
refined/1bxo
refined/1bxq
refined/1bxr
refined/1bzc
refined/1bzj
refined/1bzy
refined/1c1r
refined/1c1u
refined/1c1v
refined/1c3x
refined/1c4u
refined/1c5c
refined/1c5n
refined/1c5o
refined/1c5p
refined/1c5q
refined/1c5s
refined/1c5t
refined/1c5x
refined/1c5y
refined/1c70
refined/1c83
refined/1c84
refined/1c86
refined/1c87
refined/1c88
refined/1cbx
refined/1ceb
refined/1cet
refined/1cgl
refined/1ciz
refined/1cnw
refined/1cnx
refined/1cny
refined/1cps
refined/1ctt
refined/1ctu
refined/1d09
refined/1d2e
refined/1d3d
refined/1d3p
refined/1d4h
refined/1d4i
refined/1d4j
refined/1d4k
refined/1d4l
refined/1d4p
refined/1d4y
refined/1d6v
refined/1d6w
refined/1d7i
refined/1d7j
refined/1d9i
refined/1dar
refined/1det
refined/1df8
refined/1dgm
refined/1dhi
refined/1dhj
refined/1dif
refined/1dl7
refined/1dmp
refined/1dqn
refined/1drj
refined/1drk
refined/1drv
refined/1dud
refined/1duv
refined/1dy4
refined/1dzk
refined/1e1v
refined/1e1x
refined/1e2k
refined/1e2l
refined/1e3g
refined/1e3v
refined/1e4h
refined/1e5j
refined/1e66
refined/1e6q
refined/1e6s
refined/1eb2
refined/1ebw
refined/1eby
refined/1ebz
refined/1ec0
refined/1ec1
refined/1ec2
refined/1ec3
refined/1ec9
refined/1ecq
refined/1ecv
refined/1efy
refined/1egh
refined/1ejn
refined/1ela
refined/1elb
refined/1elc
refined/1eld
refined/1ele
refined/1elr
refined/1enu
refined/1eoc
refined/1epo
refined/1erb
refined/1ew8
refined/1ew9
refined/1ex8
refined/1ez9
refined/1ezq
refined/1f0r
refined/1f0s
refined/1f0t
refined/1f0u
refined/1f3e
refined/1f4e
refined/1f4f
refined/1f4g
refined/1f4x
refined/1f57
refined/1f5k
refined/1f5l
refined/1f73
refined/1f74
refined/1f8b
refined/1f8c
refined/1f8d
refined/1f8e
refined/1fao
refined/1fch
refined/1fcx
refined/1fcy
refined/1fcz
refined/1fd0
refined/1fh7
refined/1fh8
refined/1fh9
refined/1fhd
refined/1fiv
refined/1fjs
refined/1fkb
refined/1fkf
refined/1fkg
refined/1fkh
refined/1fki
refined/1fkn
refined/1fkw
refined/1fl3
refined/1flr
refined/1fm9
refined/1fo0
refined/1fpc
refined/1fq5
refined/1ft7
refined/1ftm
refined/1fv0
refined/1fzj
refined/1fzk
refined/1fzm
refined/1fzo
refined/1fzq
refined/1g1d
refined/1g2k
refined/1g2l
refined/1g2o
refined/1g30
refined/1g32
refined/1g35
refined/1g36
refined/1g3d
refined/1g3e
refined/1g45
refined/1g46
refined/1g48
refined/1g4o
refined/1g52
refined/1g53
refined/1g54
refined/1g74
refined/1g7f
refined/1g7g
refined/1g7q
refined/1g7v
refined/1g85
refined/1g98
refined/1gaf
refined/1gai
refined/1gar
refined/1gfy
refined/1ghv
refined/1ghw
refined/1ghy
refined/1ghz
refined/1gi1
refined/1gi4
refined/1gi7
refined/1gj6
refined/1gjc
refined/1gnm
refined/1gnn
refined/1gno
refined/1gpk
refined/1gpn
refined/1grp
refined/1gvw
refined/1gvx
refined/1gwv
refined/1gx8
refined/1gyx
refined/1gyy
refined/1h0a
refined/1h1s
refined/1h22
refined/1h23
refined/1h2k
refined/1h2t
refined/1h46
refined/1h4w
refined/1h5v
refined/1h6h
refined/1hbv
refined/1hdq
refined/1hee
refined/1hfs
refined/1hi3
refined/1hi4
refined/1hi5
refined/1hih
refined/1hii
refined/1hk4
refined/1hlk
refined/1hmr
refined/1hms
refined/1hmt
refined/1hn4
refined/1hos
refined/1hp5
refined/1hpo
refined/1hps
refined/1hpv
refined/1hpx
refined/1hsh
refined/1hsl
refined/1hvh
refined/1hvi
refined/1hvj
refined/1hvk
refined/1hvl
refined/1hvr
refined/1hvs
refined/1hwr
refined/1hxb
refined/1hxw
refined/1hyo
refined/1i1e
refined/1i2s
refined/1i37
refined/1i5r
refined/1i7z
refined/1i9n
refined/1i9p
refined/1ie9
refined/1if7
refined/1if8
refined/1igb
refined/1igj
refined/1ii5
refined/1iih
refined/1iiq
refined/1ik4
refined/1ikt
refined/1ivp
refined/1iy7
refined/1izh
refined/1izi
refined/1j01
refined/1j14
refined/1j16
refined/1j17
refined/1j36
refined/1j37
refined/1j4r
refined/1jak
refined/1jao
refined/1jaq
refined/1jcx
refined/1jet
refined/1jeu
refined/1jev
refined/1jgl
refined/1jlr
refined/1jmf
refined/1jmg
refined/1jn4
refined/1jq8
refined/1jqy
refined/1jsv
refined/1jvu
refined/1jyq
refined/1jys
refined/1jzs
refined/1k1i
refined/1k1j
refined/1k1l
refined/1k1m
refined/1k1n
refined/1k1o
refined/1k1y
refined/1k21
refined/1k22
refined/1k27
refined/1k4g
refined/1k4h
refined/1k6c
refined/1k6p
refined/1k6t
refined/1k6v
refined/1k9s
refined/1kav
refined/1kc7
refined/1kdk
refined/1kel
refined/1kjr
refined/1km3
refined/1kmy
refined/1koj
refined/1kpm
refined/1ksn
refined/1kug
refined/1kui
refined/1kuk
refined/1kv1
refined/1kv5
refined/1kyv
refined/1kzk
refined/1kzn
refined/1l83
refined/1l8g
refined/1laf
refined/1lag
refined/1lah
refined/1lan
refined/1lbf
refined/1lbk
refined/1lcp
refined/1lee
refined/1lf2
refined/1lgt
refined/1lgw
refined/1lhu
refined/1li2
refined/1li3
refined/1li6
refined/1lke
refined/1lkk
refined/1lkl
refined/1lnm
refined/1loq
refined/1lpg
refined/1lpk
refined/1lpz
refined/1lrh
refined/1lst
refined/1lvu
refined/1lyb
refined/1lyx
refined/1lzq
refined/1m0b
refined/1m0n
refined/1m0o
refined/1m0q
refined/1m1b
refined/1m2p
refined/1m2q
refined/1m2r
refined/1m2x
refined/1m48
refined/1m4h
refined/1m5w
refined/1m7d
refined/1m7i
refined/1m7y
refined/1m83
refined/1mai
refined/1mes
refined/1met
refined/1mfa
refined/1mfd
refined/1mfi
refined/1mh5
refined/1mjj
refined/1mmq
refined/1mmr
refined/1moq
refined/1mq5
refined/1mq6
refined/1mrn
refined/1mrs
refined/1mrw
refined/1mrx
refined/1msm
refined/1msn
refined/1mtr
refined/1mu6
refined/1mu8
refined/1mue
refined/1my4
refined/1n0s
refined/1n1m
refined/1n3i
refined/1n46
refined/1n4h
refined/1n4k
refined/1n51
refined/1n5r
refined/1nc1
refined/1nc3
refined/1ndv
refined/1ndw
refined/1ndy
refined/1ndz
refined/1nf8
refined/1nfu
refined/1nfw
refined/1nfx
refined/1nfy
refined/1nh0
refined/1nhu
refined/1nhz
refined/1nja
refined/1njc
refined/1njd
refined/1nje
refined/1njs
refined/1nki
refined/1nl9
refined/1nli
refined/1nm6
refined/1nny
refined/1no6
refined/1np0
refined/1nq7
refined/1nt1
refined/1nvq
refined/1nvr
refined/1nvs
refined/1nw4
refined/1nw5
refined/1nw7
refined/1nwl
refined/1nz7
refined/1o0f
refined/1o0h
refined/1o0m
refined/1o0n
refined/1o1s
refined/1o2h
refined/1o2j
refined/1o2n
refined/1o2o
refined/1o2q
refined/1o2r
refined/1o2w
refined/1o2z
refined/1o30
refined/1o33
refined/1o35
refined/1o36
refined/1o38
refined/1o3d
refined/1o3f
refined/1o3i
refined/1o3j
refined/1o3l
refined/1o5a
refined/1o5c
refined/1o5e
refined/1o5g
refined/1o5r
refined/1o7o
refined/1o86
refined/1oar
refined/1oau
refined/1oba
refined/1ocq
refined/1od8
refined/1odi
refined/1odj
refined/1oe8
refined/1ogd
refined/1ogg
refined/1ogx
refined/1ogz
refined/1ohr
refined/1oif
refined/1okl
refined/1ols
refined/1olu
refined/1olx
refined/1om1
refined/1ony
refined/1onz
refined/1ork
refined/1os0
refined/1os5
refined/1oss
refined/1owe
refined/1owh
refined/1oxr
refined/1oyq
refined/1oyt
refined/1oz0
refined/1p19
refined/1p1n
refined/1p1o
refined/1p1q
refined/1p57
refined/1pa9
refined/1pb8
refined/1pb9
refined/1pbq
refined/1pdz
refined/1pfu
refined/1pgp
refined/1phw
refined/1pkx
refined/1pme
refined/1pot
refined/1ppc
refined/1pph
refined/1ppi
refined/1ppk
refined/1ppl
refined/1ppm
refined/1pr5
refined/1pro
refined/1ps3
refined/1pvn
refined/1px4
refined/1pxn
refined/1pxo
refined/1pxp
refined/1pyn
refined/1pz5
refined/1pzi
refined/1pzp
refined/1q1g
refined/1q54
refined/1q5k
refined/1q65
refined/1q72
refined/1q7a
refined/1q84
refined/1q8t
refined/1q8u
refined/1q8w
refined/1q91
refined/1qan
refined/1qaw
refined/1qb1
refined/1qb6
refined/1qb9
refined/1qbn
refined/1qbo
refined/1qbq
refined/1qbr
refined/1qbs
refined/1qbt
refined/1qbu
refined/1qbv
refined/1qf0
refined/1qf1
refined/1qf2
refined/1qft
refined/1qhc
refined/1qin
refined/1qji
refined/1qk3
refined/1qk4
refined/1qka
refined/1qkb
refined/1qkt
refined/1ql7
refined/1ql9
refined/1qxk
refined/1qxl
refined/1qy1
refined/1qy2
refined/1qyg
refined/1r0p
refined/1r1h
refined/1r1j
refined/1r5y
refined/1r9l
refined/1rbp
refined/1rd4
refined/1rjk
refined/1rmz
refined/1rnm
refined/1rnt
refined/1ro6
refined/1rp7
refined/1rpf
refined/1rpj
refined/1rql
refined/1rr6
refined/1rtf
refined/1s19
refined/1s38
refined/1s39
refined/1s5z
refined/1s89
refined/1sb1
refined/1sbg
refined/1sdt
refined/1sdu
refined/1sdv
refined/1sgu
refined/1sh9
refined/1siv
refined/1sl3
refined/1sld
refined/1sln
refined/1sqa
refined/1sqo
refined/1sqt
refined/1sr7
refined/1srg
refined/1ssq
refined/1stc
refined/1str
refined/1sv3
refined/1sw2
refined/1swg
refined/1swr
refined/1syh
refined/1syi
refined/1szd
refined/1t31
refined/1t32
refined/1t4v
refined/1t5f
refined/1t7d
refined/1t7j
refined/1ta6
refined/1tcx
refined/1td7
refined/1thz
refined/1tjp
refined/1tkb
refined/1tlp
refined/1tmn
refined/1tng
refined/1tnh
refined/1tni
refined/1tom
refined/1tpw
refined/1tq4
refined/1trd
refined/1tsy
refined/1ttm
refined/1tx7
refined/1txr
refined/1u0g
refined/1u1b
refined/1u1w
refined/1u33
refined/1u71
refined/1ua4
refined/1ucn
refined/1ugx
refined/1uho
refined/1ui0
refined/1uj5
refined/1uml
refined/1uou
refined/1upf
refined/1ur9
refined/1usi
refined/1usk
refined/1usn
refined/1utj
refined/1utl
refined/1utm
refined/1utn
refined/1uto
refined/1uv6
refined/1uvt
refined/1uw6
refined/1uwf
refined/1uwt
refined/1uwu
refined/1uz1
refined/1uz4
refined/1uz8
refined/1v0k
refined/1v0l
refined/1v11
refined/1v16
refined/1v1j
refined/1v1m
refined/1v2j
refined/1v2k
refined/1v2l
refined/1v2n
refined/1v2o
refined/1v2r
refined/1v2s
refined/1v2t
refined/1v2u
refined/1v2w
refined/1v48
refined/1v7a
refined/1vfn
refined/1vso
refined/1vyf
refined/1vyg
refined/1vzq
refined/1w0z
refined/1w11
refined/1w13
refined/1w3j
refined/1w3k
refined/1w3l
refined/1w4o
refined/1w4p
refined/1w4q
refined/1w5v
refined/1w5w
refined/1w5x
refined/1w5y
refined/1w7g
refined/1w96
refined/1w9u
refined/1w9v
refined/1wc1
refined/1wcq
refined/1wdn
refined/1wht
refined/1wm1
refined/1wn6
refined/1ws1
refined/1ws4
refined/1wuq
refined/1wur
refined/1wvj
refined/1x1z
refined/1x38
refined/1x39
refined/1x8d
refined/1x8j
refined/1x8r
refined/1x8t
refined/1xap
refined/1xbo
refined/1xd0
refined/1xff
refined/1xgi
refined/1xh4
refined/1xh5
refined/1xh9
refined/1xhy
refined/1xjd
refined/1xk5
refined/1xk9
refined/1xka
refined/1xkk
refined/1xow
refined/1xpz
refined/1xq0
refined/1xr9
refined/1xt8
refined/1xug
refined/1xws
refined/1y0l
refined/1y1z
refined/1y20
refined/1y3n
refined/1y3p
refined/1y3v
refined/1y3x
refined/1y6q
refined/1y6r
refined/1yc1
refined/1yc4
refined/1yda
refined/1ydb
refined/1ydd
refined/1ydk
refined/1ydr
refined/1yds
refined/1ydt
refined/1yei
refined/1yej
refined/1yet
refined/1yfz
refined/1yp9
refined/1ype
refined/1ypg
refined/1ypj
refined/1yq7
refined/1yqj
refined/1yqy
refined/1yvm
refined/1z1h
refined/1z4o
refined/1z6e
refined/1z6s
refined/1z71
refined/1z95
refined/1z9g
refined/1z9y
refined/1zc9
refined/1zdp
refined/1zea
refined/1zfq
refined/1zge
refined/1zgi
refined/1zhy
refined/1zoe
refined/1zog
refined/1zoh
refined/1zp8
refined/1zpa
refined/1zs0
refined/1zsf
refined/1zvx
refined/2a14
refined/2a4m
refined/2a5b
refined/2a5c
refined/2a5s
refined/2a8g
refined/2aac
refined/2afw
refined/2afx
refined/2aj8
refined/2al5
refined/2am4
refined/2amt
refined/2ans
refined/2aoc
refined/2aod
refined/2aoe
refined/2aog
refined/2aqu
refined/2arm
refined/2avm
refined/2avo
refined/2avq
refined/2avs
refined/2ax9
refined/2ayr
refined/2azr
refined/2b07
refined/2b1g
refined/2b1i
refined/2b4l
refined/2b7d
refined/2b9a
refined/2baj
refined/2bak
refined/2bal
refined/2bes
refined/2bet
refined/2bfq
refined/2bfr
refined/2bmk
refined/2bo4
refined/2boh
refined/2boj
refined/2bok
refined/2bpv
refined/2bpy
refined/2bq7
refined/2bqv
refined/2br1
refined/2brb
refined/2brm
refined/2bt9
refined/2buv
refined/2bvd
refined/2bvr
refined/2bvs
refined/2byr
refined/2bys
refined/2bz6
refined/2bza
refined/2c1p
refined/2c3i
refined/2c3l
refined/2c80
refined/2c92
refined/2c94
refined/2c97
refined/2ca8
refined/2cbj
refined/2cbu
refined/2cbv
refined/2cbz
refined/2cc7
refined/2ccb
refined/2ccc
refined/2ce9
refined/2cej
refined/2cen
refined/2ceq
refined/2cer
refined/2ces
refined/2cet
refined/2cex
refined/2cf8
refined/2cf9
refined/2cgf
refined/2cgr
refined/2cht
refined/2cle
refined/2clh
refined/2cli
refined/2clk
refined/2cn0
refined/2csn
refined/2ctc
refined/2d0k
refined/2d1n
refined/2d1o
refined/2d3u
refined/2d3z
refined/2doo
refined/2drc
refined/2dri
refined/2dw7
refined/2e1w
refined/2e27
refined/2e2p
refined/2e2r
refined/2e7f
refined/2e91
refined/2e92
refined/2e94
refined/2e9u
refined/2epn
refined/2erz
refined/2euk
refined/2evl
refined/2ewa
refined/2ewb
refined/2ews
refined/2exm
refined/2ez7
refined/2f1g
refined/2f2h
refined/2f34
refined/2f35
refined/2f6t
refined/2f7i
refined/2f7o
refined/2f7p
refined/2f80
refined/2f81
refined/2f8g
refined/2f94
refined/2f9k
refined/2fdp
refined/2fgu
refined/2fgv
refined/2fle
refined/2flr
refined/2fmb
refined/2fpz
refined/2fqo
refined/2fqt
refined/2fqw
refined/2fqx
refined/2fqy
refined/2fu8
refined/2fvd
refined/2fw6
refined/2fx6
refined/2fxs
refined/2fxu
refined/2fxv
refined/2fzc
refined/2fzg
refined/2fzk
refined/2g94
refined/2gh9
refined/2gj5
refined/2gkl
refined/2gl0
refined/2glp
refined/2gss
refined/2gst
refined/2gsu
refined/2gv6
refined/2gv7
refined/2gvj
refined/2gvv
refined/2gyi
refined/2gz2
refined/2gzl
refined/2h15
refined/2h21
refined/2h3e
refined/2h4g
refined/2h4k
refined/2h4n
refined/2h6b
refined/2h6t
refined/2ha2
refined/2ha3
refined/2ha6
refined/2hah
refined/2haw
refined/2hb1
refined/2hb3
refined/2hhn
refined/2hjb
refined/2hkf
refined/2hl4
refined/2hmu
refined/2hmv
refined/2hnc
refined/2hnx
refined/2hoc
refined/2hs1
refined/2hu6
refined/2hxm
refined/2hzl
refined/2hzy
refined/2i0a
refined/2i19
refined/2i2c
refined/2i3h
refined/2i3i
refined/2i4d
refined/2i4j
refined/2i4u
refined/2i4v
refined/2i4w
refined/2i4x
refined/2i4z
refined/2i6b
refined/2i80
refined/2idw
refined/2ihj
refined/2ihq
refined/2iko
refined/2isw
refined/2iuz
refined/2iwx
refined/2izl
refined/2j27
refined/2j2u
refined/2j34
refined/2j47
refined/2j4g
refined/2j4i
refined/2j62
refined/2j75
refined/2j77
refined/2j78
refined/2j79
refined/2j7b
refined/2j7d
refined/2j7e
refined/2j7f
refined/2j7g
refined/2j7h
refined/2j94
refined/2j95
refined/2jdm
refined/2jdp
refined/2jds
refined/2jdu
refined/2jew
refined/2jf4
refined/2jfz
refined/2jg0
refined/2jgs
refined/2jh0
refined/2jh5
refined/2jh6
refined/2jiw
refined/2jjb
refined/2jke
refined/2jkh
refined/2jkp
refined/2jxr
refined/2mas
refined/2nmx
refined/2nmz
refined/2nn1
refined/2nn7
refined/2nnd
refined/2nsj
refined/2nsl
refined/2nt7
refined/2nta
refined/2o0u
refined/2o4j
refined/2o4k
refined/2o4l
refined/2o4n
refined/2o4p
refined/2o4r
refined/2o4s
refined/2o4z
refined/2o8h
refined/2oag
refined/2oax
refined/2oc2
refined/2ogy
refined/2oi0
refined/2oi2
refined/2oiq
refined/2ojg
refined/2ojj
refined/2olb
refined/2ole
refined/2on6
refined/2ot1
refined/2ovv
refined/2ovy
refined/2oxd
refined/2oxn
refined/2oxx
refined/2oxy
refined/2oym
refined/2p09
refined/2p15
refined/2p16
refined/2p2a
refined/2p3a
refined/2p3b
refined/2p3c
refined/2p3i
refined/2p4j
refined/2p4s
refined/2p4y
refined/2p53
refined/2p7a
refined/2p7g
refined/2p7z
refined/2p95
refined/2pbw
refined/2pcp
refined/2pgz
refined/2pk5
refined/2pk6
refined/2pog
refined/2pou
refined/2pov
refined/2pow
refined/2pq9
refined/2pqb
refined/2pqc
refined/2pql
refined/2pqz
refined/2psu
refined/2psv
refined/2ptz
refined/2pu1
refined/2pu2
refined/2pv1
refined/2pvh
refined/2pvj
refined/2pvk
refined/2pvl
refined/2pvm
refined/2pvu
refined/2pwc
refined/2pwd
refined/2pwg
refined/2pwr
refined/2py4
refined/2pym
refined/2pyn
refined/2pyy
refined/2q1q
refined/2q2a
refined/2q38
refined/2q54
refined/2q55
refined/2q5k
refined/2q63
refined/2q64
refined/2q6f
refined/2q7q
refined/2q88
refined/2q89
refined/2q8h
refined/2q8m
refined/2q8z
refined/2qbp
refined/2qbq
refined/2qbr
refined/2qbs
refined/2qbu
refined/2qbw
refined/2qci
refined/2qd6
refined/2qd7
refined/2qd8
refined/2qdt
refined/2qe4
refined/2qg0
refined/2qg2
refined/2qhy
refined/2qhz
refined/2qi0
refined/2qi1
refined/2qi3
refined/2qi4
refined/2qi5
refined/2qi6
refined/2qi7
refined/2qm9
refined/2qmg
refined/2qnn
refined/2qnp
refined/2qnq
refined/2qpq
refined/2qpu
refined/2qrk
refined/2qrl
refined/2qta
refined/2qtg
refined/2qtn
refined/2qtt
refined/2qu6
refined/2qw1
refined/2qwb
refined/2qwc
refined/2qwd
refined/2qwe
refined/2qwf
refined/2qzr
refined/2r0h
refined/2r0z
refined/2r1y
refined/2r23
refined/2r2m
refined/2r2w
refined/2r38
refined/2r3t
refined/2r3w
refined/2r43
refined/2r58
refined/2r59
refined/2r5a
refined/2r5p
refined/2r75
refined/2r9w
refined/2r9x
refined/2ra0
refined/2ra6
refined/2rcb
refined/2rcn
refined/2rd6
refined/2reg
refined/2rfh
refined/2ri9
refined/2rin
refined/2rk8
refined/2rka
refined/2rkd
refined/2rke
refined/2rkf
refined/2rkg
refined/2rkm
refined/2sim
refined/2std
refined/2tmn
refined/2tpi
refined/2usn
refined/2uwd
refined/2uwl
refined/2uwo
refined/2uwp
refined/2uxi
refined/2uxz
refined/2uy0
refined/2uy3
refined/2uy4
refined/2uy5
refined/2uyn
refined/2uyq
refined/2uz9
refined/2v00
refined/2v25
refined/2v2c
refined/2v2h
refined/2v2q
refined/2v2v
refined/2v3d
refined/2v3u
refined/2v54
refined/2v57
refined/2v58
refined/2v59
refined/2v77
refined/2v7a
refined/2v88
refined/2v8w
refined/2v95
refined/2vb8
refined/2vba
refined/2vc9
refined/2ves
refined/2vfk
refined/2vh0
refined/2vh6
refined/2vhj
refined/2vj8
refined/2vjx
refined/2vk2
refined/2vk6
refined/2vkm
refined/2vl4
refined/2vmc
refined/2vmd
refined/2vmf
refined/2vnp
refined/2vnt
refined/2vo4
refined/2vo5
refined/2vot
refined/2vpe
refined/2vpn
refined/2vpo
refined/2vqt
refined/2vrj
refined/2vsl
refined/2vt3
refined/2vuk
refined/2vvc
refined/2vvn
refined/2vvs
refined/2vvu
refined/2vvv
refined/2vw1
refined/2vw2
refined/2vw5
refined/2vwc
refined/2vwl
refined/2vwm
refined/2vwn
refined/2vwo
refined/2vxn
refined/2vyt
refined/2vzr
refined/2w08
refined/2w26
refined/2w47
refined/2w4x
refined/2w5g
refined/2w66
refined/2w67
refined/2w8j
refined/2w8w
refined/2w8y
refined/2w9h
refined/2wb5
refined/2wbg
refined/2wc3
refined/2wc4
refined/2wca
refined/2we3
refined/2web
refined/2wec
refined/2wed
refined/2weg
refined/2weh
refined/2wej
refined/2weo
refined/2weq
refined/2wer
refined/2wf5
refined/2wgj
refined/2whp
refined/2wjg
refined/2wk6
refined/2wky
refined/2wkz
refined/2wl0
refined/2wly
refined/2wlz
refined/2wm0
refined/2wn9
refined/2wnc
refined/2wnj
refined/2wor
refined/2wos
refined/2wq5
refined/2wr8
refined/2wtv
refined/2wuf
refined/2wvt
refined/2wvz
refined/2wyf
refined/2wyg
refined/2wyj
refined/2wzf
refined/2wzm
refined/2wzs
refined/2x00
refined/2x09
refined/2x0y
refined/2x2r
refined/2x4z
refined/2x6x
refined/2x7t
refined/2x7u
refined/2x8z
refined/2x91
refined/2x95
refined/2x96
refined/2x97
refined/2xab
refined/2xb7
refined/2xb8
refined/2xbp
refined/2xbv
refined/2xbw
refined/2xbx
refined/2xc0
refined/2xc4
refined/2xd9
refined/2xda
refined/2xde
refined/2xdk
refined/2xdl
refined/2xdx
refined/2xef
refined/2xeg
refined/2xei
refined/2xej
refined/2xg9
refined/2xhm
refined/2xht
refined/2xib
refined/2xii
refined/2xj1
refined/2xj2
refined/2xj7
refined/2xjg
refined/2xjj
refined/2xjx
refined/2xm1
refined/2xm2
refined/2xmy
refined/2xn3
refined/2xn5
refined/2xnb
refined/2xog
refined/2xp7
refined/2xpk
refined/2xxr
refined/2xxt
refined/2xxx
refined/2xyd
refined/2xye
refined/2xyf
refined/2xys
refined/2xyt
refined/2y5f
refined/2y5g
refined/2y5h
refined/2y7i
refined/2y7x
refined/2y7z
refined/2y80
refined/2y81
refined/2y82
refined/2y8c
refined/2ya6
refined/2ya7
refined/2ya8
refined/2yay
refined/2yaz
refined/2yb0
refined/2ydt
refined/2ydw
refined/2yek
refined/2yel
refined/2yfa
refined/2yfe
refined/2yfx
refined/2yge
refined/2ygf
refined/2yhw
refined/2yi0
refined/2yi7
refined/2yix
refined/2yk1
refined/2yki
refined/2ylc
refined/2ymd
refined/2yme
refined/2ypi
refined/2ypo
refined/2yxj
refined/2yz3
refined/2z1w
refined/2z4o
refined/2za0
refined/2za5
refined/2zb1
refined/2zc9
refined/2zcq
refined/2zcr
refined/2zcs
refined/2zda
refined/2zdk
refined/2zdl
refined/2zdm
refined/2zdn
refined/2zfp
refined/2zfs
refined/2zft
refined/2zgx
refined/2zjw
refined/2zkj
refined/2zmm
refined/2zn7
refined/2zq0
refined/2zq2
refined/2zwz
refined/2zx6
refined/2zx7
refined/2zx8
refined/2zxd
refined/2zxg
refined/2zy1
refined/2zym
refined/2zz1
refined/2zz2
refined/3a1c
refined/3a1d
refined/3a1e
refined/3a2o
refined/3a5y
refined/3a6t
refined/3a9i
refined/3aaq
refined/3aas
refined/3aau
refined/3acl
refined/3acw
refined/3acx
refined/3ag9
refined/3agl
refined/3ahn
refined/3aho
refined/3ai8
refined/3aid
refined/3alt
refined/3ao2
refined/3ao4
refined/3ao5
refined/3ap4
refined/3aqt
refined/3arp
refined/3arq
refined/3arw
refined/3arx
refined/3axz
refined/3b1m
refined/3b24
refined/3b25
refined/3b26
refined/3b27
refined/3b2q
refined/3b3c
refined/3b3s
refined/3b3w
refined/3b3x
refined/3b4f
refined/3b4p
refined/3b50
refined/3b5r
refined/3b65
refined/3b66
refined/3b67
refined/3b68
refined/3b7i
refined/3b7j
refined/3b7r
refined/3b7u
refined/3b92
refined/3bbb
refined/3bbf
refined/3be9
refined/3bex
refined/3bft
refined/3bfu
refined/3bgb
refined/3bgc
refined/3bgq
refined/3bgs
refined/3bgz
refined/3bkk
refined/3bkl
refined/3bl0
refined/3bl1
refined/3bpc
refined/3bqc
refined/3bra
refined/3brn
refined/3bu1
refined/3buf
refined/3bug
refined/3buh
refined/3bv9
refined/3bva
refined/3bvb
refined/3bwj
refined/3bxe
refined/3bxf
refined/3bxg
refined/3bxh
refined/3bzf
refined/3c2f
refined/3c2o
refined/3c2r
refined/3c2u
refined/3c39
refined/3c4h
refined/3c52
refined/3c56
refined/3c79
refined/3c84
refined/3c88
refined/3c89
refined/3c8a
refined/3c8b
refined/3cct
refined/3ccw
refined/3ccz
refined/3cd0
refined/3cd5
refined/3cd7
refined/3cda
refined/3cdb
refined/3cf8
refined/3cfn
refined/3cft
refined/3cj2
refined/3cj4
refined/3cj5
refined/3ckb
refined/3cke
refined/3ckp
refined/3ckz
refined/3cl0
refined/3cm2
refined/3cow
refined/3coy
refined/3coz
refined/3cs7
refined/3ctt
refined/3cyw
refined/3cyx
refined/3cyz
refined/3cz1
refined/3czv
refined/3d0b
refined/3d0e
refined/3d1x
refined/3d1y
refined/3d1z
refined/3d2e
refined/3d4y
refined/3d4z
refined/3d50
refined/3d51
refined/3d52
refined/3d6o
refined/3d6p
refined/3d78
refined/3d7k
refined/3d7z
refined/3d83
refined/3d8w
refined/3d8z
refined/3d91
refined/3d9z
refined/3da9
refined/3daz
refined/3dbu
refined/3dc3
refined/3dcc
refined/3dd0
refined/3dd8
refined/3ddf
refined/3ddg
refined/3dgo
refined/3djk
refined/3djo
refined/3djp
refined/3djq
refined/3djv
refined/3djx
refined/3dk1
refined/3dln
refined/3dnd
refined/3dne
refined/3dp4
refined/3dp9
refined/3drf
refined/3drg
refined/3dri
refined/3dsz
refined/3dx1
refined/3dx2
refined/3dx3
refined/3dx4
refined/3dyo
refined/3dzt
refined/3e12
refined/3e3c
refined/3e5a
refined/3e5u
refined/3e6y
refined/3e92
refined/3e93
refined/3eax
refined/3eb1
refined/3ebh
refined/3ebi
refined/3ebl
refined/3ebo
refined/3ebp
refined/3ed0
refined/3eeb
refined/3eft
refined/3egt
refined/3ehx
refined/3ehy
refined/3ejp
refined/3ejq
refined/3ejr
refined/3eko
refined/3ekp
refined/3ekr
refined/3ekt
refined/3ekv
refined/3ekw
refined/3ekx
refined/3el1
refined/3el4
refined/3el5
refined/3el9
refined/3elc
refined/3eqr
refined/3ery
refined/3evd
refined/3ewc
refined/3ewj
refined/3exe
refined/3exh
refined/3f15
refined/3f16
refined/3f17
refined/3f18
refined/3f19
refined/3f1a
refined/3f33
refined/3f34
refined/3f37
refined/3f3c
refined/3f3d
refined/3f3e
refined/3f48
refined/3f5j
refined/3f5k
refined/3f5l
refined/3f68
refined/3f6e
refined/3f6g
refined/3f70
refined/3f78
refined/3f7g
refined/3f7h
refined/3f7i
refined/3f80
refined/3f8c
refined/3f8e
refined/3f8f
refined/3fas
refined/3fat
refined/3fcq
refined/3fed
refined/3fee
refined/3ff3
refined/3ffg
refined/3ffp
refined/3fh7
refined/3fhb
refined/3fj7
refined/3fjg
refined/3fl5
refined/3fqe
refined/3fql
refined/3fuc
refined/3fur
refined/3fuz
refined/3fv1
refined/3fv2
refined/3fv3
refined/3fvh
refined/3fvk
refined/3fvl
refined/3fvn
refined/3fwv
refined/3fx6
refined/3fzn
refined/3fzy
refined/3g0e
refined/3g0i
refined/3g0w
refined/3g19
refined/3g1d
refined/3g1v
refined/3g2y
refined/3g2z
refined/3g30
refined/3g31
refined/3g32
refined/3g34
refined/3g35
refined/3g3r
refined/3g5k
refined/3ga5
refined/3gba
refined/3gbb
refined/3gbe
refined/3gc4
refined/3gc5
refined/3gcp
refined/3gcs
refined/3gcu
refined/3gdt
refined/3ge7
refined/3ggu
refined/3gi4
refined/3gi5
refined/3gi6
refined/3gjw
refined/3gk1
refined/3gkz
refined/3gm0
refined/3gnw
refined/3gqz
refined/3gr2
refined/3gs6
refined/3gsm
refined/3gss
refined/3gst
refined/3gt9
refined/3gta
refined/3gtc
refined/3gv9
refined/3gvb
refined/3gvu
refined/3gx0
refined/3gy2
refined/3gy3
refined/3gy4
refined/3gy7
refined/3h1x
refined/3h30
refined/3h5b
refined/3h78
refined/3h89
refined/3h8b
refined/3hb4
refined/3hcm
refined/3hek
refined/3hf8
refined/3hfb
refined/3hig
refined/3hit
refined/3hk1
refined/3hkn
refined/3hkq
refined/3hkt
refined/3hku
refined/3hkw
refined/3hky
refined/3hl5
refined/3hl7
refined/3hl8
refined/3hll
refined/3hmo
refined/3hmp
refined/3hp9
refined/3hs4
refined/3hu3
refined/3hub
refined/3huc
refined/3hv8
refined/3hvi
refined/3hvj
refined/3hww
refined/3hzk
refined/3hzm
refined/3hzv
refined/3i25
refined/3i3b
refined/3i4b
refined/3i4y
refined/3i51
refined/3i5z
refined/3i60
refined/3i6o
refined/3i73
refined/3i7e
refined/3i9g
refined/3iae
refined/3ibi
refined/3ibl
refined/3ibn
refined/3ibu
refined/3ies
refined/3ifl
refined/3igp
refined/3ijh
refined/3ikd
refined/3ikg
refined/3imc
refined/3ime
refined/3iob
refined/3ioc
refined/3iod
refined/3ioe
refined/3iof
refined/3iog
refined/3ip5
refined/3ip6
refined/3ip8
refined/3ip9
refined/3iph
refined/3ipq
refined/3ipu
refined/3iqu
refined/3isj
refined/3iss
refined/3iub
refined/3iue
refined/3ivc
refined/3ivg
refined/3ivx
refined/3iw5
refined/3iw6
refined/3iww
refined/3jdw
refined/3jrs
refined/3jrx
refined/3juk
refined/3juo
refined/3jup
refined/3jvr
refined/3jvs
refined/3jy0
refined/3jya
refined/3jyr
refined/3jzh
refined/3jzj
refined/3k00
refined/3k02
refined/3k1j
refined/3k2f
refined/3k37
refined/3k4d
refined/3k4q
refined/3k5v
refined/3k5x
refined/3k8c
refined/3k8o
refined/3k8q
refined/3k97
refined/3k99
refined/3kdb
refined/3kdc
refined/3kdd
refined/3kdm
refined/3kek
refined/3kgp
refined/3kgq
refined/3kgt
refined/3kgu
refined/3kiv
refined/3kjd
refined/3kku
refined/3kmc
refined/3kmx
refined/3kmy
refined/3kqr
refined/3kr4
refined/3kr8
refined/3kv2
refined/3kwa
refined/3kyq
refined/3l0v
refined/3l3l
refined/3l3m
refined/3l3n
refined/3l4u
refined/3l4v
refined/3l4w
refined/3l4x
refined/3l4y
refined/3l4z
refined/3l59
refined/3ldp
refined/3ldq
refined/3le9
refined/3lea
refined/3lgs
refined/3lir
refined/3liw
refined/3ljg
refined/3ljo
refined/3ljz
refined/3lk8
refined/3lka
refined/3lmk
refined/3lp4
refined/3lp7
refined/3lpi
refined/3lpk
refined/3lpl
refined/3lpp
refined/3lq2
refined/3lvw
refined/3lxe
refined/3lxk
refined/3lzs
refined/3lzu
refined/3lzz
refined/3m1k
refined/3m35
refined/3m36
refined/3m37
refined/3m3c
refined/3m3x
refined/3m3z
refined/3m40
refined/3m5e
refined/3m67
refined/3m6r
refined/3m8u
refined/3m96
refined/3mam
refined/3mdz
refined/3mf5
refined/3mfv
refined/3mfw
refined/3mhc
refined/3mhi
refined/3mhl
refined/3mhm
refined/3mho
refined/3mhw
refined/3mi2
refined/3mi3
refined/3miy
refined/3mjl
refined/3ml2
refined/3ml5
refined/3mmf
refined/3mna
refined/3mof
refined/3ms9
refined/3muz
refined/3mv0
refined/3mxd
refined/3mxe
refined/3myg
refined/3myq
refined/3mz6
refined/3mzc
refined/3n0n
refined/3n1c
refined/3n2p
refined/3n2u
refined/3n2v
refined/3n35
refined/3n3g
refined/3n3j
refined/3n4b
refined/3n76
refined/3n7a
refined/3n7o
refined/3n86
refined/3n8k
refined/3n9r
refined/3n9s
refined/3nb5
refined/3neo
refined/3nes
refined/3nex
refined/3ng4
refined/3nhi
refined/3nht
refined/3ni5
refined/3nik
refined/3nim
refined/3nkk
refined/3nox
refined/3npc
refined/3nq3
refined/3nq9
refined/3nsn
refined/3nu3
refined/3nu4
refined/3nu5
refined/3nu6
refined/3nu9
refined/3nuj
refined/3nuo
refined/3nw3
refined/3nx7
refined/3nxq
refined/3nyd
refined/3nyx
refined/3nzk
refined/3o4k
refined/3o56
refined/3o5n
refined/3o5x
refined/3o75
refined/3o7u
refined/3o84
refined/3o8p
refined/3o99
refined/3o9a
refined/3o9d
refined/3o9e
refined/3o9i
refined/3o9p
refined/3oaf
refined/3ocp
refined/3ocz
refined/3oe4
refined/3oe5
refined/3ohi
refined/3oil
refined/3oim
refined/3ok9
refined/3oku
refined/3old
refined/3ouj
refined/3ov1
refined/3ove
refined/3ovn
refined/3owj
refined/3own
refined/3oy0
refined/3oy8
refined/3oyq
refined/3oyw
refined/3ozg
refined/3ozj
refined/3ozp
refined/3ozr
refined/3ozs
refined/3ozt
refined/3p17
refined/3p2e
refined/3p3g
refined/3p3r
refined/3p3s
refined/3p3t
refined/3p4v
refined/3p58
refined/3p5l
refined/3p5o
refined/3p7i
refined/3p8n
refined/3p8o
refined/3p8p
refined/3p8z
refined/3p9l
refined/3p9m
refined/3pb7
refined/3pb8
refined/3pb9
refined/3pbb
refined/3pce
refined/3pcf
refined/3pcg
refined/3pcj
refined/3pck
refined/3pcn
refined/3pd8
refined/3pd9
refined/3pe1
refined/3pe2
refined/3pfp
refined/3pgl
refined/3pgu
refined/3pju
refined/3pn1
refined/3pn4
refined/3po1
refined/3po6
refined/3ppm
refined/3ppp
refined/3ppq
refined/3ppr
refined/3prs
refined/3ps1
refined/3pwd
refined/3pwk
refined/3pwm
refined/3pww
refined/3pyy
refined/3q1x
refined/3q2j
refined/3q44
refined/3q6w
refined/3q6z
refined/3q71
refined/3q7q
refined/3qaa
refined/3qbc
refined/3qdd
refined/3qfd
refined/3qfy
refined/3qfz
refined/3qgw
refined/3qgy
refined/3qkd
refined/3qlm
refined/3qox
refined/3qps
refined/3qqa
refined/3qqs
refined/3qt6
refined/3qto
refined/3qtv
refined/3qw5
refined/3qwc
refined/3qx5
refined/3qx9
refined/3qxt
refined/3qxv
refined/3r16
refined/3r17
refined/3r1v
refined/3r24
refined/3r4m
refined/3r4n
refined/3r4p
refined/3r5t
refined/3r6u
refined/3r7o
refined/3r88
refined/3rbu
refined/3rdo
refined/3rdq
refined/3re4
refined/3rf4
refined/3rf5
refined/3rlb
refined/3rlp
refined/3rlq
refined/3rlr
refined/3rm4
refined/3rm9
refined/3roc
refined/3rr4
refined/3rsx
refined/3rt8
refined/3rtf
refined/3ru1
refined/3rux
refined/3rv8
refined/3rwp
refined/3ryj
refined/3ryv
refined/3ryx
refined/3ryy
refined/3ryz
refined/3rz0
refined/3rz1
refined/3rz5
refined/3rz7
refined/3rz8
refined/3s0b
refined/3s0d
refined/3s0e
refined/3s2v
refined/3s43
refined/3s45
refined/3s54
refined/3s5y
refined/3s6t
refined/3s71
refined/3s72
refined/3s73
refined/3s75
refined/3s76
refined/3s77
refined/3s78
refined/3s8l
refined/3s8n
refined/3s8o
refined/3s9e
refined/3sfg
refined/3sha
refined/3shc
refined/3si3
refined/3si4
refined/3sio
refined/3sjf
refined/3sk2
refined/3slz
refined/3sm2
refined/3spf
refined/3sr4
refined/3st5
refined/3std
refined/3str
refined/3su0
refined/3su1
refined/3su2
refined/3su3
refined/3su4
refined/3su5
refined/3su6
refined/3sue
refined/3suf
refined/3sug
refined/3sur
refined/3sus
refined/3sut
refined/3suu
refined/3suv
refined/3suw
refined/3sv2
refined/3sw8
refined/3sww
refined/3sxf
refined/3t01
refined/3t08
refined/3t09
refined/3t0b
refined/3t0d
refined/3t0x
refined/3t1a
refined/3t1m
refined/3t2q
refined/3t2w
refined/3t3c
refined/3t3u
refined/3t5u
refined/3t60
refined/3t64
refined/3t6b
refined/3t70
refined/3t82
refined/3t83
refined/3t84
refined/3t85
refined/3t8v
refined/3ta0
refined/3ta1
refined/3tao
refined/3tay
refined/3tb6
refined/3tcg
refined/3td4
refined/3tf6
refined/3tfn
refined/3tfp
refined/3tfu
refined/3th9
refined/3tif
refined/3tk2
refined/3tkw
refined/3tmk
refined/3ts4
refined/3tsk
refined/3tt4
refined/3ttm
refined/3ttp
refined/3tu7
refined/3tvc
refined/3twp
refined/3tz0
refined/3tza
refined/3tzm
refined/3u10
refined/3u5j
refined/3u5l
refined/3u6h
refined/3u6i
refined/3u81
refined/3u8j
refined/3u8k
refined/3u8l
refined/3u8n
refined/3u90
refined/3u92
refined/3u93
refined/3u9q
refined/3ubd
refined/3ucj
refined/3udd
refined/3udh
refined/3ueu
refined/3uev
refined/3uew
refined/3uex
refined/3ug2
refined/3ui7
refined/3uil
refined/3uj9
refined/3ujc
refined/3ujd
refined/3umq
refined/3uo4
refined/3uod
refined/3up2
refined/3upk
refined/3upv
refined/3uri
refined/3usx
refined/3utu
refined/3uu1
refined/3uug
refined/3uuo
refined/3uw4
refined/3uw5
refined/3uxd
refined/3uxk
refined/3uxl
refined/3uyr
refined/3uz5
refined/3uzj
refined/3v2n
refined/3v2p
refined/3v2q
refined/3v3q
refined/3v4t
refined/3v51
refined/3v5p
refined/3v5t
refined/3v78
refined/3v7x
refined/3vbd
refined/3vd4
refined/3vd9
refined/3vdb
refined/3veh
refined/3vf5
refined/3vf7
refined/3vfa
refined/3vfb
refined/3vh9
refined/3vha
refined/3vhc
refined/3vhd
refined/3vhk
refined/3vjc
refined/3vje
refined/3vtr
refined/3vvy
refined/3vw1
refined/3vw2
refined/3vx3
refined/3w07
refined/3w37
refined/3w5n
refined/3w9k
refined/3w9r
refined/3wgg
refined/3wha
refined/3wjw
refined/3wmc
refined/3wtj
refined/3wtl
refined/3wtm
refined/3wtn
refined/3wto
refined/3wvm
refined/3wz6
refined/3wz7
refined/3wz8
refined/3wzn
refined/3x00
refined/3zbx
refined/3zc5
refined/3zcl
refined/3zdg
refined/3zdh
refined/3zdv
refined/3zhx
refined/3zi0
refined/3zi8
refined/3zj6
refined/3zk6
refined/3zll
refined/3zln
refined/3zlr
refined/3zm9
refined/3znr
refined/3zns
refined/3zps
refined/3zpu
refined/3zq9
refined/3zqe
refined/3zso
refined/3zsq
refined/3zsx
refined/3zsy
refined/3zt2
refined/3zt3
refined/3zv7
refined/3zxz
refined/3zyf
refined/3zyu
refined/3zze
refined/456c
refined/4a4q
refined/4a4v
refined/4a4w
refined/4a6b
refined/4a6c
refined/4a6l
refined/4a6s
refined/4a7i
refined/4a95
refined/4ab9
refined/4aba
refined/4abb
refined/4abd
refined/4abe
refined/4abf
refined/4abg
refined/4abh
refined/4acc
refined/4aci
refined/4ad2
refined/4ad3
refined/4ad6
refined/4afg
refined/4ag8
refined/4agc
refined/4agl
refined/4agm
refined/4agn
refined/4ago
refined/4agp
refined/4agq
refined/4ahr
refined/4ahs
refined/4ahu
refined/4ai5
refined/4aia
refined/4aj4
refined/4aje
refined/4aji
refined/4ajl
refined/4alx
refined/4aoi
refined/4ap7
refined/4app
refined/4aq4
refined/4aq6
refined/4aqh
refined/4ara
refined/4arb
refined/4arw
refined/4asd
refined/4ase
refined/4asj
refined/4att
refined/4auj
refined/4av4
refined/4av5
refined/4avh
refined/4avi
refined/4avj
refined/4avs
refined/4ax9
refined/4axd
refined/4ayp
refined/4ayq
refined/4ayu
refined/4az5
refined/4az6
refined/4azb
refined/4azc
refined/4azg
refined/4azi
refined/4b0b
refined/4b1j
refined/4b2i
refined/4b2l
refined/4b32
refined/4b33
refined/4b34
refined/4b35
refined/4b3b
refined/4b3c
refined/4b3d
refined/4b5d
refined/4b5s
refined/4b5t
refined/4b5w
refined/4b6o
refined/4b6p
refined/4b6r
refined/4b6s
refined/4b73
refined/4b74
refined/4b76
refined/4b7j
refined/4b7p
refined/4b7r
refined/4b8y
refined/4b9k
refined/4b9z
refined/4bah
refined/4bak
refined/4bam
refined/4ban
refined/4bao
refined/4baq
refined/4bb9
refined/4bc5
refined/4bck
refined/4bcm
refined/4bcn
refined/4bco
refined/4bcp
refined/4bcs
refined/4bf1
refined/4bf6
refined/4bi6
refined/4bi7
refined/4bj8
refined/4bks
refined/4bkt
refined/4bny
refined/4bps
refined/4bqg
refined/4bqh
refined/4bqs
refined/4br3
refined/4bs0
refined/4bt3
refined/4bt4
refined/4bt5
refined/4btk
refined/4bup
refined/4buq
refined/4c1t
refined/4c1u
refined/4c1y
refined/4c2v
refined/4c52
refined/4c5d
refined/4c6u
refined/4c9x
refined/4ca5
refined/4ca6
refined/4ca7
refined/4ca8
refined/4cc5
refined/4cd0
refined/4cd4
refined/4cd5
refined/4ceb
refined/4cfl
refined/4cg8
refined/4cg9
refined/4cga
refined/4cgi
refined/4cig
refined/4ciw
refined/4cj4
refined/4cjp
refined/4cjq
refined/4cjr
refined/4ck3
refined/4cl6
refined/4clj
refined/4cmo
refined/4cp5
refined/4cp7
refined/4cpr
refined/4cps
refined/4cpt
refined/4cpw
refined/4cpy
refined/4cpz
refined/4cr5
refined/4cr9
refined/4cra
refined/4crb
refined/4crc
refined/4crf
refined/4crl
refined/4cs9
refined/4csd
refined/4css
refined/4cst
refined/4cu7
refined/4cu8
refined/4cwf
refined/4cwn
refined/4cwo
refined/4cwp
refined/4cwq
refined/4cwr
refined/4cws
refined/4cwt
refined/4czs
refined/4d1j
refined/4d3h
refined/4d4d
refined/4d7b
refined/4d8z
refined/4da5
refined/4daf
refined/4db7
refined/4dbm
refined/4dcs
refined/4ddh
refined/4ddk
refined/4ddm
refined/4de0
refined/4de1
refined/4de2
refined/4de5
refined/4del
refined/4der
refined/4des
refined/4det
refined/4deu
refined/4dew
refined/4dff
refined/4dfg
refined/4dhl
refined/4djo
refined/4djp
refined/4djq
refined/4djr
refined/4dju
refined/4djv
refined/4djw
refined/4djx
refined/4djy
refined/4dko
refined/4dkp
refined/4dkq
refined/4dkr
refined/4dld
refined/4dmw
refined/4do4
refined/4do5
refined/4dq2
refined/4dst
refined/4dsu
refined/4dsy
refined/4duh
refined/4dv8
refined/4dy6
refined/4dzy
refined/4e0x
refined/4e1k
refined/4e3g
refined/4e4l
refined/4e4n
refined/4e5w
refined/4e67
refined/4e6d
refined/4e6q
refined/4e70
refined/4e7r
refined/4e9u
refined/4ea2
refined/4eb8
refined/4ef6
refined/4efk
refined/4efs
refined/4egk
refined/4ehz
refined/4ei4
refined/4ej8
refined/4ejl
refined/4ek9
refined/4elf
refined/4elg
refined/4elh
refined/4emf
refined/4emr
refined/4en4
refined/4eo6
refined/4eo8
refined/4eoh
refined/4eor
refined/4epy
refined/4er1
refined/4er2
refined/4erf
refined/4etz
refined/4eu0
refined/4euo
refined/4ew2
refined/4ew3
refined/4ewn
refined/4exs
refined/4ezr
refined/4ezx
refined/4ezz
refined/4f09
refined/4f0c
refined/4f1l
refined/4f2w
refined/4f39
refined/4f3c
refined/4f3k
refined/4f5y
refined/4f6u
refined/4f6w
refined/4f7v
refined/4f9u
refined/4f9w
refined/4f9y
refined/4fai
refined/4fcq
refined/4fev
refined/4few
refined/4ffs
refined/4fht
refined/4fk6
refined/4fl1
refined/4fl2
refined/4flp
refined/4fm7
refined/4fm8
refined/4fnn
refined/4fp1
refined/4fs4
refined/4fsl
refined/4fxp
refined/4fxq
refined/4fys
refined/4fz3
refined/4fzj
refined/4g0p
refined/4g0q
refined/4g0y
refined/4g0z
refined/4g4p
refined/4g5f
refined/4g8m
refined/4g8n
refined/4g8v
refined/4g8y
refined/4g90
refined/4g95
refined/4gah
refined/4gbd
refined/4ge1
refined/4gfm
refined/4gfo
refined/4gg7
refined/4ggz
refined/4ghi
refined/4gid
refined/4gih
refined/4gii
refined/4gj2
refined/4gj3
refined/4gkh
refined/4gki
refined/4gkm
refined/4gny
refined/4gq4
refined/4gql
refined/4gqp
refined/4gqq
refined/4gqr
refined/4gr0
refined/4gr3
refined/4gr8
refined/4gu6
refined/4gu9
refined/4gue
refined/4gzp
refined/4gzt
refined/4gzw
refined/4gzx
refined/4h3f
refined/4h3g
refined/4h3j
refined/4h42
refined/4h75
refined/4h7q
refined/4h81
refined/4h85
refined/4ha5
refined/4hbm
refined/4hdb
refined/4hdf
refined/4hdp
refined/4heg
refined/4hf4
refined/4hfp
refined/4hge
refined/4hj2
refined/4hla
refined/4hp0
refined/4hpi
refined/4ht0
refined/4ht2
refined/4hu1
refined/4hw3
refined/4hwo
refined/4hwp
refined/4hws
refined/4hy1
refined/4hym
refined/4hzm
refined/4i3z
refined/4i54
refined/4i5c
refined/4i71
refined/4i72
refined/4i74
refined/4i7j
refined/4i7k
refined/4i7l
refined/4i7m
refined/4i7p
refined/4i8n
refined/4i8w
refined/4i8x
refined/4i8z
refined/4i9h
refined/4i9u
refined/4ibb
refined/4ibc
refined/4ibd
refined/4ibe
refined/4ibf
refined/4ibg
refined/4ibi
refined/4ibj
refined/4ibk
refined/4idn
refined/4ido
refined/4ieh
refined/4ih3
refined/4ih5
refined/4ih6
refined/4ih7
refined/4iic
refined/4iid
refined/4iie
refined/4iif
refined/4ij1
refined/4in9
refined/4io2
refined/4io3
refined/4io4
refined/4io5
refined/4io6
refined/4io7
refined/4ipi
refined/4ipj
refined/4ipn
refined/4ish
refined/4isi
refined/4isu
refined/4itp
refined/4iue
refined/4iuo
refined/4iva
refined/4ivb
refined/4ivc
refined/4ivd
refined/4iwz
refined/4j21
refined/4j22
refined/4j28
refined/4j3l
refined/4j44
refined/4j45
refined/4j46
refined/4j47
refined/4j48
refined/4j7d
refined/4j7e
refined/4j93
refined/4jal
refined/4je7
refined/4je8
refined/4jfk
refined/4jfm
refined/4jfs
refined/4jh0
refined/4jia
refined/4jkw
refined/4jn2
refined/4jne
refined/4jpx
refined/4jpy
refined/4jsa
refined/4jss
refined/4jsz
refined/4jwk
refined/4jx9
refined/4jxs
refined/4jyb
refined/4jyc
refined/4jym
refined/4jyt
refined/4jz1
refined/4jzi
refined/4k0o
refined/4k0y
refined/4k18
refined/4k3h
refined/4k3n
refined/4k4j
refined/4k55
refined/4k5p
refined/4k6i
refined/4k77
refined/4k7n
refined/4k7o
refined/4k9y
refined/4kao
refined/4kax
refined/4kb9
refined/4kcx
refined/4keq
refined/4kfq
refined/4kif
refined/4kiu
refined/4km0
refined/4km2
refined/4kmz
refined/4kn0
refined/4kn1
refined/4kni
refined/4knj
refined/4knm
refined/4knn
refined/4ko8
refined/4kow
refined/4kp5
refined/4kp8
refined/4kqp
refined/4ks1
refined/4ks4
refined/4ksy
refined/4kwf
refined/4kwg
refined/4kwo
refined/4kx8
refined/4kxb
refined/4kxn
refined/4kyh
refined/4kyk
refined/4kz3
refined/4kz4
refined/4kz6
refined/4kz7
refined/4kzq
refined/4kzu
refined/4l19
refined/4l2l
refined/4l4v
refined/4l4z
refined/4l50
refined/4l51
refined/4l6t
refined/4l9i
refined/4lar
refined/4lbu
refined/4lch
refined/4leq
refined/4lhm
refined/4lhv
refined/4lj5
refined/4lj8
refined/4ljh
refined/4lk7
refined/4lkk
refined/4lko
refined/4lkq
refined/4ll3
refined/4llj
refined/4llk
refined/4llp
refined/4llx
refined/4lm0
refined/4lm1
refined/4lm2
refined/4lm3
refined/4lm4
refined/4loh
refined/4loi
refined/4loo
refined/4lov
refined/4loy
refined/4lps
refined/4lrr
refined/4luz
refined/4lvt
refined/4lxd
refined/4lxz
refined/4ly1
refined/4ly9
refined/4lyw
refined/4lzr
refined/4lzs
refined/4m0e
refined/4m0f
refined/4m0r
refined/4m0y
refined/4m12
refined/4m13
refined/4m14
refined/4m2r
refined/4m2u
refined/4m2v
refined/4m2w
refined/4m3p
refined/4m6u
refined/4m7j
refined/4m8e
refined/4m8h
refined/4m8x
refined/4m8y
refined/4mc1
refined/4mc2
refined/4mc6
refined/4mc9
refined/4mdn
refined/4mgd
refined/4mhy
refined/4mhz
refined/4mjp
refined/4mme
refined/4mmm
refined/4mmp
refined/4mn3
refined/4mnp
refined/4mo4
refined/4mo8
refined/4mpn
refined/4mq6
refined/4mr3
refined/4mr6
refined/4mre
refined/4mrg
refined/4mrw
refined/4mrz
refined/4msa
refined/4msc
refined/4msn
refined/4mss
refined/4muf
refined/4mul
refined/4muv
refined/4myd
refined/4n07
refined/4n5d
refined/4n6g
refined/4n6z
refined/4n7m
refined/4n7u
refined/4n8q
refined/4n9a
refined/4n9c
refined/4na9
refined/4nbk
refined/4nbl
refined/4nbn
refined/4ncn
refined/4ndu
refined/4ngm
refined/4ngn
refined/4ngp
refined/4nh7
refined/4nh8
refined/4nj9
refined/4nja
refined/4nkt
refined/4nku
refined/4nl1
refined/4nnr
refined/4non
refined/4np2
refined/4np3
refined/4np9
refined/4nra
refined/4nuc
refined/4nue
refined/4nvp
refined/4nwc
refined/4nxu
refined/4nxv
refined/4nyf
refined/4o04
refined/4o05
refined/4o07
refined/4o09
refined/4o0a
refined/4o0b
refined/4o0x
refined/4o0y
refined/4o2b
refined/4o2c
refined/4o2p
refined/4o3f
refined/4o61
refined/4o6w
refined/4o97
refined/4o9v
refined/4o9w
refined/4oag
refined/4oak
refined/4oc0
refined/4oc1
refined/4oc2
refined/4oc3
refined/4oc5
refined/4ocq
refined/4oct
refined/4oeu
refined/4og3
refined/4og4
refined/4ogj
refined/4oiv
refined/4oks
refined/4oma
refined/4omc
refined/4omj
refined/4omk
refined/4or4
refined/4or6
refined/4ou3
refined/4ovf
refined/4ovg
refined/4ovh
refined/4owm
refined/4owv
refined/4ozj
refined/4p3h
refined/4p58
refined/4p5d
refined/4p5z
refined/4p6c
refined/4p6w
refined/4p6x
refined/4pb2
refined/4pcs
refined/4pee
refined/4pf5
refined/4pft
refined/4pfu
refined/4pg9
refined/4phu
refined/4pin
refined/4pmm
refined/4pnu
refined/4poh
refined/4poj
refined/4pop
refined/4pow
refined/4pox
refined/4pp0
refined/4pp3
refined/4pp5
refined/4pqa
refined/4psb
refined/4pum
refined/4pv5
refined/4pvx
refined/4pvy
refined/4pzv
refined/4q08
refined/4q09
refined/4q0k
refined/4q19
refined/4q1w
refined/4q1x
refined/4q1y
refined/4q3t
refined/4q3u
refined/4q46
refined/4q4o
refined/4q4p
refined/4q4q
refined/4q4r
refined/4q4s
refined/4q6d
refined/4q6e
refined/4q7p
refined/4q7s
refined/4q7v
refined/4q7w
refined/4q81
refined/4q83
refined/4q87
refined/4q8x
refined/4q8y
refined/4q90
refined/4q93
refined/4q99
refined/4q9o
refined/4q9y
refined/4qac
refined/4qb3
refined/4qd6
refined/4qdk
refined/4qem
refined/4qer
refined/4qev
refined/4qew
refined/4qf7
refined/4qf8
refined/4qf9
refined/4qfl
refined/4qfn
refined/4qfo
refined/4qfp
refined/4qgd
refined/4qge
refined/4qgi
refined/4qij
refined/4qj0
refined/4qjw
refined/4qjx
refined/4ql1
refined/4qlk
refined/4qll
refined/4qnb
refined/4qp2
refined/4qpd
refined/4qpl
refined/4qrh
refined/4qsu
refined/4qsv
refined/4qtl
refined/4qxo
refined/4qy3
refined/4qyy
refined/4r06
refined/4r0a
refined/4r3w
refined/4r4c
refined/4r4i
refined/4r4o
refined/4r4t
refined/4r59
refined/4r5a
refined/4r5b
refined/4r5t
refined/4r73
refined/4r74
refined/4r75
refined/4r76
refined/4ra1
refined/4rak
refined/4rd0
refined/4rd3
refined/4rd6
refined/4rdn
refined/4re2
refined/4re4
refined/4rfc
refined/4rfd
refined/4rfm
refined/4rfr
refined/4rhx
refined/4riu
refined/4riv
refined/4rj8
refined/4rlt
refined/4rlu
refined/4rlw
refined/4rn4
refined/4rpn
refined/4rpo
refined/4rqk
refined/4rqv
refined/4rr6
refined/4rra
refined/4rrf
refined/4rrg
refined/4rsk
refined/4rux
refined/4ruy
refined/4ruz
refined/4rvr
refined/4rwj
refined/4rww
refined/4ryd
refined/4s1g
refined/4sga
refined/4std
refined/4tim
refined/4tjz
refined/4tkb
refined/4tkh
refined/4tkj
refined/4tln
refined/4tmk
refined/4tmn
refined/4tpw
refined/4tqn
refined/4trc
refined/4ts1
refined/4tt2
refined/4tte
refined/4tu4
refined/4tun
refined/4twp
refined/4ty6
refined/4ty7
refined/4tz2
refined/4u0f
refined/4u0w
refined/4u1b
refined/4u43
refined/4u54
refined/4u5n
refined/4u5o
refined/4u5s
refined/4u69
refined/4u6c
refined/4u6w
refined/4u6z
refined/4u70
refined/4u71
refined/4u73
refined/4u8w
refined/4ua8
refined/4uac
refined/4ual
refined/4uc5
refined/4ucc
refined/4ufh
refined/4ufi
refined/4ufj
refined/4ufk
refined/4ufl
refined/4ufm
refined/4uin
refined/4uj1
refined/4uj2
refined/4uja
refined/4ujb
refined/4uma
refined/4umb
refined/4umc
refined/4und
refined/4unp
refined/4uof
refined/4uoh
refined/4up5
refined/4ury
refined/4urz
refined/4us3
refined/4uye
refined/4uyf
refined/4v01
refined/4v24
refined/4v27
refined/4w52
refined/4w97
refined/4w9c
refined/4w9d
refined/4w9f
refined/4w9h
refined/4w9i
refined/4w9j
refined/4w9k
refined/4w9l
refined/4w9o
refined/4w9p
refined/4wa9
refined/4whs
refined/4wiv
refined/4wk1
refined/4wkb
refined/4wkn
refined/4wko
refined/4wkp
refined/4wn5
refined/4wop
refined/4wov
refined/4wrb
refined/4wt2
refined/4x24
refined/4x3k
refined/4x48
refined/4x50
refined/4x5p
refined/4x5q
refined/4x5r
refined/4x5y
refined/4x5z
refined/4x6m
refined/4x6n
refined/4x6o
refined/4x8o
refined/4x8u
refined/4x8v
refined/4xaq
refined/4xar
refined/4xas
refined/4xip
refined/4xiq
refined/4xir
refined/4xit
refined/4xk9
refined/4xmb
refined/4xmr
refined/4xo8
refined/4xoc
refined/4xoe
refined/4xt2
refined/4xtv
refined/4xtw
refined/4xtx
refined/4xty
refined/4xtz
refined/4xu0
refined/4xu1
refined/4xu2
refined/4xu3
refined/4xxh
refined/4xy8
refined/4xya
refined/4y0a
refined/4y2q
refined/4y3j
refined/4y3y
refined/4y4j
refined/4y59
refined/4y5d
refined/4y79
refined/4y8x
refined/4ybk
refined/4yc0
refined/4yes
refined/4ygf
refined/4yha
refined/4yhm
refined/4yho
refined/4yk0
refined/4ykj
refined/4ykk
refined/4ymb
refined/4ymg
refined/4ymh
refined/4yml
refined/4ymq
refined/4ymx
refined/4ynb
refined/4ynl
refined/4yo8
refined/4yrd
refined/4ysl
refined/4ytc
refined/4yth
refined/4yx4
refined/4yxi
refined/4yyt
refined/4yzu
refined/4z07
refined/4z0k
refined/4z0q
refined/4z1e
refined/4z1j
refined/4z1k
refined/4z2b
refined/4z83
refined/4z84
refined/4z93
refined/4zae
refined/4zb6
refined/4zb8
refined/4zba
refined/4zbf
refined/4zbi
refined/4zeb
refined/4zec
refined/4zei
refined/4zek
refined/4zgk
refined/4zip
refined/4zji
refined/4zl4
refined/4zls
refined/4zme
refined/4zo5
refined/4zow
refined/4zt8
refined/4zv1
refined/4zv2
refined/4zvi
refined/4zw5
refined/4zw6
refined/4zw7
refined/4zw8
refined/4zwx
refined/4zwz
refined/4zx0
refined/4zx1
refined/4zx3
refined/4zx4
refined/4zyf
refined/4zzd
refined/4zzx
refined/4zzy
refined/4zzz
refined/5a2i
refined/5a5q
refined/5a6k
refined/5a6x
refined/5a7b
refined/5a7y
refined/5a81
refined/5aa9
refined/5aan
refined/5aba
refined/5acy
refined/5ad1
refined/5afv
refined/5ahw
refined/5alb
refined/5am6
refined/5am7
refined/5amd
refined/5amg
refined/5aml
refined/5ant
refined/5anu
refined/5anv
refined/5aoi
refined/5aoj
refined/5aol
refined/5aqz
refined/5aut
refined/5ave
refined/5avf
refined/5ayt
refined/5azf
refined/5b25
refined/5b2d
refined/5b5f
refined/5b5g
refined/5boj
refined/5bry
refined/5bs4
refined/5btv
refined/5btx
refined/5bv3
refined/5bw4
refined/5bwc
refined/5byi
refined/5c1m
refined/5c1w
refined/5c28
refined/5c2a
refined/5c2h
refined/5c2o
refined/5c3p
refined/5c5t
refined/5c8n
refined/5cap
refined/5caq
refined/5cas
refined/5cau
refined/5cbm
refined/5cbr
refined/5cbs
refined/5cc2
refined/5cep
refined/5ceq
refined/5chk
refined/5cj6
refined/5cjf
refined/5cks
refined/5cp5
refined/5cp9
refined/5cqt
refined/5cqu
refined/5cs3
refined/5cs6
refined/5cso
refined/5csp
refined/5cst
refined/5ct2
refined/5cu4
refined/5cxa
refined/5cy9
refined/5czm
refined/5d0c
refined/5d0r
refined/5d1r
refined/5d21
refined/5d24
refined/5d25
refined/5d26
refined/5d2r
refined/5d3c
refined/5d3h
refined/5d3j
refined/5d3l
refined/5d3n
refined/5d3p
refined/5d3t
refined/5d3x
refined/5d45
refined/5d47
refined/5d48
refined/5d6j
refined/5dbm
refined/5dex
refined/5dey
refined/5dfp
refined/5dgu
refined/5dgw
refined/5dh4
refined/5dh5
refined/5dhu
refined/5dit
refined/5dkn
refined/5dlx
refined/5dnu
refined/5dpx
refined/5dq8
refined/5dqc
refined/5dqe
refined/5dqf
refined/5drr
refined/5dus
refined/5duw
refined/5dw2
refined/5dwr
refined/5dx4
refined/5dxt
refined/5dyo
refined/5e13
refined/5e1s
refined/5e28
refined/5e2k
refined/5e2l
refined/5e2o
refined/5e2p
refined/5e2r
refined/5e2s
refined/5e3a
refined/5e6o
refined/5e73
refined/5e74
refined/5e7n
refined/5e89
refined/5e8f
refined/5ect
refined/5edb
refined/5edc
refined/5edd
refined/5edl
refined/5eei
refined/5eek
refined/5een
refined/5ef7
refined/5efa
refined/5efc
refined/5efh
refined/5efj
refined/5egm
refined/5egu
refined/5eh5
refined/5eh7
refined/5eh8
refined/5ehq
refined/5ehr
refined/5ehv
refined/5ehw
refined/5ei3
refined/5eis
refined/5ekm
refined/5el9
refined/5elw
refined/5en3
refined/5epl
refined/5epn
refined/5eq1
refined/5eqe
refined/5eqp
refined/5eqy
refined/5er1
refined/5er2
refined/5er4
refined/5etb
refined/5etj
refined/5eu1
refined/5ev8
refined/5evb
refined/5evd
refined/5evk
refined/5evz
refined/5ew0
refined/5ewa
refined/5ewk
refined/5ewy
refined/5exl
refined/5exm
refined/5exn
refined/5exw
refined/5ey0
refined/5ey4
refined/5eyr
refined/5f08
refined/5f0f
refined/5f1h
refined/5f1r
refined/5f1v
refined/5f1x
refined/5f25
refined/5f2p
refined/5f2r
refined/5f2u
refined/5f5z
refined/5f60
refined/5f61
refined/5f62
refined/5f63
refined/5f74
refined/5f8y
refined/5f9b
refined/5fbi
refined/5fck
refined/5fcz
refined/5fdc
refined/5fdi
refined/5fe6
refined/5fe7
refined/5fe9
refined/5fh7
refined/5fh8
refined/5fhn
refined/5fho
refined/5fl4
refined/5fl5
refined/5fl6
refined/5flo
refined/5flq
refined/5fls
refined/5flt
refined/5fnc
refined/5fnd
refined/5fnf
refined/5fng
refined/5fnr
refined/5fns
refined/5fnt
refined/5fnu
refined/5fog
refined/5fol
refined/5fot
refined/5fou
refined/5fov
refined/5fox
refined/5fpk
refined/5fs5
refined/5fsn
refined/5fso
refined/5fsx
refined/5fsy
refined/5ftg
refined/5fto
refined/5fut
refined/5fwr
refined/5fyx
refined/5g17
refined/5g1a
refined/5g1z
refined/5g2g
refined/5g45
refined/5g46
refined/5g4m
refined/5g4n
refined/5g4o
refined/5g5f
refined/5g5z
refined/5g60
refined/5g61
refined/5gj9
refined/5gja
refined/5gmh
refined/5gmn
refined/5gof
refined/5gs9
refined/5gsa
refined/5h1t
refined/5h1u
refined/5h1v
refined/5h5f
refined/5h8e
refined/5h8g
refined/5h9r
refined/5ha1
refined/5hbn
refined/5hbs
refined/5hct
refined/5hcv
refined/5hcy
refined/5hi7
refined/5his
refined/5hjq
refined/5hrv
refined/5hrw
refined/5hrx
refined/5htl
refined/5htz
refined/5hu9
refined/5hva
refined/5hvs
refined/5hvt
refined/5hwu
refined/5hwv
refined/5hz5
refined/5hz6
refined/5hz8
refined/5hz9
refined/5i1q
refined/5i29
refined/5i2e
refined/5i2f
refined/5i3a
refined/5i3v
refined/5i3w
refined/5i3x
refined/5i3y
refined/5i7x
refined/5i7y
refined/5i80
refined/5i88
refined/5i8g
refined/5i9x
refined/5i9y
refined/5i9z
refined/5ia0
refined/5ia1
refined/5ia2
refined/5ia3
refined/5ia4
refined/5ia5
refined/5ie1
refined/5igm
refined/5ih9
refined/5ihh
refined/5ii2
refined/5ikb
refined/5ime
refined/5ioz
refined/5ipc
refined/5ipj
refined/5irr
refined/5isz
refined/5ito
refined/5itp
refined/5ivc
refined/5ive
refined/5ivv
refined/5ivy
refined/5iwg
refined/5ix0
refined/5izf
refined/5izj
refined/5j0d
refined/5j1r
refined/5j3l
refined/5j41
refined/5j6a
refined/5j7q
refined/5j7w
refined/5j8z
refined/5ja0
refined/5jfp
refined/5jfu
refined/5jg1
refined/5jhb
refined/5ji8
refined/5jop
refined/5jox
refined/5jq5
refined/5js3
refined/5jsg
refined/5jsj
refined/5jsq
refined/5jss
refined/5jt9
refined/5jvi
refined/5jxn
refined/5jxq
refined/5jy3
refined/5jzi
refined/5k03
refined/5k0h
refined/5k1d
refined/5k1f
refined/5k8s
refined/5k9w
refined/5ka1
refined/5ka7
refined/5ka9
refined/5kab
refined/5kad
refined/5kat
refined/5kax
refined/5kbe
refined/5kby
refined/5kcb
refined/5kej
refined/5khm
refined/5kly
refined/5km9
refined/5kma
refined/5ko1
refined/5kqx
refined/5kqy
refined/5kr0
refined/5kr1
refined/5kr2
refined/5kva
refined/5kz0
refined/5l2s
refined/5l30
refined/5l3a
refined/5l4i
refined/5l4j
refined/5l4m
refined/5l7e
refined/5l7g
refined/5l7h
refined/5l8a
refined/5l9g
refined/5l9i
refined/5l9l
refined/5l9o
refined/5ld8
refined/5ldm
refined/5ldp
refined/5lif
refined/5ljq
refined/5ljt
refined/5lli
refined/5lne
refined/5lom
refined/5lsg
refined/5lsh
refined/5lso
refined/5lvd
refined/5lvl
refined/5lvq
refined/5lvr
refined/5lwd
refined/5lwm
refined/5lyn
refined/5lyr
refined/5lz4
refined/5lz5
refined/5lz7
refined/5m04
refined/5m17
refined/5m23
refined/5m25
refined/5m28
refined/5m4q
refined/5m5d
refined/5m77
refined/5m7s
refined/5m7u
refined/5m9w
refined/5ma7
refined/5meh
refined/5mek
refined/5mes
refined/5mg2
refined/5mge
refined/5mgf
refined/5mgj
refined/5mgk
refined/5mjn
refined/5mkr
refined/5mks
refined/5mn1
refined/5mnr
refined/5mo8
refined/5mod
refined/5mpz
refined/5mqe
refined/5mrb
refined/5mrm
refined/5mro
refined/5mrp
refined/5mxf
refined/5my8
refined/5mz8
refined/5n0d
refined/5n0e
refined/5n0f
refined/5n17
refined/5n18
refined/5n1r
refined/5n1s
refined/5n1z
refined/5n24
refined/5n25
refined/5n2t
refined/5n2z
refined/5n31
refined/5n34
refined/5n3v
refined/5n3y
refined/5n6s
refined/5n84
refined/5n93
refined/5n99
refined/5n9r
refined/5nbw
refined/5ndf
refined/5ne5
refined/5nea
refined/5neb
refined/5nee
refined/5ngz
refined/5nih
refined/5njz
refined/5nk2
refined/5nk3
refined/5nk4
refined/5nk6
refined/5nk7
refined/5nk8
refined/5nk9
refined/5nka
refined/5nkb
refined/5nkc
refined/5nkd
refined/5nkg
refined/5nkh
refined/5nki
refined/5nn5
refined/5nn6
refined/5nvv
refined/5nvw
refined/5nvx
refined/5nw0
refined/5nw1
refined/5nw2
refined/5nwi
refined/5o07
refined/5o2d
refined/5o4f
refined/5o58
refined/5oei
refined/5oku
refined/5oot
refined/5op4
refined/5op5
refined/5oq8
refined/5org
refined/5orv
refined/5orw
refined/5os2
refined/5os4
refined/5os5
refined/5ose
refined/5ot8
refined/5ot9
refined/5ota
refined/5otc
refined/5ouh
refined/5ovr
refined/5ovx
refined/5std
refined/5sxm
refined/5sym
refined/5sz0
refined/5sz1
refined/5sz2
refined/5sz3
refined/5sz4
refined/5sz5
refined/5sz6
refined/5sz7
refined/5t19
refined/5t7s
refined/5t8o
refined/5t8p
refined/5t9u
refined/5t9w
refined/5t9z
refined/5ta2
refined/5ta4
refined/5tb6
refined/5tbe
refined/5tbm
refined/5tcy
refined/5tef
refined/5tfx
refined/5th4
refined/5ti0
refined/5tmn
refined/5tmp
refined/5tp0
refined/5tpx
refined/5tt3
refined/5ttw
refined/5tuo
refined/5tuz
refined/5twj
refined/5txy
refined/5ty9
refined/5tya
refined/5u0d
refined/5u0e
refined/5u0f
refined/5u0g
refined/5u0w
refined/5u0y
refined/5u0z
refined/5u11
refined/5u12
refined/5u13
refined/5u14
refined/5u28
refined/5u49
refined/5u4b
refined/5u4d
refined/5u6j
refined/5u8c
refined/5ueu
refined/5uez
refined/5uf0
refined/5ufc
refined/5uff
refined/5ufp
refined/5ufr
refined/5ufs
refined/5uk8
refined/5ula
refined/5uln
refined/5ulp
refined/5ult
refined/5uoo
refined/5uov
refined/5upe
refined/5upf
refined/5upj
refined/5upz
refined/5ut6
refined/5uv2
refined/5uxf
refined/5v0n
refined/5v79
refined/5v7a
refined/5v82
refined/5vb5
refined/5vb6
refined/5vb7
refined/5vc3
refined/5vc4
refined/5vcv
refined/5vcw
refined/5vcy
refined/5vcz
refined/5vd0
refined/5vd1
refined/5vd2
refined/5vd3
refined/5vgy
refined/5vi6
refined/5vih
refined/5vij
refined/5vkc
refined/5vo1
refined/5voj
refined/5vp9
refined/5vsf
refined/5vsj
refined/5w1e
refined/5wa8
refined/5wa9
refined/5wal
refined/5wbm
refined/5wbo
refined/5wcm
refined/5we9
refined/5wex
refined/5wl0
refined/5wlo
refined/5wp5
refined/5wqc
refined/5wuk
refined/5wxh
refined/5wyx
refined/5wyz
refined/5x54
refined/5x62
refined/5x74
refined/5xg5
refined/5yas
refined/5yjm
refined/6ayi
refined/6b4l
refined/6b4n
refined/6b4u
refined/6b7a
refined/6b7b
refined/6b96
refined/6b97
refined/6b98
refined/6cpa
refined/6en5
refined/6ep4
refined/6eqp
refined/6equ
refined/6euw
refined/6eux
refined/6ezq
refined/6rnt
refined/6std
refined/6upj
refined/7std
refined/7upj
refined/8a3h
refined/8cpa
refined/966c
