0.653106 0.686774 0.606532 0.010000
0.761167 0.767571 0.667317 0.010000
0.801664 0.831728 0.430970 0.010000
0.811061 0.857626 0.463794 0.010000
0.800595 0.874312 0.528690 0.010000
0.802041 0.893520 0.455316 0.010000
0.802662 0.898744 0.608141 0.010000
0.837784 0.908259 0.359417 0.010000
0.819271 0.919835 0.337779 0.010000
0.815092 0.913578 0.476375 0.010000
0.809809 0.919033 0.587743 0.010000
0.798272 0.928946 0.272454 0.010000
0.809295 0.924916 0.376998 0.010000
0.807814 0.927759 0.413013 0.010000
0.813338 0.929501 0.496947 0.010000
0.797813 0.935500 0.350989 0.010000
0.817307 0.930634 0.550484 0.010000
0.820999 0.932918 0.337398 0.010000
0.826574 0.952516 0.306149 0.001000
0.826869 0.954790 0.279410 0.001000
0.821219 0.955480 0.269166 0.001000
0.815307 0.958805 0.255377 0.001000
0.817080 0.959303 0.324787 0.001000
0.820209 0.959761 0.246164 0.001000
0.816133 0.960342 0.254225 0.001000
0.826490 0.962064 0.279121 0.001000
0.812956 0.960515 0.271564 0.001000
0.828260 0.962475 0.283494 0.001000
0.809133 0.962463 0.227075 0.001000
0.812097 0.961784 0.220836 0.001000
0.822943 0.964434 0.238554 0.001000
0.824251 0.963067 0.263966 0.001000
0.825543 0.963350 0.227954 0.001000
0.811622 0.966013 0.311105 0.001000
0.830622 0.965987 0.254457 0.001000
0.801887 0.966512 0.238881 0.001000
0.810695 0.967538 0.235311 0.000100
0.815131 0.967659 0.257000 0.000100
0.815838 0.967960 0.241656 0.000100
0.815175 0.968262 0.254279 0.000100
0.814634 0.968379 0.251815 0.000100
0.815406 0.968425 0.239777 0.000100
0.816182 0.968550 0.251090 0.000010
0.815147 0.968557 0.246101 0.000010
0.815675 0.968628 0.246992 0.000010
0.816334 0.968588 0.243549 0.000010
0.816125 0.968631 0.251793 0.000010
0.815706 0.968585 0.247688 0.000010
