0.608849 0.748149 0.740351 0.010000
0.669037 0.801986 0.445250 0.010000
0.687164 0.859240 0.465863 0.010000
0.736398 0.879142 0.521407 0.010000
0.737096 0.881251 0.306870 0.010000
0.737914 0.889857 0.407508 0.010000
0.769222 0.917531 0.327679 0.010000
0.754425 0.915612 0.339178 0.010000
0.756914 0.921562 0.336976 0.010000
0.732488 0.916582 0.513437 0.010000
0.737722 0.926429 0.305751 0.010000
0.731147 0.931169 0.286322 0.010000
0.742855 0.929717 0.427302 0.010000
0.753202 0.933365 0.292508 0.010000
0.746224 0.930527 0.370232 0.010000
0.769741 0.940617 0.336050 0.010000
0.754136 0.939503 0.260456 0.010000
0.759083 0.937991 0.221915 0.010000
0.747793 0.934584 0.247671 0.010000
0.760631 0.938524 0.417482 0.010000
0.762296 0.948006 0.360064 0.010000
0.761546 0.945383 0.250792 0.010000
0.765523 0.941783 0.293454 0.010000
0.777377 0.944421 0.335220 0.010000
0.788594 0.959345 0.270282 0.001000
0.779228 0.962288 0.250712 0.001000
0.770081 0.962689 0.239725 0.001000
0.771523 0.964226 0.270665 0.001000
0.772839 0.964523 0.293560 0.001000
0.778505 0.965948 0.255670 0.001000
0.784071 0.966717 0.255506 0.000100
0.783722 0.966899 0.252699 0.000100
0.781398 0.967090 0.250542 0.000100
0.783731 0.967392 0.251163 0.000100
0.783245 0.967376 0.259279 0.000100
0.783156 0.967552 0.238832 0.000100
0.783008 0.967593 0.243534 0.000010
0.782405 0.967625 0.246640 0.000010
0.781842 0.967651 0.248663 0.000010
0.781821 0.967661 0.241662 0.000010
0.782360 0.967648 0.244524 0.000010
0.782388 0.967667 0.245931 0.000010
