0.674815 0.743994 0.591199 0.010000
0.741962 0.806937 0.870643 0.010000
0.743035 0.829578 0.462259 0.010000
0.791981 0.851178 0.570374 0.010000
0.793517 0.882723 0.380462 0.010000
0.799630 0.888135 0.493260 0.010000
0.811063 0.901403 0.324054 0.010000
0.810809 0.905547 0.377316 0.010000
0.807973 0.912655 0.365252 0.010000
0.798149 0.912455 0.385936 0.010000
0.797193 0.909542 0.442966 0.010000
0.827424 0.918371 0.364352 0.010000
0.823165 0.924615 0.310460 0.010000
0.818103 0.925391 0.451809 0.010000
0.803952 0.924560 0.431210 0.010000
0.825546 0.933456 0.354864 0.010000
0.826044 0.940827 0.316195 0.010000
0.803679 0.940265 0.327868 0.010000
0.806924 0.932506 0.327616 0.010000
0.830994 0.954076 0.269716 0.001000
0.826789 0.956024 0.260166 0.001000
0.833683 0.957397 0.330108 0.001000
0.835547 0.958366 0.279569 0.001000
0.833854 0.959194 0.269392 0.001000
0.832662 0.960147 0.240115 0.001000
0.838706 0.960291 0.268772 0.001000
0.835997 0.960827 0.261199 0.001000
0.836963 0.961650 0.281563 0.001000
0.838540 0.962190 0.279987 0.001000
0.843298 0.961832 0.337315 0.001000
0.845752 0.961428 0.243326 0.001000
0.844447 0.963604 0.239844 0.000100
0.846273 0.963837 0.242384 0.000100
0.845037 0.964053 0.261683 0.000100
0.846324 0.964077 0.247801 0.000100
0.844777 0.964152 0.240654 0.000100
0.845861 0.964178 0.247937 0.000100
0.843739 0.964231 0.249032 0.000100
0.844143 0.964327 0.251498 0.000010
0.844182 0.964389 0.250329 0.000010
0.844342 0.964388 0.250002 0.000010
0.844509 0.964415 0.251200 0.000010
0.844448 0.964439 0.251492 0.000010
0.844469 0.964452 0.251948 0.000010
