0.654445 0.621704 0.738202 0.010000
0.690116 0.712833 0.502256 0.010000
0.734588 0.729873 0.650744 0.010000
0.759100 0.782926 0.570661 0.010000
0.749944 0.763384 0.661982 0.010000
0.772240 0.799058 0.523234 0.010000
0.780838 0.816028 0.478945 0.010000
0.788810 0.824943 0.480852 0.010000
0.800925 0.839670 0.487485 0.010000
0.808591 0.828977 0.457852 0.010000
0.789581 0.848099 0.459842 0.010000
0.803717 0.867653 0.481600 0.010000
0.800780 0.861521 0.467897 0.010000
0.812075 0.866477 0.464790 0.010000
0.817205 0.874268 0.487873 0.010000
0.813342 0.876287 0.536866 0.010000
0.819796 0.891262 0.384778 0.001000
0.816837 0.892217 0.447059 0.001000
0.821516 0.895158 0.365865 0.001000
0.821039 0.897308 0.403193 0.001000
0.819784 0.897923 0.444084 0.001000
0.822871 0.896458 0.425482 0.001000
0.822800 0.899320 0.381043 0.001000
0.818910 0.893854 0.421050 0.001000
0.820727 0.899588 0.367697 0.001000
0.821198 0.902271 0.368841 0.000100
0.823570 0.902979 0.393083 0.000100
0.821822 0.902425 0.413869 0.000100
0.821667 0.902115 0.394423 0.000100
0.821462 0.903270 0.363972 0.000100
0.822110 0.903643 0.357449 0.000100
0.822765 0.903715 0.385481 0.000100
0.824400 0.903770 0.377949 0.000100
0.824140 0.904329 0.380916 0.000100
0.823653 0.903902 0.363290 0.000100
0.824306 0.904506 0.396344 0.000100
0.825322 0.905184 0.365932 0.000100
0.825078 0.905316 0.379246 0.000010
0.824800 0.905100 0.380511 0.000010
0.824820 0.905200 0.379681 0.000010
0.824444 0.905169 0.378011 0.000010
0.824572 0.905226 0.380978 0.000010
0.824588 0.905262 0.378423 0.000010
