0.655654 0.636777 0.667261 0.010000
0.680142 0.687319 0.638606 0.010000
0.726974 0.701774 0.617383 0.010000
0.770959 0.748866 0.548977 0.010000
0.780342 0.788193 0.521077 0.010000
0.767315 0.783573 0.589573 0.010000
0.806490 0.823149 0.482501 0.010000
0.780904 0.820936 0.508628 0.010000
0.800392 0.840217 0.667304 0.010000
0.812653 0.842850 0.457502 0.010000
0.809981 0.863739 0.376730 0.010000
0.794329 0.843515 0.387274 0.010000
0.803512 0.847218 0.537674 0.010000
0.811684 0.871825 0.507911 0.010000
0.809731 0.867700 0.570694 0.010000
0.811076 0.871294 0.502638 0.010000
0.821104 0.876406 0.572226 0.010000
0.835270 0.896225 0.379152 0.001000
0.833467 0.900852 0.390392 0.001000
0.831941 0.905386 0.404214 0.001000
0.831376 0.904886 0.303908 0.001000
0.832215 0.907051 0.421950 0.001000
0.839073 0.906761 0.406144 0.001000
0.832979 0.910235 0.413285 0.001000
0.827278 0.908438 0.393583 0.001000
0.836208 0.908365 0.398666 0.001000
0.833394 0.910484 0.357158 0.001000
0.836412 0.912236 0.360226 0.000100
0.835930 0.913173 0.370629 0.000100
0.834979 0.913704 0.376018 0.000100
0.834990 0.913422 0.373228 0.000100
0.833202 0.914118 0.371241 0.000100
0.833852 0.914598 0.380346 0.000100
0.833702 0.914642 0.373908 0.000010
0.833615 0.914731 0.374862 0.000010
0.833853 0.914656 0.373775 0.000010
0.833778 0.914313 0.367760 0.000010
0.833649 0.914487 0.371645 0.000010
0.834025 0.914591 0.375881 0.000010
