0.574752 0.659752 0.652873 0.010000
0.625575 0.746003 0.564581 0.010000
0.633075 0.767570 0.531383 0.010000
0.658159 0.808813 0.553302 0.010000
0.673698 0.818054 0.506455 0.010000
0.687460 0.828157 0.499213 0.010000
0.686374 0.826466 0.709792 0.010000
0.709870 0.858306 0.551214 0.010000
0.715083 0.869974 0.447951 0.010000
0.733335 0.877430 0.437012 0.010000
0.724809 0.871406 0.549676 0.010000
0.732085 0.884100 0.439907 0.010000
0.735815 0.884781 0.442164 0.010000
0.719996 0.867226 0.439763 0.010000
0.746042 0.892821 0.337255 0.010000
0.751953 0.890567 0.412630 0.010000
0.748409 0.884066 0.416878 0.010000
0.737296 0.896604 0.410028 0.010000
0.772203 0.908568 0.432577 0.010000
0.765121 0.907843 0.514662 0.010000
0.756488 0.904826 0.503764 0.010000
0.774244 0.920703 0.392481 0.001000
0.774431 0.922819 0.378764 0.001000
0.773316 0.923299 0.344434 0.001000
0.779095 0.927559 0.345397 0.001000
0.768838 0.925099 0.335133 0.001000
0.778107 0.929577 0.404759 0.001000
0.767819 0.928214 0.302684 0.001000
0.777499 0.929389 0.387769 0.001000
0.775300 0.929680 0.345876 0.001000
0.780548 0.930514 0.390224 0.001000
0.786163 0.929504 0.363851 0.001000
0.779670 0.931292 0.382916 0.001000
0.777771 0.933541 0.365230 0.001000
0.775912 0.933586 0.328464 0.000100
0.779664 0.933603 0.346998 0.000100
0.775861 0.933279 0.334352 0.000100
0.778785 0.933767 0.361517 0.000100
0.779761 0.934160 0.342954 0.000100
0.781117 0.934252 0.356058 0.000100
0.779333 0.934308 0.345338 0.000010
0.778509 0.934281 0.332770 0.000010
0.778831 0.934341 0.332327 0.000010
0.778914 0.934486 0.343222 0.000010
0.779259 0.934609 0.348401 0.000010
0.778836 0.934515 0.343962 0.000010
