0.642076 0.710413 0.193285 0.010000
0.673440 0.820198 0.172232 0.010000
0.747886 0.843398 0.264338 0.010000
0.753096 0.889683 0.558587 0.010000
0.763785 0.896603 1.440886 0.010000
0.772775 0.911971 0.153912 0.010000
0.793831 0.920052 0.612753 0.010000
0.785949 0.924917 0.199309 0.010000
0.793580 0.929935 0.660248 0.010000
0.776634 0.925813 0.865694 0.010000
0.767331 0.928109 0.196596 0.010000
0.781554 0.932810 0.192343 0.010000
0.805404 0.962645 0.363632 0.001000
0.799292 0.968578 0.348393 0.001000
0.795446 0.971100 0.228615 0.001000
0.803245 0.971396 0.347611 0.001000
0.797278 0.972266 0.296065 0.001000
0.795457 0.974707 0.257349 0.001000
0.792703 0.976860 0.245649 0.000100
0.787313 0.977462 0.231149 0.000100
0.786832 0.977540 0.219098 0.000100
0.786706 0.977690 0.228906 0.000100
0.782909 0.978026 0.197282 0.000100
0.784841 0.978135 0.199925 0.000100
0.785786 0.978267 0.212339 0.000010
0.786052 0.978311 0.216981 0.000010
0.786007 0.978330 0.213064 0.000010
0.785741 0.978328 0.215924 0.000010
0.785983 0.978349 0.215625 0.000010
0.785723 0.978399 0.213047 0.000010
