0.642999 0.679354 0.658777 0.010000
0.688423 0.737285 0.576417 0.010000
0.733332 0.778494 0.487254 0.010000
0.749829 0.810162 0.541533 0.010000
0.752759 0.811870 0.460471 0.010000
0.753347 0.827305 0.432044 0.010000
0.760330 0.834352 0.567490 0.010000
0.765639 0.841398 0.441030 0.010000
0.764574 0.852747 0.438951 0.010000
0.768817 0.848421 0.367325 0.010000
0.794871 0.876876 0.576991 0.010000
0.798119 0.885356 0.313611 0.010000
0.793095 0.876712 0.329051 0.010000
0.799792 0.894035 0.565160 0.010000
0.792881 0.893375 0.406166 0.010000
0.796749 0.883360 0.361617 0.010000
0.827081 0.895718 0.541974 0.010000
0.806641 0.893975 0.285482 0.010000
0.806759 0.907856 0.422714 0.010000
0.831871 0.904254 0.442033 0.010000
0.821263 0.899857 0.405002 0.010000
0.818588 0.903075 0.421561 0.010000
0.839204 0.906126 0.368377 0.010000
0.826455 0.908224 0.415280 0.010000
0.837583 0.923646 0.340944 0.001000
0.839177 0.926346 0.393123 0.001000
0.839463 0.926739 0.357660 0.001000
0.831838 0.927243 0.319348 0.001000
0.844991 0.929146 0.385900 0.001000
0.846099 0.929425 0.309566 0.001000
0.840874 0.930515 0.355921 0.000100
0.841246 0.930913 0.327332 0.000100
0.841169 0.931064 0.343921 0.000100
0.843265 0.931319 0.360591 0.000100
0.842193 0.931536 0.350328 0.000100
0.841370 0.931720 0.338531 0.000100
0.841656 0.931807 0.347099 0.000010
0.841837 0.931853 0.348410 0.000010
0.841679 0.931879 0.347739 0.000010
0.841453 0.931871 0.352147 0.000010
0.841419 0.931918 0.352587 0.000010
0.841515 0.931934 0.343752 0.000010
