0.582811 0.627576 0.732247 0.010000
0.679800 0.724432 0.501892 0.010000
0.708063 0.796176 0.535512 0.010000
0.768414 0.828011 0.407208 0.010000
0.786210 0.854763 0.497772 0.010000
0.789025 0.855164 0.531619 0.010000
0.773921 0.877534 0.552926 0.010000
0.791969 0.881697 0.504737 0.010000
0.787900 0.888676 0.416806 0.010000
0.804027 0.897212 0.501208 0.010000
0.824125 0.916510 0.387584 0.001000
0.822529 0.918178 0.435916 0.001000
0.826215 0.921330 0.359488 0.001000
0.824503 0.920476 0.396883 0.001000
0.829231 0.922715 0.414591 0.001000
0.824454 0.924125 0.344327 0.001000
0.821299 0.924456 0.391339 0.001000
0.823053 0.926124 0.346828 0.001000
0.814407 0.925988 0.394705 0.001000
0.824611 0.927111 0.337528 0.001000
0.818820 0.926892 0.281658 0.001000
0.832384 0.931732 0.326056 0.001000
0.835183 0.932623 0.335344 0.001000
0.826997 0.932143 0.387200 0.001000
0.834302 0.931739 0.310924 0.001000
0.835335 0.928757 0.389851 0.001000
0.838069 0.931814 0.336654 0.001000
0.840101 0.936135 0.333632 0.000100
0.836125 0.936330 0.318018 0.000100
0.839892 0.937775 0.334070 0.000100
0.837900 0.937468 0.305733 0.000100
0.836622 0.937438 0.330624 0.000100
0.838368 0.938141 0.351438 0.000100
0.838936 0.938213 0.322409 0.000010
0.838499 0.938205 0.322811 0.000010
0.838512 0.938330 0.324312 0.000010
0.838341 0.938320 0.328852 0.000010
0.838587 0.938364 0.333186 0.000010
0.838597 0.938396 0.330286 0.000010
