0.623592 0.624247 0.671837 0.010000
0.664622 0.700083 0.574459 0.010000
0.749646 0.782376 0.616592 0.010000
0.769584 0.815381 0.524164 0.010000
0.786709 0.843013 0.419639 0.010000
0.741919 0.837218 0.411903 0.010000
0.796373 0.857167 0.441956 0.010000
0.783510 0.856898 0.503355 0.010000
0.817378 0.868702 0.467947 0.010000
0.808227 0.879324 0.438950 0.010000
0.790857 0.890171 0.282075 0.010000
0.781337 0.897719 0.334335 0.010000
0.794706 0.903683 0.410894 0.010000
0.786204 0.894587 0.451647 0.010000
0.805367 0.898276 0.574312 0.010000
0.791199 0.905656 0.454764 0.010000
0.814563 0.906426 0.378695 0.010000
0.816075 0.927880 0.375536 0.001000
0.806999 0.931706 0.347295 0.001000
0.810658 0.934152 0.369000 0.001000
0.805651 0.937257 0.352253 0.001000
0.795803 0.937443 0.336855 0.001000
0.790482 0.937800 0.326646 0.001000
0.794585 0.941079 0.321419 0.000100
0.795034 0.941277 0.325071 0.000100
0.795839 0.941221 0.319440 0.000100
0.797726 0.941793 0.332438 0.000100
0.797335 0.941867 0.324886 0.000100
0.798417 0.941921 0.329918 0.000100
0.797684 0.942001 0.324179 0.000010
0.797991 0.941948 0.319459 0.000010
0.797071 0.942038 0.315850 0.000010
0.797310 0.942031 0.317837 0.000010
0.797561 0.942032 0.319359 0.000010
0.797811 0.942126 0.324250 0.000010
