0.601486 0.669291 0.686711 0.010000
0.627110 0.712395 0.734566 0.010000
0.702226 0.794016 0.573854 0.010000
0.729655 0.798531 0.577839 0.010000
0.703784 0.819880 0.480425 0.010000
0.724925 0.831833 0.582666 0.010000
0.736027 0.854464 0.560578 0.010000
0.726317 0.862377 0.480060 0.010000
0.757767 0.876578 0.349826 0.010000
0.756358 0.889038 0.357464 0.010000
0.764706 0.902573 0.532281 0.010000
0.757481 0.888327 0.411061 0.010000
0.775509 0.906624 0.403192 0.010000
0.732143 0.904330 0.305381 0.010000
0.751076 0.918521 0.373050 0.010000
0.767498 0.919842 0.317343 0.010000
0.775847 0.919667 0.371819 0.010000
0.758518 0.904879 0.466416 0.010000
0.744426 0.915756 0.502537 0.010000
0.771406 0.915544 0.372161 0.010000
0.765002 0.937787 0.286306 0.001000
0.764764 0.940589 0.307986 0.001000
0.762199 0.940964 0.268757 0.001000
0.766242 0.943232 0.313674 0.001000
0.770230 0.944595 0.347715 0.001000
0.778817 0.946251 0.369076 0.001000
0.770813 0.947054 0.273336 0.001000
0.780616 0.947499 0.287298 0.001000
0.768643 0.947162 0.307264 0.001000
0.771292 0.948655 0.309074 0.000100
0.767080 0.948654 0.282954 0.000100
0.771724 0.949528 0.306855 0.000100
0.769879 0.949894 0.310397 0.000100
0.772904 0.949986 0.316765 0.000100
0.769107 0.949845 0.284895 0.000100
0.770633 0.950212 0.298679 0.000010
0.770657 0.950273 0.300913 0.000010
0.770077 0.950164 0.299247 0.000010
0.770925 0.950282 0.300702 0.000010
0.770400 0.950189 0.296422 0.000010
0.770271 0.950253 0.296700 0.000010
