0.608584 0.627437 0.710133 0.010000
0.655627 0.712489 0.526085 0.010000
0.712132 0.782390 0.549959 0.010000
0.739681 0.805461 0.487498 0.010000
0.740864 0.808986 0.557075 0.010000
0.745764 0.836139 0.555215 0.010000
0.761362 0.847408 0.446994 0.010000
0.737975 0.853243 0.586684 0.010000
0.746605 0.864191 0.445923 0.010000
0.772003 0.858214 0.492985 0.010000
0.757282 0.862551 0.432159 0.010000
0.756047 0.871475 0.503216 0.010000
0.774867 0.872462 0.482765 0.010000
0.775952 0.872812 0.550852 0.010000
0.767878 0.880539 0.468819 0.010000
0.763998 0.873808 0.473324 0.010000
0.765628 0.882081 0.422472 0.010000
0.784655 0.894746 0.454652 0.010000
0.790444 0.897175 0.413873 0.010000
0.791442 0.895328 0.487304 0.010000
0.786344 0.898167 0.505202 0.010000
0.805276 0.901288 0.431717 0.010000
0.786505 0.899810 0.486561 0.010000
0.800814 0.904083 0.409204 0.010000
0.794237 0.899532 0.639945 0.010000
0.790671 0.875117 0.441713 0.010000
0.810074 0.910496 0.414073 0.010000
0.804653 0.907828 0.312031 0.010000
0.818367 0.917288 0.447846 0.010000
0.801290 0.908075 0.367707 0.010000
0.793171 0.904665 0.457559 0.010000
0.807170 0.920123 0.473722 0.010000
0.810164 0.900727 0.552577 0.010000
0.805346 0.917206 0.319868 0.010000
0.822625 0.937480 0.303659 0.001000
0.821886 0.940155 0.361416 0.001000
0.817575 0.942646 0.391418 0.001000
0.817015 0.941704 0.323604 0.001000
0.818024 0.941535 0.309647 0.001000
0.819530 0.940538 0.353546 0.001000
0.821943 0.944629 0.298683 0.001000
0.813807 0.944050 0.293866 0.001000
0.814478 0.945333 0.321664 0.001000
0.826273 0.947068 0.243690 0.001000
0.824573 0.946980 0.327865 0.001000
0.824281 0.946512 0.356031 0.001000
0.819795 0.947932 0.348785 0.001000
0.819616 0.945482 0.324972 0.001000
0.822717 0.945780 0.269112 0.001000
0.818513 0.948563 0.335241 0.001000
0.824721 0.950658 0.307492 0.000100
0.825631 0.950417 0.296918 0.000100
0.826462 0.949590 0.300456 0.000100
0.824074 0.951242 0.280402 0.000100
0.824998 0.951346 0.286866 0.000100
0.823352 0.951126 0.293761 0.000100
0.823245 0.951194 0.287068 0.000010
0.823701 0.951300 0.291829 0.000010
0.823869 0.951416 0.296330 0.000010
0.823926 0.951367 0.293504 0.000010
0.823535 0.951313 0.290110 0.000010
0.823444 0.951450 0.293006 0.000010
