0.650315 0.651108 0.683934 0.010000
0.707717 0.698842 0.658680 0.010000
0.685902 0.654953 0.683819 0.010000
0.751236 0.731938 0.631933 0.010000
0.778969 0.774802 0.500367 0.010000
0.780293 0.798602 0.619125 0.010000
0.809278 0.801592 0.561090 0.010000
0.791371 0.801260 0.548028 0.010000
0.804787 0.844905 0.539489 0.010000
0.790751 0.809566 0.504969 0.010000
0.823194 0.859430 0.527552 0.010000
0.822718 0.871720 0.452573 0.001000
0.817393 0.868173 0.403479 0.001000
0.816444 0.871321 0.424379 0.001000
0.830473 0.884332 0.461884 0.001000
0.829382 0.882528 0.499371 0.001000
0.824294 0.886723 0.473358 0.001000
0.822027 0.884149 0.481785 0.001000
0.823081 0.889006 0.461780 0.001000
0.825059 0.892266 0.438621 0.000100
0.825053 0.891841 0.433629 0.000100
0.825718 0.893187 0.408998 0.000100
0.826198 0.892788 0.432850 0.000100
0.825281 0.890928 0.421135 0.000100
0.825555 0.894626 0.448299 0.000100
0.825686 0.893757 0.424653 0.000010
0.825581 0.893796 0.420376 0.000010
0.826220 0.894016 0.437029 0.000010
0.825790 0.894356 0.426285 0.000010
0.825251 0.893468 0.426240 0.000010
0.824998 0.893537 0.420475 0.000010
