0.677506 0.662160 0.667525 0.010000
0.684492 0.698817 0.640361 0.010000
0.759096 0.756343 0.592693 0.010000
0.756882 0.781076 0.561612 0.010000
0.770035 0.800504 0.478471 0.010000
0.766990 0.803489 0.509100 0.010000
0.775290 0.809256 0.646155 0.010000
0.793081 0.821467 0.528800 0.010000
0.796226 0.828423 0.480143 0.010000
0.798342 0.835057 0.526589 0.010000
0.802881 0.860023 0.567092 0.010000
0.815713 0.869132 0.488539 0.001000
0.818262 0.872320 0.411382 0.001000
0.819048 0.875747 0.474800 0.001000
0.820028 0.876610 0.503280 0.001000
0.820092 0.880566 0.444765 0.001000
0.824023 0.883245 0.398400 0.001000
0.827440 0.883211 0.466954 0.001000
0.824884 0.885647 0.475363 0.001000
0.827475 0.885298 0.406015 0.001000
0.826458 0.887266 0.409222 0.001000
0.826814 0.889872 0.374104 0.001000
0.825723 0.890560 0.444378 0.001000
0.829670 0.891829 0.457790 0.001000
0.819658 0.893478 0.450547 0.001000
0.829123 0.892192 0.390919 0.001000
0.823456 0.894937 0.444825 0.001000
0.825852 0.897171 0.475762 0.001000
0.828965 0.900027 0.387563 0.000100
0.831637 0.900598 0.384790 0.000100
0.828011 0.899966 0.364004 0.000100
0.830765 0.901502 0.351065 0.000100
0.832245 0.901052 0.351529 0.000100
0.830545 0.901159 0.389560 0.000100
0.830228 0.901672 0.389830 0.000100
0.829906 0.901742 0.405012 0.000100
0.832148 0.901835 0.404936 0.000100
0.831596 0.902266 0.384601 0.000100
0.831942 0.902674 0.374367 0.000010
0.832976 0.902650 0.392901 0.000010
0.832265 0.902848 0.392673 0.000010
0.832082 0.902764 0.391674 0.000010
0.831674 0.902854 0.392918 0.000010
0.832162 0.902981 0.385889 0.000010
