0.625319 0.704530 0.639460 0.010000
0.638505 0.739680 0.560886 0.010000
0.655701 0.780652 0.496024 0.010000
0.674942 0.790121 0.591859 0.010000
0.689375 0.817297 0.602269 0.010000
0.700891 0.835711 0.641591 0.010000
0.714749 0.851578 0.445983 0.010000
0.721709 0.849425 0.398517 0.010000
0.729786 0.864235 0.448315 0.010000
0.719439 0.865300 0.537102 0.010000
0.741459 0.872496 0.477978 0.010000
0.733162 0.880612 0.367608 0.010000
0.739190 0.875361 0.416624 0.010000
0.751570 0.868206 0.559692 0.010000
0.761853 0.888199 0.505767 0.010000
0.772783 0.901160 0.484274 0.010000
0.764683 0.900245 0.385400 0.010000
0.764634 0.895887 0.503019 0.010000
0.779165 0.910696 0.368301 0.001000
0.789164 0.914868 0.383204 0.001000
0.777528 0.916242 0.368585 0.001000
0.782544 0.918718 0.379582 0.001000
0.777359 0.915809 0.354327 0.001000
0.784584 0.921106 0.448314 0.001000
0.778113 0.919348 0.352826 0.001000
0.785301 0.922062 0.392281 0.001000
0.784553 0.922505 0.363389 0.001000
0.778891 0.923972 0.362247 0.001000
0.788558 0.924730 0.386999 0.001000
0.781885 0.921175 0.339017 0.001000
0.780718 0.924396 0.423539 0.001000
0.780755 0.925661 0.337500 0.001000
0.780381 0.926749 0.390296 0.001000
0.789095 0.926418 0.310544 0.001000
0.775266 0.924374 0.370116 0.001000
0.788876 0.927723 0.359233 0.001000
0.778717 0.925876 0.346396 0.001000
0.787900 0.927447 0.399226 0.001000
0.781951 0.926543 0.322447 0.001000
0.789300 0.928486 0.387406 0.001000
0.782673 0.931815 0.358996 0.000100
0.782975 0.931651 0.346319 0.000100
0.785424 0.932383 0.327842 0.000100
0.784920 0.932082 0.348921 0.000100
0.785402 0.932918 0.346102 0.000100
0.783078 0.932457 0.336498 0.000100
0.784863 0.932814 0.334946 0.000010
0.783769 0.932479 0.328092 0.000010
0.784795 0.932924 0.332007 0.000010
0.785361 0.932886 0.334280 0.000010
0.785405 0.933002 0.337110 0.000010
0.785000 0.932922 0.331885 0.000010
