0.650086 0.677716 0.659201 0.010000
0.677410 0.714531 0.656793 0.010000
0.686943 0.761538 0.674486 0.010000
0.706958 0.766515 0.581108 0.010000
0.708961 0.807868 0.451877 0.010000
0.699142 0.818536 0.566273 0.010000
0.747425 0.839407 0.402088 0.010000
0.727366 0.850203 0.526989 0.010000
0.749171 0.868898 0.447807 0.010000
0.722175 0.862384 0.435680 0.010000
0.730876 0.869714 0.486359 0.010000
0.750663 0.884973 0.320064 0.010000
0.761366 0.886278 0.379046 0.010000
0.750646 0.891638 0.352277 0.010000
0.764309 0.893886 0.386470 0.010000
0.749631 0.891460 0.462515 0.010000
0.772755 0.896818 0.373505 0.010000
0.758209 0.901496 0.456998 0.010000
0.786889 0.916998 0.408483 0.001000
0.783229 0.919317 0.385681 0.001000
0.779519 0.921074 0.368818 0.001000
0.788124 0.921751 0.329122 0.001000
0.791701 0.922045 0.291040 0.001000
0.793876 0.924722 0.299377 0.001000
0.799461 0.924237 0.381343 0.001000
0.799298 0.926414 0.361692 0.001000
0.800169 0.925510 0.316999 0.001000
0.803116 0.927521 0.365053 0.001000
0.805220 0.925883 0.317169 0.001000
0.799730 0.928327 0.347171 0.000100
0.801076 0.929192 0.321903 0.000100
0.801914 0.929372 0.346040 0.000100
0.806281 0.930339 0.337394 0.000100
0.805647 0.930038 0.336563 0.000100
0.802351 0.929066 0.325467 0.000100
0.805622 0.930290 0.335472 0.000010
0.805781 0.930332 0.341846 0.000010
0.805861 0.930328 0.336123 0.000010
0.806198 0.930493 0.335439 0.000010
0.805075 0.930363 0.333355 0.000010
0.806104 0.930601 0.337310 0.000010
