refined/1a4k
refined/1hn4
refined/1igj
refined/1lrh
refined/1o36
refined/1s5z
refined/1t7d
refined/1usi
refined/1usk
refined/2cht
refined/2rk8
refined/2v8w
refined/3bbf
refined/3nik
refined/3nim
refined/4cl6
refined/4hj2
refined/4j48
refined/4qf7
refined/5u0f
other/1aqj
other/1awh
other/1awi
other/1c7e
other/1cea
other/1d7x
other/1eed
other/1epp
other/1epq
other/1gmy
other/1gsf
other/1gvu
other/1i72
other/1i7m
other/1i8i
other/1ih0
other/1it6
other/1iyl
other/1kr3
other/1lqe
other/1lqf
other/1m5b
other/1m5e
other/1m5f
other/1mmp
other/1nde
other/1nzl
other/1nzv
other/1oeb
other/1ow4
other/1oxn
other/1oxq
other/1oy7
other/1ph0
other/1pig
other/1pum
other/1pw6
other/1pxh
other/1q4k
other/1qiw
other/1tc1
other/1u9l
other/1ujk
other/1w70
other/1xot
other/1xr8
other/2adm
other/2bks
other/2cvd
other/2evo
other/2fou
other/2fov
other/2foy
other/2h9t
other/2i47
other/2j4q
other/2l8r
other/2lct
other/2llo
other/2lyw
other/2nwn
other/2pyi
other/2qbx
other/2qlm
other/2r9s
other/2rkn
other/2v86
other/2vcq
other/2vd0
other/2w16
other/2w6t
other/2w6u
other/2w76
other/2w77
other/2w78
other/2ynd
other/2yne
other/2z4z
other/2z78
other/2z9g
other/3bho
other/3bum
other/3bun
other/3buo
other/3buw
other/3bux
other/3dhk
other/3dla
other/3dz2
other/3dz4
other/3dz5
other/3dz6
other/3e2m
other/3eks
other/3er3
other/3gpe
other/3h0v
other/3h0w
other/3iiw
other/3lkj
other/3mg7
other/3nil
other/3nzw
other/3nzx
other/3o1e
other/3oev
other/3pjg
other/3qlb
other/3qo2
other/3rde
other/3sgv
other/3uvx
other/3vi7
other/3vp1
other/3zjv
other/3zmp
other/3zp9
other/4aom
other/4aw8
other/4b11
other/4b12
other/4b13
other/4b14
other/4bbh
other/4bxn
other/4cae
other/4caf
other/4e9d
other/4ec0
other/4edu
other/4edy
other/4edz
other/4ee0
other/4fak
other/4i2z
other/4ifi
other/4imq
other/4kb7
other/4kii
other/4lte
other/4mnv
other/4mzj
other/4mzl
other/4nw2
other/4nyt
other/4o62
other/4oel
other/4oem
other/4p0v
other/4r1e
other/4u0x
other/4x6h
other/5a7i
other/5dk4
other/5g22
other/5ghv
other/5ifu
other/5t1i
other/5ujo
other/5xyf
other/6cha
other/6eo0
