0.737925 0.766220 0.203189 0.010000
0.746543 0.799239 0.749796 0.010000
0.757169 0.826658 0.763090 0.010000
0.770266 0.846977 0.711293 0.010000
0.803597 0.883064 0.564202 0.010000
0.821944 0.909335 0.459988 0.010000
0.799668 0.868741 0.615871 0.010000
0.818550 0.922161 0.582323 0.001000
0.825862 0.941171 0.414066 0.001000
0.825192 0.948591 0.398576 0.001000
0.827423 0.952635 0.295731 0.001000
0.822209 0.954383 0.274583 0.001000
0.814873 0.957012 0.215509 0.001000
0.815579 0.960602 0.314060 0.000100
0.818520 0.961606 0.295251 0.000100
0.815219 0.962248 0.285053 0.000100
0.818376 0.962689 0.285505 0.000100
0.817021 0.962646 0.291434 0.000100
0.812646 0.963254 0.298114 0.000100
0.816847 0.963539 0.269950 0.000010
0.818148 0.963616 0.264176 0.000010
0.818508 0.963643 0.265114 0.000010
0.818875 0.963652 0.262758 0.000010
0.819188 0.963727 0.256348 0.000010
0.819123 0.963789 0.265351 0.000010
