0.724297 0.710468 0.304554 0.010000
0.702452 0.719104 1.031723 0.010000
0.776257 0.784851 0.445966 0.010000
0.793065 0.825863 0.468158 0.010000
0.795866 0.848262 0.376416 0.010000
0.790415 0.859712 0.347697 0.010000
0.798065 0.872704 0.318636 0.010000
0.810327 0.908067 0.407901 0.001000
0.809149 0.911572 0.295355 0.001000
0.804342 0.920386 0.427442 0.001000
0.807027 0.924720 0.315443 0.001000
0.810188 0.929135 0.355792 0.001000
0.798710 0.931856 0.340842 0.001000
0.806834 0.934827 0.364456 0.001000
0.819826 0.936052 0.397214 0.001000
0.802961 0.941256 0.330268 0.000100
0.795922 0.942056 0.324957 0.000100
0.794647 0.942664 0.311146 0.000100
0.792113 0.942415 0.314524 0.000100
0.790008 0.942949 0.306764 0.000100
0.788732 0.943608 0.298950 0.000100
0.789399 0.943971 0.308745 0.000010
0.789534 0.944264 0.310652 0.000010
0.789466 0.944320 0.313187 0.000010
0.788975 0.944430 0.310657 0.000010
0.789500 0.944636 0.318317 0.000010
0.789390 0.944700 0.313272 0.000010
