0.547457 0.496188 0.379343 0.010000
0.707377 0.772954 1.713123 0.010000
0.684851 0.764819 1.141643 0.010000
0.709315 0.775217 1.039576 0.010000
0.755149 0.813687 2.150624 0.010000
0.743199 0.862396 0.976692 0.010000
0.750937 0.864264 1.220733 0.010000
0.762195 0.892189 0.445307 0.001000
0.775782 0.901913 0.353283 0.001000
0.768703 0.911926 0.378198 0.001000
0.784909 0.908624 0.344195 0.001000
0.787554 0.911566 0.435306 0.001000
0.781767 0.916572 0.302747 0.001000
0.807722 0.919150 0.537317 0.001000
0.787278 0.922374 0.390537 0.001000
0.777648 0.923597 0.302999 0.001000
0.798351 0.930584 0.457988 0.001000
0.798090 0.930301 0.492170 0.001000
0.781781 0.933700 0.333376 0.001000
0.784569 0.938276 0.327096 0.000100
0.781472 0.940282 0.316890 0.000100
0.780359 0.939957 0.321814 0.000100
0.781637 0.940514 0.321894 0.000100
0.781812 0.940247 0.293136 0.000100
0.778961 0.942484 0.278443 0.000100
0.787201 0.942280 0.348008 0.000100
0.782623 0.941491 0.325178 0.000100
0.780177 0.941624 0.299140 0.000100
0.789245 0.942484 0.316868 0.000100
0.784110 0.942374 0.334046 0.000100
0.780333 0.944325 0.313947 0.000100
0.780668 0.944180 0.308237 0.000010
0.780133 0.944449 0.302414 0.000010
0.779558 0.944582 0.295884 0.000010
0.779679 0.944409 0.301385 0.000010
0.779622 0.944368 0.300444 0.000010
0.779384 0.944565 0.300952 0.000010
