0.631637 0.709363 1.526886 0.010000
0.653944 0.776312 1.235165 0.010000
0.675121 0.794537 1.257663 0.010000
0.707765 0.818889 1.809161 0.010000
0.728689 0.827336 0.650643 0.010000
0.734990 0.851330 1.569204 0.010000
0.723109 0.865470 1.133857 0.010000
0.724855 0.837863 0.344092 0.010000
0.734290 0.859349 0.466653 0.010000
0.731959 0.896681 0.394996 0.010000
0.735059 0.879948 0.263300 0.010000
0.730148 0.902144 0.213956 0.010000
0.735554 0.901460 0.383517 0.010000
0.738186 0.895913 1.039260 0.010000
0.729077 0.910402 0.518770 0.010000
0.740743 0.903575 0.832394 0.010000
0.735736 0.922324 0.404404 0.010000
0.738418 0.918930 0.416126 0.010000
0.759531 0.944096 0.422929 0.001000
0.753607 0.948156 0.393476 0.001000
0.752882 0.947509 0.264351 0.001000
0.749555 0.953832 0.418646 0.001000
0.750520 0.955120 0.415770 0.001000
0.743664 0.948145 0.319226 0.001000
0.746348 0.959255 0.283520 0.000100
0.745149 0.961115 0.300364 0.000100
0.745843 0.961699 0.293387 0.000100
0.745372 0.961917 0.279479 0.000100
0.744149 0.962140 0.261406 0.000100
0.743525 0.961904 0.264271 0.000100
0.743194 0.962016 0.259826 0.000010
0.743540 0.962105 0.256274 0.000010
0.743595 0.962204 0.257264 0.000010
0.743964 0.962254 0.256582 0.000010
0.744250 0.962271 0.257616 0.000010
0.744371 0.962304 0.253169 0.000010
