0.716352 0.698968 0.398203 0.010000
0.725444 0.762961 0.305792 0.010000
0.637174 0.723083 0.395761 0.010000
0.764872 0.824282 0.243728 0.010000
0.790172 0.837018 0.610242 0.010000
0.769164 0.835509 0.650725 0.010000
0.811851 0.887445 0.475294 0.010000
0.828785 0.903102 0.247115 0.010000
0.813575 0.896715 0.405196 0.010000
0.831039 0.898041 0.413591 0.010000
0.835828 0.930151 0.366050 0.001000
0.835857 0.937957 0.285990 0.001000
0.836275 0.940639 0.318184 0.001000
0.839919 0.944996 0.288499 0.001000
0.840496 0.945984 0.303264 0.001000
0.842200 0.947642 0.331881 0.001000
0.841620 0.950231 0.342440 0.000100
0.842283 0.950891 0.322341 0.000100
0.840096 0.951618 0.322144 0.000100
0.840143 0.951774 0.304180 0.000100
0.838716 0.951629 0.298151 0.000100
0.839211 0.951457 0.294805 0.000100
0.839737 0.951560 0.301660 0.000010
0.839851 0.951718 0.305773 0.000010
0.839768 0.951878 0.309772 0.000010
0.839770 0.951965 0.307148 0.000010
0.839745 0.951990 0.301069 0.000010
0.839857 0.952016 0.305638 0.000010
