0.620345 0.665407 0.331026 0.010000
0.724252 0.742626 0.586875 0.010000
0.771966 0.807037 0.265986 0.010000
0.764758 0.784157 1.839986 0.010000
0.770083 0.799576 0.312262 0.010000
0.809505 0.846485 0.392158 0.010000
0.777064 0.825777 0.243256 0.010000
0.822933 0.860249 0.334974 0.010000
0.811070 0.891489 0.281376 0.010000
0.809985 0.879868 0.534360 0.010000
0.821479 0.893804 0.480131 0.010000
0.814251 0.888759 0.697567 0.010000
0.817904 0.918505 0.246889 0.010000
0.832183 0.936558 0.359466 0.001000
0.826554 0.938655 0.400544 0.001000
0.824616 0.944094 0.355813 0.001000
0.830011 0.943846 0.479092 0.001000
0.825800 0.946701 0.279013 0.001000
0.819735 0.945801 0.385689 0.001000
0.822653 0.951513 0.318312 0.000100
0.825847 0.951518 0.325096 0.000100
0.823172 0.952019 0.288909 0.000100
0.823414 0.952394 0.276993 0.000100
0.825218 0.952050 0.324983 0.000100
0.823284 0.953010 0.303358 0.000100
0.823353 0.953035 0.302611 0.000010
0.823435 0.952842 0.294313 0.000010
0.823562 0.952858 0.297011 0.000010
0.823274 0.952929 0.293021 0.000010
0.823059 0.952897 0.292407 0.000010
0.823473 0.952900 0.295980 0.000010
