0.690886 0.732678 0.554370 0.010000
0.757502 0.799612 0.566342 0.010000
0.769623 0.825325 0.714257 0.010000
0.771221 0.824000 0.420462 0.010000
0.793939 0.867731 0.434173 0.010000
0.793629 0.881070 0.431186 0.010000
0.791526 0.874606 0.374173 0.010000
0.794167 0.888997 0.356754 0.010000
0.793681 0.890391 0.371516 0.010000
0.813067 0.904057 0.384704 0.010000
0.796720 0.904038 0.432992 0.010000
0.813280 0.902200 0.322017 0.010000
0.811777 0.899531 0.374499 0.010000
0.808165 0.903746 0.373158 0.010000
0.795292 0.911485 0.326933 0.010000
0.799143 0.918684 0.372411 0.010000
0.816138 0.915797 0.392924 0.010000
0.802544 0.917755 0.274665 0.010000
0.795104 0.914754 0.312206 0.010000
0.807227 0.924948 0.432329 0.010000
0.809600 0.920647 0.477173 0.010000
0.803917 0.926580 0.273183 0.010000
0.799260 0.924975 0.333421 0.010000
0.804048 0.924439 0.285674 0.010000
0.803347 0.923071 0.595075 0.010000
0.823176 0.925810 0.403044 0.010000
0.801775 0.920397 0.375169 0.010000
0.812047 0.932588 0.285271 0.010000
0.806297 0.947095 0.322985 0.001000
0.811124 0.949105 0.300778 0.001000
0.806957 0.951593 0.302980 0.001000
0.806256 0.951407 0.311844 0.001000
0.807168 0.953600 0.294967 0.001000
0.806668 0.954424 0.312220 0.001000
0.801294 0.955811 0.280476 0.000100
0.802727 0.956157 0.281354 0.000100
0.801902 0.956287 0.277088 0.000100
0.798817 0.956103 0.276382 0.000100
0.801516 0.956603 0.271989 0.000100
0.803035 0.956802 0.288350 0.000100
0.800981 0.956791 0.262855 0.000100
0.800060 0.956956 0.270250 0.000100
0.801334 0.957190 0.280302 0.000100
0.799254 0.957302 0.280210 0.000100
0.798229 0.957430 0.281079 0.000100
0.799298 0.957532 0.263676 0.000100
0.799401 0.957673 0.272081 0.000100
0.800296 0.957763 0.280821 0.000010
0.800136 0.957792 0.279474 0.000010
0.800013 0.957819 0.276329 0.000010
0.799937 0.957796 0.280695 0.000010
0.800493 0.957822 0.276556 0.000010
0.800651 0.957870 0.275702 0.000010
