0.644452 0.749013 0.503732 0.010000
0.681496 0.813812 0.586403 0.010000
0.701086 0.840475 0.624723 0.010000
0.735545 0.863458 0.477299 0.010000
0.746004 0.880848 0.487389 0.010000
0.750442 0.900163 0.362199 0.010000
0.765740 0.909819 0.442039 0.010000
0.758846 0.910443 0.344225 0.010000
0.761452 0.917581 0.352215 0.010000
0.742771 0.916111 0.306361 0.010000
0.781955 0.928250 0.327446 0.010000
0.772008 0.933539 0.244172 0.010000
0.772529 0.931780 0.274136 0.010000
0.764645 0.933521 0.318188 0.010000
0.756233 0.932854 0.335054 0.010000
0.773967 0.937383 0.313030 0.010000
0.783473 0.932665 0.371091 0.010000
0.777111 0.940892 0.416746 0.010000
0.782485 0.953560 0.332933 0.001000
0.785513 0.955758 0.332275 0.001000
0.782407 0.957320 0.306261 0.001000
0.780265 0.957972 0.255093 0.001000
0.787553 0.958641 0.323364 0.001000
0.787116 0.960152 0.317187 0.001000
0.784399 0.960771 0.269510 0.000100
0.782302 0.961114 0.282683 0.000100
0.782135 0.960944 0.275181 0.000100
0.782268 0.961204 0.264340 0.000100
0.782859 0.961145 0.266355 0.000100
0.783189 0.961429 0.294688 0.000100
0.783223 0.961480 0.274661 0.000010
0.783595 0.961488 0.275055 0.000010
0.783688 0.961507 0.274287 0.000010
0.783445 0.961480 0.274753 0.000010
0.783833 0.961502 0.272638 0.000010
0.783511 0.961499 0.275308 0.000010
