0.719785 0.714908 0.624687 0.010000
0.760856 0.779436 0.448060 0.010000
0.778114 0.836758 0.397086 0.010000
0.789916 0.845684 0.745792 0.010000
0.813162 0.849862 0.446342 0.010000
0.799611 0.861127 0.385856 0.010000
0.825146 0.885511 0.382075 0.010000
0.824849 0.893843 0.403974 0.010000
0.837600 0.897635 0.460310 0.010000
0.840023 0.902851 0.595022 0.010000
0.829611 0.906484 0.497509 0.010000
0.801252 0.908757 0.326844 0.010000
0.797746 0.917235 0.416512 0.010000
0.808438 0.918407 0.468015 0.010000
0.823863 0.924328 0.335224 0.010000
0.791803 0.926486 0.337118 0.010000
0.810763 0.927178 0.389142 0.010000
0.795579 0.931726 0.387715 0.010000
0.811036 0.944008 0.352365 0.001000
0.799839 0.947413 0.304842 0.001000
0.804467 0.949355 0.347885 0.001000
0.796061 0.950067 0.302299 0.001000
0.814559 0.951080 0.301274 0.001000
0.803000 0.950799 0.346898 0.001000
0.799159 0.951748 0.257191 0.001000
0.810879 0.952477 0.313919 0.001000
0.794108 0.954341 0.281502 0.001000
0.802965 0.954482 0.277029 0.001000
0.797402 0.953877 0.288128 0.001000
0.792930 0.955532 0.331414 0.001000
0.800514 0.955199 0.341347 0.001000
0.802114 0.957639 0.284312 0.000100
0.796911 0.957722 0.286847 0.000100
0.794799 0.957953 0.281342 0.000100
0.798730 0.957924 0.286102 0.000100
0.796815 0.958213 0.273564 0.000100
0.796401 0.958421 0.270005 0.000100
0.796655 0.958515 0.282425 0.000010
0.795716 0.958523 0.278133 0.000010
0.795510 0.958568 0.285754 0.000010
0.795866 0.958621 0.279681 0.000010
0.795597 0.958645 0.279677 0.000010
0.795382 0.958659 0.286365 0.000010
