0.669054 0.691837 0.668050 0.010000
0.710483 0.752246 0.572358 0.010000
0.744383 0.776433 0.479955 0.010000
0.766847 0.803829 0.567254 0.010000
0.779026 0.812827 0.554498 0.010000
0.774234 0.811240 0.711198 0.010000
0.772286 0.826119 0.510745 0.010000
0.783187 0.818743 0.514386 0.010000
0.800687 0.846220 0.463147 0.010000
0.814087 0.854148 0.450063 0.010000
0.809640 0.845427 0.450340 0.010000
0.821945 0.872125 0.497251 0.010000
0.816341 0.869930 0.348193 0.010000
0.826681 0.870311 0.378931 0.010000
0.819636 0.859930 0.390027 0.010000
0.806131 0.863411 0.469619 0.010000
0.839440 0.884245 0.603269 0.010000
0.821820 0.891439 0.332273 0.010000
0.835082 0.889362 0.476625 0.010000
0.826855 0.885558 0.376891 0.010000
0.843095 0.900314 0.422020 0.010000
0.841876 0.901474 0.297084 0.010000
0.837751 0.897876 0.454613 0.010000
0.821838 0.894889 0.489849 0.010000
0.849789 0.900949 0.421244 0.010000
0.833246 0.898210 0.401706 0.010000
0.840902 0.902371 0.526157 0.010000
0.837649 0.907200 0.459765 0.010000
0.854716 0.925213 0.346968 0.001000
0.846247 0.925624 0.335814 0.001000
0.851819 0.929288 0.358036 0.001000
0.853014 0.928779 0.330725 0.001000
0.851779 0.928772 0.408460 0.001000
0.848490 0.929299 0.302234 0.001000
0.853875 0.931882 0.315501 0.000100
0.853759 0.932293 0.357468 0.000100
0.854913 0.932442 0.336839 0.000100
0.853517 0.932524 0.322463 0.000100
0.854795 0.932281 0.337924 0.000100
0.854468 0.932637 0.357994 0.000100
0.853815 0.932775 0.336512 0.000010
0.853764 0.932838 0.336587 0.000010
0.854049 0.932867 0.344025 0.000010
0.853983 0.932883 0.340314 0.000010
0.853644 0.932874 0.333738 0.000010
0.853950 0.932920 0.334005 0.000010
