0.651791 0.682796 0.600300 0.010000
0.706972 0.754686 0.620763 0.010000
0.730556 0.791430 0.645531 0.010000
0.732175 0.820902 0.437134 0.010000
0.728459 0.829540 0.555446 0.010000
0.752573 0.843236 0.496977 0.010000
0.748716 0.851591 0.468192 0.010000
0.763077 0.858616 0.403128 0.010000
0.749897 0.866413 0.401502 0.010000
0.744834 0.874306 0.363702 0.010000
0.773981 0.881986 0.496285 0.010000
0.755462 0.886084 0.458329 0.010000
0.781335 0.891896 0.388645 0.010000
0.781166 0.885077 0.366459 0.010000
0.780236 0.900115 0.522534 0.010000
0.781473 0.893039 0.353549 0.010000
0.800432 0.902737 0.450279 0.010000
0.763690 0.898497 0.428626 0.010000
0.751042 0.910659 0.337582 0.010000
0.772057 0.899716 0.442027 0.010000
0.780345 0.911505 0.365013 0.010000
0.780228 0.916409 0.354765 0.010000
0.798961 0.913319 0.343601 0.010000
0.762475 0.911604 0.393127 0.010000
0.768557 0.904232 0.609119 0.010000
0.806969 0.931962 0.300309 0.001000
0.807893 0.934530 0.404968 0.001000
0.812472 0.935224 0.317841 0.001000
0.802947 0.936859 0.369355 0.001000
0.802331 0.938272 0.356122 0.001000
0.805377 0.938010 0.288865 0.001000
0.808167 0.938575 0.301630 0.001000
0.813250 0.938570 0.340721 0.001000
0.800152 0.938559 0.391900 0.001000
0.797749 0.940237 0.315779 0.001000
0.808655 0.940807 0.358766 0.001000
0.798215 0.940420 0.351775 0.001000
0.809264 0.942936 0.273748 0.000100
0.806953 0.943513 0.285919 0.000100
0.807164 0.943617 0.320810 0.000100
0.810231 0.943784 0.295256 0.000100
0.808747 0.943964 0.300295 0.000100
0.811786 0.943504 0.300775 0.000100
0.808905 0.944233 0.323860 0.000100
0.808280 0.944366 0.302053 0.000010
0.807865 0.944434 0.301925 0.000010
0.807469 0.944447 0.306953 0.000010
0.808466 0.944451 0.308391 0.000010
0.806942 0.944518 0.307809 0.000010
0.808927 0.944460 0.307870 0.000010
