0.618985 0.663358 0.708740 0.010000
0.642909 0.717284 0.639801 0.010000
0.668937 0.780875 0.515732 0.010000
0.696463 0.814453 0.489649 0.010000
0.673420 0.815584 0.435017 0.010000
0.706136 0.837680 0.448377 0.010000
0.723147 0.850062 0.358912 0.010000
0.722621 0.844775 0.536987 0.010000
0.722382 0.868047 0.468911 0.010000
0.742711 0.873399 0.350104 0.010000
0.740886 0.881853 0.365266 0.010000
0.740868 0.873278 0.419472 0.010000
0.760308 0.883609 0.606378 0.010000
0.755348 0.889788 0.445624 0.010000
0.754224 0.897288 0.407682 0.010000
0.749814 0.893661 0.384268 0.010000
0.765473 0.909463 0.352058 0.001000
0.764422 0.910717 0.396045 0.001000
0.771031 0.912280 0.421377 0.001000
0.774770 0.914103 0.515268 0.001000
0.780100 0.916881 0.449947 0.001000
0.781474 0.916811 0.356442 0.001000
0.780156 0.917900 0.370602 0.000100
0.781291 0.918182 0.365999 0.000100
0.780051 0.918265 0.371119 0.000100
0.782793 0.918830 0.372331 0.000100
0.781007 0.919022 0.417445 0.000100
0.782027 0.919315 0.389329 0.000100
0.781859 0.919265 0.364265 0.000010
0.781688 0.919298 0.373026 0.000010
0.781712 0.919236 0.370522 0.000010
0.781456 0.919241 0.369987 0.000010
0.781753 0.919368 0.365724 0.000010
0.782048 0.919442 0.374087 0.000010
