0.694640 0.622115 0.655432 0.010000
0.702749 0.657946 0.698397 0.010000
0.731742 0.695379 0.706502 0.010000
0.776267 0.744858 0.614660 0.010000
0.791943 0.779360 0.568552 0.010000
0.796686 0.787304 0.494678 0.010000
0.793288 0.786906 0.632961 0.010000
0.811103 0.822227 0.536328 0.010000
0.809144 0.844230 0.485647 0.010000
0.824085 0.845570 0.651500 0.010000
0.809905 0.844812 0.424673 0.010000
0.821369 0.863516 0.531644 0.010000
0.820483 0.855142 0.387410 0.010000
0.831469 0.871597 0.447708 0.010000
0.826467 0.866778 0.436300 0.010000
0.819157 0.871213 0.541766 0.010000
0.826259 0.868887 0.427169 0.010000
0.820210 0.885554 0.341274 0.010000
0.851102 0.897730 0.322419 0.010000
0.838408 0.891516 0.413298 0.010000
0.823849 0.884682 0.380961 0.010000
0.836543 0.900432 0.520938 0.010000
0.827011 0.900319 0.356507 0.010000
0.839637 0.889226 0.372525 0.010000
0.838967 0.899871 0.443223 0.010000
0.837313 0.916342 0.391537 0.001000
0.839473 0.919186 0.378128 0.001000
0.841658 0.921284 0.382685 0.001000
0.841059 0.922054 0.419982 0.001000
0.839682 0.921666 0.364211 0.001000
0.837513 0.921861 0.450776 0.001000
0.836994 0.924306 0.352486 0.000100
0.837433 0.924569 0.349798 0.000100
0.838198 0.924815 0.349220 0.000100
0.838042 0.925222 0.364254 0.000100
0.836423 0.925210 0.350726 0.000100
0.836668 0.925565 0.362647 0.000100
0.836948 0.925699 0.355740 0.000010
0.837077 0.925821 0.361528 0.000010
0.836959 0.925705 0.359942 0.000010
0.837094 0.925753 0.360805 0.000010
0.837080 0.925739 0.360281 0.000010
0.836986 0.925777 0.358883 0.000010
