0.684681 0.814165 0.380023 0.010000
0.699133 0.846188 0.509951 0.010000
0.703962 0.876620 0.319223 0.010000
0.719479 0.878661 0.876676 0.010000
0.743361 0.900825 0.331669 0.010000
0.728124 0.899121 0.929842 0.010000
0.754012 0.913966 0.188994 0.010000
0.760559 0.918214 0.913192 0.010000
0.783800 0.926136 0.314605 0.010000
0.753909 0.934303 0.347661 0.010000
0.774177 0.926303 0.190048 0.010000
0.755887 0.932756 0.192088 0.010000
0.777344 0.930103 0.132348 0.010000
0.786881 0.937233 0.459498 0.010000
0.768225 0.945735 0.960820 0.010000
0.762245 0.946744 0.437992 0.010000
0.775016 0.942410 0.165483 0.010000
0.749005 0.945636 0.307714 0.010000
0.785897 0.951630 0.266420 0.010000
0.790011 0.972238 0.285214 0.001000
0.791834 0.973706 0.457772 0.001000
0.774163 0.971366 0.310746 0.001000
0.794158 0.977325 0.249230 0.001000
0.778754 0.977012 0.233602 0.001000
0.774000 0.979804 0.146253 0.001000
0.774443 0.982231 0.164495 0.000100
0.773332 0.982514 0.182716 0.000100
0.772839 0.982959 0.166587 0.000100
0.769218 0.983121 0.183421 0.000100
0.772454 0.983325 0.182877 0.000100
0.772058 0.983497 0.179650 0.000100
0.771742 0.983519 0.180418 0.000010
0.771711 0.983539 0.184584 0.000010
0.771630 0.983559 0.184761 0.000010
0.771478 0.983560 0.181133 0.000010
0.772168 0.983578 0.185560 0.000010
0.771783 0.983622 0.178956 0.000010
