0.730584 0.721243 0.246552 0.010000
0.783358 0.785185 0.392266 0.010000
0.811228 0.818532 1.640649 0.010000
0.799562 0.870916 0.763257 0.010000
0.794324 0.863628 2.679218 0.010000
0.783256 0.890844 0.706944 0.010000
0.796251 0.882556 0.758516 0.010000
0.842658 0.935364 0.640734 0.001000
0.851645 0.940868 0.616604 0.001000
0.841367 0.944986 0.493586 0.001000
0.831621 0.950284 0.347923 0.001000
0.835478 0.950538 0.575964 0.001000
0.823332 0.953987 0.373704 0.001000
0.834423 0.958970 0.344474 0.000100
0.834222 0.960107 0.312275 0.000100
0.830279 0.961207 0.316917 0.000100
0.828784 0.961473 0.318490 0.000100
0.827576 0.961747 0.300663 0.000100
0.828259 0.962122 0.267750 0.000100
0.827844 0.962157 0.273407 0.000010
0.826582 0.962245 0.268716 0.000010
0.825708 0.962292 0.264798 0.000010
0.825324 0.962326 0.263699 0.000010
0.824051 0.962375 0.264150 0.000010
0.823589 0.962414 0.265988 0.000010
