0.709981 0.779982 0.191837 0.010000
0.704436 0.775228 0.268914 0.010000
0.697946 0.795417 0.290214 0.010000
0.752710 0.857857 0.930065 0.010000
0.747336 0.881966 0.456367 0.010000
0.775057 0.886583 0.879633 0.010000
0.781964 0.889054 0.502718 0.010000
0.818446 0.938814 0.719691 0.001000
0.821146 0.951825 0.295504 0.001000
0.803693 0.953709 0.471323 0.001000
0.813213 0.954847 0.509017 0.001000
0.814236 0.956369 0.507983 0.001000
0.812485 0.960241 0.451866 0.001000
0.822691 0.963279 0.341803 0.000100
0.822337 0.964302 0.298915 0.000100
0.822322 0.964816 0.297964 0.000100
0.817756 0.965061 0.267823 0.000100
0.817420 0.965487 0.246150 0.000100
0.818065 0.965886 0.261585 0.000100
0.816788 0.966017 0.258540 0.000010
0.816074 0.966038 0.253867 0.000010
0.816001 0.966066 0.254147 0.000010
0.815884 0.966068 0.256776 0.000010
0.815793 0.966131 0.258468 0.000010
0.815735 0.966120 0.258322 0.000010
