0.618166 0.737310 0.584295 0.010000
0.628214 0.780146 0.513059 0.010000
0.712571 0.853683 0.476417 0.010000
0.724264 0.868143 0.414099 0.010000
0.716719 0.880442 0.387647 0.010000
0.741404 0.880967 0.359226 0.010000
0.739319 0.896686 0.534272 0.010000
0.766081 0.909209 0.486484 0.010000
0.760492 0.908620 0.405175 0.010000
0.756081 0.923167 0.379381 0.010000
0.748598 0.918790 0.377335 0.010000
0.727103 0.918105 0.346873 0.010000
0.758793 0.931909 0.439030 0.010000
0.766481 0.927897 0.333092 0.010000
0.768060 0.935096 0.289988 0.010000
0.774010 0.937399 0.283203 0.010000
0.770093 0.933104 0.274252 0.010000
0.774968 0.939984 0.343583 0.010000
0.763985 0.933054 0.295841 0.010000
0.772342 0.942092 0.339669 0.010000
0.763664 0.931518 0.248183 0.010000
0.751060 0.942776 0.348573 0.010000
0.774237 0.942188 0.346415 0.010000
0.751121 0.945064 0.233660 0.010000
0.764320 0.938579 0.291442 0.010000
0.759123 0.939148 0.476943 0.010000
0.751351 0.946427 0.306119 0.010000
0.757704 0.943713 0.280918 0.010000
0.758785 0.941327 0.236958 0.010000
0.762162 0.938704 0.313400 0.010000
0.777671 0.959954 0.287670 0.001000
0.776338 0.962135 0.268958 0.001000
0.776832 0.963054 0.255779 0.001000
0.787399 0.964437 0.232193 0.001000
0.776461 0.965561 0.244669 0.001000
0.784042 0.964901 0.291288 0.001000
0.780914 0.966954 0.294930 0.001000
0.783770 0.966155 0.276576 0.001000
0.779080 0.967801 0.219448 0.001000
0.776696 0.968155 0.287678 0.001000
0.781138 0.968096 0.239710 0.001000
0.776233 0.967775 0.227629 0.001000
0.788490 0.968579 0.218856 0.001000
0.774648 0.968889 0.213933 0.001000
0.779339 0.968670 0.235691 0.001000
0.787052 0.970043 0.261817 0.001000
0.782862 0.969673 0.254497 0.001000
0.790486 0.969142 0.218495 0.001000
0.781722 0.970457 0.261044 0.001000
0.790516 0.969275 0.234241 0.001000
0.786207 0.971623 0.224629 0.000100
0.787706 0.971803 0.227455 0.000100
0.788531 0.971736 0.221533 0.000100
0.791044 0.971633 0.223011 0.000100
0.788642 0.971898 0.217113 0.000100
0.791443 0.971919 0.214228 0.000100
0.791290 0.972064 0.228190 0.000010
0.790737 0.972098 0.224804 0.000010
0.790753 0.972097 0.223941 0.000010
0.790539 0.972093 0.226688 0.000010
0.790452 0.972130 0.224632 0.000010
0.790076 0.972144 0.220806 0.000010
