0.630738 0.630578 0.718416 0.010000
0.653354 0.681294 0.566942 0.010000
0.742206 0.786007 0.574935 0.010000
0.756796 0.825605 0.425666 0.010000
0.759810 0.835616 0.409993 0.010000
0.779815 0.858992 0.466748 0.010000
0.797104 0.877005 0.401642 0.010000
0.757947 0.880663 0.638041 0.010000
0.794261 0.891166 0.499627 0.010000
0.801285 0.890935 0.482147 0.010000
0.772506 0.888698 0.353543 0.010000
0.781633 0.895546 0.423099 0.010000
0.787282 0.902418 0.440626 0.010000
0.783685 0.903900 0.401727 0.010000
0.769055 0.905142 0.322140 0.010000
0.786880 0.906934 0.466580 0.010000
0.767575 0.916994 0.417112 0.010000
0.758358 0.908203 0.279961 0.010000
0.786830 0.916996 0.357893 0.010000
0.791607 0.902728 0.379782 0.010000
0.784169 0.915522 0.341180 0.010000
0.762842 0.917771 0.303351 0.010000
0.779007 0.928246 0.405065 0.010000
0.767634 0.932154 0.406889 0.010000
0.782609 0.942523 0.314276 0.001000
0.783531 0.944663 0.314933 0.001000
0.782660 0.945987 0.302475 0.001000
0.789220 0.948194 0.338992 0.001000
0.788391 0.949457 0.331372 0.001000
0.779082 0.949699 0.271438 0.001000
0.786437 0.950089 0.301867 0.001000
0.778944 0.951246 0.272138 0.001000
0.776512 0.951488 0.261173 0.001000
0.776345 0.953171 0.283409 0.001000
0.783270 0.953266 0.261078 0.001000
0.789826 0.954245 0.287665 0.001000
0.776724 0.952372 0.269802 0.001000
0.775848 0.954337 0.234150 0.001000
0.787821 0.955951 0.269844 0.001000
0.776441 0.955131 0.301943 0.001000
0.791907 0.955184 0.323531 0.001000
0.785924 0.955415 0.320805 0.001000
0.775548 0.954888 0.252741 0.001000
0.788685 0.956827 0.266743 0.001000
0.780742 0.958197 0.267294 0.000100
0.778237 0.958168 0.289306 0.000100
0.780857 0.958241 0.270728 0.000100
0.783074 0.958630 0.278204 0.000100
0.779471 0.958764 0.252840 0.000100
0.783601 0.958750 0.261730 0.000100
0.782565 0.958883 0.267462 0.000010
0.781017 0.958912 0.265219 0.000010
0.781258 0.959007 0.269545 0.000010
0.781029 0.958950 0.258802 0.000010
0.781624 0.958961 0.262980 0.000010
0.781157 0.959020 0.262183 0.000010
