0.582521 0.669955 0.594702 0.010000
0.620460 0.733870 0.593832 0.010000
0.690535 0.823313 0.523822 0.010000
0.718762 0.848630 0.488537 0.010000
0.714029 0.877835 0.403091 0.010000
0.724497 0.893443 0.581443 0.010000
0.753100 0.901589 0.333623 0.010000
0.746558 0.904282 0.351326 0.010000
0.725199 0.905233 0.405064 0.010000
0.743232 0.918075 0.268728 0.010000
0.709096 0.916811 0.394750 0.010000
0.738218 0.925986 0.338782 0.010000
0.725149 0.923517 0.363603 0.010000
0.741089 0.927520 0.382020 0.010000
0.725104 0.928176 0.420311 0.010000
0.754309 0.934235 0.390581 0.010000
0.768427 0.946441 0.308972 0.001000
0.764041 0.950868 0.330480 0.001000
0.758827 0.950470 0.261759 0.001000
0.767774 0.953845 0.246963 0.001000
0.758028 0.953291 0.326950 0.001000
0.758385 0.953438 0.334049 0.001000
0.755552 0.954190 0.273045 0.001000
0.761709 0.955745 0.272980 0.001000
0.755016 0.953737 0.292738 0.001000
0.758784 0.957105 0.272167 0.001000
0.762059 0.958110 0.273153 0.000100
0.759688 0.957948 0.273311 0.000100
0.762088 0.958425 0.293714 0.000100
0.761500 0.958358 0.272431 0.000100
0.762539 0.958641 0.284457 0.000100
0.761698 0.959016 0.272770 0.000100
0.762244 0.958855 0.278848 0.000010
0.762494 0.958788 0.278781 0.000010
0.762616 0.958740 0.276082 0.000010
0.762561 0.958715 0.277565 0.000010
0.762562 0.958745 0.286099 0.000010
0.762285 0.958767 0.280851 0.000010
