0.642137 0.635640 0.683365 0.010000
0.676086 0.734028 0.637135 0.010000
0.706414 0.795097 0.527280 0.010000
0.751195 0.833495 0.466460 0.010000
0.768545 0.847549 0.477722 0.010000
0.788051 0.875505 0.517784 0.010000
0.785576 0.875684 0.439899 0.010000
0.786460 0.884736 0.474075 0.010000
0.802182 0.900162 0.391933 0.010000
0.786473 0.900200 0.411314 0.010000
0.780250 0.908286 0.363189 0.010000
0.812045 0.904169 0.458254 0.010000
0.798703 0.907128 0.354679 0.010000
0.810546 0.907968 0.368366 0.010000
0.814387 0.915180 0.409516 0.010000
0.802174 0.915889 0.305639 0.010000
0.789469 0.914570 0.438716 0.010000
0.814347 0.918630 0.287817 0.010000
0.814702 0.929694 0.322659 0.010000
0.822825 0.930269 0.409132 0.010000
0.806699 0.927881 0.420681 0.010000
0.817574 0.923549 0.472505 0.010000
0.818419 0.933541 0.313305 0.010000
0.821363 0.933855 0.319904 0.010000
0.828799 0.947752 0.302020 0.001000
0.826904 0.950487 0.356696 0.001000
0.827080 0.952435 0.296564 0.001000
0.825400 0.953624 0.294832 0.001000
0.824097 0.952837 0.236816 0.001000
0.830296 0.954144 0.248296 0.001000
0.828655 0.954845 0.313527 0.001000
0.823417 0.955858 0.277135 0.001000
0.823919 0.956270 0.279439 0.001000
0.825497 0.955598 0.271277 0.001000
0.831996 0.956696 0.248359 0.001000
0.828152 0.958378 0.271322 0.000100
0.827307 0.958504 0.286900 0.000100
0.827600 0.958465 0.261482 0.000100
0.826762 0.958332 0.276208 0.000100
0.827928 0.958733 0.270898 0.000100
0.826484 0.958873 0.272806 0.000100
0.827005 0.958886 0.272254 0.000010
0.826953 0.958928 0.266703 0.000010
0.827016 0.959010 0.267237 0.000010
0.826940 0.959042 0.265788 0.000010
0.827024 0.959007 0.264810 0.000010
0.826988 0.959004 0.264049 0.000010
