0.606425 0.699826 0.522185 0.010000
0.640493 0.776550 0.615246 0.010000
0.677278 0.809336 0.600259 0.010000
0.689081 0.827095 0.483311 0.010000
0.691758 0.836021 0.535190 0.010000
0.692970 0.836977 0.468550 0.010000
0.718352 0.842040 0.598974 0.010000
0.698913 0.863365 0.462864 0.010000
0.694959 0.863476 0.339277 0.010000
0.688071 0.872482 0.328280 0.010000
0.726037 0.880326 0.504913 0.010000
0.728893 0.887379 0.505923 0.010000
0.699721 0.885498 0.441182 0.010000
0.726285 0.892210 0.476032 0.010000
0.740531 0.899434 0.434421 0.010000
0.721863 0.904263 0.279832 0.010000
0.750566 0.912406 0.464716 0.010000
0.738124 0.912508 0.562333 0.010000
0.742724 0.914748 0.411877 0.010000
0.755449 0.905629 0.509503 0.010000
0.748410 0.914202 0.323890 0.010000
0.735268 0.907692 0.253769 0.010000
0.751142 0.916690 0.436859 0.010000
0.761156 0.920746 0.506112 0.010000
0.737452 0.921836 0.412946 0.010000
0.720915 0.909029 0.290026 0.010000
0.760858 0.929333 0.539917 0.010000
0.750176 0.928581 0.362500 0.010000
0.770914 0.938466 0.314512 0.001000
0.772186 0.940881 0.337746 0.001000
0.776457 0.942381 0.302766 0.001000
0.778359 0.943915 0.307881 0.001000
0.778996 0.943942 0.375807 0.001000
0.778003 0.944846 0.323976 0.001000
0.778172 0.946085 0.329837 0.000100
0.777870 0.946332 0.300965 0.000100
0.777324 0.946379 0.302855 0.000100
0.778078 0.946664 0.311408 0.000100
0.778423 0.946662 0.295085 0.000100
0.775794 0.946407 0.284928 0.000100
0.777101 0.946682 0.302051 0.000010
0.777189 0.946797 0.309535 0.000010
0.777640 0.946839 0.309154 0.000010
0.777251 0.946885 0.305828 0.000010
0.777710 0.946916 0.303249 0.000010
0.776892 0.946903 0.306268 0.000010
