0.684310 0.649718 0.582732 0.010000
0.727668 0.695548 0.585385 0.010000
0.781946 0.768922 0.667720 0.010000
0.776589 0.782389 0.675095 0.010000
0.781328 0.795565 0.627459 0.010000
0.798220 0.815107 0.620470 0.010000
0.751246 0.802562 0.551862 0.010000
0.800165 0.836207 0.528299 0.010000
0.776324 0.848858 0.351009 0.010000
0.806931 0.862483 0.367948 0.010000
0.806795 0.845948 0.496629 0.010000
0.814451 0.872189 0.442537 0.010000
0.788530 0.856390 0.496719 0.010000
0.808094 0.877439 0.403386 0.010000
0.776949 0.886897 0.424239 0.010000
0.821768 0.906377 0.360068 0.001000
0.828103 0.909854 0.322848 0.001000
0.810349 0.913164 0.272288 0.001000
0.816900 0.912584 0.369968 0.001000
0.819540 0.916700 0.415607 0.001000
0.815800 0.917179 0.290552 0.001000
0.821487 0.917448 0.554093 0.001000
0.825368 0.918848 0.410762 0.001000
0.826966 0.920628 0.499428 0.001000
0.824208 0.922554 0.378460 0.000100
0.821171 0.922899 0.358893 0.000100
0.820978 0.922556 0.331320 0.000100
0.823585 0.923280 0.352683 0.000100
0.823977 0.923331 0.385358 0.000100
0.827683 0.923418 0.380472 0.000100
0.826612 0.923742 0.358266 0.000010
0.826308 0.923879 0.372106 0.000010
0.826352 0.923813 0.359629 0.000010
0.825624 0.923936 0.350690 0.000010
0.825922 0.923871 0.360260 0.000010
0.825870 0.923881 0.360504 0.000010
