0.619005 0.665524 0.584557 0.010000
0.699996 0.719369 0.656596 0.010000
0.743164 0.772606 0.544930 0.010000
0.757919 0.785290 0.546644 0.010000
0.758480 0.810243 0.433149 0.010000
0.775561 0.820493 0.620082 0.010000
0.759555 0.819944 0.746070 0.010000
0.767468 0.838888 0.526070 0.010000
0.778788 0.848304 0.598312 0.010000
0.795592 0.870516 0.597179 0.010000
0.805269 0.864307 0.556227 0.010000
0.815690 0.894338 0.484912 0.001000
0.819933 0.899300 0.467394 0.001000
0.821534 0.899817 0.359491 0.001000
0.827058 0.903290 0.394694 0.001000
0.825474 0.904771 0.497783 0.001000
0.820796 0.905883 0.525206 0.001000
0.821181 0.910274 0.428264 0.001000
0.822763 0.909744 0.403617 0.001000
0.824420 0.909363 0.439406 0.001000
0.826880 0.913565 0.408437 0.000100
0.825638 0.914097 0.376211 0.000100
0.827899 0.914174 0.405814 0.000100
0.824651 0.914899 0.375351 0.000100
0.823605 0.914985 0.409573 0.000100
0.823834 0.915152 0.401952 0.000100
0.824632 0.915241 0.384987 0.000010
0.824534 0.915255 0.386401 0.000010
0.824560 0.915350 0.383124 0.000010
0.824544 0.915386 0.385895 0.000010
0.824445 0.915395 0.388641 0.000010
0.824437 0.915411 0.383941 0.000010
