0.622227 0.696373 0.587430 0.010000
0.685581 0.770776 0.599449 0.010000
0.698651 0.819149 0.713390 0.010000
0.708685 0.817385 0.583362 0.010000
0.709859 0.837847 0.526474 0.010000
0.719926 0.839590 0.520532 0.010000
0.724879 0.853230 0.454393 0.010000
0.728871 0.860011 0.400832 0.010000
0.739335 0.866217 0.538275 0.010000
0.734473 0.873616 0.471068 0.010000
0.746574 0.885650 0.453331 0.010000
0.747563 0.885296 0.540854 0.010000
0.770635 0.885312 0.366864 0.010000
0.760512 0.895979 0.507931 0.010000
0.774995 0.890128 0.492519 0.010000
0.770326 0.894134 0.337434 0.010000
0.784063 0.902753 0.388472 0.010000
0.783239 0.901465 0.350076 0.010000
0.792926 0.916350 0.378585 0.010000
0.797355 0.918178 0.383288 0.010000
0.777603 0.922513 0.540385 0.010000
0.794803 0.922531 0.384501 0.010000
0.791180 0.935844 0.316286 0.001000
0.796939 0.938850 0.373888 0.001000
0.795307 0.939158 0.325122 0.001000
0.799639 0.939839 0.331197 0.001000
0.787918 0.939489 0.340500 0.001000
0.800485 0.941472 0.338952 0.001000
0.796541 0.942984 0.344964 0.001000
0.801026 0.944100 0.346057 0.000100
0.799322 0.944359 0.333482 0.000100
0.798283 0.944664 0.300659 0.000100
0.800345 0.944933 0.309604 0.000100
0.801999 0.944965 0.322216 0.000100
0.801737 0.944945 0.327189 0.000100
0.799561 0.945418 0.333772 0.000100
0.799285 0.945499 0.305245 0.000100
0.799848 0.945087 0.306936 0.000100
0.801180 0.945617 0.318753 0.000010
0.802154 0.945647 0.317176 0.000010
0.801371 0.945713 0.309058 0.000010
0.801796 0.945742 0.317360 0.000010
0.802246 0.945739 0.317809 0.000010
0.801778 0.945792 0.315715 0.000010
