0.722839 0.739754 0.882351 0.010000
0.773150 0.797800 0.265035 0.010000
0.783746 0.822251 0.891617 0.010000
0.769112 0.816913 1.428555 0.010000
0.766872 0.830388 1.357808 0.010000
0.812001 0.877728 0.452035 0.010000
0.801091 0.887088 0.373298 0.010000
0.821476 0.890197 1.645340 0.010000
0.842837 0.927763 0.483300 0.001000
0.846051 0.938201 0.507770 0.001000
0.846875 0.944415 0.498124 0.001000
0.849181 0.944847 0.223912 0.001000
0.836939 0.947053 0.474223 0.001000
0.854404 0.953619 0.335454 0.001000
0.849935 0.954703 0.355828 0.001000
0.855078 0.956071 0.358584 0.001000
0.852080 0.956517 0.356095 0.001000
0.843833 0.956249 0.265644 0.001000
0.858822 0.962963 0.283561 0.000100
0.861911 0.964100 0.296689 0.000100
0.860568 0.964840 0.250313 0.000100
0.858273 0.965106 0.278474 0.000100
0.858121 0.965325 0.306533 0.000100
0.857124 0.965505 0.269461 0.000100
0.857636 0.965835 0.268847 0.000010
0.857476 0.965948 0.261159 0.000010
0.858064 0.966022 0.261452 0.000010
0.858381 0.966057 0.256165 0.000010
0.857896 0.966103 0.256966 0.000010
0.857738 0.966127 0.256237 0.000010
