0.671754 0.794938 0.797862 0.010000
0.697057 0.829372 1.008882 0.010000
0.709989 0.849311 0.699689 0.010000
0.697560 0.867894 0.611144 0.010000
0.730288 0.871424 0.848740 0.010000
0.767838 0.902444 0.206493 0.010000
0.781720 0.909149 1.343696 0.010000
0.765182 0.909350 2.363696 0.010000
0.783050 0.920417 0.628553 0.010000
0.793687 0.919568 0.557436 0.010000
0.804852 0.929401 0.775480 0.010000
0.783743 0.926284 0.185648 0.010000
0.784972 0.934815 0.304720 0.010000
0.738240 0.913576 0.468515 0.010000
0.768472 0.943343 0.172681 0.010000
0.788085 0.947644 0.283379 0.010000
0.765690 0.950054 0.460025 0.010000
0.762211 0.928511 1.039719 0.010000
0.686657 0.929513 0.206351 0.010000
0.763739 0.953100 0.342783 0.010000
0.758352 0.930479 0.507374 0.010000
0.807914 0.970408 0.207301 0.001000
0.816080 0.972783 0.235693 0.001000
0.801731 0.973208 0.162752 0.001000
0.812230 0.975077 0.308202 0.001000
0.782210 0.974870 0.307289 0.001000
0.808887 0.978091 0.257838 0.001000
0.789513 0.975279 0.155737 0.001000
0.793822 0.977628 0.215159 0.001000
0.803140 0.978857 0.290790 0.001000
0.791228 0.977569 0.305492 0.001000
0.778082 0.977935 0.250336 0.001000
0.796293 0.980205 0.200116 0.001000
0.772574 0.978494 0.143430 0.001000
0.802292 0.980881 0.304729 0.001000
0.793825 0.980943 0.244058 0.001000
0.786038 0.977818 0.258319 0.001000
0.781747 0.980144 0.203320 0.001000
0.782308 0.977952 0.194172 0.001000
0.772057 0.982113 0.131034 0.001000
0.777679 0.982557 0.312475 0.001000
0.779167 0.979651 0.279268 0.001000
0.781903 0.981908 0.241772 0.001000
0.770912 0.981487 0.209720 0.001000
0.780901 0.981305 0.165470 0.001000
0.747749 0.977128 0.451147 0.001000
0.780366 0.986149 0.231955 0.000100
0.774580 0.987021 0.143586 0.000100
0.777696 0.987491 0.155534 0.000100
0.772511 0.987668 0.148241 0.000100
0.769705 0.987589 0.143484 0.000100
0.775327 0.987744 0.138138 0.000100
0.773003 0.988075 0.143717 0.000010
0.772812 0.988153 0.150509 0.000010
0.771149 0.988192 0.151010 0.000010
0.769561 0.988220 0.145703 0.000010
0.770616 0.988268 0.151225 0.000010
0.769970 0.988310 0.150415 0.000010
