0.724341 0.728302 0.290036 0.010000
0.779173 0.810582 0.293229 0.010000
0.803911 0.825876 0.782938 0.010000
0.797692 0.864291 0.729407 0.010000
0.796400 0.850251 1.959372 0.010000
0.818280 0.861449 1.502017 0.010000
0.819522 0.899805 1.401413 0.010000
0.848698 0.927055 0.997591 0.001000
0.855732 0.934819 0.681762 0.001000
0.863236 0.943782 0.451528 0.001000
0.864085 0.946776 0.429882 0.001000
0.860389 0.947054 0.481290 0.001000
0.871180 0.952998 0.470166 0.001000
0.872098 0.958791 0.378376 0.000100
0.872803 0.960076 0.309274 0.000100
0.872746 0.960323 0.276903 0.000100
0.871386 0.960720 0.288456 0.000100
0.870363 0.961118 0.283287 0.000100
0.871677 0.961442 0.265368 0.000100
0.870223 0.961525 0.299347 0.000100
0.870817 0.962110 0.291451 0.000100
0.869291 0.962278 0.291431 0.000100
0.869806 0.962610 0.289529 0.000100
0.870370 0.962830 0.291425 0.000100
0.869943 0.962876 0.282078 0.000100
0.870249 0.963123 0.268357 0.000010
0.870223 0.963163 0.263288 0.000010
0.870476 0.963231 0.264357 0.000010
0.870238 0.963358 0.265911 0.000010
0.870273 0.963374 0.264183 0.000010
0.870533 0.963418 0.267141 0.000010
0.870484 0.963450 0.272362 0.000010
0.870433 0.963506 0.268765 0.000010
