0.629489 0.715190 0.451791 0.010000
0.669032 0.753651 0.972318 0.010000
0.642405 0.739147 1.704428 0.010000
0.670887 0.766159 1.902974 0.010000
0.666611 0.781664 1.864694 0.010000
0.719561 0.871715 0.812065 0.010000
0.729586 0.901289 0.910202 0.010000
0.746589 0.924723 0.768856 0.001000
0.753005 0.932768 0.572919 0.001000
0.764598 0.942202 0.505946 0.001000
0.766560 0.946163 0.345507 0.001000
0.760334 0.945693 0.306722 0.001000
0.763979 0.949292 0.393754 0.001000
0.762987 0.948737 0.424852 0.001000
0.753157 0.949610 0.399962 0.001000
0.759983 0.952505 0.286275 0.001000
0.758946 0.952879 0.425443 0.001000
0.762131 0.957601 0.229454 0.001000
0.748011 0.954901 0.385419 0.001000
0.766388 0.950213 0.501406 0.001000
0.747656 0.955704 0.360079 0.001000
0.749048 0.959105 0.344213 0.001000
0.761300 0.954257 0.123824 0.001000
0.770707 0.961585 0.448163 0.001000
0.772002 0.962403 0.340299 0.001000
0.760781 0.958668 0.385374 0.001000
0.749110 0.964830 0.280234 0.001000
0.762507 0.961457 0.169225 0.001000
0.766719 0.966378 0.326299 0.001000
0.761122 0.970267 0.294581 0.000100
0.765071 0.971385 0.284502 0.000100
0.763944 0.972536 0.229940 0.000100
0.764187 0.972670 0.236366 0.000100
0.764384 0.972633 0.236547 0.000100
0.755216 0.973040 0.235848 0.000100
0.758763 0.973443 0.230727 0.000010
0.760950 0.973470 0.233059 0.000010
0.761068 0.973488 0.238651 0.000010
0.761127 0.973550 0.233441 0.000010
0.761749 0.973616 0.227214 0.000010
0.762942 0.973688 0.224354 0.000010
