0.744286 0.772557 1.098494 0.010000
0.732190 0.796957 1.760122 0.010000
0.754270 0.834144 2.435474 0.010000
0.757409 0.850347 0.745014 0.010000
0.777191 0.857088 0.653758 0.010000
0.786258 0.877081 0.449516 0.010000
0.794354 0.877024 0.305325 0.010000
0.824502 0.896520 0.298904 0.010000
0.818580 0.907058 0.485069 0.010000
0.802173 0.915052 0.351074 0.010000
0.824552 0.919329 0.601357 0.010000
0.795761 0.916320 0.193994 0.010000
0.820482 0.900339 0.448340 0.010000
0.806899 0.895284 0.266278 0.010000
0.835333 0.933354 0.472903 0.010000
0.837582 0.937414 0.187203 0.010000
0.806642 0.915954 0.198063 0.010000
0.821696 0.920704 0.360549 0.010000
0.827349 0.934982 0.274746 0.010000
0.797499 0.928441 0.258070 0.010000
0.808958 0.926146 0.943415 0.010000
0.824572 0.940193 0.610669 0.010000
0.823807 0.963515 0.335243 0.001000
0.821475 0.968369 0.243836 0.001000
0.820454 0.969456 0.300772 0.001000
0.831495 0.971573 0.175068 0.001000
0.833006 0.972677 0.227129 0.001000
0.831558 0.973048 0.164555 0.001000
0.828762 0.973890 0.217500 0.001000
0.814223 0.972662 0.192461 0.001000
0.832663 0.974320 0.174578 0.001000
0.831908 0.977373 0.347502 0.001000
0.819565 0.975921 0.211903 0.001000
0.809389 0.978073 0.243492 0.001000
0.819326 0.980644 0.194123 0.000100
0.820185 0.981063 0.182296 0.000100
0.826810 0.981361 0.181541 0.000100
0.824377 0.981514 0.165697 0.000100
0.830465 0.981783 0.188511 0.000100
0.826488 0.982084 0.183208 0.000100
0.827555 0.982154 0.185732 0.000010
0.827762 0.982206 0.183308 0.000010
0.827275 0.982253 0.185075 0.000010
0.827394 0.982287 0.186515 0.000010
0.826828 0.982295 0.182192 0.000010
0.826525 0.982335 0.183872 0.000010
