0.707782 0.800643 0.397755 0.010000
0.721447 0.829974 0.839193 0.010000
0.758017 0.856307 1.631835 0.010000
0.767198 0.873189 1.777853 0.010000
0.765659 0.886433 0.588112 0.010000
0.748350 0.894963 1.097660 0.010000
0.765793 0.896276 0.383382 0.010000
0.794860 0.912221 0.270024 0.010000
0.725114 0.904348 0.416882 0.010000
0.766952 0.925184 1.070456 0.010000
0.748566 0.925424 0.586844 0.010000
0.807931 0.945298 0.285376 0.010000
0.780304 0.942032 0.370143 0.010000
0.806587 0.940466 0.190950 0.010000
0.810962 0.941891 0.913038 0.010000
0.789707 0.920987 0.703407 0.010000
0.825586 0.952697 0.157905 0.010000
0.811672 0.948780 0.660176 0.010000
0.745244 0.944444 0.241161 0.010000
0.807587 0.930456 0.297656 0.010000
0.813000 0.953975 0.458146 0.010000
0.804192 0.958763 0.213536 0.010000
0.770762 0.940714 0.242525 0.010000
0.822567 0.972684 0.213843 0.001000
0.824039 0.975733 0.207884 0.001000
0.833844 0.977269 0.163537 0.001000
0.822376 0.976917 0.158251 0.001000
0.815143 0.976781 0.195750 0.001000
0.820447 0.978871 0.277488 0.001000
0.825167 0.981387 0.203517 0.000100
0.825518 0.981856 0.191674 0.000100
0.821582 0.982085 0.187703 0.000100
0.820849 0.982392 0.163432 0.000100
0.824161 0.982416 0.175143 0.000100
0.820241 0.982612 0.180583 0.000100
0.820596 0.982688 0.181854 0.000010
0.820715 0.982715 0.182914 0.000010
0.821867 0.982728 0.184919 0.000010
0.821374 0.982753 0.186642 0.000010
0.820715 0.982752 0.185191 0.000010
0.820642 0.982770 0.180390 0.000010
