0.707585 0.649393 0.617423 0.010000
0.708959 0.696385 0.586028 0.010000
0.789281 0.754594 0.608496 0.010000
0.775440 0.759561 0.497926 0.010000
0.811688 0.802826 0.560809 0.010000
0.806348 0.797541 0.697962 0.010000
0.805552 0.805019 0.538988 0.010000
0.825088 0.814093 0.534397 0.010000
0.815830 0.838980 0.500644 0.010000
0.828287 0.828319 0.481142 0.010000
0.831982 0.837596 0.412288 0.010000
0.841878 0.847449 0.487484 0.010000
0.840393 0.861637 0.404478 0.010000
0.829707 0.865561 0.399318 0.010000
0.850970 0.873194 0.601235 0.010000
0.857746 0.876043 0.390408 0.010000
0.859742 0.884192 0.389936 0.010000
0.870850 0.888193 0.559105 0.010000
0.856817 0.893291 0.396653 0.010000
0.865320 0.896353 0.416340 0.010000
0.858034 0.890076 0.270798 0.010000
0.867059 0.901712 0.359078 0.010000
0.869651 0.900778 0.616368 0.010000
0.864065 0.910625 0.387757 0.010000
0.883076 0.909206 0.453608 0.010000
0.859649 0.904080 0.427151 0.010000
0.865209 0.909063 0.460535 0.010000
0.870566 0.924475 0.341455 0.001000
0.874203 0.925171 0.381536 0.001000
0.869876 0.927963 0.345169 0.001000
0.865227 0.926569 0.334883 0.001000
0.868031 0.929798 0.323293 0.001000
0.864221 0.928949 0.358862 0.001000
0.867693 0.931129 0.333320 0.000100
0.868752 0.931709 0.350280 0.000100
0.867806 0.931659 0.328247 0.000100
0.868198 0.931957 0.353079 0.000100
0.869547 0.932145 0.347156 0.000100
0.868636 0.932044 0.335005 0.000100
0.869003 0.932194 0.350720 0.000010
0.868781 0.932216 0.344775 0.000010
0.868514 0.932251 0.347709 0.000010
0.868479 0.932255 0.346032 0.000010
0.868809 0.932317 0.350072 0.000010
0.868588 0.932328 0.343371 0.000010
