0.621420 0.678488 0.896936 0.010000
0.677769 0.775816 0.586914 0.010000
0.717717 0.818876 0.609808 0.010000
0.705907 0.820635 0.437908 0.010000
0.716602 0.841766 0.509448 0.010000
0.709695 0.853399 0.429007 0.010000
0.723977 0.863052 0.570938 0.010000
0.740527 0.859787 0.656203 0.010000
0.728462 0.876978 0.409740 0.010000
0.699190 0.875109 0.442908 0.010000
0.734853 0.879905 0.543118 0.010000
0.736968 0.880869 0.407296 0.010000
0.744003 0.897055 0.408638 0.010000
0.730092 0.892590 0.347520 0.010000
0.753087 0.905096 0.418596 0.010000
0.734359 0.881581 0.329694 0.010000
0.755695 0.899403 0.308479 0.010000
0.759702 0.915993 0.377376 0.010000
0.743862 0.897575 0.431622 0.010000
0.775780 0.909071 0.411247 0.010000
0.788140 0.920206 0.488112 0.010000
0.731146 0.917871 0.537611 0.010000
0.768175 0.918366 0.335359 0.010000
0.785657 0.935315 0.363906 0.001000
0.781048 0.937337 0.334772 0.001000
0.788695 0.939058 0.384394 0.001000
0.793518 0.939642 0.331096 0.001000
0.789227 0.939608 0.383261 0.001000
0.783828 0.940078 0.373369 0.001000
0.787031 0.942502 0.331481 0.000100
0.787138 0.942391 0.313299 0.000100
0.789286 0.942762 0.347423 0.000100
0.788945 0.942874 0.347051 0.000100
0.790967 0.942956 0.328025 0.000100
0.788672 0.942786 0.290146 0.000100
0.789648 0.943149 0.348364 0.000100
0.788864 0.943327 0.320972 0.000100
0.790843 0.943184 0.298385 0.000100
0.792626 0.943296 0.299609 0.000100
0.790627 0.943887 0.327305 0.000100
0.792174 0.943860 0.339012 0.000100
0.791925 0.944002 0.321222 0.000010
0.792054 0.944006 0.324176 0.000010
0.791583 0.944033 0.317016 0.000010
0.791970 0.944009 0.315428 0.000010
0.792066 0.944090 0.328013 0.000010
0.791843 0.944086 0.322076 0.000010
