0.623881 0.639278 0.637199 0.010000
0.711551 0.736990 0.531410 0.010000
0.757804 0.797684 0.561915 0.010000
0.757878 0.799032 0.362861 0.010000
0.771241 0.858985 0.427090 0.010000
0.799455 0.874604 0.459281 0.010000
0.795877 0.890298 0.465203 0.010000
0.802874 0.895069 0.360394 0.010000
0.798067 0.897214 0.438976 0.010000
0.793280 0.903943 0.419564 0.010000
0.783218 0.904165 0.539989 0.010000
0.794974 0.913847 0.371305 0.010000
0.755794 0.910035 0.381543 0.010000
0.805466 0.913486 0.378181 0.010000
0.810171 0.932643 0.304809 0.001000
0.807949 0.933151 0.311173 0.001000
0.805452 0.936782 0.305359 0.001000
0.802934 0.937643 0.371432 0.001000
0.808464 0.938557 0.322597 0.001000
0.804486 0.939863 0.369987 0.001000
0.802934 0.939922 0.353931 0.001000
0.803191 0.940756 0.307652 0.000100
0.801960 0.941191 0.290016 0.000100
0.802504 0.941980 0.306306 0.000100
0.801273 0.942080 0.296858 0.000100
0.801726 0.942424 0.322168 0.000100
0.802022 0.943094 0.313901 0.000100
0.803543 0.942884 0.284774 0.000100
0.801923 0.943167 0.316612 0.000100
0.800172 0.942900 0.309239 0.000100
0.802913 0.943864 0.302939 0.000100
0.800139 0.943120 0.301795 0.000100
0.802337 0.943600 0.300635 0.000100
0.801250 0.943617 0.316525 0.000100
0.801180 0.943601 0.310712 0.000010
0.802024 0.943765 0.305059 0.000010
0.802038 0.943772 0.302771 0.000010
0.801570 0.943774 0.307805 0.000010
0.801762 0.943787 0.313112 0.000010
0.801735 0.943852 0.303901 0.000010
