0.648276 0.606175 0.700577 0.010000
0.682602 0.710647 0.556997 0.010000
0.749568 0.791045 0.484424 0.010000
0.780610 0.829838 0.581597 0.010000
0.772520 0.842117 0.498900 0.010000
0.767693 0.824913 0.562657 0.010000
0.777563 0.869670 0.557535 0.010000
0.790783 0.883496 0.353898 0.010000
0.812680 0.893377 0.555785 0.010000
0.787334 0.893005 0.442281 0.010000
0.817462 0.902022 0.530097 0.010000
0.808201 0.915315 0.303768 0.010000
0.808994 0.914412 0.400739 0.010000
0.802844 0.922672 0.328891 0.010000
0.802688 0.917352 0.421953 0.010000
0.801117 0.923096 0.342267 0.010000
0.796420 0.920616 0.470015 0.010000
0.805372 0.917080 0.352979 0.010000
0.824812 0.944312 0.380056 0.001000
0.817803 0.947045 0.296435 0.001000
0.824824 0.949893 0.301177 0.001000
0.815336 0.950447 0.338134 0.001000
0.810682 0.952139 0.303594 0.001000
0.812234 0.954163 0.320237 0.001000
0.814450 0.953340 0.339438 0.001000
0.810019 0.952827 0.307887 0.001000
0.816008 0.955028 0.287243 0.000100
0.815585 0.955319 0.292695 0.000100
0.816730 0.955469 0.275989 0.000100
0.815615 0.955860 0.291904 0.000100
0.815049 0.955679 0.296638 0.000100
0.812173 0.956033 0.302213 0.000100
0.811937 0.956046 0.286820 0.000100
0.814978 0.955863 0.281539 0.000100
0.813340 0.956579 0.291460 0.000100
0.812697 0.956425 0.283697 0.000010
0.813333 0.956420 0.289502 0.000010
0.813725 0.956340 0.286244 0.000010
0.813030 0.956356 0.281686 0.000010
0.813620 0.956364 0.291344 0.000010
0.813852 0.956382 0.288725 0.000010
