0.569639 0.675671 0.630029 0.010000
0.638769 0.771432 0.627865 0.010000
0.693928 0.837890 0.516764 0.010000
0.719489 0.874006 0.411663 0.010000
0.742347 0.876416 0.443057 0.010000
0.731314 0.893725 0.386909 0.010000
0.736559 0.888623 0.482323 0.010000
0.763379 0.904268 0.449708 0.010000
0.728197 0.905297 0.501750 0.010000
0.751393 0.892890 0.631263 0.010000
0.732424 0.916571 0.307848 0.010000
0.755370 0.922701 0.343652 0.010000
0.721552 0.924567 0.388147 0.010000
0.734166 0.922818 0.398266 0.010000
0.739763 0.919661 0.411073 0.010000
0.737958 0.929815 0.313769 0.010000
0.729031 0.929342 0.450195 0.010000
0.739549 0.944610 0.346967 0.001000
0.745656 0.947140 0.331486 0.001000
0.738831 0.947185 0.338441 0.001000
0.743132 0.951153 0.368724 0.001000
0.742502 0.951429 0.297949 0.001000
0.738263 0.952010 0.365101 0.001000
0.740278 0.950942 0.327600 0.001000
0.739731 0.954858 0.269383 0.001000
0.741192 0.951608 0.310199 0.001000
0.745479 0.955468 0.316700 0.001000
0.741791 0.955050 0.266714 0.001000
0.737487 0.956378 0.392402 0.001000
0.743674 0.955589 0.337582 0.001000
0.738214 0.955324 0.286955 0.001000
0.752721 0.956799 0.268165 0.001000
0.747957 0.956442 0.272261 0.001000
0.734977 0.954878 0.327854 0.001000
0.743608 0.959314 0.272655 0.000100
0.747491 0.959936 0.266944 0.000100
0.749256 0.960338 0.270541 0.000100
0.747661 0.959893 0.261471 0.000100
0.746552 0.959846 0.262764 0.000100
0.746492 0.959899 0.265527 0.000100
0.747047 0.960553 0.317034 0.000100
0.744604 0.960735 0.277618 0.000100
0.746827 0.961011 0.275526 0.000100
0.746113 0.960387 0.271850 0.000100
0.746680 0.960845 0.264532 0.000010
0.746788 0.960921 0.271845 0.000010
0.746792 0.960821 0.273597 0.000010
0.746687 0.960761 0.274375 0.000010
0.746565 0.961040 0.271683 0.000010
0.746704 0.960947 0.271993 0.000010
