0.596859 0.737706 0.533882 0.010000
0.668881 0.821879 0.574024 0.010000
0.712866 0.857008 0.619614 0.010000
0.749169 0.880812 0.734698 0.010000
0.742291 0.896946 0.291322 0.010000
0.786100 0.915410 0.376340 0.010000
0.767057 0.915082 0.505607 0.010000
0.798360 0.918620 0.338194 0.010000
0.766213 0.926738 0.461241 0.010000
0.740774 0.921523 0.274588 0.010000
0.749701 0.932469 0.285067 0.010000
0.774926 0.940374 0.383077 0.010000
0.761528 0.938339 0.310066 0.010000
0.747352 0.939500 0.265966 0.010000
0.719790 0.931788 0.373385 0.010000
0.761880 0.943725 0.367687 0.010000
0.751589 0.940502 0.403163 0.010000
0.755755 0.930169 0.456330 0.010000
0.784398 0.951071 0.462804 0.010000
0.748633 0.951103 0.310640 0.010000
0.773633 0.962707 0.302534 0.001000
0.774218 0.964735 0.306920 0.001000
0.773027 0.964714 0.284688 0.001000
0.775999 0.966821 0.286655 0.001000
0.777534 0.967104 0.279957 0.001000
0.776013 0.967762 0.256520 0.001000
0.778537 0.967645 0.306831 0.001000
0.777279 0.967833 0.251723 0.001000
0.776906 0.967962 0.266259 0.001000
0.774911 0.969225 0.290390 0.001000
0.780236 0.969360 0.198611 0.001000
0.768926 0.969328 0.205321 0.001000
0.774241 0.969559 0.194386 0.001000
0.770608 0.969681 0.261548 0.001000
0.777833 0.970592 0.202818 0.001000
0.778944 0.971059 0.312971 0.001000
0.771283 0.971060 0.275281 0.001000
0.774006 0.970715 0.297907 0.001000
0.773054 0.971423 0.243259 0.001000
0.775748 0.972973 0.226498 0.000100
0.776261 0.973082 0.234406 0.000100
0.778092 0.972999 0.227618 0.000100
0.778888 0.973180 0.231421 0.000100
0.775330 0.973355 0.223008 0.000100
0.778877 0.973314 0.233091 0.000100
0.779074 0.973474 0.234938 0.000010
0.778229 0.973490 0.229577 0.000010
0.778509 0.973474 0.228650 0.000010
0.778736 0.973514 0.235231 0.000010
0.778637 0.973543 0.233395 0.000010
0.778167 0.973567 0.230801 0.000010
