0.616886 0.717669 0.626148 0.010000
0.654816 0.790427 0.545876 0.010000
0.678184 0.818460 0.617312 0.010000
0.680227 0.829762 0.395685 0.010000
0.684096 0.830182 0.454833 0.010000
0.700809 0.842091 0.405489 0.010000
0.698267 0.853882 0.587264 0.010000
0.697483 0.842092 0.652816 0.010000
0.707903 0.870474 0.383763 0.010000
0.724198 0.865979 0.594580 0.010000
0.709703 0.874801 0.539993 0.010000
0.723516 0.874789 0.348321 0.010000
0.740420 0.884807 0.385805 0.010000
0.748613 0.886595 0.484216 0.010000
0.732520 0.885884 0.533278 0.010000
0.726984 0.872880 0.364689 0.010000
0.749423 0.902240 0.430455 0.010000
0.747747 0.904431 0.524631 0.010000
0.774177 0.919544 0.406022 0.001000
0.784236 0.923177 0.366887 0.001000
0.784183 0.925239 0.413693 0.001000
0.788052 0.926662 0.344001 0.001000
0.785766 0.927813 0.348475 0.001000
0.794764 0.928214 0.332840 0.001000
0.784290 0.928090 0.321640 0.001000
0.786466 0.930183 0.416407 0.001000
0.791695 0.929459 0.321053 0.001000
0.796843 0.931170 0.331319 0.001000
0.790037 0.929413 0.385117 0.001000
0.797506 0.929319 0.323796 0.001000
0.790113 0.932166 0.281942 0.001000
0.785188 0.932622 0.331846 0.001000
0.801118 0.934363 0.348244 0.001000
0.803432 0.933218 0.353056 0.001000
0.803115 0.934701 0.378613 0.001000
0.789565 0.933147 0.268981 0.001000
0.796502 0.934123 0.487696 0.001000
0.801979 0.935860 0.360827 0.001000
0.791053 0.934567 0.313587 0.001000
0.794373 0.934948 0.338427 0.001000
0.792969 0.938410 0.284076 0.001000
0.796446 0.939361 0.351351 0.001000
0.795419 0.939795 0.301921 0.000100
0.799980 0.940551 0.337933 0.000100
0.802203 0.940905 0.327420 0.000100
0.804119 0.940828 0.329650 0.000100
0.798743 0.941065 0.335864 0.000100
0.800495 0.941169 0.378117 0.000100
0.800601 0.941448 0.320880 0.000010
0.800740 0.941454 0.323724 0.000010
0.800258 0.941492 0.328689 0.000010
0.800750 0.941468 0.319270 0.000010
0.800269 0.941517 0.321835 0.000010
0.800668 0.941468 0.319119 0.000010
