0.697159 0.664550 0.704775 0.010000
0.745261 0.723698 0.595999 0.010000
0.761813 0.753923 0.571312 0.010000
0.798523 0.772567 0.584256 0.010000
0.808650 0.817088 0.538801 0.010000
0.807068 0.813552 0.576693 0.010000
0.809929 0.839615 0.504053 0.010000
0.801813 0.841077 0.721631 0.010000
0.809491 0.854197 0.610352 0.010000
0.814344 0.866572 0.590217 0.010000
0.756135 0.837812 0.389967 0.010000
0.824381 0.865238 0.490044 0.010000
0.781443 0.870153 0.426679 0.010000
0.824684 0.878305 0.542482 0.010000
0.811246 0.879739 0.308373 0.010000
0.808545 0.870190 0.469666 0.010000
0.831572 0.893969 0.411059 0.010000
0.801643 0.886417 0.683198 0.010000
0.820114 0.895172 0.334689 0.010000
0.813388 0.893931 0.528093 0.010000
0.827821 0.877695 0.615235 0.010000
0.845438 0.915400 0.361576 0.001000
0.844232 0.918081 0.373425 0.001000
0.848406 0.919906 0.425068 0.001000
0.846796 0.919244 0.328919 0.001000
0.852987 0.920608 0.367973 0.001000
0.843163 0.921354 0.342969 0.001000
0.849842 0.923511 0.352315 0.000100
0.850147 0.923834 0.380511 0.000100
0.850391 0.923992 0.355792 0.000100
0.850993 0.923969 0.347183 0.000100
0.846411 0.924063 0.333995 0.000100
0.846992 0.924327 0.345654 0.000100
0.849274 0.924457 0.362807 0.000010
0.849815 0.924468 0.361706 0.000010
0.849687 0.924512 0.355113 0.000010
0.849388 0.924529 0.355448 0.000010
0.849780 0.924536 0.358331 0.000010
0.850070 0.924519 0.369068 0.000010
