0.665770 0.668145 0.869641 0.010000
0.698656 0.727674 0.588644 0.010000
0.752880 0.770710 0.623875 0.010000
0.764167 0.799713 0.519048 0.010000
0.771135 0.799120 0.640095 0.010000
0.784040 0.815871 0.430923 0.010000
0.772101 0.813645 0.393169 0.010000
0.795862 0.821337 0.520238 0.010000
0.804505 0.841941 0.401622 0.010000
0.805160 0.852182 0.425673 0.010000
0.806822 0.845314 0.438976 0.010000
0.808895 0.861688 0.649562 0.010000
0.817957 0.855052 0.494586 0.010000
0.836196 0.894598 0.437133 0.001000
0.840953 0.897884 0.448236 0.001000
0.840574 0.899324 0.360490 0.001000
0.840434 0.902008 0.393131 0.001000
0.841415 0.904288 0.413557 0.001000
0.848438 0.902226 0.366323 0.001000
0.839273 0.905492 0.389405 0.001000
0.842373 0.905952 0.406192 0.001000
0.850465 0.909510 0.404532 0.001000
0.851307 0.910517 0.400611 0.000100
0.849772 0.910951 0.414974 0.000100
0.849656 0.910928 0.410290 0.000100
0.850308 0.911248 0.391149 0.000100
0.851201 0.911645 0.396038 0.000100
0.849889 0.911954 0.407391 0.000100
0.849818 0.912055 0.393661 0.000010
0.850334 0.912114 0.389398 0.000010
0.850804 0.912187 0.395338 0.000010
0.850753 0.912219 0.390341 0.000010
0.851086 0.912279 0.382008 0.000010
0.850973 0.912277 0.385402 0.000010
