0.752860 0.767127 0.397080 0.010000
0.795772 0.813565 0.788407 0.010000
0.793236 0.829986 0.803674 0.010000
0.804025 0.833052 2.168376 0.010000
0.814196 0.864991 0.726355 0.010000
0.786974 0.858219 0.629487 0.010000
0.790314 0.885117 0.215092 0.010000
0.830695 0.880231 0.696681 0.010000
0.815294 0.886699 1.015957 0.010000
0.830526 0.920580 0.508438 0.010000
0.811537 0.918371 0.289248 0.010000
0.829679 0.913386 0.961492 0.010000
0.850129 0.936053 0.445185 0.010000
0.857305 0.953592 0.454137 0.001000
0.859584 0.959867 0.497598 0.001000
0.860130 0.959992 0.388488 0.001000
0.861482 0.960591 0.301930 0.001000
0.856392 0.963262 0.480103 0.001000
0.859198 0.965939 0.344302 0.001000
0.859657 0.969331 0.241763 0.000100
0.858177 0.970333 0.259786 0.000100
0.856270 0.970764 0.236118 0.000100
0.854919 0.971131 0.240865 0.000100
0.856225 0.970918 0.263793 0.000100
0.854779 0.971462 0.240208 0.000100
0.854900 0.971596 0.233053 0.000010
0.855064 0.971657 0.232247 0.000010
0.854921 0.971682 0.234125 0.000010
0.854776 0.971755 0.235404 0.000010
0.854200 0.971810 0.232755 0.000010
0.854114 0.971808 0.236365 0.000010
