0.650757 0.661779 0.620894 0.010000
0.675715 0.696085 0.614675 0.010000
0.748279 0.762741 0.558616 0.010000
0.740015 0.784483 0.614365 0.010000
0.743263 0.795890 0.402108 0.010000
0.751494 0.812062 0.485725 0.010000
0.771494 0.835104 0.534115 0.010000
0.754042 0.842166 0.426983 0.010000
0.779102 0.836949 0.586680 0.010000
0.777669 0.859704 0.454402 0.010000
0.760731 0.828637 0.481915 0.010000
0.783952 0.878054 0.411039 0.001000
0.778643 0.878403 0.392574 0.001000
0.783847 0.882825 0.431420 0.001000
0.779484 0.886815 0.377515 0.001000
0.783427 0.880269 0.396717 0.001000
0.780416 0.889039 0.454600 0.001000
0.782989 0.889557 0.434219 0.001000
0.778924 0.890364 0.442040 0.001000
0.790137 0.883337 0.434378 0.001000
0.782571 0.891625 0.410531 0.001000
0.780257 0.894658 0.411129 0.000100
0.779707 0.895785 0.398991 0.000100
0.778581 0.895734 0.412141 0.000100
0.778432 0.895484 0.391408 0.000100
0.779996 0.895979 0.394985 0.000100
0.779917 0.896037 0.391711 0.000100
0.781624 0.896089 0.401555 0.000010
0.781856 0.895781 0.408393 0.000010
0.781414 0.896290 0.405799 0.000010
0.781623 0.895654 0.399654 0.000010
0.780891 0.896218 0.394117 0.000010
0.781775 0.895931 0.404004 0.000010
