0.598580 0.681026 0.474656 0.010000
0.689163 0.754591 0.798603 0.010000
0.683971 0.796632 4.189160 0.010000
0.715275 0.801643 0.438770 0.010000
0.736350 0.842728 0.941672 0.010000
0.741962 0.851337 1.087394 0.010000
0.729552 0.834382 0.265759 0.010000
0.764874 0.875139 1.255589 0.010000
0.760797 0.875416 0.288593 0.010000
0.764080 0.889480 0.570465 0.010000
0.740664 0.889495 0.891639 0.010000
0.769828 0.903107 0.525583 0.010000
0.762353 0.898583 0.858344 0.010000
0.802511 0.947127 0.542715 0.001000
0.801699 0.951459 0.404005 0.001000
0.779648 0.952168 0.342573 0.001000
0.796685 0.955603 0.288060 0.001000
0.778309 0.954302 0.244488 0.001000
0.791804 0.960089 0.360119 0.001000
0.783032 0.954914 0.311439 0.001000
0.800569 0.961156 0.274087 0.001000
0.785177 0.961619 0.361902 0.001000
0.782259 0.961511 0.218524 0.001000
0.792241 0.958750 0.215266 0.001000
0.801724 0.964257 0.344704 0.001000
0.784323 0.964419 0.220685 0.001000
0.761481 0.956333 0.274840 0.001000
0.787076 0.963510 0.272692 0.001000
0.770952 0.964185 0.288000 0.001000
0.770965 0.962566 0.242104 0.001000
0.786540 0.969798 0.237602 0.000100
0.787038 0.970445 0.225871 0.000100
0.784703 0.970784 0.255202 0.000100
0.784561 0.971045 0.238134 0.000100
0.775834 0.970642 0.216778 0.000100
0.777422 0.971396 0.199051 0.000100
0.776775 0.971846 0.206603 0.000100
0.776237 0.971907 0.203705 0.000100
0.770713 0.971171 0.242222 0.000100
0.771659 0.971752 0.195263 0.000100
0.772216 0.972232 0.211850 0.000100
0.775644 0.972508 0.208029 0.000100
0.777102 0.973080 0.210928 0.000100
0.773652 0.972175 0.209593 0.000100
0.773307 0.973095 0.223563 0.000100
0.778341 0.973405 0.194742 0.000100
0.773563 0.971893 0.207958 0.000100
0.779169 0.972934 0.224386 0.000100
0.777368 0.972826 0.230201 0.000100
0.777432 0.973256 0.203730 0.000100
0.779634 0.974054 0.194421 0.000100
0.778774 0.973790 0.213050 0.000100
0.780523 0.973142 0.196756 0.000100
0.775296 0.972481 0.210845 0.000100
0.776907 0.973464 0.195735 0.000100
0.775572 0.973489 0.208288 0.000100
0.781936 0.974704 0.201192 0.000100
0.778658 0.974353 0.201175 0.000010
0.779506 0.974545 0.197266 0.000010
0.777626 0.974036 0.194554 0.000010
0.776839 0.973858 0.198591 0.000010
0.778736 0.974477 0.196192 0.000010
0.778754 0.974397 0.198847 0.000010
