0.634335 0.623289 0.677920 0.010000
0.664528 0.684196 0.606517 0.010000
0.715437 0.738410 0.519180 0.010000
0.716361 0.767048 0.647151 0.010000
0.707841 0.797071 0.461093 0.010000
0.761439 0.812161 0.473423 0.010000
0.746864 0.821293 0.664697 0.010000
0.759131 0.832867 0.480806 0.010000
0.756165 0.839631 0.451257 0.010000
0.777150 0.847314 0.498335 0.010000
0.774361 0.861819 0.607333 0.010000
0.789853 0.873626 0.492635 0.010000
0.780090 0.860307 0.441487 0.010000
0.788270 0.876278 0.376013 0.010000
0.794970 0.888495 0.389167 0.010000
0.802469 0.887747 0.482032 0.010000
0.783368 0.878064 0.544064 0.010000
0.784905 0.888220 0.403033 0.010000
0.803019 0.892218 0.344418 0.010000
0.790756 0.884322 0.460485 0.010000
0.791097 0.877722 0.587103 0.010000
0.788294 0.891008 0.569840 0.010000
0.804777 0.887999 0.370675 0.010000
0.809858 0.903081 0.444122 0.010000
0.778197 0.902947 0.387727 0.010000
0.798436 0.918093 0.385261 0.001000
0.809407 0.920497 0.337989 0.001000
0.804997 0.920597 0.327876 0.001000
0.805871 0.923227 0.357849 0.001000
0.807390 0.922651 0.328228 0.001000
0.814535 0.922367 0.376757 0.001000
0.805653 0.923889 0.383440 0.001000
0.806738 0.924792 0.362461 0.001000
0.803953 0.927306 0.372237 0.001000
0.806369 0.927539 0.349397 0.000100
0.807357 0.927551 0.357741 0.000100
0.805025 0.927676 0.325272 0.000100
0.804299 0.927617 0.349751 0.000100
0.804974 0.928473 0.375438 0.000100
0.809133 0.928657 0.348102 0.000100
0.806546 0.928543 0.340034 0.000100
0.805551 0.928781 0.336488 0.000100
0.807419 0.929046 0.323213 0.000100
0.807263 0.929511 0.332645 0.000100
0.805459 0.929312 0.342046 0.000100
0.807266 0.929839 0.337110 0.000100
0.808852 0.929337 0.323340 0.000100
0.807989 0.930057 0.341024 0.000100
0.806137 0.929718 0.333259 0.000100
0.807043 0.930156 0.347032 0.000010
0.807004 0.930128 0.341058 0.000010
0.807170 0.930109 0.338045 0.000010
0.807538 0.930198 0.338495 0.000010
0.806957 0.930120 0.343785 0.000010
0.808059 0.930221 0.344075 0.000010
