0.580399 0.681925 0.684476 0.010000
0.659642 0.766816 0.519471 0.010000
0.674403 0.798034 0.551989 0.010000
0.675104 0.815660 0.452112 0.010000
0.707906 0.824130 0.537302 0.010000
0.702932 0.845875 0.537736 0.010000
0.704890 0.852919 0.448787 0.010000
0.704480 0.858060 0.301202 0.010000
0.748673 0.877454 0.398551 0.010000
0.742617 0.882964 0.442800 0.010000
0.710400 0.874099 0.361213 0.010000
0.746676 0.891081 0.360406 0.010000
0.741617 0.889984 0.440551 0.010000
0.761502 0.904739 0.495882 0.010000
0.751540 0.915319 0.342648 0.001000
0.751532 0.916581 0.368753 0.001000
0.751064 0.918441 0.346402 0.001000
0.762594 0.921757 0.416565 0.001000
0.756980 0.921119 0.398533 0.001000
0.747493 0.920048 0.349851 0.001000
0.756895 0.924074 0.372811 0.000100
0.755569 0.924396 0.363415 0.000100
0.755730 0.923665 0.343106 0.000100
0.756116 0.924563 0.344617 0.000100
0.755371 0.924155 0.344571 0.000100
0.756621 0.925994 0.372819 0.000100
0.756633 0.925914 0.364680 0.000010
0.756958 0.925776 0.364169 0.000010
0.756829 0.925895 0.363266 0.000010
0.756851 0.926118 0.364144 0.000010
0.757148 0.925984 0.367503 0.000010
0.756983 0.925913 0.363845 0.000010
