0.623234 0.627183 0.654789 0.010000
0.676653 0.702305 0.717454 0.010000
0.736604 0.749036 0.693307 0.010000
0.756057 0.789795 0.627639 0.010000
0.738275 0.784826 0.509158 0.010000
0.742113 0.804315 0.521773 0.010000
0.758544 0.815250 0.563003 0.010000
0.768700 0.848943 0.473388 0.010000
0.804047 0.862586 0.552903 0.010000
0.784996 0.848796 0.418940 0.010000
0.787587 0.859615 0.501190 0.010000
0.778470 0.863319 0.462029 0.010000
0.797475 0.881823 0.474381 0.010000
0.795738 0.893734 0.511642 0.010000
0.776983 0.873805 0.460875 0.010000
0.785661 0.878457 0.422102 0.010000
0.811061 0.908694 0.379265 0.001000
0.808022 0.912255 0.347729 0.001000
0.810977 0.913059 0.415209 0.001000
0.807953 0.916056 0.383012 0.001000
0.812924 0.915820 0.300523 0.001000
0.807598 0.914443 0.417789 0.001000
0.813149 0.918729 0.391507 0.001000
0.806766 0.919109 0.348915 0.001000
0.817682 0.917693 0.336413 0.001000
0.816885 0.919275 0.342221 0.001000
0.817414 0.921692 0.300664 0.001000
0.818021 0.922898 0.363983 0.000100
0.817557 0.923194 0.358429 0.000100
0.817073 0.923651 0.370286 0.000100
0.817026 0.922615 0.365086 0.000100
0.820689 0.924418 0.379257 0.000100
0.816630 0.924238 0.364940 0.000100
0.817148 0.924385 0.358101 0.000010
0.817058 0.924364 0.354872 0.000010
0.817564 0.924483 0.356591 0.000010
0.817535 0.924465 0.363335 0.000010
0.817507 0.924244 0.355756 0.000010
0.817388 0.924350 0.359073 0.000010
