0.635170 0.647650 0.592868 0.010000
0.709245 0.723190 0.583226 0.010000
0.765474 0.791525 0.628661 0.010000
0.775658 0.798500 0.487599 0.010000
0.781954 0.833918 0.572127 0.010000
0.780489 0.843928 0.544034 0.010000
0.776529 0.856091 0.539130 0.010000
0.762986 0.847987 0.669614 0.010000
0.795606 0.870441 0.381307 0.010000
0.794279 0.875734 0.653686 0.010000
0.786234 0.873793 0.345045 0.010000
0.780808 0.876037 0.295093 0.010000
0.807485 0.879447 0.471769 0.010000
0.787646 0.885158 0.454422 0.010000
0.806341 0.900021 0.363860 0.010000
0.833092 0.888547 0.482583 0.010000
0.803595 0.900255 0.323530 0.010000
0.817625 0.903369 0.368269 0.010000
0.825622 0.927440 0.325024 0.001000
0.824148 0.926086 0.361807 0.001000
0.838706 0.928049 0.457498 0.001000
0.831931 0.931501 0.325396 0.001000
0.828020 0.932464 0.370171 0.001000
0.835673 0.932666 0.398601 0.001000
0.831816 0.935398 0.339290 0.000100
0.831446 0.935225 0.343077 0.000100
0.832961 0.935888 0.337154 0.000100
0.832203 0.935980 0.331273 0.000100
0.830318 0.936250 0.330986 0.000100
0.828997 0.936143 0.308544 0.000100
0.831187 0.936462 0.331895 0.000010
0.832123 0.936573 0.335197 0.000010
0.832162 0.936567 0.342845 0.000010
0.830885 0.936511 0.323476 0.000010
0.831284 0.936559 0.332620 0.000010
0.831418 0.936584 0.337099 0.000010
