0.631155 0.655867 0.622770 0.010000
0.676107 0.743285 0.648760 0.010000
0.738776 0.797857 0.543631 0.010000
0.756225 0.824957 0.610883 0.010000
0.751028 0.831122 0.446283 0.010000
0.739861 0.849013 0.630163 0.010000
0.758555 0.854659 0.428049 0.010000
0.786260 0.876591 0.417534 0.010000
0.786300 0.888580 0.611938 0.010000
0.779533 0.889442 0.466598 0.010000
0.787723 0.889102 0.346769 0.010000
0.804365 0.909785 0.352861 0.010000
0.797442 0.909914 0.302582 0.010000
0.813346 0.910127 0.496522 0.010000
0.806504 0.911875 0.481438 0.010000
0.817758 0.913453 0.297975 0.010000
0.811299 0.924757 0.275969 0.010000
0.824314 0.922610 0.307517 0.010000
0.811642 0.926118 0.330292 0.010000
0.827704 0.928763 0.386531 0.010000
0.811820 0.924139 0.320473 0.010000
0.830210 0.931940 0.325744 0.010000
0.817815 0.922303 0.270371 0.010000
0.830956 0.927878 0.406514 0.010000
0.825588 0.933605 0.353025 0.010000
0.811476 0.931213 0.499943 0.010000
0.808819 0.932670 0.331732 0.010000
0.833060 0.937706 0.366693 0.010000
0.806985 0.926958 0.315091 0.010000
0.826701 0.951570 0.325867 0.001000
0.826283 0.952684 0.313565 0.001000
0.817824 0.951593 0.269873 0.001000
0.826662 0.954195 0.252734 0.001000
0.832076 0.955641 0.257106 0.001000
0.829972 0.954799 0.275871 0.001000
0.823703 0.955984 0.229817 0.001000
0.833733 0.955594 0.315721 0.001000
0.836338 0.955935 0.292254 0.001000
0.835192 0.956578 0.210653 0.001000
0.834652 0.955826 0.317172 0.001000
0.833913 0.957734 0.269019 0.001000
0.822512 0.957564 0.325460 0.001000
0.834791 0.958015 0.258140 0.001000
0.831988 0.957745 0.286007 0.001000
0.826297 0.957737 0.242116 0.001000
0.833953 0.960385 0.286197 0.000100
0.832031 0.960544 0.272318 0.000100
0.833767 0.960793 0.266424 0.000100
0.832885 0.961115 0.258029 0.000100
0.830061 0.961048 0.261251 0.000100
0.832295 0.961276 0.282436 0.000100
0.832046 0.961333 0.270977 0.000010
0.831291 0.961361 0.270238 0.000010
0.831310 0.961354 0.276049 0.000010
0.831032 0.961388 0.271734 0.000010
0.830753 0.961369 0.270341 0.000010
0.831397 0.961381 0.271709 0.000010
