0.641518 0.749333 0.156469 0.010000
0.717614 0.836067 0.138716 0.010000
0.697079 0.874286 0.620874 0.010000
0.745705 0.896081 0.310200 0.010000
0.670102 0.892440 0.122214 0.010000
0.728526 0.921163 0.229523 0.010000
0.751574 0.930164 0.509308 0.010000
0.764400 0.935389 0.958395 0.010000
0.771713 0.934500 1.180022 0.010000
0.777919 0.927464 0.275788 0.010000
0.758274 0.948772 0.753936 0.010000
0.789707 0.967370 0.352191 0.001000
0.788041 0.970553 0.352249 0.001000
0.786987 0.973080 0.373891 0.001000
0.786981 0.974321 0.307302 0.001000
0.779660 0.976460 0.262986 0.001000
0.789716 0.974351 0.287236 0.001000
0.782444 0.978658 0.215792 0.000100
0.778250 0.979291 0.205699 0.000100
0.778237 0.979550 0.225808 0.000100
0.774732 0.979549 0.233383 0.000100
0.773118 0.979958 0.189392 0.000100
0.770672 0.979949 0.180101 0.000100
0.771974 0.980076 0.189948 0.000010
0.772136 0.980138 0.195304 0.000010
0.771788 0.980171 0.194716 0.000010
0.771755 0.980205 0.196615 0.000010
0.771475 0.980233 0.196555 0.000010
0.771246 0.980290 0.199636 0.000010
