0.702842 0.746418 1.787120 0.010000
0.767788 0.851111 1.737670 0.010000
0.771358 0.871609 0.354041 0.010000
0.791983 0.860050 0.508827 0.010000
0.785911 0.896792 0.604126 0.010000
0.808172 0.914102 0.668588 0.010000
0.800137 0.912392 0.487770 0.010000
0.792218 0.912039 0.519777 0.010000
0.790848 0.908851 0.886520 0.010000
0.837145 0.954225 0.491299 0.001000
0.832942 0.963888 0.333020 0.001000
0.827004 0.967108 0.490545 0.001000
0.838901 0.969886 0.448875 0.001000
0.819555 0.972884 0.297290 0.001000
0.835882 0.971680 0.247994 0.001000
0.830419 0.973544 0.334490 0.001000
0.828621 0.974123 0.233662 0.001000
0.836845 0.972803 0.225374 0.001000
0.822934 0.976166 0.201908 0.001000
0.811185 0.973517 0.436789 0.001000
0.824011 0.977051 0.275014 0.001000
0.823603 0.976755 0.290833 0.001000
0.837280 0.978358 0.162646 0.001000
0.827033 0.976793 0.265061 0.001000
0.821158 0.977755 0.221429 0.001000
0.795224 0.974071 0.190243 0.001000
0.798811 0.973992 0.227339 0.001000
0.793581 0.974351 0.248300 0.001000
0.811034 0.978893 0.167120 0.001000
0.824830 0.983349 0.202109 0.000100
0.821490 0.984048 0.188539 0.000100
0.815958 0.984413 0.146428 0.000100
0.817530 0.984285 0.180462 0.000100
0.820805 0.984743 0.171237 0.000100
0.818796 0.984878 0.175427 0.000100
0.817306 0.985256 0.171700 0.000100
0.823277 0.985202 0.158166 0.000100
0.819501 0.985242 0.172563 0.000100
0.818226 0.985466 0.165002 0.000010
0.818256 0.985507 0.164525 0.000010
0.817935 0.985533 0.168828 0.000010
0.817610 0.985579 0.165601 0.000010
0.817990 0.985597 0.169345 0.000010
0.817419 0.985647 0.167733 0.000010
