0.719631 0.753907 0.137639 0.010000
0.739330 0.821806 0.118827 0.010000
0.775891 0.878129 0.381026 0.010000
0.781875 0.884295 0.210582 0.010000
0.766889 0.865990 0.978393 0.010000
0.799812 0.880886 0.446807 0.010000
0.858777 0.919855 0.971432 0.010000
0.813026 0.909064 0.701579 0.010000
0.851247 0.954531 0.370713 0.001000
0.842031 0.954049 0.422494 0.001000
0.839107 0.959243 0.291065 0.001000
0.846734 0.961992 0.360771 0.001000
0.844817 0.961608 0.356132 0.001000
0.830991 0.961487 0.358107 0.001000
0.843058 0.969755 0.256974 0.000100
0.845643 0.970356 0.237689 0.000100
0.847925 0.970847 0.248497 0.000100
0.848437 0.971274 0.279925 0.000100
0.851591 0.971672 0.236971 0.000100
0.849925 0.971772 0.236821 0.000100
0.850399 0.971928 0.233990 0.000010
0.850495 0.971998 0.227044 0.000010
0.850502 0.971994 0.232768 0.000010
0.850060 0.972073 0.225603 0.000010
0.849927 0.972067 0.230149 0.000010
0.849980 0.972085 0.231152 0.000010
