0.639006 0.614452 0.680826 0.010000
0.692286 0.689942 0.739088 0.010000
0.743999 0.740493 0.536205 0.010000
0.757632 0.778075 0.601772 0.010000
0.778423 0.818046 0.456404 0.010000
0.782661 0.832216 0.469637 0.010000
0.794031 0.846197 0.507291 0.010000
0.793236 0.849324 0.548916 0.010000
0.808649 0.858358 0.586771 0.010000
0.802170 0.856873 0.462925 0.010000
0.818064 0.879945 0.427134 0.010000
0.836866 0.873911 0.359277 0.010000
0.806263 0.883815 0.565013 0.010000
0.805285 0.885416 0.473896 0.010000
0.825299 0.872282 0.490133 0.010000
0.794852 0.886341 0.341082 0.010000
0.814139 0.891477 0.352446 0.010000
0.827273 0.893449 0.465095 0.010000
0.821137 0.899980 0.459903 0.010000
0.815067 0.900263 0.555004 0.010000
0.824539 0.894188 0.408092 0.010000
0.817865 0.900963 0.438840 0.010000
0.827576 0.920442 0.355165 0.001000
0.821514 0.925777 0.349737 0.001000
0.814081 0.925291 0.323600 0.001000
0.818670 0.925056 0.350703 0.001000
0.824405 0.927415 0.321344 0.001000
0.818157 0.927011 0.360272 0.001000
0.823251 0.929235 0.349321 0.001000
0.820365 0.926402 0.339286 0.001000
0.816532 0.925292 0.331713 0.001000
0.817539 0.927918 0.319698 0.001000
0.820632 0.933905 0.370099 0.001000
0.819225 0.929609 0.379128 0.001000
0.820598 0.933742 0.343319 0.001000
0.815897 0.933477 0.318508 0.001000
0.816850 0.933013 0.346355 0.001000
0.814600 0.930168 0.314502 0.001000
0.818301 0.933161 0.392391 0.001000
0.820515 0.933980 0.368032 0.001000
0.815208 0.934981 0.256169 0.001000
0.818446 0.935277 0.354345 0.001000
0.814726 0.933485 0.422758 0.001000
0.813213 0.935745 0.255752 0.001000
0.814393 0.927681 0.312070 0.001000
0.809899 0.925024 0.302065 0.001000
0.810778 0.928165 0.362570 0.001000
0.807626 0.927334 0.370775 0.001000
0.807924 0.936073 0.351711 0.001000
0.813501 0.934455 0.342699 0.001000
0.815090 0.937158 0.368239 0.000100
0.815798 0.938757 0.319380 0.000100
0.817239 0.939870 0.352249 0.000100
0.814973 0.940342 0.358730 0.000100
0.815072 0.939290 0.392908 0.000100
0.814156 0.937071 0.303583 0.000100
0.814765 0.939845 0.319227 0.000010
0.814329 0.939937 0.329915 0.000010
0.814756 0.939942 0.314142 0.000010
0.814654 0.939876 0.315389 0.000010
0.814763 0.940236 0.328512 0.000010
0.814761 0.940247 0.321218 0.000010
