0.656572 0.642666 0.689913 0.010000
0.657915 0.710533 0.665323 0.010000
0.721214 0.760823 0.538236 0.010000
0.741041 0.796761 0.499669 0.010000
0.752397 0.804648 0.600890 0.010000
0.755937 0.822730 0.644273 0.010000
0.747813 0.818460 0.580007 0.010000
0.759495 0.828576 0.605226 0.010000
0.771262 0.844880 0.441667 0.010000
0.768350 0.853877 0.661928 0.010000
0.750672 0.839753 0.408495 0.010000
0.780347 0.863837 0.521080 0.010000
0.786561 0.873313 0.393503 0.010000
0.766817 0.877014 0.473386 0.010000
0.791266 0.870353 0.525948 0.010000
0.790811 0.879379 0.584100 0.010000
0.777855 0.880026 0.414135 0.010000
0.785191 0.887747 0.340065 0.010000
0.778529 0.876638 0.488292 0.010000
0.803134 0.891851 0.467701 0.010000
0.803562 0.888008 0.444336 0.010000
0.789969 0.886824 0.425711 0.010000
0.793065 0.898137 0.470409 0.010000
0.807539 0.898800 0.345375 0.010000
0.815416 0.916305 0.347263 0.001000
0.817255 0.920665 0.425403 0.001000
0.819897 0.922686 0.406534 0.001000
0.824185 0.922161 0.380330 0.001000
0.817984 0.919269 0.298019 0.001000
0.816620 0.923057 0.327730 0.001000
0.819341 0.925505 0.411256 0.001000
0.813268 0.923331 0.354305 0.001000
0.815774 0.925241 0.407598 0.001000
0.819816 0.923252 0.373033 0.001000
0.821393 0.924436 0.352153 0.001000
0.821074 0.926949 0.356421 0.000100
0.821937 0.928443 0.374150 0.000100
0.820615 0.927759 0.339854 0.000100
0.821001 0.928510 0.346936 0.000100
0.820707 0.928621 0.362584 0.000100
0.821947 0.928492 0.337807 0.000100
0.821279 0.928686 0.349777 0.000010
0.821480 0.928846 0.349216 0.000010
0.821560 0.928772 0.345940 0.000010
0.821447 0.928876 0.349455 0.000010
0.821180 0.928677 0.343033 0.000010
0.821783 0.928800 0.349128 0.000010
