0.674292 0.690857 0.870913 0.010000
0.723915 0.791254 1.060539 0.010000
0.758464 0.798496 0.614684 0.010000
0.752607 0.834646 0.335772 0.010000
0.743861 0.835007 0.149541 0.010000
0.760591 0.874758 0.660154 0.010000
0.773480 0.905864 0.170517 0.010000
0.772990 0.901519 0.276303 0.010000
0.805092 0.892398 0.524309 0.010000
0.812876 0.923663 0.295470 0.010000
0.792015 0.891628 0.334318 0.010000
0.802460 0.954886 0.241925 0.001000
0.801230 0.960990 0.273916 0.001000
0.806651 0.964273 0.247859 0.001000
0.789021 0.965060 0.254846 0.001000
0.800042 0.967032 0.287909 0.001000
0.809387 0.969293 0.233942 0.001000
0.808289 0.970875 0.249692 0.000100
0.808174 0.971284 0.256800 0.000100
0.806687 0.971546 0.263674 0.000100
0.805068 0.971790 0.245628 0.000100
0.803896 0.971875 0.256739 0.000100
0.803510 0.971903 0.234599 0.000100
0.803216 0.971993 0.237976 0.000010
0.803168 0.972063 0.238025 0.000010
0.802096 0.972061 0.234466 0.000010
0.802686 0.972073 0.237551 0.000010
0.802428 0.972120 0.234228 0.000010
0.801881 0.972110 0.234612 0.000010
