0.641093 0.670204 1.709688 0.010000
0.747917 0.758014 0.663867 0.010000
0.765609 0.820372 0.641181 0.010000
0.769357 0.856302 1.166017 0.010000
0.791724 0.872138 0.527653 0.010000
0.780499 0.871118 0.241236 0.010000
0.778817 0.883724 0.379572 0.010000
0.760469 0.886956 0.216460 0.010000
0.791007 0.905203 0.461411 0.010000
0.806787 0.902573 0.736168 0.010000
0.789934 0.887805 0.833850 0.010000
0.818360 0.922391 0.541106 0.010000
0.745825 0.904611 0.755509 0.010000
0.812396 0.919348 0.933110 0.010000
0.806623 0.950025 0.284643 0.001000
0.795490 0.951743 0.228676 0.001000
0.791794 0.958608 0.303617 0.001000
0.788626 0.959441 0.414212 0.001000
0.809874 0.961800 0.412657 0.001000
0.792651 0.961706 0.370815 0.001000
0.794584 0.965919 0.302772 0.000100
0.790184 0.966649 0.243244 0.000100
0.788367 0.967183 0.211021 0.000100
0.786002 0.967511 0.236886 0.000100
0.786729 0.967785 0.233933 0.000100
0.783560 0.967628 0.264606 0.000100
0.786292 0.967754 0.262261 0.000100
0.785184 0.968193 0.258192 0.000100
0.783289 0.968325 0.260361 0.000100
0.783555 0.968332 0.250364 0.000010
0.784016 0.968387 0.248728 0.000010
0.783960 0.968422 0.245790 0.000010
0.784580 0.968445 0.247803 0.000010
0.784458 0.968453 0.248787 0.000010
0.784149 0.968515 0.248764 0.000010
