10216
10217
10218
10336
10337
10338
10502
10614
10683
10689
10690
10694
10699
10704
10705
10713
10715
10716
10728
10729
1073
10736
10737
10750
10752
10869
10893
10970
10988
11027
1109
11146
11147
11148
11149
11150
11151
11152
11153
11347
11348
1136
1137
1138
1140
1141
1142
1148
1153
1165
11817
11836
11883
11884
11980
11987
11988
1203
1206
1214
12140
1216
12194
12196
12198
12199
12200
1232
12340
1244
1245
12450
12451
12452
1264
1273
12795
1302
1327
1410
1412
14630
1540
1581
16107
1697
1751
1849
1926
1946
1947
1962
1967
1968
1974
1999
2039
2182
2183
2212
2213
2215
2289
2355
2356
2359
2519
2521
2551
2565
2587
2640
2659
2660
2732
2820
2888
2915
2923
2925
2950
2958
2959
2960
2961
2962
2963
2964
3059
3077
3150
3173
3174
3187
3188
3189
3275
3290
3307
3319
3364
3365
345
3453
3454
3455
3465
347
3524
37
3747
3752
3753
3789
3874
3901
3952
3973
4052
4053
410
4191
4193
4194
4195
4196
4197
4198
4240
4271
4288
4289
4369
4430
4431
444
4475
4525
4527
4533
458
459
4648
4650
4651
4658
4659
4663
4664
4681
4706
4710
4741
4764
4765
4766
4775
4796
4797
4813
4814
4845
5101
5115
5213
5214
5215
5216
5217
5218
5219
5220
5221
5237
5256
5315
532
533
5342
5343
535
536
537
538
5421
5508
5509
5510
5511
5550
5551
5556
5561
57
5756
5811
5812
5813
5816
591
5930
5959
5981
5982
5983
5984
5985
5986
5987
6004
6095
6151
6427
6428
6429
6471
6472
6499
6669
6675
6686
6780
6788
6789
6934
6935
6972
6980
7026
7089
7090
7120
7142
7143
7144
7149
7150
7151
7152
720
7214
7252
7253
7275
740
741
744
7470
7471
7472
7473
7474
7475
7476
7477
7478
7491
751
7525
7571
7793
7831
7902
7968
8080
8081
8082
8083
8094
8095
8096
8129
8159
8165
8166
8167
8168
8169
8170
8171
8172
8214
8345
8478
8479
8480
8481
8482
8555
8590
8592
8593
8594
8615
8790
8791
886
8868
8905
8906
8909
8910
8912
8915
8950
896
8980
9005
9038
9055
9056
9057
9062
9063
9064
9066
9076
9080
9157
9158
9159
9160
9342
9343
9344
9345
9485
9567
9872
9878
9909