0.669955 0.737128 0.483552 0.010000
0.738753 0.792963 0.485754 0.010000
0.765120 0.838818 0.523008 0.010000
0.787233 0.857530 0.560364 0.010000
0.815929 0.871448 0.543513 0.010000
0.820762 0.864529 0.478742 0.010000
0.802967 0.886704 0.430829 0.010000
0.821220 0.898702 0.377996 0.010000
0.824610 0.897245 0.420187 0.010000
0.826873 0.906556 0.421806 0.010000
0.823235 0.907698 0.363549 0.010000
0.837421 0.910396 0.381614 0.010000
0.822464 0.920647 0.416738 0.010000
0.812592 0.903768 0.417464 0.010000
0.812917 0.920139 0.383387 0.010000
0.828679 0.917840 0.484589 0.010000
0.825184 0.919054 0.280202 0.010000
0.827636 0.926411 0.395404 0.010000
0.839679 0.930094 0.336099 0.010000
0.835716 0.934180 0.359400 0.010000
0.823584 0.908048 0.405270 0.010000
0.832854 0.934886 0.344996 0.010000
0.830753 0.935299 0.455887 0.010000
0.844205 0.948818 0.302820 0.001000
0.843169 0.950732 0.300939 0.001000
0.846393 0.952299 0.289777 0.001000
0.846320 0.954766 0.282685 0.001000
0.846419 0.955073 0.285620 0.001000
0.844034 0.955306 0.306135 0.001000
0.846026 0.956784 0.289634 0.000100
0.846350 0.957065 0.289031 0.000100
0.846171 0.957255 0.284236 0.000100
0.848942 0.957484 0.267509 0.000100
0.848666 0.957483 0.273190 0.000100
0.848683 0.957805 0.273382 0.000100
0.848661 0.958183 0.291389 0.000100
0.848826 0.958095 0.294341 0.000100
0.848580 0.958254 0.274184 0.000100
0.849554 0.958275 0.272934 0.000100
0.849400 0.958364 0.278435 0.000010
0.849312 0.958438 0.278273 0.000010
0.849088 0.958465 0.280870 0.000010
0.849104 0.958492 0.280101 0.000010
0.848852 0.958459 0.274978 0.000010
0.848875 0.958492 0.277770 0.000010
