0.617624 0.731576 0.643897 0.010000
0.652692 0.805628 0.612981 0.010000
0.721045 0.841775 0.651924 0.010000
0.722300 0.874054 0.432962 0.010000
0.717425 0.886631 0.549813 0.010000
0.714151 0.882920 0.520632 0.010000
0.732454 0.905290 0.504597 0.010000
0.752976 0.900109 0.519451 0.010000
0.747260 0.909653 0.370824 0.010000
0.748280 0.920078 0.332913 0.010000
0.771251 0.915228 0.446711 0.010000
0.750471 0.925230 0.419236 0.010000
0.752556 0.924423 0.422320 0.010000
0.758559 0.926138 0.465843 0.010000
0.764511 0.932774 0.273385 0.010000
0.724279 0.913023 0.251387 0.010000
0.755851 0.936876 0.276399 0.010000
0.779254 0.928394 0.518255 0.010000
0.754696 0.932499 0.252951 0.010000
0.745085 0.938183 0.253895 0.010000
0.753161 0.933935 0.399106 0.010000
0.754307 0.945260 0.259480 0.010000
0.763606 0.954911 0.251138 0.001000
0.766840 0.956996 0.295138 0.001000
0.760302 0.957766 0.324778 0.001000
0.768654 0.958720 0.302060 0.001000
0.770904 0.959877 0.250615 0.001000
0.776001 0.960059 0.265937 0.001000
0.772269 0.962144 0.252325 0.001000
0.768530 0.961768 0.292560 0.001000
0.774446 0.961901 0.276702 0.001000
0.769408 0.961588 0.248864 0.001000
0.774130 0.962726 0.302110 0.001000
0.776588 0.962651 0.238340 0.001000
0.769740 0.963493 0.286014 0.001000
0.766099 0.964552 0.264851 0.001000
0.759955 0.962611 0.224052 0.001000
0.771652 0.965216 0.276960 0.001000
0.770847 0.965311 0.252466 0.001000
0.769962 0.965951 0.267524 0.001000
0.760657 0.965866 0.249962 0.001000
0.769380 0.965966 0.235624 0.001000
0.767953 0.965907 0.258575 0.001000
0.771292 0.967582 0.245778 0.000100
0.773174 0.967724 0.246797 0.000100
0.769574 0.967624 0.239462 0.000100
0.772918 0.967915 0.228627 0.000100
0.774280 0.968245 0.255427 0.000100
0.775725 0.968257 0.246228 0.000100
0.775368 0.968258 0.246652 0.000010
0.774792 0.968261 0.248911 0.000010
0.775027 0.968297 0.249181 0.000010
0.774537 0.968337 0.245476 0.000010
0.774068 0.968298 0.244301 0.000010
0.774992 0.968354 0.250158 0.000010
