0.671539 0.708932 0.653781 0.010000
0.721214 0.801459 0.632857 0.010000
0.749069 0.824760 0.671809 0.010000
0.786665 0.855697 0.431809 0.010000
0.791702 0.868904 0.589655 0.010000
0.799618 0.884564 0.384262 0.010000
0.806626 0.891834 0.549946 0.010000
0.818362 0.902733 0.384787 0.010000
0.832635 0.909533 0.452369 0.010000
0.840898 0.901832 0.409615 0.010000
0.829896 0.916245 0.515117 0.010000
0.804388 0.908480 0.416932 0.010000
0.836293 0.934290 0.347397 0.001000
0.836516 0.938813 0.359798 0.001000
0.840584 0.940331 0.353717 0.001000
0.841725 0.942056 0.293446 0.001000
0.843563 0.942813 0.279526 0.001000
0.844370 0.944317 0.356717 0.001000
0.845146 0.944255 0.319273 0.001000
0.844471 0.946736 0.277052 0.001000
0.844087 0.945571 0.312574 0.001000
0.848239 0.947569 0.366563 0.001000
0.846180 0.948028 0.338953 0.001000
0.850240 0.948546 0.287839 0.001000
0.848539 0.948892 0.355470 0.001000
0.854124 0.949561 0.314483 0.001000
0.855079 0.952359 0.281430 0.000100
0.853626 0.952503 0.282504 0.000100
0.854419 0.952655 0.284681 0.000100
0.853421 0.952999 0.288956 0.000100
0.853525 0.953072 0.286502 0.000100
0.853607 0.953143 0.296006 0.000100
0.854199 0.953220 0.290336 0.000010
0.854203 0.953299 0.282068 0.000010
0.854180 0.953337 0.285304 0.000010
0.854319 0.953275 0.282253 0.000010
0.854085 0.953369 0.287514 0.000010
0.854254 0.953439 0.287415 0.000010
