0.661984 0.671852 0.705699 0.010000
0.745115 0.754222 0.442202 0.010000
0.813592 0.831524 0.733033 0.010000
0.801048 0.854003 0.612521 0.010000
0.812220 0.861266 0.478457 0.010000
0.815523 0.890759 0.392958 0.010000
0.816310 0.892610 0.443899 0.010000
0.824994 0.901198 0.457923 0.010000
0.828167 0.904659 0.373492 0.010000
0.829690 0.912547 0.288532 0.010000
0.815488 0.909327 0.402642 0.010000
0.845959 0.920482 0.368636 0.010000
0.839790 0.911114 0.508791 0.010000
0.832743 0.925965 0.306899 0.010000
0.819938 0.928278 0.489915 0.010000
0.805614 0.924229 0.290306 0.010000
0.837840 0.945379 0.305409 0.001000
0.835708 0.947025 0.322561 0.001000
0.833592 0.949221 0.279042 0.001000
0.835922 0.950154 0.303225 0.001000
0.846523 0.952002 0.295178 0.001000
0.838546 0.951184 0.318066 0.001000
0.836879 0.952435 0.360411 0.001000
0.837935 0.954438 0.311527 0.001000
0.838771 0.954322 0.344716 0.001000
0.840205 0.955520 0.298247 0.000100
0.839586 0.956127 0.276626 0.000100
0.841571 0.956149 0.263457 0.000100
0.841074 0.956480 0.295360 0.000100
0.843073 0.956839 0.292190 0.000100
0.837922 0.956703 0.277165 0.000100
0.840140 0.956697 0.303990 0.000100
0.840412 0.957159 0.282534 0.000100
0.839188 0.956929 0.274093 0.000100
0.839729 0.957115 0.288820 0.000010
0.840176 0.957206 0.288041 0.000010
0.841020 0.957227 0.282454 0.000010
0.840835 0.957232 0.285571 0.000010
0.841216 0.957230 0.288998 0.000010
0.840357 0.957200 0.278379 0.000010
