0.580395 0.685229 0.648573 0.010000
0.643030 0.748626 0.637243 0.010000
0.715507 0.807755 0.575349 0.010000
0.721116 0.820535 0.696302 0.010000
0.726943 0.843986 0.451275 0.010000
0.761260 0.852438 0.441105 0.010000
0.770417 0.863670 0.537729 0.010000
0.768527 0.863058 0.494711 0.010000
0.763441 0.879067 0.478875 0.010000
0.746273 0.869492 0.528921 0.010000
0.784342 0.899190 0.456663 0.010000
0.747010 0.898361 0.473662 0.010000
0.792045 0.920915 0.323775 0.001000
0.794036 0.921530 0.327244 0.001000
0.789802 0.924789 0.319234 0.001000
0.789951 0.926511 0.296546 0.001000
0.794539 0.928748 0.418935 0.001000
0.799510 0.930801 0.422387 0.001000
0.794123 0.929406 0.282609 0.001000
0.788396 0.931769 0.296234 0.001000
0.798675 0.934811 0.367768 0.001000
0.794667 0.935452 0.349815 0.001000
0.800789 0.934327 0.308956 0.001000
0.798804 0.934160 0.455762 0.001000
0.793064 0.936787 0.337957 0.001000
0.800189 0.939485 0.325690 0.000100
0.799140 0.939378 0.361935 0.000100
0.799456 0.940139 0.317688 0.000100
0.799731 0.940690 0.338784 0.000100
0.799112 0.941049 0.300217 0.000100
0.795143 0.940949 0.292831 0.000100
0.799075 0.941397 0.326286 0.000010
0.798973 0.941331 0.309455 0.000010
0.799401 0.941392 0.316894 0.000010
0.799708 0.941499 0.317014 0.000010
0.800259 0.941487 0.330214 0.000010
0.799431 0.941525 0.321278 0.000010
