0.620092 0.614694 0.711961 0.010000
0.679929 0.701321 0.705460 0.010000
0.737499 0.774170 0.662138 0.010000
0.764483 0.845944 0.473403 0.010000
0.782678 0.862631 0.408962 0.010000
0.788592 0.870033 0.558651 0.010000
0.808968 0.884459 0.566941 0.010000
0.802650 0.881744 0.380744 0.010000
0.819739 0.898731 0.483837 0.010000
0.824434 0.899183 0.387537 0.010000
0.779143 0.899073 0.630801 0.010000
0.817221 0.911360 0.540989 0.010000
0.792653 0.914329 0.428851 0.010000
0.824638 0.916154 0.409869 0.010000
0.819391 0.932360 0.339197 0.001000
0.822719 0.935204 0.305353 0.001000
0.824867 0.937848 0.315946 0.001000
0.821437 0.939592 0.335580 0.001000
0.829939 0.938087 0.394917 0.001000
0.823847 0.941185 0.297393 0.001000
0.820231 0.940770 0.314114 0.001000
0.826966 0.943404 0.284539 0.001000
0.825965 0.942934 0.291236 0.001000
0.816245 0.946021 0.346675 0.001000
0.822897 0.946952 0.317433 0.001000
0.823233 0.947119 0.337369 0.001000
0.828626 0.947601 0.271731 0.001000
0.822853 0.947931 0.327065 0.001000
0.825965 0.949447 0.314016 0.001000
0.822922 0.950438 0.268495 0.001000
0.813452 0.950663 0.246169 0.001000
0.822192 0.949895 0.270616 0.001000
0.817488 0.951462 0.307873 0.001000
0.823142 0.953007 0.351594 0.001000
0.811584 0.953356 0.321860 0.001000
0.802694 0.953383 0.249428 0.001000
0.809646 0.953237 0.350752 0.001000
0.813582 0.955124 0.280339 0.000100
0.812467 0.955303 0.289057 0.000100
0.811125 0.955511 0.293171 0.000100
0.810878 0.955875 0.277629 0.000100
0.811897 0.956217 0.272570 0.000100
0.815162 0.956347 0.292804 0.000100
0.814351 0.956538 0.282803 0.000010
0.813535 0.956616 0.281865 0.000010
0.813702 0.956527 0.280335 0.000010
0.813242 0.956512 0.280603 0.000010
0.813385 0.956604 0.285282 0.000010
0.813297 0.956609 0.284727 0.000010
