0.550314 0.675735 0.685406 0.010000
0.621163 0.751677 0.599311 0.010000
0.677591 0.834751 0.424727 0.010000
0.719873 0.859967 0.598833 0.010000
0.722404 0.883378 0.428309 0.010000
0.724249 0.904928 0.407997 0.010000
0.718031 0.906304 0.511459 0.010000
0.738146 0.917444 0.439417 0.010000
0.758596 0.918025 0.290224 0.010000
0.730099 0.915796 0.303740 0.010000
0.738898 0.926931 0.483986 0.010000
0.743675 0.922521 0.363540 0.010000
0.727152 0.931455 0.270790 0.010000
0.733563 0.927492 0.460062 0.010000
0.724271 0.934338 0.253266 0.010000
0.739471 0.931110 0.269848 0.010000
0.741300 0.938149 0.430676 0.010000
0.727864 0.934432 0.265504 0.010000
0.713490 0.935316 0.334915 0.010000
0.720355 0.935819 0.313379 0.010000
0.722275 0.939274 0.253693 0.010000
0.739930 0.952278 0.289968 0.001000
0.742726 0.955615 0.285613 0.001000
0.736383 0.957376 0.259745 0.001000
0.741450 0.957804 0.270987 0.001000
0.747275 0.959594 0.306357 0.001000
0.747905 0.960544 0.292015 0.001000
0.746442 0.961104 0.253440 0.000100
0.745234 0.961266 0.269247 0.000100
0.745448 0.961347 0.267107 0.000100
0.744303 0.961432 0.250731 0.000100
0.745072 0.961843 0.272267 0.000100
0.744604 0.962006 0.271109 0.000100
0.743714 0.962020 0.249755 0.000100
0.743732 0.961917 0.257831 0.000100
0.743193 0.962324 0.260997 0.000100
0.743182 0.962455 0.269109 0.000100
0.742598 0.962486 0.250636 0.000100
0.742053 0.962574 0.252019 0.000100
0.742943 0.962530 0.263718 0.000100
0.742951 0.962603 0.260621 0.000010
0.743020 0.962606 0.259771 0.000010
0.743103 0.962621 0.261331 0.000010
0.743137 0.962648 0.258184 0.000010
0.743063 0.962672 0.264216 0.000010
0.742910 0.962649 0.255473 0.000010
