0.606993 0.683028 0.624431 0.010000
0.665272 0.724192 0.527487 0.010000
0.684798 0.789666 0.653249 0.010000
0.718025 0.824348 0.697445 0.010000
0.718057 0.864096 0.383815 0.010000
0.737345 0.869469 0.402555 0.010000
0.747429 0.887746 0.314099 0.010000
0.761934 0.886452 0.394620 0.010000
0.759719 0.902720 0.311844 0.010000
0.729022 0.895189 0.402775 0.010000
0.737611 0.914777 0.432337 0.010000
0.733651 0.919453 0.379152 0.010000
0.737321 0.918883 0.283612 0.010000
0.756545 0.921660 0.441327 0.010000
0.724715 0.914519 0.375724 0.010000
0.737001 0.917532 0.579884 0.010000
0.753884 0.932766 0.345532 0.010000
0.774318 0.929287 0.336979 0.010000
0.766473 0.930839 0.347054 0.010000
0.772970 0.944695 0.332913 0.001000
0.773734 0.947009 0.318286 0.001000
0.775047 0.948941 0.289679 0.001000
0.772930 0.949326 0.293068 0.001000
0.766365 0.948590 0.278248 0.001000
0.773847 0.950122 0.344801 0.001000
0.769653 0.951520 0.262699 0.001000
0.777506 0.950887 0.288792 0.001000
0.772483 0.953702 0.277404 0.001000
0.774470 0.952312 0.262256 0.001000
0.769846 0.953157 0.270558 0.001000
0.763811 0.953599 0.252806 0.001000
0.772563 0.955032 0.264948 0.001000
0.770205 0.956252 0.273342 0.001000
0.776171 0.956637 0.340567 0.001000
0.767618 0.955614 0.265443 0.001000
0.770786 0.957915 0.292327 0.001000
0.772090 0.956910 0.305638 0.001000
0.772408 0.958205 0.265950 0.000100
0.772280 0.958751 0.260411 0.000100
0.770017 0.958614 0.250507 0.000100
0.771675 0.959064 0.254365 0.000100
0.773023 0.958927 0.250263 0.000100
0.774127 0.959419 0.250603 0.000100
0.772537 0.959294 0.273397 0.000100
0.773671 0.959839 0.260445 0.000100
0.773665 0.959771 0.250908 0.000100
0.773629 0.959972 0.271390 0.000010
0.773593 0.959901 0.268018 0.000010
0.773367 0.959944 0.269110 0.000010
0.772989 0.959816 0.264752 0.000010
0.773533 0.959913 0.266081 0.000010
0.773431 0.959924 0.267643 0.000010
