0.624474 0.692927 0.635139 0.010000
0.630259 0.707286 0.663050 0.010000
0.689980 0.808199 0.569962 0.010000
0.722409 0.853781 0.503522 0.010000
0.718445 0.867722 0.423259 0.010000
0.743873 0.882540 0.465484 0.010000
0.757857 0.894422 0.344736 0.010000
0.750249 0.888786 0.551528 0.010000
0.738545 0.900143 0.303401 0.010000
0.745014 0.907386 0.390451 0.010000
0.764963 0.918049 0.380528 0.010000
0.757290 0.921561 0.364213 0.010000
0.767671 0.922504 0.344324 0.010000
0.775563 0.923580 0.501011 0.010000
0.759159 0.925671 0.422151 0.010000
0.780436 0.940005 0.338509 0.001000
0.779224 0.942741 0.297675 0.001000
0.781068 0.945801 0.337673 0.001000
0.785825 0.945516 0.343092 0.001000
0.785084 0.947103 0.302697 0.001000
0.786043 0.947067 0.348670 0.001000
0.783329 0.949928 0.290159 0.001000
0.784584 0.949873 0.318033 0.001000
0.787887 0.950241 0.314803 0.001000
0.783585 0.950912 0.313159 0.001000
0.788288 0.951469 0.303320 0.001000
0.783128 0.950231 0.308113 0.001000
0.784274 0.952390 0.282124 0.001000
0.785402 0.953889 0.283346 0.001000
0.784855 0.954032 0.296819 0.001000
0.783066 0.954892 0.356872 0.001000
0.775084 0.954991 0.309082 0.001000
0.785934 0.954590 0.269585 0.001000
0.784602 0.955103 0.325143 0.001000
0.782437 0.955438 0.300464 0.001000
0.786202 0.955867 0.268001 0.001000
0.776970 0.956762 0.310498 0.001000
0.778542 0.956855 0.307829 0.001000
0.783070 0.957180 0.254159 0.001000
0.770705 0.954898 0.253830 0.001000
0.777524 0.957081 0.245400 0.001000
0.776225 0.957144 0.321657 0.001000
0.783433 0.959145 0.230655 0.001000
0.780531 0.959112 0.258568 0.001000
0.782034 0.957963 0.244075 0.001000
0.771352 0.958095 0.265382 0.001000
0.779549 0.959232 0.252575 0.001000
0.766870 0.960102 0.268838 0.001000
0.773715 0.958293 0.236043 0.001000
0.776305 0.961765 0.258004 0.000100
0.779020 0.962148 0.248898 0.000100
0.778371 0.962362 0.269766 0.000100
0.777805 0.962535 0.267564 0.000100
0.777937 0.963080 0.248664 0.000100
0.777908 0.963358 0.277402 0.000100
0.778561 0.963315 0.246065 0.000010
0.778258 0.963346 0.252870 0.000010
0.777787 0.963435 0.255633 0.000010
0.777406 0.963365 0.258989 0.000010
0.778341 0.963328 0.253838 0.000010
0.778677 0.963335 0.257917 0.000010
