0.655725 0.767463 1.194389 0.010000
0.681282 0.801981 0.442993 0.010000
0.687459 0.827779 0.238694 0.010000
0.678450 0.830738 0.817417 0.010000
0.713524 0.878238 0.935619 0.010000
0.748038 0.878123 0.753514 0.010000
0.710576 0.887833 0.588543 0.010000
0.720303 0.901786 0.482534 0.010000
0.732033 0.889185 0.289183 0.010000
0.746732 0.931276 0.344598 0.001000
0.748049 0.939273 0.395203 0.001000
0.745380 0.942149 0.480225 0.001000
0.741021 0.946033 0.321691 0.001000
0.738235 0.949051 0.346893 0.001000
0.731022 0.949077 0.289428 0.001000
0.737933 0.953702 0.301537 0.000100
0.739573 0.954491 0.313281 0.000100
0.738781 0.955025 0.306282 0.000100
0.737011 0.954878 0.304333 0.000100
0.738513 0.955825 0.309823 0.000100
0.739581 0.955781 0.289674 0.000100
0.739612 0.955857 0.297351 0.000010
0.739327 0.955881 0.298157 0.000010
0.739032 0.955889 0.302788 0.000010
0.738855 0.955886 0.294080 0.000010
0.738864 0.955914 0.292101 0.000010
0.738843 0.955917 0.297005 0.000010
