0.631704 0.605903 1.706064 0.010000
0.665543 0.673214 1.111882 0.010000
0.613602 0.602853 0.888875 0.010000
0.762585 0.773022 0.518528 0.010000
0.740496 0.782785 0.361604 0.010000
0.739897 0.787508 0.409943 0.010000
0.766787 0.838115 0.372197 0.010000
0.769185 0.858826 0.358915 0.010000
0.762631 0.833764 0.316514 0.010000
0.758120 0.851961 0.605677 0.010000
0.784575 0.877934 0.263623 0.010000
0.817949 0.896155 0.302945 0.010000
0.803714 0.894208 0.443244 0.010000
0.815315 0.905067 0.489274 0.010000
0.803998 0.904975 0.641596 0.010000
0.822033 0.905763 0.832913 0.010000
0.806089 0.913389 0.531574 0.010000
0.833376 0.941225 0.474852 0.001000
0.835596 0.944925 0.460771 0.001000
0.833800 0.949877 0.299823 0.001000
0.830603 0.949121 0.347400 0.001000
0.839309 0.952694 0.228106 0.001000
0.833607 0.956859 0.257867 0.001000
0.830470 0.954080 0.324037 0.001000
0.823806 0.956271 0.272125 0.001000
0.835216 0.958321 0.258873 0.001000
0.820385 0.959009 0.214247 0.001000
0.824689 0.959210 0.378972 0.001000
0.818105 0.958389 0.440442 0.001000
0.823912 0.960475 0.197779 0.001000
0.813277 0.960742 0.365363 0.001000
0.829346 0.955607 0.469109 0.001000
0.829245 0.962025 0.217183 0.001000
0.809583 0.963738 0.189900 0.001000
0.813528 0.959017 0.283755 0.001000
0.811731 0.962751 0.240578 0.001000
0.808742 0.960373 0.400900 0.001000
0.797224 0.964971 0.274787 0.001000
0.807539 0.965197 0.193015 0.001000
0.818392 0.962725 0.466416 0.001000
0.826190 0.972108 0.242554 0.000100
0.816992 0.972919 0.222178 0.000100
0.818050 0.973005 0.229738 0.000100
0.815712 0.973185 0.234372 0.000100
0.816140 0.974181 0.244659 0.000100
0.807604 0.974711 0.228937 0.000100
0.810028 0.974756 0.226416 0.000010
0.811586 0.974792 0.219013 0.000010
0.813425 0.974689 0.217523 0.000010
0.813544 0.974713 0.216708 0.000010
0.813698 0.974701 0.216597 0.000010
0.813026 0.974739 0.215354 0.000010
