0.679908 0.711345 0.481388 0.010000
0.696425 0.751859 0.441003 0.010000
0.743161 0.808443 1.362217 0.010000
0.726092 0.825769 1.055879 0.010000
0.726912 0.817943 0.424568 0.010000
0.755910 0.845463 0.448748 0.010000
0.758454 0.849756 2.246391 0.010000
0.751930 0.870231 2.280314 0.010000
0.780633 0.879185 0.628944 0.010000
0.770636 0.888132 0.573243 0.010000
0.779095 0.878499 0.468584 0.010000
0.807236 0.935913 0.277255 0.001000
0.810211 0.941677 0.374555 0.001000
0.805593 0.944741 0.316463 0.001000
0.807503 0.949617 0.296977 0.001000
0.811530 0.950818 0.316191 0.001000
0.796936 0.952549 0.229479 0.001000
0.797483 0.951841 0.264388 0.001000
0.807440 0.951487 0.404422 0.001000
0.810271 0.957830 0.335273 0.001000
0.805943 0.955168 0.340414 0.001000
0.793432 0.951353 0.292718 0.001000
0.798552 0.957678 0.203260 0.001000
0.786261 0.956565 0.221636 0.001000
0.806324 0.956807 0.251677 0.001000
0.807844 0.960110 0.273275 0.001000
0.805737 0.955629 0.402986 0.001000
0.810905 0.959395 0.284440 0.001000
0.791856 0.956507 0.407225 0.001000
0.802050 0.966964 0.251746 0.000100
0.799706 0.968046 0.233920 0.000100
0.800771 0.968628 0.220412 0.000100
0.800028 0.967849 0.204278 0.000100
0.800042 0.968843 0.216869 0.000100
0.800100 0.969079 0.227171 0.000100
0.799946 0.969211 0.227089 0.000010
0.800248 0.969241 0.230100 0.000010
0.800368 0.969180 0.227686 0.000010
0.801095 0.969194 0.226585 0.000010
0.800911 0.969179 0.228990 0.000010
0.801122 0.969279 0.229257 0.000010
