0.660592 0.706586 0.634428 0.010000
0.717273 0.746209 0.656081 0.010000
0.748445 0.785340 0.646364 0.010000
0.759265 0.802713 0.423314 0.010000
0.764522 0.838923 0.414180 0.010000
0.759436 0.838991 0.481357 0.010000
0.778876 0.856827 0.414292 0.010000
0.775927 0.857086 0.393201 0.010000
0.783336 0.867658 0.378754 0.010000
0.776353 0.875017 0.475188 0.010000
0.782585 0.869766 0.428086 0.010000
0.790093 0.878824 0.528640 0.010000
0.783064 0.874376 0.447560 0.010000
0.791171 0.880159 0.470204 0.010000
0.791625 0.868958 0.461010 0.010000
0.807337 0.901844 0.400056 0.001000
0.810837 0.905815 0.404668 0.001000
0.813162 0.907467 0.420942 0.001000
0.810307 0.909228 0.360399 0.001000
0.799256 0.905708 0.426947 0.001000
0.821094 0.910398 0.439493 0.001000
0.814187 0.910276 0.425238 0.001000
0.807664 0.911602 0.410892 0.001000
0.807584 0.908994 0.332736 0.001000
0.797533 0.908479 0.413229 0.001000
0.812444 0.915368 0.391353 0.001000
0.802675 0.913370 0.411624 0.001000
0.808064 0.911824 0.367666 0.001000
0.810513 0.915971 0.367965 0.001000
0.815217 0.915410 0.373793 0.001000
0.812897 0.918805 0.370889 0.000100
0.811421 0.919554 0.374958 0.000100
0.812800 0.919735 0.357529 0.000100
0.812869 0.919805 0.346136 0.000100
0.813859 0.920187 0.373154 0.000100
0.813413 0.919898 0.339182 0.000100
0.813181 0.920355 0.362678 0.000010
0.813152 0.920454 0.359271 0.000010
0.812994 0.920450 0.361802 0.000010
0.813763 0.920560 0.358968 0.000010
0.813238 0.920506 0.350063 0.000010
0.813793 0.920552 0.368969 0.000010
