0.612757 0.701223 1.042094 0.010000
0.691883 0.807466 1.405977 0.010000
0.705947 0.851848 0.359474 0.010000
0.701222 0.867326 0.275888 0.010000
0.714650 0.875383 0.251506 0.010000
0.766614 0.905744 0.416172 0.010000
0.764901 0.920809 0.402175 0.010000
0.751045 0.914270 0.392804 0.010000
0.722460 0.920006 0.347822 0.010000
0.720537 0.915433 0.144467 0.010000
0.752557 0.927093 0.183829 0.010000
0.721149 0.928065 0.373900 0.010000
0.723783 0.898614 0.164973 0.010000
0.743850 0.941584 0.316756 0.010000
0.726906 0.921936 0.208070 0.010000
0.742859 0.941282 0.157582 0.010000
0.769246 0.959848 0.234626 0.001000
0.763326 0.965887 0.327385 0.001000
0.757481 0.965344 0.374429 0.001000
0.763304 0.967510 0.292457 0.001000
0.750049 0.967762 0.309482 0.001000
0.754794 0.968740 0.205693 0.001000
0.752492 0.971219 0.273881 0.000100
0.753070 0.971668 0.299617 0.000100
0.753701 0.972157 0.288745 0.000100
0.751159 0.972184 0.286635 0.000100
0.753083 0.972417 0.312345 0.000100
0.751578 0.972342 0.288546 0.000100
0.752507 0.972426 0.296995 0.000010
0.752574 0.972500 0.292662 0.000010
0.752743 0.972557 0.293769 0.000010
0.752683 0.972595 0.288842 0.000010
0.752648 0.972613 0.294400 0.000010
0.752253 0.972600 0.292103 0.000010
