0.719055 0.727488 0.333921 0.010000
0.721406 0.770789 0.354885 0.010000
0.707195 0.784419 0.573648 0.010000
0.747216 0.830492 0.382335 0.010000
0.750787 0.860250 0.693156 0.010000
0.766886 0.854213 0.365327 0.010000
0.798663 0.884424 0.687075 0.010000
0.786549 0.913650 0.371271 0.001000
0.792769 0.924566 0.379878 0.001000
0.793358 0.929593 0.415035 0.001000
0.792324 0.935067 0.352500 0.001000
0.802928 0.934059 0.294203 0.001000
0.783910 0.935875 0.240060 0.001000
0.783712 0.938785 0.340518 0.001000
0.784539 0.943434 0.421033 0.001000
0.801729 0.943049 0.475014 0.001000
0.805436 0.946130 0.450879 0.001000
0.794297 0.951328 0.318339 0.001000
0.783991 0.949395 0.275626 0.001000
0.785441 0.953709 0.328193 0.000100
0.782365 0.954374 0.310513 0.000100
0.777912 0.955381 0.273507 0.000100
0.778605 0.955213 0.311027 0.000100
0.778250 0.955767 0.304002 0.000100
0.782208 0.956278 0.277114 0.000100
0.781381 0.956415 0.287838 0.000010
0.780333 0.956470 0.280956 0.000010
0.780515 0.956602 0.281162 0.000010
0.780445 0.956650 0.278053 0.000010
0.779537 0.956694 0.276056 0.000010
0.779293 0.956849 0.281036 0.000010
