0.661428 0.676926 0.540509 0.010000
0.709842 0.726559 0.571899 0.010000
0.786026 0.756994 0.623153 0.010000
0.811147 0.804211 0.434726 0.010000
0.810637 0.806605 0.607085 0.010000
0.814989 0.819784 0.682786 0.010000
0.801181 0.823550 0.499263 0.010000
0.816718 0.849682 0.418982 0.010000
0.818350 0.856026 0.588987 0.010000
0.830343 0.856860 0.382293 0.010000
0.839154 0.867221 0.387436 0.010000
0.833027 0.875779 0.439388 0.010000
0.830739 0.872787 0.473366 0.010000
0.812608 0.879632 0.395927 0.010000
0.829937 0.877785 0.624341 0.010000
0.839842 0.887429 0.386615 0.010000
0.847163 0.902864 0.352288 0.001000
0.848796 0.904883 0.420301 0.001000
0.852651 0.908899 0.411684 0.001000
0.851940 0.907611 0.443403 0.001000
0.855005 0.909820 0.451404 0.001000
0.857040 0.911609 0.380906 0.001000
0.855912 0.913655 0.390093 0.001000
0.853636 0.914634 0.378399 0.000100
0.854828 0.915030 0.364936 0.000100
0.855409 0.914856 0.413289 0.000100
0.856037 0.915141 0.378885 0.000100
0.855383 0.914881 0.398033 0.000100
0.855698 0.914943 0.364889 0.000100
0.855784 0.915513 0.379091 0.000010
0.855540 0.915611 0.374750 0.000010
0.855847 0.915600 0.378079 0.000010
0.855814 0.915606 0.366949 0.000010
0.855755 0.915649 0.370537 0.000010
0.856529 0.915657 0.381489 0.000010
