0.679731 0.688792 0.630811 0.010000
0.700058 0.740633 0.531473 0.010000
0.769502 0.779551 0.539971 0.010000
0.786848 0.808493 0.421521 0.010000
0.784400 0.815146 0.698542 0.010000
0.804815 0.830675 0.539478 0.010000
0.809285 0.837242 0.492553 0.010000
0.819705 0.855826 0.458776 0.010000
0.827952 0.861363 0.464758 0.010000
0.814851 0.863071 0.337035 0.010000
0.814581 0.873094 0.505920 0.010000
0.826059 0.874460 0.436282 0.010000
0.836904 0.884245 0.459555 0.010000
0.845357 0.869168 0.434590 0.010000
0.835528 0.890995 0.357053 0.010000
0.831944 0.887339 0.463063 0.010000
0.855309 0.908102 0.359052 0.001000
0.857132 0.910982 0.325294 0.001000
0.857615 0.912934 0.353602 0.001000
0.855938 0.912150 0.342152 0.001000
0.863716 0.914275 0.445786 0.001000
0.862175 0.914745 0.375602 0.001000
0.861447 0.916371 0.333486 0.001000
0.860525 0.917760 0.398311 0.001000
0.861473 0.918871 0.383577 0.000100
0.861959 0.919180 0.365905 0.000100
0.862772 0.919083 0.354608 0.000100
0.862716 0.919560 0.377468 0.000100
0.862848 0.919509 0.369525 0.000100
0.862812 0.919577 0.386136 0.000100
0.862562 0.919695 0.370721 0.000010
0.862818 0.919795 0.373756 0.000010
0.862612 0.919798 0.382911 0.000010
0.862916 0.919824 0.375727 0.000010
0.863141 0.919773 0.361931 0.000010
0.862899 0.919962 0.375769 0.000010
