0.629420 0.713798 0.609599 0.010000
0.672861 0.792061 0.505582 0.010000
0.685409 0.823805 0.584294 0.010000
0.699378 0.837776 0.549318 0.010000
0.689555 0.837794 0.431108 0.010000
0.708645 0.850856 0.491699 0.010000
0.707651 0.855738 0.609021 0.010000
0.705290 0.847919 0.470517 0.010000
0.723880 0.862425 0.407466 0.010000
0.740550 0.873955 0.461451 0.010000
0.745534 0.878942 0.408401 0.010000
0.750172 0.879307 0.438372 0.010000
0.740010 0.876927 0.338246 0.010000
0.764651 0.887909 0.435353 0.010000
0.764543 0.896784 0.305446 0.010000
0.765680 0.900964 0.372085 0.010000
0.763606 0.903359 0.420032 0.010000
0.744825 0.896500 0.367619 0.010000
0.767193 0.893056 0.356168 0.010000
0.782653 0.909752 0.627514 0.010000
0.784800 0.908604 0.318476 0.010000
0.796877 0.928377 0.392763 0.001000
0.811657 0.929158 0.358045 0.001000
0.807424 0.930443 0.333883 0.001000
0.802668 0.933828 0.313009 0.001000
0.803509 0.932353 0.283947 0.001000
0.805720 0.934800 0.302352 0.001000
0.804256 0.933698 0.314849 0.001000
0.802710 0.935826 0.320570 0.001000
0.801809 0.935198 0.282328 0.001000
0.803133 0.935798 0.373248 0.001000
0.812659 0.937055 0.399630 0.001000
0.801604 0.936569 0.302987 0.001000
0.793199 0.937581 0.346564 0.001000
0.796489 0.938358 0.315364 0.001000
0.796491 0.938327 0.328095 0.001000
0.808506 0.941102 0.344197 0.000100
0.805577 0.941686 0.372724 0.000100
0.805931 0.942001 0.310583 0.000100
0.805456 0.941855 0.311313 0.000100
0.805231 0.941957 0.289776 0.000100
0.807234 0.942413 0.311089 0.000100
0.808014 0.942652 0.319015 0.000010
0.808176 0.942652 0.316911 0.000010
0.808223 0.942618 0.324522 0.000010
0.808052 0.942622 0.311225 0.000010
0.808156 0.942701 0.316022 0.000010
0.807537 0.942659 0.315170 0.000010
