0.710222 0.727408 0.546320 0.010000
0.615141 0.638185 0.234504 0.010000
0.708303 0.754567 0.867453 0.010000
0.784451 0.806026 0.406719 0.010000
0.785053 0.811109 0.981494 0.010000
0.786280 0.848120 0.925000 0.010000
0.798916 0.875864 0.848036 0.010000
0.800182 0.884981 0.640426 0.010000
0.820816 0.908661 0.751949 0.001000
0.820069 0.917892 0.605539 0.001000
0.823729 0.921685 0.519360 0.001000
0.821983 0.925148 0.370601 0.001000
0.824167 0.925429 0.594201 0.001000
0.824481 0.931009 0.549537 0.001000
0.828200 0.937825 0.401496 0.000100
0.828226 0.939337 0.393371 0.000100
0.827478 0.940476 0.398283 0.000100
0.828825 0.940554 0.389321 0.000100
0.825596 0.940869 0.371077 0.000100
0.825687 0.941385 0.387246 0.000100
0.826124 0.941848 0.367626 0.000010
0.827097 0.942015 0.376025 0.000010
0.826782 0.942107 0.373480 0.000010
0.827023 0.942183 0.368639 0.000010
0.827003 0.942256 0.370089 0.000010
0.827406 0.942317 0.369379 0.000010
