0.701154 0.664737 1.379070 0.010000
0.674962 0.658624 0.255196 0.010000
0.754880 0.818162 0.817436 0.010000
0.763297 0.813791 0.985496 0.010000
0.743851 0.831763 0.352537 0.010000
0.732940 0.840302 0.405476 0.010000
0.768356 0.882089 0.755570 0.010000
0.773292 0.891842 0.373512 0.010000
0.800188 0.921798 0.513575 0.001000
0.789402 0.919445 0.383991 0.001000
0.797354 0.933532 0.403750 0.001000
0.773501 0.932714 0.282651 0.001000
0.794003 0.936366 0.305774 0.001000
0.788126 0.940581 0.313109 0.001000
0.787444 0.944290 0.320497 0.000100
0.789821 0.945296 0.330084 0.000100
0.787945 0.945483 0.298211 0.000100
0.787735 0.946015 0.330480 0.000100
0.787507 0.946051 0.324279 0.000100
0.782106 0.946116 0.294398 0.000100
0.784462 0.946581 0.310320 0.000010
0.784869 0.946693 0.311930 0.000010
0.785364 0.946729 0.314387 0.000010
0.785638 0.946724 0.313332 0.000010
0.785966 0.946765 0.314381 0.000010
0.785593 0.946843 0.313597 0.000010
