0.599497 0.655231 0.870730 0.010000
0.671897 0.742587 0.997402 0.010000
0.688518 0.798207 0.705829 0.010000
0.696251 0.815864 1.493659 0.010000
0.718117 0.856238 0.833260 0.010000
0.729822 0.845179 0.703608 0.010000
0.701402 0.868519 0.280792 0.010000
0.701594 0.862202 0.201581 0.010000
0.723934 0.900969 0.428294 0.010000
0.721628 0.880989 0.264778 0.010000
0.739402 0.917990 1.016599 0.010000
0.730170 0.882865 0.172241 0.010000
0.726496 0.922309 1.068774 0.010000
0.721758 0.916363 0.311167 0.010000
0.734663 0.923342 0.380846 0.010000
0.727206 0.901261 0.170480 0.010000
0.724873 0.931342 0.695812 0.010000
0.741738 0.936072 0.468367 0.010000
0.730586 0.908327 1.002465 0.010000
0.725109 0.918317 0.219113 0.010000
0.747539 0.939431 0.596874 0.010000
0.720713 0.920901 0.152800 0.010000
0.739701 0.933341 0.459726 0.010000
0.705489 0.917016 0.342381 0.010000
0.728556 0.942507 0.380726 0.010000
0.725706 0.936617 0.381841 0.010000
0.663409 0.901816 0.369900 0.010000
0.692109 0.911192 0.689301 0.010000
0.753285 0.962411 0.359385 0.001000
0.745029 0.965859 0.291974 0.001000
0.747703 0.969636 0.337471 0.001000
0.737886 0.969037 0.352435 0.001000
0.738549 0.971683 0.324952 0.001000
0.749184 0.972355 0.321616 0.001000
0.746496 0.974678 0.289316 0.000100
0.746654 0.975414 0.261997 0.000100
0.745481 0.975561 0.262250 0.000100
0.746858 0.975583 0.276902 0.000100
0.744935 0.975574 0.270200 0.000100
0.743366 0.976252 0.255718 0.000100
0.743684 0.976195 0.263166 0.000010
0.743516 0.976221 0.265667 0.000010
0.743502 0.976267 0.271707 0.000010
0.743733 0.976248 0.270875 0.000010
0.743888 0.976264 0.265624 0.000010
0.744062 0.976197 0.268027 0.000010
