0.741011 0.787978 0.367641 0.010000
0.746434 0.797382 0.256454 0.010000
0.697009 0.719392 0.231264 0.010000
0.765567 0.867448 0.170642 0.010000
0.728380 0.826998 0.217177 0.010000
0.824510 0.914534 0.285492 0.010000
0.748827 0.854076 0.569773 0.010000
0.840415 0.923500 0.714372 0.010000
0.830580 0.908940 0.627660 0.010000
0.853340 0.932257 0.241229 0.010000
0.865308 0.954649 0.549419 0.001000
0.859542 0.959299 0.415176 0.001000
0.852758 0.960181 0.535744 0.001000
0.862982 0.963378 0.354082 0.001000
0.854933 0.965578 0.400522 0.001000
0.838808 0.964401 0.171379 0.001000
0.848196 0.970081 0.227954 0.000100
0.850858 0.971336 0.256240 0.000100
0.854122 0.971770 0.251182 0.000100
0.854681 0.972092 0.233967 0.000100
0.856751 0.972201 0.250082 0.000100
0.856176 0.972188 0.254236 0.000100
0.855023 0.972503 0.245014 0.000010
0.854822 0.972576 0.241225 0.000010
0.854341 0.972623 0.239104 0.000010
0.854576 0.972652 0.240947 0.000010
0.854098 0.972693 0.238261 0.000010
0.854296 0.972742 0.240292 0.000010
