0.678618 0.782902 0.511064 0.010000
0.696875 0.850557 0.194640 0.010000
0.761680 0.890576 0.823764 0.010000
0.755918 0.899816 0.246406 0.010000
0.755898 0.904184 0.765333 0.010000
0.757915 0.914228 0.219726 0.010000
0.744132 0.895442 0.904127 0.010000
0.784356 0.924632 0.259662 0.010000
0.799462 0.951115 0.357574 0.001000
0.801116 0.959979 0.262283 0.001000
0.784191 0.962057 0.195424 0.001000
0.798122 0.964336 0.175465 0.001000
0.796543 0.965581 0.362663 0.001000
0.785078 0.966175 0.278229 0.001000
0.788635 0.967947 0.174357 0.001000
0.777671 0.964556 0.139630 0.001000
0.778025 0.966862 0.141513 0.001000
0.796615 0.972307 0.271081 0.001000
0.777491 0.972363 0.178594 0.001000
0.791278 0.972842 0.301317 0.001000
0.772998 0.974246 0.201217 0.001000
0.790560 0.971186 0.197685 0.001000
0.785895 0.978363 0.185950 0.000100
0.781066 0.978642 0.193624 0.000100
0.782076 0.978978 0.224972 0.000100
0.781258 0.979415 0.221015 0.000100
0.777964 0.979557 0.194243 0.000100
0.779438 0.979594 0.187466 0.000100
0.780187 0.980045 0.199234 0.000010
0.779715 0.980155 0.201961 0.000010
0.779225 0.980179 0.198949 0.000010
0.778585 0.980231 0.198095 0.000010
0.779984 0.980237 0.198235 0.000010
0.778452 0.980241 0.191187 0.000010
