0.747963 0.767213 0.292194 0.010000
0.752477 0.819784 1.123215 0.010000
0.750204 0.813184 0.232417 0.010000
0.766457 0.837211 1.184495 0.010000
0.768423 0.833001 0.456172 0.010000
0.779636 0.867004 1.903476 0.010000
0.773832 0.889890 0.820217 0.010000
0.809652 0.885768 0.802685 0.010000
0.810200 0.897166 1.022797 0.010000
0.811281 0.940642 0.538834 0.001000
0.794999 0.945972 0.587540 0.001000
0.797437 0.949451 0.397861 0.001000
0.783699 0.952295 0.283021 0.001000
0.788541 0.956876 0.332161 0.001000
0.794855 0.953713 0.424096 0.001000
0.800037 0.963804 0.276644 0.000100
0.803034 0.964692 0.259777 0.000100
0.797813 0.965071 0.247866 0.000100
0.802117 0.965239 0.290148 0.000100
0.805790 0.965573 0.267765 0.000100
0.804897 0.965786 0.274397 0.000100
0.803264 0.966095 0.259060 0.000010
0.802051 0.966150 0.258822 0.000010
0.801695 0.966177 0.257367 0.000010
0.802280 0.966239 0.254069 0.000010
0.802465 0.966268 0.257750 0.000010
0.803076 0.966348 0.249906 0.000010
