0.759835 0.767694 0.643778 0.010000
0.725747 0.788540 0.578195 0.010000
0.775732 0.801298 1.961000 0.010000
0.789374 0.870327 0.861789 0.010000
0.824438 0.875933 1.442517 0.010000
0.806459 0.875009 1.526831 0.010000
0.790803 0.876391 0.833138 0.010000
0.787422 0.903298 0.435129 0.010000
0.804563 0.908543 0.378875 0.010000
0.825496 0.914225 0.456977 0.010000
0.831127 0.898678 1.302426 0.010000
0.833389 0.919502 0.690478 0.010000
0.811804 0.935812 0.294692 0.010000
0.852632 0.946747 0.285701 0.010000
0.846770 0.938360 0.255028 0.010000
0.783644 0.936613 0.332303 0.010000
0.787668 0.928576 0.299629 0.010000
0.823952 0.924356 0.252478 0.010000
0.811267 0.928064 0.372122 0.010000
0.828377 0.936366 0.310802 0.010000
0.823672 0.944797 0.219381 0.010000
0.825127 0.928139 0.216728 0.010000
0.780059 0.927822 0.273960 0.010000
0.808276 0.949058 0.169579 0.010000
0.826113 0.933883 0.637984 0.010000
0.798669 0.942262 0.155495 0.010000
0.746516 0.838878 0.323039 0.010000
0.821688 0.937291 0.171875 0.010000
0.782200 0.948753 0.167928 0.010000
0.817172 0.944804 0.271875 0.010000
0.844512 0.953278 0.726144 0.010000
0.817088 0.954051 0.156981 0.010000
0.836210 0.974036 0.225796 0.001000
0.834400 0.975864 0.253187 0.001000
0.833576 0.977261 0.200939 0.001000
0.839710 0.979396 0.317768 0.001000
0.830567 0.976541 0.187333 0.001000
0.826657 0.979499 0.243513 0.001000
0.833635 0.981632 0.218154 0.000100
0.826771 0.982121 0.187841 0.000100
0.824587 0.982440 0.174904 0.000100
0.827342 0.982659 0.185066 0.000100
0.827230 0.982742 0.177016 0.000100
0.827579 0.983048 0.198416 0.000100
0.826393 0.983071 0.184723 0.000010
0.826311 0.983086 0.186483 0.000010
0.826025 0.983093 0.182358 0.000010
0.826790 0.983088 0.184724 0.000010
0.826570 0.983104 0.180723 0.000010
0.826619 0.983132 0.179913 0.000010
