0.684582 0.711013 0.732617 0.010000
0.765542 0.810564 0.390964 0.010000
0.800518 0.858037 0.607547 0.010000
0.764295 0.843491 0.389352 0.010000
0.815438 0.893929 0.348127 0.010000
0.809443 0.898165 0.552715 0.010000
0.807930 0.901575 0.675967 0.010000
0.822087 0.915812 0.356523 0.010000
0.828783 0.910583 0.313777 0.010000
0.818971 0.911888 0.455221 0.010000
0.822516 0.919995 0.309183 0.010000
0.828771 0.925845 0.382137 0.010000
0.828237 0.925112 0.417869 0.010000
0.804654 0.917951 0.625409 0.010000
0.801538 0.929708 0.318054 0.010000
0.812747 0.930998 0.280274 0.010000
0.776867 0.929862 0.250649 0.010000
0.819448 0.937588 0.371290 0.010000
0.810421 0.935703 0.248658 0.010000
0.821793 0.932379 0.303981 0.010000
0.799109 0.939236 0.298502 0.010000
0.805651 0.927835 0.557127 0.010000
0.817321 0.938612 0.352950 0.010000
0.808961 0.942199 0.413216 0.010000
0.816836 0.943746 0.350945 0.010000
0.810582 0.959517 0.267111 0.001000
0.823486 0.961812 0.266488 0.001000
0.822318 0.963140 0.299782 0.001000
0.823054 0.964069 0.264707 0.001000
0.815340 0.962276 0.291107 0.001000
0.817293 0.964806 0.211424 0.001000
0.820071 0.964918 0.272075 0.001000
0.818601 0.965346 0.264211 0.001000
0.817850 0.966422 0.282132 0.001000
0.818002 0.965787 0.238171 0.001000
0.822812 0.966852 0.296074 0.001000
0.818393 0.967040 0.264637 0.001000
0.819677 0.968664 0.250023 0.000100
0.820095 0.968696 0.263052 0.000100
0.817978 0.968714 0.241398 0.000100
0.818788 0.969088 0.231017 0.000100
0.820733 0.969356 0.278005 0.000100
0.818768 0.969337 0.227072 0.000100
0.819010 0.969416 0.243081 0.000010
0.819563 0.969453 0.253709 0.000010
0.819476 0.969458 0.248308 0.000010
0.818971 0.969403 0.253262 0.000010
0.818478 0.969400 0.243710 0.000010
0.818662 0.969419 0.248747 0.000010
