0.659947 0.730803 0.761487 0.010000
0.730826 0.814355 0.678594 0.010000
0.753101 0.829486 0.401833 0.010000
0.792551 0.880594 0.346740 0.010000
0.772994 0.882064 0.267129 0.010000
0.807078 0.902153 0.529681 0.010000
0.818894 0.909510 0.607359 0.010000
0.834009 0.910525 0.393290 0.010000
0.846022 0.918252 0.505077 0.010000
0.831887 0.927253 0.399187 0.010000
0.839317 0.925419 0.292614 0.010000
0.847752 0.943118 0.318752 0.001000
0.852761 0.945123 0.287207 0.001000
0.849920 0.946275 0.321637 0.001000
0.851799 0.947521 0.332930 0.001000
0.847614 0.949598 0.270531 0.001000
0.839661 0.950683 0.343024 0.001000
0.843133 0.951956 0.311092 0.000100
0.842721 0.952141 0.323206 0.000100
0.844041 0.952304 0.303006 0.000100
0.844415 0.952587 0.308599 0.000100
0.840886 0.952590 0.264985 0.000100
0.842650 0.952852 0.296462 0.000100
0.842905 0.953031 0.310737 0.000100
0.844343 0.953068 0.307943 0.000100
0.841851 0.953084 0.290379 0.000100
0.840964 0.952919 0.293192 0.000100
0.841425 0.953314 0.297358 0.000100
0.841382 0.953380 0.294660 0.000010
0.841920 0.953415 0.306043 0.000010
0.841781 0.953390 0.297627 0.000010
0.842183 0.953410 0.304009 0.000010
0.842029 0.953434 0.302437 0.000010
0.841676 0.953436 0.298289 0.000010
