0.649797 0.646031 0.684781 0.010000
0.689615 0.693954 0.631830 0.010000
0.741239 0.761433 0.680329 0.010000
0.735249 0.780479 0.527232 0.010000
0.729291 0.780489 0.498194 0.010000
0.765819 0.802097 0.548631 0.010000
0.783653 0.842915 0.447121 0.010000
0.772475 0.852615 0.695093 0.010000
0.781349 0.836721 0.482329 0.010000
0.794462 0.851024 0.480351 0.010000
0.788277 0.863016 0.396856 0.010000
0.789647 0.876064 0.381078 0.010000
0.796791 0.878786 0.350310 0.010000
0.800362 0.866464 0.389839 0.010000
0.793650 0.887100 0.333488 0.010000
0.783370 0.858883 0.446947 0.010000
0.802226 0.893999 0.364033 0.010000
0.792463 0.899081 0.418571 0.010000
0.781727 0.888657 0.466855 0.010000
0.819822 0.871126 0.506631 0.010000
0.794367 0.902708 0.515112 0.010000
0.814297 0.916107 0.400702 0.001000
0.802498 0.919080 0.382791 0.001000
0.804026 0.919097 0.376634 0.001000
0.802103 0.920725 0.397681 0.001000
0.803189 0.921249 0.417581 0.001000
0.794859 0.922591 0.321327 0.001000
0.800927 0.923841 0.388166 0.001000
0.803628 0.923388 0.350278 0.001000
0.803399 0.923984 0.345180 0.001000
0.797023 0.922922 0.335121 0.001000
0.803826 0.925348 0.383125 0.001000
0.797880 0.924334 0.312365 0.001000
0.799209 0.923651 0.299557 0.001000
0.807358 0.924534 0.358473 0.001000
0.800299 0.923960 0.381757 0.001000
0.797573 0.925096 0.335062 0.001000
0.798598 0.925192 0.300330 0.001000
0.803075 0.927437 0.337282 0.001000
0.799971 0.928279 0.396216 0.001000
0.803789 0.930492 0.362887 0.000100
0.801387 0.931236 0.347539 0.000100
0.800293 0.931371 0.377550 0.000100
0.799716 0.931163 0.339677 0.000100
0.798660 0.931865 0.359963 0.000100
0.801096 0.931961 0.365510 0.000100
0.801096 0.932212 0.352145 0.000010
0.800338 0.932195 0.353177 0.000010
0.799819 0.932005 0.346293 0.000010
0.800908 0.932063 0.340650 0.000010
0.800063 0.932026 0.342469 0.000010
0.800011 0.931995 0.345677 0.000010
