0.596692 0.658005 0.663491 0.010000
0.640401 0.703036 0.652060 0.010000
0.697409 0.793124 0.519235 0.010000
0.718307 0.812134 0.493122 0.010000
0.717535 0.826210 0.441690 0.010000
0.732367 0.840111 0.581258 0.010000
0.756129 0.850546 0.366472 0.010000
0.763381 0.874281 0.537409 0.010000
0.736695 0.866874 0.439317 0.010000
0.739984 0.879642 0.475815 0.010000
0.768491 0.894469 0.410671 0.010000
0.761021 0.894163 0.396908 0.010000
0.785842 0.905956 0.413414 0.010000
0.790428 0.916533 0.372730 0.001000
0.783377 0.916540 0.379965 0.001000
0.788459 0.922748 0.374930 0.001000
0.793078 0.920981 0.395587 0.001000
0.797433 0.923371 0.449583 0.001000
0.784967 0.923920 0.302305 0.001000
0.783825 0.925675 0.308680 0.001000
0.786549 0.925972 0.339140 0.001000
0.776932 0.921660 0.336451 0.001000
0.779751 0.922279 0.322783 0.001000
0.795075 0.926742 0.391037 0.001000
0.781573 0.925270 0.390325 0.001000
0.790176 0.931532 0.335478 0.000100
0.788808 0.931794 0.307170 0.000100
0.786332 0.931578 0.313831 0.000100
0.793796 0.932417 0.350838 0.000100
0.791152 0.931968 0.331185 0.000100
0.790707 0.931532 0.343522 0.000100
0.790425 0.931736 0.337615 0.000010
0.790743 0.931883 0.340460 0.000010
0.791208 0.932098 0.346847 0.000010
0.790093 0.932006 0.337382 0.000010
0.790719 0.932226 0.346524 0.000010
0.791399 0.932080 0.354301 0.000010
