0.719832 0.733131 0.477269 0.010000
0.631703 0.678497 0.411702 0.010000
0.706115 0.769907 0.281814 0.010000
0.754544 0.819293 0.980019 0.010000
0.768835 0.823668 1.766395 0.010000
0.759989 0.835743 1.528246 0.010000
0.797589 0.861522 0.674316 0.010000
0.815483 0.885997 0.752606 0.010000
0.816006 0.901277 0.251054 0.010000
0.825135 0.915777 0.293290 0.010000
0.851110 0.911694 0.813201 0.010000
0.823941 0.907905 0.715135 0.010000
0.783313 0.907526 0.366994 0.010000
0.836052 0.923862 0.167335 0.010000
0.836720 0.926059 0.371446 0.010000
0.837805 0.923791 0.326595 0.010000
0.812771 0.902570 0.578054 0.010000
0.840239 0.928207 0.368306 0.010000
0.791687 0.892006 0.759234 0.010000
0.826425 0.935989 0.223228 0.010000
0.860821 0.961449 0.235511 0.001000
0.859309 0.959934 0.290978 0.001000
0.856220 0.963040 0.162573 0.001000
0.847184 0.963429 0.304536 0.001000
0.852781 0.966821 0.212479 0.001000
0.839190 0.965813 0.161991 0.001000
0.842045 0.968277 0.169244 0.001000
0.839210 0.967009 0.306627 0.001000
0.833233 0.959269 0.369644 0.001000
0.827225 0.967324 0.181501 0.001000
0.845615 0.965727 0.171807 0.001000
0.838707 0.969559 0.217030 0.001000
0.837818 0.973284 0.178467 0.000100
0.839426 0.973574 0.186449 0.000100
0.838903 0.973186 0.176673 0.000100
0.839477 0.973736 0.187671 0.000100
0.841094 0.973497 0.187832 0.000100
0.841173 0.974224 0.173980 0.000100
0.841019 0.974448 0.184652 0.000010
0.840562 0.974448 0.185624 0.000010
0.840859 0.974560 0.183074 0.000010
0.840913 0.974598 0.184556 0.000010
0.840445 0.974564 0.183656 0.000010
0.840458 0.974608 0.182856 0.000010
