0.665297 0.676971 0.750538 0.010000
0.702401 0.727919 0.556335 0.010000
0.746361 0.767565 0.486867 0.010000
0.766223 0.803061 0.750276 0.010000
0.736320 0.799431 0.593604 0.010000
0.770840 0.824563 0.565578 0.010000
0.788766 0.851934 0.559418 0.010000
0.773423 0.847111 0.459854 0.010000
0.807205 0.860603 0.500626 0.010000
0.792706 0.861366 0.491389 0.010000
0.797248 0.868124 0.568968 0.010000
0.796789 0.873419 0.513836 0.010000
0.785408 0.872467 0.366135 0.010000
0.799365 0.867396 0.669145 0.010000
0.813693 0.882191 0.528181 0.010000
0.809498 0.880428 0.516009 0.010000
0.814915 0.892756 0.438468 0.010000
0.800316 0.896842 0.470006 0.010000
0.813248 0.894203 0.423349 0.010000
0.825773 0.917130 0.389218 0.001000
0.829035 0.920280 0.408524 0.001000
0.825928 0.922037 0.356046 0.001000
0.826893 0.919942 0.314424 0.001000
0.823801 0.921697 0.384290 0.001000
0.828768 0.922436 0.380964 0.001000
0.828116 0.920912 0.426919 0.001000
0.821604 0.924193 0.357666 0.001000
0.824242 0.924824 0.348105 0.001000
0.829718 0.926549 0.356526 0.001000
0.828223 0.928966 0.371974 0.000100
0.826481 0.929011 0.382244 0.000100
0.825721 0.929223 0.359925 0.000100
0.824435 0.929459 0.338738 0.000100
0.825734 0.929651 0.354850 0.000100
0.828350 0.929824 0.364579 0.000100
0.826716 0.929820 0.354657 0.000010
0.826345 0.929849 0.358455 0.000010
0.825952 0.929870 0.356651 0.000010
0.826679 0.929904 0.357244 0.000010
0.826934 0.929944 0.361412 0.000010
0.825959 0.929933 0.351933 0.000010
