0.644091 0.669179 0.774783 0.010000
0.697671 0.743487 0.701484 0.010000
0.739818 0.767281 0.692361 0.010000
0.784527 0.812474 0.511786 0.010000
0.770341 0.817319 0.650996 0.010000
0.779232 0.825008 0.505904 0.010000
0.779546 0.842188 0.592587 0.010000
0.784929 0.851342 0.475419 0.010000
0.802831 0.859160 0.368685 0.010000
0.796529 0.867436 0.455061 0.010000
0.789005 0.867148 0.676075 0.010000
0.790994 0.873335 0.397257 0.010000
0.815570 0.891066 0.376645 0.010000
0.812171 0.884550 0.404384 0.010000
0.802187 0.889709 0.474418 0.010000
0.817871 0.915687 0.388892 0.001000
0.821728 0.918983 0.338520 0.001000
0.826383 0.921218 0.417349 0.001000
0.828298 0.922651 0.400573 0.001000
0.823051 0.924760 0.367546 0.001000
0.827047 0.923135 0.339653 0.001000
0.829951 0.924557 0.343376 0.001000
0.827448 0.927117 0.402125 0.001000
0.827805 0.928501 0.343558 0.000100
0.829463 0.929098 0.380618 0.000100
0.830293 0.929132 0.358503 0.000100
0.830839 0.929431 0.352729 0.000100
0.828002 0.929606 0.327010 0.000100
0.828932 0.929733 0.359164 0.000100
0.829505 0.929887 0.348901 0.000100
0.829903 0.929666 0.325413 0.000100
0.828825 0.930260 0.353247 0.000100
0.831474 0.930154 0.378515 0.000100
0.831480 0.930556 0.347518 0.000100
0.829295 0.930034 0.345222 0.000100
0.830147 0.930277 0.348094 0.000100
0.829718 0.930995 0.355335 0.000100
0.829818 0.931123 0.351914 0.000010
0.830401 0.931121 0.339978 0.000010
0.830482 0.931051 0.344107 0.000010
0.830328 0.931116 0.346671 0.000010
0.830391 0.931111 0.350585 0.000010
0.830501 0.931100 0.347276 0.000010
