0.700716 0.717863 0.997072 0.010000
0.742154 0.803380 0.495662 0.010000
0.766022 0.831466 0.564967 0.010000
0.778653 0.850017 0.498017 0.010000
0.801674 0.848783 0.643298 0.010000
0.829211 0.880689 0.398903 0.010000
0.831535 0.877629 0.473184 0.010000
0.833097 0.880350 0.494934 0.010000
0.814363 0.890833 0.385538 0.010000
0.832006 0.893693 0.318802 0.010000
0.833548 0.891263 0.415298 0.010000
0.830681 0.894426 0.372493 0.010000
0.831529 0.901655 0.427780 0.010000
0.831112 0.909236 0.371698 0.010000
0.846136 0.906716 0.343050 0.010000
0.829158 0.904081 0.346927 0.010000
0.856555 0.931094 0.345475 0.001000
0.855770 0.934292 0.354649 0.001000
0.856184 0.935717 0.307457 0.001000
0.857589 0.937419 0.298659 0.001000
0.862896 0.936898 0.273312 0.001000
0.862790 0.938661 0.369847 0.001000
0.862890 0.940602 0.317374 0.001000
0.857950 0.941333 0.408092 0.001000
0.861790 0.942073 0.369205 0.001000
0.854942 0.941698 0.326629 0.001000
0.861260 0.944029 0.341732 0.001000
0.862986 0.945314 0.332658 0.000100
0.861994 0.945384 0.321810 0.000100
0.861722 0.945675 0.319598 0.000100
0.864102 0.945751 0.332767 0.000100
0.862663 0.946063 0.324860 0.000100
0.863806 0.946208 0.309239 0.000100
0.863472 0.946327 0.309758 0.000010
0.863178 0.946283 0.308109 0.000010
0.862958 0.946359 0.313418 0.000010
0.863001 0.946284 0.311953 0.000010
0.863290 0.946269 0.311005 0.000010
0.862987 0.946308 0.310633 0.000010
