0.625994 0.764963 0.585555 0.010000
0.662785 0.817775 0.503141 0.010000
0.714402 0.848326 0.521478 0.010000
0.695521 0.859597 0.385999 0.010000
0.749878 0.887916 0.472989 0.010000
0.744154 0.889249 0.484635 0.010000
0.754544 0.899864 0.519203 0.010000
0.748369 0.909174 0.552327 0.010000
0.720704 0.912197 0.352065 0.010000
0.762870 0.916180 0.301516 0.010000
0.737381 0.916689 0.391688 0.010000
0.748565 0.919289 0.299507 0.010000
0.748179 0.921404 0.361100 0.010000
0.749281 0.928933 0.327692 0.010000
0.744423 0.932580 0.313912 0.010000
0.715292 0.930763 0.299242 0.010000
0.764149 0.930537 0.424316 0.010000
0.732257 0.931727 0.292192 0.010000
0.741620 0.924625 0.385452 0.010000
0.742035 0.939576 0.306846 0.010000
0.719866 0.928193 0.354138 0.010000
0.749015 0.940834 0.380869 0.010000
0.746466 0.935171 0.430866 0.010000
0.764554 0.929726 0.313827 0.010000
0.759291 0.954604 0.302991 0.001000
0.754642 0.957125 0.301169 0.001000
0.762512 0.958036 0.245694 0.001000
0.760572 0.959198 0.274633 0.001000
0.763987 0.959115 0.261009 0.001000
0.765246 0.960723 0.297883 0.001000
0.759738 0.960641 0.257065 0.001000
0.762300 0.961537 0.299300 0.001000
0.763379 0.961069 0.227930 0.001000
0.766285 0.961618 0.246855 0.001000
0.766337 0.962779 0.252008 0.001000
0.759400 0.962976 0.208956 0.001000
0.765650 0.963236 0.257780 0.001000
0.765469 0.963602 0.286007 0.001000
0.766788 0.963603 0.212919 0.001000
0.770367 0.964810 0.278062 0.001000
0.753129 0.964660 0.239990 0.001000
0.763678 0.964868 0.243011 0.001000
0.763046 0.966059 0.244573 0.000100
0.767775 0.966246 0.245685 0.000100
0.769401 0.966407 0.234867 0.000100
0.770367 0.966490 0.246767 0.000100
0.766974 0.966919 0.265687 0.000100
0.768864 0.966767 0.269792 0.000100
0.767163 0.966849 0.247183 0.000010
0.767310 0.966902 0.248235 0.000010
0.767438 0.966931 0.253928 0.000010
0.766796 0.966930 0.244051 0.000010
0.767284 0.966945 0.248290 0.000010
0.767201 0.966970 0.247854 0.000010
