0.750493 0.730045 0.656917 0.010000
0.800901 0.798178 0.528814 0.010000
0.792534 0.832041 0.399510 0.010000
0.816522 0.850241 0.513188 0.010000
0.809289 0.868297 0.440988 0.010000
0.806568 0.859398 0.411248 0.010000
0.836618 0.885281 0.390436 0.010000
0.836533 0.892494 0.407449 0.010000
0.831488 0.889461 0.452217 0.010000
0.837180 0.889312 0.458261 0.010000
0.803145 0.897380 0.374629 0.010000
0.838513 0.905756 0.401197 0.010000
0.801787 0.908312 0.386514 0.010000
0.831954 0.907757 0.362059 0.010000
0.826715 0.903028 0.347203 0.010000
0.820559 0.908909 0.346305 0.010000
0.841742 0.918435 0.428229 0.010000
0.817578 0.919991 0.371738 0.010000
0.827449 0.923586 0.334717 0.010000
0.837200 0.923337 0.409559 0.010000
0.834577 0.915388 0.415615 0.010000
0.822178 0.926658 0.399783 0.010000
0.828000 0.921859 0.317136 0.010000
0.831839 0.923036 0.328809 0.010000
0.830120 0.930964 0.323238 0.010000
0.850283 0.930380 0.349269 0.010000
0.850392 0.923409 0.625826 0.010000
0.824747 0.921109 0.347181 0.010000
0.839664 0.932304 0.322782 0.010000
0.842197 0.949733 0.259769 0.001000
0.840141 0.951777 0.285698 0.001000
0.829023 0.952659 0.270383 0.001000
0.831388 0.954108 0.269919 0.001000
0.830593 0.954386 0.256042 0.001000
0.836372 0.955718 0.292770 0.001000
0.834852 0.957394 0.284745 0.001000
0.832886 0.955839 0.292653 0.001000
0.836279 0.957582 0.340894 0.001000
0.826800 0.957316 0.285426 0.001000
0.831671 0.957860 0.314666 0.001000
0.833598 0.960379 0.272102 0.000100
0.832365 0.960401 0.260832 0.000100
0.831066 0.960717 0.259131 0.000100
0.835634 0.961071 0.272629 0.000100
0.832692 0.960887 0.264444 0.000100
0.832476 0.961195 0.283930 0.000100
0.831964 0.961236 0.266044 0.000010
0.832399 0.961293 0.262123 0.000010
0.831857 0.961300 0.265114 0.000010
0.831979 0.961311 0.268811 0.000010
0.832943 0.961317 0.266821 0.000010
0.832420 0.961384 0.269438 0.000010
