0.586167 0.558710 0.572798 0.010000
0.745722 0.741397 0.936924 0.010000
0.656426 0.682769 0.852110 0.010000
0.789288 0.823948 0.373479 0.010000
0.776402 0.838658 0.395653 0.010000
0.804951 0.857620 0.576847 0.010000
0.792508 0.864375 0.758729 0.010000
0.793684 0.857637 1.264632 0.010000
0.794492 0.880243 0.612025 0.010000
0.800839 0.898540 0.671085 0.010000
0.818598 0.930887 0.413022 0.001000
0.808861 0.935902 0.406112 0.001000
0.816906 0.941338 0.373952 0.001000
0.799889 0.942613 0.323061 0.001000
0.814592 0.945636 0.422433 0.001000
0.798377 0.946147 0.432017 0.001000
0.819481 0.947694 0.399003 0.001000
0.796819 0.948055 0.457330 0.001000
0.791133 0.949095 0.361282 0.001000
0.801734 0.949243 0.365098 0.001000
0.799680 0.955971 0.318148 0.000100
0.800027 0.956508 0.307474 0.000100
0.798338 0.957189 0.293342 0.000100
0.801128 0.957453 0.296748 0.000100
0.801180 0.957266 0.269434 0.000100
0.800555 0.957327 0.273381 0.000100
0.799729 0.957883 0.281834 0.000100
0.801229 0.958042 0.293949 0.000100
0.798535 0.957316 0.265552 0.000100
0.801342 0.958653 0.274483 0.000100
0.797624 0.958908 0.291407 0.000100
0.795277 0.958684 0.261673 0.000100
0.790578 0.958209 0.302171 0.000100
0.793718 0.958917 0.287406 0.000100
0.795058 0.958948 0.260082 0.000100
0.791598 0.958736 0.270046 0.000100
0.798720 0.959710 0.271095 0.000100
0.794513 0.959413 0.280491 0.000100
0.798691 0.959428 0.277187 0.000100
0.796647 0.959805 0.236949 0.000100
0.797614 0.960071 0.287850 0.000100
0.796957 0.960120 0.282292 0.000100
0.796568 0.959895 0.281513 0.000100
0.800839 0.960594 0.277004 0.000100
0.798581 0.960477 0.272854 0.000100
0.800151 0.960500 0.295720 0.000100
0.798685 0.960446 0.269401 0.000010
0.797992 0.960641 0.264504 0.000010
0.797249 0.960572 0.259135 0.000010
0.797340 0.960634 0.260051 0.000010
0.797291 0.960652 0.258627 0.000010
0.796323 0.960628 0.259707 0.000010
