0.680445 0.653368 0.296694 0.010000
0.733642 0.779795 0.250426 0.010000
0.773447 0.814407 0.276456 0.010000
0.773896 0.806696 0.366667 0.010000
0.774635 0.843326 0.517369 0.010000
0.787648 0.870874 0.465230 0.010000
0.800108 0.858477 0.422327 0.010000
0.795970 0.890755 0.563319 0.010000
0.819293 0.919283 0.488565 0.001000
0.820516 0.926054 0.350505 0.001000
0.816063 0.929957 0.429524 0.001000
0.817299 0.934138 0.339682 0.001000
0.831438 0.935161 0.509013 0.001000
0.825095 0.936032 0.469721 0.001000
0.829161 0.943060 0.354070 0.000100
0.831273 0.944080 0.348729 0.000100
0.831785 0.944530 0.321426 0.000100
0.832069 0.944607 0.328955 0.000100
0.833627 0.945045 0.319986 0.000100
0.831364 0.945351 0.336977 0.000100
0.831622 0.945691 0.329523 0.000010
0.831880 0.945619 0.330229 0.000010
0.831920 0.945598 0.331029 0.000010
0.832186 0.945551 0.328359 0.000010
0.832173 0.945672 0.323942 0.000010
0.831843 0.945694 0.331571 0.000010
