0.623168 0.752351 0.898540 0.010000
0.641597 0.773664 0.737698 0.010000
0.543673 0.694028 1.670371 0.010000
0.574478 0.746323 0.902157 0.010000
0.709530 0.837210 0.506746 0.010000
0.719175 0.863268 0.475254 0.010000
0.718596 0.848955 1.242725 0.010000
0.722980 0.877654 0.329351 0.010000
0.710088 0.859415 0.271517 0.010000
0.718887 0.899143 0.367594 0.010000
0.719382 0.896042 0.904248 0.010000
0.758246 0.911057 0.650256 0.010000
0.708669 0.911499 0.412395 0.010000
0.732906 0.904490 0.941029 0.010000
0.731159 0.915277 0.279803 0.010000
0.754664 0.947382 0.365274 0.001000
0.749143 0.949297 0.419033 0.001000
0.739525 0.951084 0.390413 0.001000
0.729508 0.952510 0.369388 0.001000
0.724821 0.954597 0.418660 0.001000
0.737606 0.957856 0.412871 0.001000
0.725553 0.958007 0.396341 0.000100
0.719991 0.958254 0.379967 0.000100
0.720506 0.958939 0.362742 0.000100
0.719949 0.959153 0.364336 0.000100
0.715686 0.959194 0.353522 0.000100
0.716490 0.959106 0.322851 0.000100
0.716485 0.959293 0.342872 0.000010
0.715479 0.959267 0.349499 0.000010
0.715152 0.959290 0.357287 0.000010
0.714452 0.959152 0.356773 0.000010
0.714163 0.959126 0.351962 0.000010
0.714250 0.959138 0.352396 0.000010
