0.678528 0.663206 0.703989 0.010000
0.693904 0.735276 0.568497 0.010000
0.691512 0.710056 0.657814 0.010000
0.744397 0.777293 0.504900 0.010000
0.779601 0.790221 0.621877 0.010000
0.765885 0.798018 0.571976 0.010000
0.775515 0.811360 0.499067 0.010000
0.799368 0.816005 0.516962 0.010000
0.783858 0.819077 0.459882 0.010000
0.783732 0.835302 0.460212 0.010000
0.793806 0.830110 0.446225 0.010000
0.809975 0.851940 0.630656 0.010000
0.812405 0.854438 0.461027 0.010000
0.805480 0.866842 0.470481 0.010000
0.820229 0.874708 0.437748 0.010000
0.806665 0.870219 0.405278 0.010000
0.815805 0.869428 0.487915 0.010000
0.829631 0.880565 0.415736 0.010000
0.833862 0.872142 0.472986 0.010000
0.830369 0.888358 0.462868 0.010000
0.835521 0.885962 0.460396 0.010000
0.831528 0.886372 0.531714 0.010000
0.832401 0.903306 0.401680 0.001000
0.832818 0.907361 0.394967 0.001000
0.823625 0.906548 0.378926 0.001000
0.836910 0.910254 0.395412 0.001000
0.832975 0.911058 0.345486 0.001000
0.830621 0.908381 0.397371 0.001000
0.837581 0.913600 0.322989 0.001000
0.830283 0.910951 0.400526 0.001000
0.833967 0.913753 0.360723 0.001000
0.840532 0.917386 0.425654 0.001000
0.838231 0.917267 0.361604 0.001000
0.838622 0.916886 0.447651 0.001000
0.842510 0.917646 0.434052 0.001000
0.842422 0.920002 0.363650 0.000100
0.840546 0.920172 0.380078 0.000100
0.840633 0.920652 0.376639 0.000100
0.838733 0.920151 0.363163 0.000100
0.837535 0.920257 0.368681 0.000100
0.840449 0.920886 0.406567 0.000100
0.839490 0.920916 0.372650 0.000010
0.838923 0.920897 0.364908 0.000010
0.839386 0.921059 0.376284 0.000010
0.839288 0.921162 0.373231 0.000010
0.839649 0.921278 0.375267 0.000010
0.839318 0.921027 0.366216 0.000010
