0.686988 0.728176 0.651868 0.010000
0.744045 0.804434 0.620806 0.010000
0.780835 0.831270 0.611661 0.010000
0.776588 0.848602 0.461255 0.010000
0.800875 0.863422 0.514353 0.010000
0.801906 0.872312 0.541801 0.010000
0.808060 0.879612 0.434090 0.010000
0.818630 0.876880 0.455993 0.010000
0.824718 0.888408 0.347409 0.010000
0.829577 0.896860 0.352171 0.010000
0.851912 0.907829 0.539356 0.010000
0.852604 0.910930 0.432111 0.010000
0.826603 0.907432 0.376332 0.010000
0.838001 0.898274 0.302337 0.010000
0.839480 0.910186 0.353751 0.010000
0.854315 0.908351 0.429768 0.010000
0.828145 0.915683 0.440377 0.010000
0.820944 0.911392 0.262159 0.010000
0.831696 0.913658 0.568976 0.010000
0.839286 0.917254 0.372006 0.010000
0.836823 0.911626 0.333205 0.010000
0.849854 0.929924 0.367172 0.010000
0.836321 0.926101 0.383732 0.010000
0.852698 0.925189 0.396459 0.010000
0.866699 0.945424 0.335928 0.001000
0.861104 0.947343 0.304398 0.001000
0.861490 0.949616 0.298607 0.001000
0.865214 0.950498 0.278213 0.001000
0.858304 0.951339 0.319949 0.001000
0.852787 0.951622 0.300648 0.001000
0.858231 0.953945 0.297643 0.000100
0.858227 0.954325 0.311580 0.000100
0.857216 0.954643 0.300018 0.000100
0.857531 0.954660 0.289292 0.000100
0.858550 0.954749 0.284431 0.000100
0.857054 0.954921 0.305769 0.000100
0.857744 0.955012 0.293551 0.000010
0.857790 0.955041 0.292268 0.000010
0.858317 0.955009 0.295280 0.000010
0.858109 0.955041 0.292577 0.000010
0.857866 0.955061 0.290985 0.000010
0.857981 0.955107 0.292340 0.000010
