0.730601 0.739451 1.100815 0.010000
0.780859 0.808053 0.686225 0.010000
0.802046 0.821104 0.711744 0.010000
0.817391 0.854821 0.311495 0.010000
0.804570 0.851589 0.965655 0.010000
0.787151 0.839698 0.382236 0.010000
0.804094 0.886228 0.854321 0.010000
0.796614 0.860170 1.363234 0.010000
0.834624 0.893365 0.480476 0.010000
0.812223 0.903169 0.292503 0.010000
0.826439 0.912334 0.395740 0.010000
0.845754 0.933908 0.453102 0.010000
0.830195 0.928429 0.606693 0.010000
0.827184 0.923038 0.656893 0.010000
0.847691 0.923558 0.572974 0.010000
0.828853 0.922143 0.414901 0.010000
0.859709 0.959209 0.331902 0.001000
0.853666 0.963808 0.401047 0.001000
0.852991 0.967338 0.268654 0.001000
0.854599 0.965868 0.338623 0.001000
0.854582 0.967822 0.323050 0.001000
0.851694 0.967430 0.323962 0.001000
0.853934 0.970711 0.311998 0.001000
0.854263 0.971407 0.243225 0.001000
0.841670 0.972368 0.359881 0.001000
0.853747 0.971146 0.382563 0.001000
0.856239 0.969650 0.265238 0.001000
0.843863 0.972635 0.238109 0.001000
0.849010 0.974266 0.317516 0.001000
0.850068 0.972567 0.462193 0.001000
0.832297 0.973424 0.271980 0.001000
0.827744 0.970589 0.198165 0.001000
0.837704 0.968511 0.227989 0.001000
0.851802 0.973324 0.222585 0.001000
0.837366 0.971583 0.262241 0.001000
0.836573 0.973836 0.212606 0.001000
0.848844 0.976792 0.303851 0.001000
0.831277 0.975526 0.245910 0.001000
0.844181 0.981047 0.207650 0.000100
0.839507 0.981796 0.200125 0.000100
0.836755 0.982352 0.209618 0.000100
0.837775 0.982542 0.198856 0.000100
0.838490 0.982698 0.198082 0.000100
0.832589 0.983053 0.161344 0.000100
0.837349 0.983225 0.185255 0.000100
0.837096 0.983104 0.217900 0.000100
0.837095 0.983372 0.190995 0.000100
0.834430 0.983515 0.161646 0.000100
0.836920 0.983588 0.188111 0.000100
0.835228 0.983195 0.167599 0.000100
0.836968 0.983968 0.169233 0.000010
0.836352 0.984074 0.172988 0.000010
0.836477 0.984106 0.176414 0.000010
0.836466 0.984144 0.180141 0.000010
0.835961 0.984180 0.179908 0.000010
0.835996 0.984192 0.177175 0.000010
