0.703710 0.817232 0.240440 0.010000
0.701866 0.821384 0.236149 0.010000
0.726801 0.863713 0.514483 0.010000
0.750355 0.893367 0.186009 0.010000
0.748391 0.872113 0.539942 0.010000
0.706346 0.899763 0.313027 0.010000
0.758118 0.920593 0.490727 0.010000
0.730943 0.919804 0.610575 0.010000
0.741894 0.932189 0.163256 0.010000
0.755412 0.911855 0.214654 0.010000
0.707874 0.930499 0.296843 0.010000
0.753070 0.940463 0.613176 0.010000
0.772202 0.949311 0.642011 0.010000
0.717777 0.938802 0.401622 0.010000
0.756660 0.943346 0.145737 0.010000
0.740801 0.948639 0.317474 0.010000
0.765388 0.944731 0.220698 0.010000
0.720880 0.927880 0.246898 0.010000
0.752705 0.948121 0.320937 0.010000
0.762177 0.945439 0.309156 0.010000
0.777491 0.953354 0.251622 0.010000
0.782004 0.971217 0.229728 0.001000
0.794308 0.973305 0.214002 0.001000
0.789720 0.973509 0.340402 0.001000
0.792554 0.976674 0.258366 0.001000
0.786068 0.977353 0.325071 0.001000
0.770699 0.976858 0.157758 0.001000
0.784679 0.980543 0.183025 0.000100
0.780042 0.980872 0.179629 0.000100
0.780120 0.981127 0.188744 0.000100
0.779353 0.981311 0.194886 0.000100
0.772157 0.981470 0.189989 0.000100
0.775761 0.981515 0.176967 0.000100
0.776613 0.981713 0.188267 0.000010
0.777063 0.981762 0.190889 0.000010
0.776423 0.981773 0.192521 0.000010
0.775774 0.981807 0.192073 0.000010
0.775801 0.981819 0.190812 0.000010
0.775633 0.981831 0.190416 0.000010
