0.769103 0.757542 1.127842 0.010000
0.788006 0.793673 0.812685 0.010000
0.808002 0.817731 2.803974 0.010000
0.813302 0.848642 0.898001 0.010000
0.822480 0.870909 1.832397 0.010000
0.855214 0.890891 0.811195 0.010000
0.836176 0.893620 0.518957 0.010000
0.850578 0.906611 0.695115 0.010000
0.856998 0.904863 2.078376 0.010000
0.854518 0.920329 0.213187 0.010000
0.856990 0.912692 0.937776 0.010000
0.863847 0.932493 0.171304 0.010000
0.806608 0.903194 1.301142 0.010000
0.865866 0.931049 0.425244 0.010000
0.851092 0.919899 0.645007 0.010000
0.849925 0.937561 0.428931 0.010000
0.831348 0.944977 0.392887 0.010000
0.855147 0.932709 0.446116 0.010000
0.877909 0.961988 0.410151 0.001000
0.882747 0.966194 0.576975 0.001000
0.875041 0.971770 0.219814 0.001000
0.879251 0.971828 0.256511 0.001000
0.876198 0.970862 0.233668 0.001000
0.875983 0.973667 0.241957 0.001000
0.879697 0.976618 0.217728 0.000100
0.878434 0.976858 0.209634 0.000100
0.877994 0.977343 0.205154 0.000100
0.876340 0.977520 0.222299 0.000100
0.873811 0.977536 0.201388 0.000100
0.875546 0.977691 0.217079 0.000100
0.874716 0.977904 0.207504 0.000010
0.874696 0.977962 0.210717 0.000010
0.874851 0.977997 0.210883 0.000010
0.874655 0.978024 0.208730 0.000010
0.874809 0.978064 0.207307 0.000010
0.874746 0.978084 0.208083 0.000010
