0.624984 0.649426 0.707953 0.010000
0.620534 0.679429 0.643665 0.010000
0.719362 0.739519 0.495532 0.010000
0.716215 0.753403 0.751145 0.010000
0.732802 0.795159 0.515613 0.010000
0.747210 0.786231 0.546053 0.010000
0.757553 0.814393 0.519436 0.010000
0.742821 0.825279 0.457361 0.010000
0.773148 0.841197 0.402173 0.010000
0.757436 0.846917 0.404548 0.010000
0.770856 0.849418 0.535113 0.010000
0.747858 0.856418 0.520849 0.010000
0.775020 0.874365 0.543551 0.010000
0.779739 0.869751 0.468293 0.010000
0.778703 0.888201 0.555849 0.010000
0.782438 0.898849 0.386621 0.001000
0.784524 0.902750 0.403986 0.001000
0.786459 0.903357 0.428196 0.001000
0.782819 0.903368 0.367772 0.001000
0.782258 0.905178 0.391446 0.001000
0.784265 0.904747 0.423046 0.001000
0.794712 0.906584 0.389100 0.001000
0.791762 0.908947 0.349823 0.001000
0.796166 0.907841 0.363183 0.001000
0.800225 0.909283 0.406901 0.001000
0.798844 0.909272 0.423748 0.001000
0.799363 0.910741 0.361013 0.001000
0.788179 0.909757 0.371416 0.001000
0.786401 0.911951 0.362056 0.001000
0.794304 0.915069 0.380148 0.000100
0.798737 0.915096 0.383342 0.000100
0.802593 0.915286 0.371237 0.000100
0.800488 0.914229 0.339343 0.000100
0.799639 0.915615 0.366817 0.000100
0.799173 0.915746 0.375322 0.000100
0.799444 0.915673 0.363177 0.000100
0.798079 0.915763 0.369946 0.000100
0.801145 0.915895 0.388138 0.000100
0.798481 0.915829 0.379276 0.000100
0.799017 0.915988 0.379472 0.000010
0.799684 0.916102 0.373842 0.000010
0.799790 0.916254 0.376962 0.000010
0.798933 0.916201 0.377470 0.000010
0.799775 0.916473 0.373061 0.000010
0.800582 0.916412 0.368847 0.000010
