0.627193 0.659451 0.689302 0.010000
0.665642 0.727652 0.643425 0.010000
0.713632 0.788559 0.550023 0.010000
0.717986 0.811207 0.594953 0.010000
0.713277 0.816074 0.558955 0.010000
0.727271 0.842505 0.642603 0.010000
0.755075 0.862385 0.385742 0.010000
0.744039 0.864118 0.391010 0.010000
0.779808 0.880445 0.459776 0.010000
0.749218 0.882385 0.377820 0.010000
0.773446 0.893152 0.488898 0.010000
0.761185 0.886071 0.472351 0.010000
0.760909 0.878074 0.501879 0.010000
0.774315 0.894888 0.482904 0.010000
0.771661 0.908499 0.464262 0.010000
0.776965 0.913241 0.396819 0.010000
0.789840 0.925653 0.420586 0.001000
0.786421 0.923600 0.341861 0.001000
0.793921 0.927308 0.386191 0.001000
0.799756 0.930343 0.376506 0.001000
0.793375 0.929551 0.336738 0.001000
0.804668 0.930581 0.387145 0.001000
0.788360 0.930283 0.323525 0.001000
0.780710 0.928912 0.323655 0.001000
0.797676 0.931730 0.280046 0.001000
0.790851 0.932263 0.337336 0.001000
0.790828 0.931739 0.372588 0.001000
0.798356 0.935207 0.359293 0.001000
0.794276 0.933782 0.344496 0.001000
0.802150 0.936557 0.402605 0.001000
0.804214 0.936087 0.349796 0.001000
0.798545 0.937230 0.350365 0.000100
0.799440 0.937622 0.341849 0.000100
0.799779 0.938073 0.324092 0.000100
0.802369 0.938865 0.350177 0.000100
0.797537 0.938214 0.335958 0.000100
0.800114 0.938011 0.352365 0.000100
0.797722 0.938259 0.323714 0.000010
0.799574 0.938535 0.339577 0.000010
0.799418 0.938466 0.335741 0.000010
0.798907 0.938446 0.329147 0.000010
0.798773 0.938505 0.330620 0.000010
0.798863 0.938524 0.329011 0.000010
