0.630493 0.622975 0.667371 0.010000
0.645035 0.679281 0.638251 0.010000
0.717641 0.750788 0.561944 0.010000
0.724434 0.765510 0.531230 0.010000
0.735792 0.788419 0.505517 0.010000
0.760028 0.797807 0.596427 0.010000
0.756988 0.818286 0.607046 0.010000
0.756611 0.819693 0.448021 0.010000
0.760321 0.825663 0.530180 0.010000
0.771140 0.819206 0.511526 0.010000
0.773505 0.844722 0.517664 0.010000
0.786350 0.854393 0.523851 0.010000
0.796942 0.850351 0.497309 0.010000
0.790323 0.867183 0.554419 0.010000
0.815847 0.885791 0.517015 0.001000
0.819453 0.889158 0.459237 0.001000
0.814759 0.888429 0.384041 0.001000
0.820637 0.890988 0.446001 0.001000
0.815133 0.892504 0.391902 0.001000
0.824905 0.888157 0.398089 0.001000
0.822091 0.896188 0.475413 0.001000
0.817026 0.894664 0.446283 0.001000
0.822725 0.897125 0.362672 0.001000
0.817292 0.897879 0.379305 0.001000
0.817357 0.899905 0.300676 0.001000
0.823761 0.892792 0.349767 0.001000
0.820328 0.900995 0.433803 0.001000
0.813125 0.902234 0.433788 0.001000
0.821332 0.901136 0.490261 0.001000
0.822283 0.900716 0.447578 0.001000
0.820159 0.902908 0.391524 0.001000
0.821813 0.907432 0.387809 0.000100
0.824514 0.907294 0.383281 0.000100
0.823093 0.907340 0.368407 0.000100
0.821319 0.908879 0.407333 0.000100
0.820390 0.907617 0.370101 0.000100
0.825308 0.907816 0.362952 0.000100
0.823673 0.909062 0.385605 0.000010
0.822861 0.908944 0.372682 0.000010
0.823496 0.909017 0.377986 0.000010
0.823447 0.909018 0.383378 0.000010
0.823420 0.909299 0.386996 0.000010
0.822813 0.909167 0.378888 0.000010
