0.646278 0.608181 0.666836 0.010000
0.706875 0.707350 0.605733 0.010000
0.765391 0.756452 0.496947 0.010000
0.771070 0.778309 0.521887 0.010000
0.779165 0.804684 0.509483 0.010000
0.765405 0.813750 0.443767 0.010000
0.758330 0.823554 0.515966 0.010000
0.782148 0.841841 0.454069 0.010000
0.762668 0.843914 0.519957 0.010000
0.797955 0.853996 0.448455 0.010000
0.816817 0.864023 0.533304 0.010000
0.803375 0.864424 0.578803 0.010000
0.812399 0.889541 0.379935 0.001000
0.814872 0.896471 0.399859 0.001000
0.813905 0.897310 0.448811 0.001000
0.822762 0.900636 0.385597 0.001000
0.814908 0.900483 0.353107 0.001000
0.815653 0.903416 0.371048 0.001000
0.823461 0.906904 0.443746 0.001000
0.818820 0.905636 0.391476 0.001000
0.814988 0.904765 0.416025 0.001000
0.810499 0.906048 0.333074 0.001000
0.817131 0.907629 0.341675 0.001000
0.812009 0.909102 0.388995 0.001000
0.821654 0.908583 0.449665 0.001000
0.814395 0.908551 0.372613 0.001000
0.820361 0.913256 0.313999 0.001000
0.810916 0.912568 0.323436 0.001000
0.818589 0.912550 0.399790 0.001000
0.806087 0.912826 0.333602 0.001000
0.809342 0.913188 0.369559 0.001000
0.816456 0.909365 0.381267 0.001000
0.819338 0.916440 0.335849 0.001000
0.811339 0.920688 0.374635 0.000100
0.812155 0.920739 0.379106 0.000100
0.808328 0.920903 0.346461 0.000100
0.809807 0.921560 0.376168 0.000100
0.808490 0.921309 0.363401 0.000100
0.808184 0.921633 0.361066 0.000100
0.809371 0.922069 0.368779 0.000010
0.809463 0.921986 0.359723 0.000010
0.809279 0.922113 0.365558 0.000010
0.809848 0.922075 0.367981 0.000010
0.809286 0.921998 0.361134 0.000010
0.808987 0.922017 0.361631 0.000010
