0.642520 0.636639 0.700516 0.010000
0.674269 0.689640 0.636926 0.010000
0.730952 0.744838 0.602237 0.010000
0.750455 0.780238 0.562137 0.010000
0.757482 0.809902 0.539676 0.010000
0.747898 0.814962 0.457551 0.010000
0.779106 0.837009 0.630466 0.010000
0.765043 0.835225 0.447541 0.010000
0.757922 0.849640 0.479401 0.010000
0.804947 0.864367 0.492256 0.010000
0.787738 0.854631 0.318038 0.010000
0.786561 0.869384 0.378796 0.010000
0.798726 0.876434 0.504806 0.010000
0.793386 0.861531 0.443553 0.010000
0.798054 0.877015 0.509913 0.010000
0.788145 0.872644 0.611576 0.010000
0.812662 0.880615 0.443203 0.010000
0.818556 0.902512 0.447675 0.001000
0.800615 0.905825 0.371589 0.001000
0.811354 0.906355 0.403875 0.001000
0.807443 0.909299 0.434610 0.001000
0.798465 0.911604 0.357241 0.001000
0.797631 0.909994 0.369130 0.001000
0.798487 0.912932 0.384415 0.000100
0.799023 0.912843 0.384298 0.000100
0.799990 0.913343 0.400024 0.000100
0.801630 0.913579 0.390201 0.000100
0.800381 0.913843 0.380541 0.000100
0.800840 0.913981 0.405835 0.000100
0.800271 0.914039 0.378775 0.000010
0.801005 0.914061 0.378300 0.000010
0.800494 0.914041 0.373354 0.000010
0.799895 0.914066 0.377363 0.000010
0.799649 0.914095 0.375774 0.000010
0.799911 0.914217 0.379100 0.000010
