0.658775 0.649545 0.687972 0.010000
0.673071 0.708181 0.573726 0.010000
0.746950 0.769774 0.528179 0.010000
0.753032 0.797297 0.523428 0.010000
0.752479 0.792582 0.562228 0.010000
0.766886 0.822622 0.668744 0.010000
0.780999 0.832705 0.545212 0.010000
0.782126 0.833814 0.611534 0.010000
0.770300 0.835827 0.469443 0.010000
0.789040 0.853449 0.522598 0.010000
0.781403 0.852127 0.601839 0.010000
0.760688 0.825035 0.530039 0.010000
0.784615 0.861675 0.477109 0.010000
0.788979 0.863413 0.593378 0.010000
0.793319 0.860350 0.636278 0.010000
0.802524 0.892583 0.442086 0.001000
0.802414 0.896065 0.436508 0.001000
0.803120 0.897076 0.405300 0.001000
0.807488 0.900969 0.437563 0.001000
0.811183 0.902399 0.402993 0.001000
0.807619 0.902700 0.366565 0.001000
0.803805 0.904983 0.388514 0.001000
0.806332 0.908319 0.385994 0.001000
0.808502 0.906349 0.435446 0.001000
0.808487 0.904401 0.354761 0.001000
0.809883 0.902431 0.482235 0.001000
0.818076 0.907920 0.382889 0.001000
0.813834 0.908985 0.345064 0.001000
0.817764 0.910630 0.438713 0.001000
0.809313 0.906845 0.397816 0.001000
0.816629 0.911330 0.418804 0.001000
0.816066 0.912221 0.326550 0.001000
0.817363 0.913503 0.379934 0.001000
0.815951 0.906420 0.336667 0.001000
0.807822 0.912166 0.426526 0.001000
0.812152 0.915765 0.355251 0.001000
0.820411 0.914435 0.366701 0.001000
0.818236 0.916515 0.374804 0.001000
0.817744 0.920039 0.358404 0.000100
0.819552 0.920011 0.375787 0.000100
0.820017 0.920696 0.379875 0.000100
0.820946 0.921175 0.371148 0.000100
0.821293 0.921227 0.393812 0.000100
0.819583 0.921644 0.382393 0.000100
0.820072 0.921657 0.369900 0.000010
0.820318 0.921942 0.362037 0.000010
0.820416 0.921471 0.356880 0.000010
0.820303 0.921721 0.373903 0.000010
0.820262 0.921774 0.365605 0.000010
0.820268 0.921816 0.366234 0.000010
