0.622236 0.701456 0.573877 0.010000
0.646218 0.760831 0.692702 0.010000
0.668874 0.799594 0.538163 0.010000
0.697121 0.811504 0.499261 0.010000
0.696443 0.823965 0.410384 0.010000
0.710776 0.833118 0.501920 0.010000
0.711968 0.848701 0.519209 0.010000
0.723160 0.852372 0.424585 0.010000
0.725342 0.863569 0.422972 0.010000
0.739165 0.879235 0.479941 0.010000
0.740521 0.885045 0.454504 0.010000
0.752286 0.900507 0.347566 0.001000
0.747807 0.900095 0.409722 0.001000
0.751962 0.902940 0.416516 0.001000
0.753690 0.906764 0.438811 0.001000
0.758015 0.907090 0.473579 0.001000
0.758605 0.902658 0.346651 0.001000
0.757930 0.909174 0.409596 0.001000
0.756840 0.909579 0.428872 0.001000
0.756729 0.910461 0.502768 0.001000
0.758107 0.910566 0.380609 0.001000
0.752866 0.909026 0.373126 0.001000
0.759980 0.912409 0.383031 0.001000
0.756657 0.913581 0.396120 0.000100
0.756361 0.913997 0.363280 0.000100
0.757113 0.915553 0.374712 0.000100
0.755886 0.915644 0.386888 0.000100
0.755531 0.915352 0.372412 0.000100
0.757370 0.916076 0.412039 0.000100
0.756498 0.916361 0.380257 0.000010
0.757088 0.916582 0.390674 0.000010
0.757019 0.916669 0.382867 0.000010
0.756789 0.916711 0.385140 0.000010
0.757017 0.916747 0.380604 0.000010
0.756399 0.916525 0.378799 0.000010
