0.710355 0.699478 0.684679 0.010000
0.775639 0.781806 0.454333 0.010000
0.813039 0.814937 0.668539 0.010000
0.819986 0.833538 0.427654 0.010000
0.825560 0.871139 0.395187 0.010000
0.843269 0.878512 0.438309 0.010000
0.830573 0.874260 0.454212 0.010000
0.865591 0.894150 0.409927 0.010000
0.854020 0.895652 0.432821 0.010000
0.852663 0.901804 0.371751 0.010000
0.847880 0.906113 0.435930 0.010000
0.850018 0.912686 0.419545 0.010000
0.864097 0.915733 0.338908 0.010000
0.857274 0.917587 0.412602 0.010000
0.851346 0.914625 0.353846 0.010000
0.865832 0.919331 0.343369 0.010000
0.845973 0.911568 0.331029 0.010000
0.857654 0.923039 0.367081 0.010000
0.849873 0.913922 0.322622 0.010000
0.850137 0.920930 0.400690 0.010000
0.846047 0.918529 0.334783 0.010000
0.851424 0.926054 0.351733 0.010000
0.852934 0.908937 0.635582 0.010000
0.849444 0.925243 0.306999 0.010000
0.854174 0.927718 0.393116 0.010000
0.855818 0.914662 0.337563 0.010000
0.844322 0.932693 0.416495 0.010000
0.840758 0.923844 0.307161 0.010000
0.861425 0.925050 0.458671 0.010000
0.830479 0.924576 0.334291 0.010000
0.859327 0.947845 0.311519 0.001000
0.860842 0.949709 0.291436 0.001000
0.857070 0.950997 0.352966 0.001000
0.860013 0.953086 0.275449 0.001000
0.864585 0.953342 0.257730 0.001000
0.859218 0.954997 0.276633 0.001000
0.859695 0.954710 0.257012 0.001000
0.861207 0.954267 0.268798 0.001000
0.861765 0.955342 0.281226 0.001000
0.859995 0.955557 0.286165 0.001000
0.861862 0.957353 0.252843 0.001000
0.862679 0.957260 0.260622 0.001000
0.861607 0.957095 0.283295 0.001000
0.870522 0.958241 0.290478 0.001000
0.863835 0.957247 0.264500 0.001000
0.865552 0.958174 0.275058 0.001000
0.863763 0.958677 0.294490 0.001000
0.863388 0.960068 0.277384 0.000100
0.863937 0.960481 0.287634 0.000100
0.864024 0.960679 0.273170 0.000100
0.864203 0.960745 0.279508 0.000100
0.864869 0.960950 0.257017 0.000100
0.864593 0.960966 0.268218 0.000100
0.864524 0.961102 0.278691 0.000010
0.864481 0.961128 0.274475 0.000010
0.864778 0.961185 0.275277 0.000010
0.864590 0.961194 0.272118 0.000010
0.864361 0.961223 0.276679 0.000010
0.864206 0.961231 0.278417 0.000010
