0.659072 0.736005 0.607896 0.010000
0.682865 0.778503 0.703258 0.010000
0.738591 0.814373 0.606989 0.010000
0.749943 0.839171 0.542010 0.010000
0.754741 0.844775 0.424920 0.010000
0.767951 0.865744 0.418244 0.010000
0.797090 0.887401 0.468195 0.010000
0.813759 0.900731 0.401318 0.010000
0.807290 0.900199 0.400953 0.010000
0.815144 0.907883 0.372647 0.010000
0.810325 0.910406 0.412491 0.010000
0.827513 0.918410 0.325702 0.010000
0.794661 0.901908 0.321654 0.010000
0.804254 0.924527 0.441479 0.010000
0.809853 0.916378 0.432824 0.010000
0.802904 0.917784 0.330619 0.010000
0.818758 0.923814 0.318823 0.010000
0.811695 0.919514 0.314170 0.010000
0.822336 0.923840 0.355947 0.010000
0.816882 0.925425 0.460295 0.010000
0.832112 0.921123 0.405415 0.010000
0.797358 0.922451 0.391025 0.010000
0.821873 0.930474 0.294472 0.010000
0.813196 0.926597 0.273265 0.010000
0.823146 0.934030 0.345643 0.010000
0.820633 0.932347 0.414492 0.010000
0.810496 0.933323 0.274421 0.010000
0.808305 0.935785 0.393623 0.010000
0.830344 0.931733 0.355023 0.010000
0.827879 0.937619 0.554838 0.010000
0.831443 0.949154 0.309499 0.001000
0.827663 0.951668 0.274429 0.001000
0.828812 0.952340 0.290088 0.001000
0.832761 0.954026 0.271813 0.001000
0.838094 0.955162 0.298488 0.001000
0.828538 0.955405 0.274346 0.001000
0.832383 0.955780 0.300933 0.001000
0.825927 0.955164 0.317705 0.001000
0.833580 0.956769 0.273351 0.001000
0.829033 0.956942 0.243598 0.001000
0.832874 0.957018 0.318827 0.001000
0.829084 0.958161 0.264595 0.001000
0.827181 0.959245 0.248879 0.001000
0.830687 0.958553 0.286159 0.001000
0.830326 0.959543 0.266607 0.001000
0.829534 0.957842 0.284795 0.001000
0.832130 0.961225 0.281131 0.000100
0.835173 0.961518 0.261981 0.000100
0.832524 0.961617 0.277613 0.000100
0.835730 0.961600 0.311075 0.000100
0.831666 0.961681 0.285771 0.000100
0.831166 0.961942 0.259593 0.000100
0.832293 0.962027 0.264005 0.000010
0.832592 0.962057 0.264216 0.000010
0.832400 0.962046 0.265526 0.000010
0.832101 0.962029 0.261709 0.000010
0.832288 0.962081 0.261647 0.000010
0.832133 0.962059 0.258921 0.000010
