0.672642 0.789882 0.504983 0.010000
0.716768 0.822303 0.457129 0.010000
0.708929 0.844284 0.420194 0.010000
0.720112 0.863502 0.423278 0.010000
0.725007 0.877998 0.298147 0.010000
0.743559 0.886545 0.422741 0.010000
0.738919 0.892477 0.713052 0.010000
0.738751 0.900388 0.390577 0.010000
0.746543 0.913544 0.375631 0.010000
0.778130 0.913411 0.312234 0.010000
0.735359 0.914865 0.395087 0.010000
0.766307 0.932438 0.346689 0.001000
0.765259 0.934647 0.440751 0.001000
0.752314 0.936333 0.325704 0.001000
0.759635 0.938643 0.281726 0.001000
0.755896 0.939336 0.269600 0.001000
0.747731 0.939944 0.313303 0.001000
0.760021 0.941810 0.303664 0.001000
0.760578 0.940498 0.381837 0.001000
0.753877 0.942755 0.278370 0.001000
0.767533 0.943088 0.322158 0.001000
0.759304 0.944689 0.352626 0.001000
0.767495 0.945507 0.308440 0.000100
0.764616 0.946206 0.308076 0.000100
0.764323 0.946500 0.313345 0.000100
0.762678 0.946899 0.303276 0.000100
0.767885 0.946633 0.291008 0.000100
0.763917 0.946949 0.306389 0.000100
0.763013 0.947216 0.298542 0.000010
0.761987 0.947327 0.307944 0.000010
0.763573 0.947370 0.307544 0.000010
0.763001 0.947356 0.308365 0.000010
0.763553 0.947440 0.303817 0.000010
0.763404 0.947450 0.308312 0.000010
