0.710462 0.786148 0.571430 0.010000
0.748729 0.824696 0.494644 0.010000
0.736729 0.837257 0.506947 0.010000
0.745093 0.866102 0.493880 0.010000
0.753241 0.880596 0.337379 0.010000
0.779210 0.896833 0.374628 0.010000
0.752293 0.899769 0.363467 0.010000
0.767413 0.911203 0.370932 0.010000
0.777432 0.915434 0.339169 0.010000
0.744422 0.916570 0.360823 0.010000
0.764265 0.921371 0.426551 0.010000
0.781120 0.936874 0.366553 0.001000
0.785036 0.937977 0.358177 0.001000
0.778248 0.940383 0.303066 0.001000
0.776962 0.941749 0.343722 0.001000
0.775486 0.941922 0.280213 0.001000
0.784408 0.943981 0.305116 0.001000
0.790901 0.944843 0.332471 0.001000
0.785393 0.944620 0.299105 0.001000
0.786999 0.945284 0.320705 0.001000
0.777755 0.944019 0.279498 0.001000
0.776461 0.947561 0.298196 0.001000
0.786258 0.946872 0.307149 0.001000
0.787438 0.948542 0.331885 0.001000
0.775042 0.948485 0.356101 0.001000
0.783094 0.947464 0.373443 0.001000
0.788697 0.950183 0.366747 0.001000
0.786090 0.952420 0.282496 0.000100
0.782466 0.953031 0.270209 0.000100
0.788481 0.953139 0.286504 0.000100
0.789129 0.953117 0.291979 0.000100
0.785334 0.953604 0.296832 0.000100
0.785144 0.953656 0.284710 0.000100
0.784900 0.953878 0.293210 0.000100
0.782616 0.954051 0.312651 0.000100
0.783012 0.954142 0.281339 0.000010
0.784116 0.954157 0.284909 0.000010
0.784806 0.954122 0.283060 0.000010
0.783688 0.954225 0.290856 0.000010
0.783895 0.954186 0.284092 0.000010
0.783777 0.954218 0.281981 0.000010
