0.749121 0.726635 0.603508 0.010000
0.785777 0.811534 0.572661 0.010000
0.808217 0.831350 0.574164 0.010000
0.807142 0.842950 0.425933 0.010000
0.820227 0.863345 0.660528 0.010000
0.803548 0.860131 0.512702 0.010000
0.787925 0.864658 0.506197 0.010000
0.830210 0.883659 0.522773 0.010000
0.831571 0.895688 0.369794 0.010000
0.843063 0.879147 0.476252 0.010000
0.837311 0.900787 0.402494 0.010000
0.839314 0.903017 0.305751 0.010000
0.823192 0.897882 0.295405 0.010000
0.831243 0.904283 0.380269 0.010000
0.816686 0.906866 0.423786 0.010000
0.825057 0.911832 0.418722 0.010000
0.824077 0.920515 0.385696 0.010000
0.835528 0.903991 0.325796 0.010000
0.836919 0.920763 0.326921 0.010000
0.855303 0.938495 0.351954 0.001000
0.852648 0.939501 0.314905 0.001000
0.852817 0.943844 0.323002 0.001000
0.851003 0.945850 0.293349 0.001000
0.842927 0.945149 0.311545 0.001000
0.851711 0.947804 0.305708 0.001000
0.852271 0.948384 0.296296 0.001000
0.857270 0.947136 0.340919 0.001000
0.845442 0.950076 0.270947 0.001000
0.848656 0.948302 0.321062 0.001000
0.850416 0.951466 0.310661 0.001000
0.844753 0.949075 0.271241 0.001000
0.850171 0.951875 0.288985 0.001000
0.843570 0.952235 0.290910 0.001000
0.840756 0.951817 0.284867 0.001000
0.847519 0.955643 0.281841 0.000100
0.845073 0.955806 0.280710 0.000100
0.844322 0.955922 0.288279 0.000100
0.845552 0.956095 0.272150 0.000100
0.843310 0.956161 0.291759 0.000100
0.844841 0.956532 0.270818 0.000100
0.845272 0.956599 0.275970 0.000010
0.845113 0.956711 0.280724 0.000010
0.844968 0.956691 0.275521 0.000010
0.845138 0.956723 0.283676 0.000010
0.845247 0.956727 0.278899 0.000010
0.844724 0.956752 0.276017 0.000010
