0.715556 0.738368 0.678184 0.010000
0.752120 0.802112 0.652593 0.010000
0.777623 0.820307 0.633770 0.010000
0.782098 0.844706 0.444518 0.010000
0.782374 0.848752 0.515148 0.010000
0.812385 0.866548 0.498690 0.010000
0.801953 0.871341 0.475533 0.010000
0.832862 0.890489 0.507792 0.010000
0.813452 0.891280 0.587006 0.010000
0.819926 0.897118 0.380223 0.010000
0.833366 0.894401 0.568414 0.010000
0.844839 0.901070 0.468913 0.010000
0.831254 0.907205 0.401997 0.010000
0.848514 0.902420 0.385242 0.010000
0.836620 0.902213 0.313175 0.010000
0.830013 0.908346 0.350708 0.010000
0.844545 0.910211 0.338190 0.010000
0.849603 0.916340 0.363722 0.010000
0.850612 0.916054 0.354224 0.010000
0.845499 0.913989 0.444297 0.010000
0.845942 0.920396 0.408310 0.010000
0.857443 0.937795 0.329371 0.001000
0.854330 0.942241 0.303667 0.001000
0.853586 0.943824 0.377605 0.001000
0.856547 0.943462 0.281531 0.001000
0.853140 0.946158 0.345891 0.001000
0.854770 0.946723 0.315882 0.001000
0.859349 0.947750 0.322745 0.001000
0.857578 0.948204 0.299907 0.001000
0.864003 0.949758 0.318555 0.001000
0.859289 0.949732 0.301771 0.001000
0.862219 0.951526 0.307138 0.000100
0.863396 0.951705 0.287215 0.000100
0.863542 0.951904 0.293778 0.000100
0.862857 0.951905 0.284016 0.000100
0.862257 0.952298 0.298446 0.000100
0.862316 0.952109 0.297741 0.000100
0.862363 0.952346 0.287918 0.000010
0.862257 0.952393 0.286311 0.000010
0.862620 0.952453 0.287587 0.000010
0.862632 0.952469 0.289584 0.000010
0.862272 0.952498 0.295217 0.000010
0.862018 0.952525 0.291363 0.000010
