0.711842 0.702063 3.615401 0.010000
0.723647 0.755553 0.776003 0.010000
0.733743 0.734194 0.388559 0.010000
0.776693 0.799714 0.507848 0.010000
0.761694 0.800954 0.909568 0.010000
0.781252 0.842700 0.613673 0.010000
0.741441 0.865159 0.654938 0.010000
0.770284 0.882620 0.498065 0.010000
0.788980 0.890110 0.450688 0.010000
0.806448 0.912960 0.499178 0.001000
0.793868 0.919662 0.373859 0.001000
0.801258 0.925764 0.327165 0.001000
0.792085 0.928118 0.303904 0.001000
0.802285 0.933051 0.335526 0.001000
0.801358 0.936502 0.334482 0.001000
0.792093 0.936678 0.344910 0.001000
0.799248 0.935672 0.380503 0.001000
0.791143 0.937405 0.301317 0.001000
0.812536 0.940255 0.356402 0.001000
0.797580 0.938327 0.354187 0.001000
0.793718 0.940323 0.390306 0.001000
0.799660 0.942744 0.398742 0.001000
0.805750 0.935215 0.360076 0.001000
0.804040 0.942479 0.311697 0.001000
0.805765 0.950129 0.311193 0.000100
0.805329 0.950915 0.311963 0.000100
0.804834 0.952084 0.297802 0.000100
0.807793 0.952578 0.310481 0.000100
0.803263 0.952551 0.299912 0.000100
0.803901 0.952620 0.279560 0.000100
0.803193 0.953281 0.278768 0.000100
0.803441 0.953515 0.296704 0.000100
0.804123 0.953449 0.274605 0.000100
0.802554 0.954375 0.299132 0.000100
0.801632 0.953495 0.313001 0.000100
0.804304 0.954424 0.285755 0.000100
0.804919 0.953712 0.283715 0.000100
0.803595 0.954430 0.307849 0.000100
0.804435 0.954525 0.277855 0.000100
0.804950 0.955212 0.288328 0.000010
0.805180 0.955279 0.292576 0.000010
0.804739 0.955134 0.295225 0.000010
0.804897 0.955276 0.292900 0.000010
0.804901 0.955289 0.291031 0.000010
0.804885 0.955337 0.291341 0.000010
