0.611575 0.706325 0.698962 0.010000
0.651679 0.750434 0.532033 0.010000
0.663943 0.779394 0.467925 0.010000
0.675636 0.826291 0.500963 0.010000
0.692261 0.859018 0.374783 0.010000
0.716331 0.871853 0.476305 0.010000
0.744104 0.892159 0.502193 0.010000
0.738042 0.897799 0.510777 0.010000
0.710713 0.896139 0.320261 0.010000
0.753633 0.909095 0.380176 0.010000
0.757783 0.910836 0.374184 0.010000
0.744830 0.901046 0.394117 0.010000
0.723518 0.901468 0.367235 0.010000
0.718869 0.906746 0.450862 0.010000
0.727712 0.916221 0.333384 0.010000
0.749597 0.935267 0.338027 0.001000
0.755736 0.937468 0.313309 0.001000
0.753219 0.936934 0.334355 0.001000
0.758485 0.942121 0.317276 0.001000
0.761018 0.941596 0.281696 0.001000
0.760599 0.942499 0.303192 0.001000
0.762758 0.944229 0.332452 0.001000
0.763454 0.945039 0.306459 0.001000
0.757241 0.946998 0.318589 0.001000
0.762303 0.946714 0.316121 0.001000
0.756741 0.946862 0.367464 0.001000
0.757565 0.948224 0.292348 0.000100
0.758961 0.948639 0.312636 0.000100
0.757072 0.948047 0.289683 0.000100
0.757054 0.948460 0.292816 0.000100
0.758118 0.948889 0.306188 0.000100
0.758153 0.949208 0.283327 0.000100
0.758326 0.949320 0.293117 0.000010
0.758421 0.949330 0.290968 0.000010
0.758433 0.949462 0.294749 0.000010
0.758452 0.949388 0.288844 0.000010
0.758719 0.949476 0.294952 0.000010
0.758566 0.949382 0.292795 0.000010
