0.650824 0.652511 0.761631 0.010000
0.659014 0.685511 0.713769 0.010000
0.717923 0.760308 0.506469 0.010000
0.731221 0.805778 0.514810 0.010000
0.763537 0.833058 0.415274 0.010000
0.771628 0.850638 0.498475 0.010000
0.772156 0.852269 0.488730 0.010000
0.765296 0.865971 0.313497 0.010000
0.781016 0.876152 0.457600 0.010000
0.777561 0.876207 0.410157 0.010000
0.780206 0.890075 0.481582 0.010000
0.768425 0.873923 0.361648 0.010000
0.769427 0.884435 0.440421 0.010000
0.771790 0.896462 0.386319 0.010000
0.770792 0.912339 0.341617 0.001000
0.770351 0.916759 0.326076 0.001000
0.770106 0.916510 0.319544 0.001000
0.771805 0.917346 0.363090 0.001000
0.773382 0.920026 0.371164 0.001000
0.768863 0.922173 0.335920 0.001000
0.769571 0.923536 0.336418 0.000100
0.771461 0.923741 0.358010 0.000100
0.769178 0.924609 0.324071 0.000100
0.771798 0.925069 0.337490 0.000100
0.769684 0.925171 0.328266 0.000100
0.770659 0.925374 0.340525 0.000100
0.771749 0.925386 0.342108 0.000010
0.771744 0.925513 0.344778 0.000010
0.771697 0.925356 0.340969 0.000010
0.771730 0.925654 0.346082 0.000010
0.771642 0.925546 0.340322 0.000010
0.771658 0.925503 0.340024 0.000010
