0.668498 0.659256 0.644964 0.010000
0.757730 0.721184 0.641508 0.010000
0.780149 0.770305 0.488964 0.010000
0.815093 0.805923 0.508379 0.010000
0.813913 0.843109 0.483182 0.010000
0.789360 0.845869 0.504574 0.010000
0.809679 0.860384 0.510241 0.010000
0.788951 0.867456 0.514891 0.010000
0.829427 0.885774 0.512271 0.010000
0.802086 0.875435 0.421214 0.010000
0.825406 0.887434 0.465898 0.010000
0.818744 0.899295 0.381222 0.010000
0.818069 0.894474 0.449726 0.010000
0.820025 0.872395 0.347704 0.010000
0.814948 0.904411 0.397494 0.010000
0.822683 0.904236 0.367419 0.010000
0.814413 0.906119 0.381324 0.010000
0.806525 0.911583 0.460969 0.010000
0.824669 0.914638 0.389679 0.010000
0.804156 0.908736 0.358364 0.010000
0.816631 0.930311 0.329114 0.001000
0.817248 0.933833 0.364785 0.001000
0.822006 0.934571 0.353205 0.001000
0.824983 0.936431 0.292525 0.001000
0.819070 0.939208 0.331421 0.001000
0.822082 0.941460 0.327602 0.001000
0.819985 0.942478 0.309381 0.001000
0.820360 0.941210 0.293137 0.001000
0.803931 0.941449 0.346831 0.001000
0.812504 0.944925 0.322692 0.001000
0.818783 0.946092 0.305411 0.000100
0.819809 0.946061 0.298229 0.000100
0.817273 0.946064 0.304761 0.000100
0.818939 0.946407 0.303920 0.000100
0.818540 0.945746 0.297280 0.000100
0.818788 0.946519 0.316859 0.000100
0.818674 0.946642 0.305022 0.000010
0.817821 0.946772 0.308548 0.000010
0.817782 0.946823 0.306432 0.000010
0.817888 0.946898 0.300898 0.000010
0.817150 0.946873 0.303582 0.000010
0.817764 0.946856 0.306125 0.000010
