0.669633 0.669391 0.650342 0.010000
0.647960 0.698156 0.548923 0.010000
0.752661 0.796600 0.541581 0.010000
0.750474 0.815209 0.610186 0.010000
0.804499 0.847791 0.495821 0.010000
0.783559 0.844747 0.525052 0.010000
0.814833 0.874954 0.514476 0.010000
0.819192 0.872532 0.450060 0.010000
0.818839 0.862200 0.415773 0.010000
0.824509 0.878170 0.409890 0.010000
0.817880 0.882725 0.551927 0.010000
0.828923 0.892068 0.373336 0.010000
0.815402 0.894552 0.350586 0.010000
0.824190 0.900593 0.308311 0.010000
0.826079 0.905589 0.408718 0.010000
0.807731 0.902977 0.331919 0.010000
0.829176 0.914380 0.420070 0.010000
0.817451 0.905118 0.504652 0.010000
0.827067 0.908527 0.342136 0.010000
0.832216 0.902305 0.414655 0.010000
0.839897 0.927594 0.348782 0.001000
0.833245 0.933370 0.323567 0.001000
0.840881 0.933107 0.311263 0.001000
0.839219 0.934776 0.301638 0.001000
0.841564 0.934874 0.297606 0.001000
0.840575 0.937132 0.286661 0.001000
0.837819 0.937530 0.335067 0.001000
0.836896 0.938859 0.312697 0.001000
0.838326 0.931091 0.306534 0.001000
0.837227 0.941995 0.319140 0.001000
0.844906 0.940872 0.333588 0.001000
0.835822 0.940179 0.217647 0.001000
0.832196 0.942669 0.273887 0.001000
0.838001 0.942150 0.233153 0.001000
0.836362 0.942963 0.259668 0.001000
0.841422 0.943159 0.309311 0.001000
0.847960 0.941932 0.318331 0.001000
0.842321 0.942144 0.302246 0.001000
0.846271 0.945583 0.268126 0.000100
0.848163 0.945945 0.290505 0.000100
0.846942 0.944978 0.294721 0.000100
0.846642 0.946987 0.293037 0.000100
0.844676 0.946763 0.304784 0.000100
0.846447 0.946096 0.290129 0.000100
0.845420 0.946530 0.282823 0.000010
0.845683 0.946470 0.288957 0.000010
0.845599 0.946610 0.287698 0.000010
0.845332 0.946750 0.287774 0.000010
0.845437 0.946554 0.283774 0.000010
0.845463 0.946530 0.285882 0.000010
