0.696472 0.711056 0.684632 0.010000
0.748887 0.800172 0.381641 0.010000
0.797724 0.841482 0.502864 0.010000
0.818465 0.859691 0.480406 0.010000
0.817962 0.881760 0.465978 0.010000
0.825708 0.887427 0.528239 0.010000
0.799776 0.891484 0.550835 0.010000
0.813349 0.901796 0.395336 0.010000
0.824391 0.919576 0.314844 0.001000
0.823523 0.924152 0.282870 0.001000
0.825275 0.925528 0.355763 0.001000
0.825743 0.927113 0.328292 0.001000
0.830158 0.930823 0.392765 0.001000
0.824219 0.931557 0.341090 0.001000
0.826258 0.931972 0.295069 0.001000
0.821092 0.931492 0.284319 0.001000
0.825846 0.934103 0.348861 0.000100
0.825108 0.934421 0.332345 0.000100
0.824899 0.934348 0.329806 0.000100
0.826215 0.934983 0.337622 0.000100
0.824222 0.934939 0.357438 0.000100
0.824093 0.935320 0.330934 0.000100
0.825132 0.935553 0.346989 0.000010
0.824901 0.935552 0.341053 0.000010
0.825088 0.935631 0.334916 0.000010
0.825238 0.935666 0.344201 0.000010
0.824583 0.935633 0.338715 0.000010
0.824701 0.935648 0.341552 0.000010
