0.676807 0.742121 0.675967 0.010000
0.713134 0.802252 0.536576 0.010000
0.726791 0.804840 0.510939 0.010000
0.761277 0.838964 0.512034 0.010000
0.788991 0.871627 0.304285 0.010000
0.789428 0.872273 0.467618 0.010000
0.795703 0.892100 0.445231 0.010000
0.806376 0.904851 0.427346 0.010000
0.803961 0.902645 0.447977 0.010000
0.820517 0.909254 0.392037 0.010000
0.798720 0.916862 0.492277 0.010000
0.832658 0.934727 0.353115 0.001000
0.827500 0.936145 0.357217 0.001000
0.826726 0.938283 0.293728 0.001000
0.833927 0.940260 0.352281 0.001000
0.826794 0.941413 0.333850 0.001000
0.831270 0.942698 0.382892 0.001000
0.832945 0.942677 0.351606 0.001000
0.831716 0.944110 0.282901 0.001000
0.834878 0.945824 0.335834 0.001000
0.824548 0.946943 0.317112 0.001000
0.830749 0.946767 0.324261 0.001000
0.823269 0.948649 0.329976 0.001000
0.827888 0.948885 0.311697 0.001000
0.827820 0.949286 0.308457 0.001000
0.825045 0.950653 0.304645 0.000100
0.827008 0.951330 0.329698 0.000100
0.825540 0.951511 0.288266 0.000100
0.828356 0.951714 0.300356 0.000100
0.828644 0.952030 0.332218 0.000100
0.826839 0.952033 0.296733 0.000100
0.829035 0.952257 0.306593 0.000010
0.828872 0.952303 0.307511 0.000010
0.828640 0.952242 0.302667 0.000010
0.828489 0.952335 0.305603 0.000010
0.828874 0.952345 0.304802 0.000010
0.827941 0.952383 0.302232 0.000010
