0.656027 0.774324 0.516689 0.010000
0.693688 0.814731 0.739856 0.010000
0.722366 0.840617 0.458230 0.010000
0.726311 0.865982 0.354712 0.010000
0.759481 0.881013 0.454277 0.010000
0.742146 0.891544 0.436871 0.010000
0.757224 0.906144 0.500540 0.010000
0.779761 0.915996 0.362572 0.010000
0.767238 0.915754 0.390767 0.010000
0.790462 0.926747 0.301315 0.010000
0.770108 0.921357 0.274703 0.010000
0.791835 0.927254 0.269962 0.010000
0.768401 0.921758 0.345843 0.010000
0.775298 0.932246 0.372123 0.010000
0.766557 0.936180 0.339225 0.010000
0.770252 0.935216 0.267641 0.010000
0.798505 0.940476 0.360556 0.010000
0.765432 0.930809 0.406974 0.010000
0.785456 0.934925 0.328064 0.010000
0.750341 0.938875 0.192690 0.010000
0.786374 0.944828 0.386426 0.010000
0.776621 0.943699 0.313377 0.010000
0.780365 0.948683 0.265886 0.010000
0.765325 0.932714 0.271849 0.010000
0.767759 0.946163 0.422809 0.010000
0.764339 0.950530 0.334661 0.010000
0.787512 0.960948 0.261382 0.001000
0.783664 0.963458 0.247710 0.001000
0.794719 0.964446 0.231701 0.001000
0.791563 0.965536 0.247786 0.001000
0.784781 0.965183 0.298333 0.001000
0.790275 0.966389 0.252210 0.001000
0.790566 0.967172 0.247371 0.000100
0.790251 0.967510 0.237710 0.000100
0.791175 0.967572 0.239076 0.000100
0.792055 0.967895 0.243068 0.000100
0.792405 0.967998 0.231479 0.000100
0.792523 0.968035 0.244790 0.000100
0.792603 0.968145 0.240299 0.000010
0.792144 0.968156 0.233049 0.000010
0.792630 0.968175 0.242091 0.000010
0.792409 0.968223 0.239541 0.000010
0.791999 0.968232 0.240778 0.000010
0.791921 0.968244 0.237825 0.000010
