0.741104 0.785729 0.617677 0.010000
0.732913 0.793199 0.276233 0.010000
0.750977 0.849726 0.254184 0.010000
0.790851 0.864404 0.269206 0.010000
0.799100 0.884146 0.495563 0.010000
0.791878 0.885628 0.277247 0.010000
0.819542 0.913362 0.360014 0.010000
0.815144 0.914462 0.602871 0.010000
0.843477 0.924648 0.318618 0.010000
0.844367 0.944801 0.424784 0.001000
0.835797 0.950583 0.338226 0.001000
0.842877 0.952051 0.309972 0.001000
0.833149 0.950302 0.253250 0.001000
0.835511 0.955763 0.209538 0.001000
0.847803 0.957894 0.292330 0.001000
0.846695 0.957823 0.311495 0.001000
0.840850 0.958054 0.260710 0.001000
0.839968 0.962214 0.246610 0.001000
0.830266 0.957981 0.219063 0.001000
0.844252 0.961411 0.204524 0.001000
0.842917 0.961462 0.250950 0.001000
0.841671 0.962106 0.293687 0.001000
0.824383 0.962974 0.247215 0.001000
0.832918 0.962312 0.273859 0.001000
0.836138 0.961660 0.242788 0.001000
0.829254 0.965752 0.322257 0.001000
0.839618 0.970717 0.233770 0.000100
0.841854 0.971310 0.218631 0.000100
0.846063 0.971721 0.253223 0.000100
0.842031 0.971936 0.224293 0.000100
0.842740 0.972187 0.229000 0.000100
0.840828 0.972206 0.258219 0.000100
0.838440 0.972541 0.233937 0.000010
0.838195 0.972604 0.226075 0.000010
0.838672 0.972686 0.225896 0.000010
0.838022 0.972743 0.225392 0.000010
0.838065 0.972798 0.225603 0.000010
0.838909 0.972808 0.227569 0.000010
