0.702312 0.761261 0.242926 0.010000
0.730828 0.826375 0.782769 0.010000
0.715409 0.847915 1.603064 0.010000
0.737718 0.878238 1.462763 0.010000
0.721161 0.864045 0.323600 0.010000
0.773602 0.908657 0.697598 0.010000
0.774345 0.910215 0.306131 0.010000
0.804352 0.937053 0.701610 0.001000
0.814827 0.947291 0.595385 0.001000
0.806448 0.945113 1.038990 0.001000
0.813191 0.953950 0.460678 0.001000
0.818872 0.957232 0.431399 0.001000
0.824358 0.954481 0.465757 0.001000
0.825680 0.962158 0.352437 0.000100
0.824608 0.963659 0.279923 0.000100
0.823477 0.964101 0.259877 0.000100
0.823213 0.964348 0.279404 0.000100
0.825303 0.964541 0.303174 0.000100
0.823395 0.964477 0.269866 0.000100
0.822556 0.964999 0.257330 0.000010
0.822242 0.965058 0.262263 0.000010
0.821903 0.965090 0.260734 0.000010
0.821890 0.965112 0.260578 0.000010
0.821817 0.965136 0.261781 0.000010
0.821374 0.965176 0.259754 0.000010
