0.783245 0.752499 0.421339 0.010000
0.713335 0.695534 0.321042 0.010000
0.795819 0.816154 0.732891 0.010000
0.794305 0.839616 1.319165 0.010000
0.840470 0.876628 0.729524 0.010000
0.812853 0.841559 1.421242 0.010000
0.847753 0.896174 0.561318 0.010000
0.860464 0.888349 1.376211 0.010000
0.874218 0.937115 0.380538 0.001000
0.863506 0.936707 0.386328 0.001000
0.871040 0.944488 0.230737 0.001000
0.871023 0.946274 0.250562 0.001000
0.874510 0.948096 0.386095 0.001000
0.860862 0.947502 0.438121 0.001000
0.877378 0.951274 0.481551 0.001000
0.876038 0.954386 0.339299 0.001000
0.866463 0.955631 0.279367 0.001000
0.872151 0.958322 0.287100 0.000100
0.874753 0.959057 0.292873 0.000100
0.873580 0.959393 0.284288 0.000100
0.873805 0.959875 0.275484 0.000100
0.875265 0.959583 0.310116 0.000100
0.870492 0.960797 0.266342 0.000100
0.870751 0.960992 0.277389 0.000010
0.871400 0.961074 0.275578 0.000010
0.871754 0.961150 0.275813 0.000010
0.872138 0.961232 0.273419 0.000010
0.872750 0.961250 0.272140 0.000010
0.872267 0.961312 0.273875 0.000010
