0.635768 0.655791 0.766939 0.010000
0.709825 0.743475 0.397473 0.010000
0.667106 0.730818 0.654621 0.010000
0.721334 0.787863 1.041881 0.010000
0.695470 0.806415 1.129952 0.010000
0.726624 0.836509 1.249642 0.010000
0.728592 0.878789 0.729102 0.010000
0.744449 0.857715 0.519150 0.010000
0.738235 0.907685 1.077106 0.001000
0.742006 0.918733 0.840069 0.001000
0.730707 0.926872 0.544281 0.001000
0.733067 0.931137 0.467119 0.001000
0.741697 0.934585 0.805505 0.001000
0.741684 0.934081 0.580224 0.001000
0.748412 0.940290 0.488372 0.000100
0.751835 0.943026 0.390724 0.000100
0.750135 0.943587 0.431633 0.000100
0.750813 0.943794 0.417533 0.000100
0.752687 0.945046 0.410377 0.000100
0.751969 0.945345 0.484257 0.000100
0.752805 0.945786 0.442960 0.000100
0.749865 0.946149 0.424809 0.000100
0.751365 0.946547 0.408032 0.000010
0.751656 0.946752 0.409100 0.000010
0.751527 0.946824 0.403647 0.000010
0.751646 0.946897 0.403476 0.000010
0.751192 0.946966 0.403318 0.000010
0.751407 0.947031 0.404338 0.000010
