0.611885 0.726540 0.994327 0.010000
0.659002 0.788145 0.638449 0.010000
0.671586 0.833267 0.632461 0.010000
0.700748 0.860495 0.301488 0.010000
0.726768 0.850410 0.362096 0.010000
0.725988 0.869432 0.575404 0.010000
0.705756 0.875729 0.253247 0.010000
0.694150 0.896612 0.193590 0.010000
0.738125 0.911468 0.516555 0.010000
0.757137 0.914275 0.628446 0.010000
0.723070 0.928067 1.067000 0.010000
0.735895 0.931511 0.532635 0.010000
0.750760 0.940102 0.451117 0.010000
0.709337 0.927112 0.926922 0.010000
0.731809 0.952898 0.349915 0.001000
0.742995 0.958012 0.362069 0.001000
0.732485 0.957824 0.253903 0.001000
0.748466 0.965602 0.367436 0.001000
0.748915 0.964610 0.242694 0.001000
0.734724 0.966214 0.407447 0.001000
0.741207 0.969665 0.316079 0.000100
0.740592 0.969587 0.274333 0.000100
0.740255 0.970606 0.253417 0.000100
0.740723 0.970966 0.235788 0.000100
0.739365 0.971149 0.261236 0.000100
0.738310 0.971373 0.262566 0.000100
0.737942 0.971321 0.261213 0.000010
0.737991 0.971420 0.258097 0.000010
0.737766 0.971258 0.252792 0.000010
0.738140 0.971341 0.256383 0.000010
0.738027 0.971254 0.261081 0.000010
0.738413 0.971284 0.258683 0.000010
