0.709942 0.700203 0.971969 0.010000
0.724023 0.747255 0.393926 0.010000
0.728892 0.782733 1.054087 0.010000
0.771318 0.804457 1.544330 0.010000
0.776745 0.817469 2.264891 0.010000
0.812850 0.867761 1.052685 0.010000
0.786248 0.887006 0.472652 0.010000
0.816242 0.864265 1.495859 0.010000
0.840228 0.922107 0.731617 0.001000
0.843249 0.930039 0.609511 0.001000
0.837311 0.944055 0.503170 0.001000
0.829097 0.945561 0.397280 0.001000
0.826488 0.949521 0.346791 0.001000
0.813830 0.949107 0.438460 0.001000
0.808325 0.948700 0.231456 0.001000
0.824348 0.953347 0.264978 0.001000
0.832210 0.953291 0.261073 0.001000
0.821913 0.955130 0.328731 0.001000
0.816412 0.954745 0.295801 0.001000
0.821073 0.956179 0.336104 0.001000
0.817053 0.948859 0.582622 0.001000
0.810690 0.962307 0.307877 0.000100
0.807451 0.963349 0.253954 0.000100
0.799286 0.964591 0.264144 0.000100
0.804490 0.964676 0.259591 0.000100
0.805187 0.965146 0.234051 0.000100
0.806854 0.965315 0.251486 0.000100
0.804214 0.965510 0.256414 0.000010
0.805269 0.965684 0.256707 0.000010
0.804313 0.965643 0.258834 0.000010
0.803287 0.965692 0.260092 0.000010
0.803545 0.965653 0.262062 0.000010
0.802202 0.965625 0.262722 0.000010
