0.588273 0.631691 0.608181 0.010000
0.606273 0.698801 0.506621 0.010000
0.724725 0.807586 0.595520 0.010000
0.760117 0.844749 0.563568 0.010000
0.764114 0.848311 0.551853 0.010000
0.770373 0.883550 0.515780 0.010000
0.777410 0.894215 0.373615 0.010000
0.784093 0.904806 0.423992 0.010000
0.794314 0.903456 0.548135 0.010000
0.790123 0.904731 0.465695 0.010000
0.765194 0.901186 0.366358 0.010000
0.796681 0.909306 0.362203 0.010000
0.801758 0.910773 0.333330 0.010000
0.793768 0.920977 0.328102 0.010000
0.788069 0.915531 0.446439 0.010000
0.800263 0.927095 0.376641 0.010000
0.771459 0.908957 0.498059 0.010000
0.800133 0.928449 0.369177 0.010000
0.791415 0.922362 0.454068 0.010000
0.788441 0.928504 0.513670 0.010000
0.806044 0.947971 0.319148 0.001000
0.811586 0.950261 0.354048 0.001000
0.802716 0.950984 0.267963 0.001000
0.808728 0.951747 0.331300 0.001000
0.807311 0.952614 0.321187 0.001000
0.806068 0.954087 0.267915 0.001000
0.805023 0.953446 0.320542 0.001000
0.803512 0.955036 0.340051 0.001000
0.806228 0.954786 0.261920 0.001000
0.806516 0.955721 0.309242 0.001000
0.802284 0.953439 0.346156 0.001000
0.813787 0.957174 0.322842 0.001000
0.806280 0.955961 0.247969 0.001000
0.812385 0.956422 0.260608 0.001000
0.813589 0.958440 0.248709 0.001000
0.815628 0.958175 0.277956 0.001000
0.812581 0.958691 0.313012 0.001000
0.816251 0.959293 0.279020 0.001000
0.809992 0.957712 0.265858 0.001000
0.811717 0.959702 0.280788 0.000100
0.812159 0.960651 0.257053 0.000100
0.811305 0.960680 0.262531 0.000100
0.811526 0.961378 0.266437 0.000100
0.811368 0.960962 0.281063 0.000100
0.810575 0.961362 0.259689 0.000100
0.810927 0.961428 0.270182 0.000010
0.810916 0.961448 0.266174 0.000010
0.811024 0.961508 0.270991 0.000010
0.810978 0.961569 0.265339 0.000010
0.811246 0.961569 0.271934 0.000010
0.810983 0.961592 0.270929 0.000010
