0.632630 0.668323 0.619305 0.010000
0.647533 0.708979 0.615696 0.010000
0.672757 0.753761 0.558100 0.010000
0.732802 0.801566 0.534883 0.010000
0.737234 0.808941 0.507680 0.010000
0.745804 0.839373 0.468038 0.010000
0.759298 0.853531 0.433824 0.010000
0.771340 0.867812 0.426418 0.010000
0.781154 0.858369 0.445867 0.010000
0.795528 0.880841 0.414187 0.010000
0.787668 0.880213 0.317847 0.010000
0.780400 0.878830 0.361770 0.010000
0.798562 0.893268 0.493478 0.010000
0.793692 0.893824 0.363016 0.010000
0.806332 0.898260 0.380463 0.010000
0.774367 0.884742 0.380332 0.010000
0.791625 0.906146 0.468066 0.010000
0.794452 0.925361 0.364061 0.001000
0.803502 0.927805 0.344786 0.001000
0.791531 0.928533 0.371057 0.001000
0.795036 0.929354 0.382231 0.001000
0.798399 0.932437 0.392529 0.001000
0.795351 0.932640 0.336202 0.001000
0.793691 0.934381 0.334347 0.000100
0.792645 0.934681 0.331946 0.000100
0.795362 0.935104 0.332184 0.000100
0.794401 0.935150 0.317458 0.000100
0.794403 0.935464 0.323902 0.000100
0.792922 0.935471 0.311048 0.000100
0.795623 0.935885 0.330967 0.000100
0.795365 0.935985 0.331754 0.000100
0.793920 0.936330 0.325081 0.000100
0.794852 0.936248 0.310509 0.000100
0.795147 0.936700 0.324133 0.000100
0.792987 0.936330 0.314294 0.000100
0.793142 0.936841 0.312480 0.000100
0.794394 0.936915 0.311368 0.000100
0.795419 0.936752 0.330087 0.000100
0.794982 0.937252 0.319088 0.000100
0.795128 0.937222 0.318477 0.000010
0.795437 0.937276 0.321378 0.000010
0.794949 0.937224 0.316064 0.000010
0.795287 0.937310 0.318549 0.000010
0.795251 0.937389 0.322250 0.000010
0.795391 0.937375 0.316804 0.000010
