0.663012 0.613392 0.659839 0.010000
0.679739 0.657431 0.632465 0.010000
0.693742 0.690090 0.800916 0.010000
0.762760 0.759640 0.516427 0.010000
0.773977 0.772553 0.578811 0.010000
0.801717 0.809463 0.571010 0.010000
0.809412 0.836598 0.467264 0.010000
0.796708 0.837147 0.523891 0.010000
0.804373 0.848983 0.477897 0.010000
0.814850 0.868786 0.577237 0.010000
0.811555 0.876313 0.358369 0.010000
0.816111 0.873064 0.394630 0.010000
0.823367 0.888177 0.418183 0.010000
0.814434 0.882324 0.343552 0.010000
0.824839 0.901120 0.451541 0.010000
0.822177 0.895034 0.536899 0.010000
0.823968 0.896292 0.400623 0.010000
0.817484 0.907881 0.424823 0.010000
0.828387 0.904271 0.360640 0.010000
0.807085 0.902889 0.428006 0.010000
0.822450 0.923959 0.346885 0.001000
0.821269 0.928722 0.347397 0.001000
0.824117 0.930468 0.329034 0.001000
0.827766 0.932741 0.332163 0.001000
0.824283 0.934104 0.317184 0.001000
0.828363 0.933619 0.332828 0.001000
0.822600 0.935720 0.375732 0.001000
0.819033 0.934654 0.329913 0.001000
0.823869 0.938626 0.324597 0.001000
0.824572 0.938572 0.302677 0.001000
0.832688 0.937862 0.391093 0.001000
0.827689 0.939199 0.287521 0.001000
0.826244 0.937966 0.354142 0.001000
0.828291 0.939309 0.293471 0.001000
0.824519 0.941855 0.351657 0.001000
0.825125 0.942581 0.359631 0.001000
0.820622 0.942624 0.316063 0.001000
0.825404 0.943188 0.304351 0.001000
0.823599 0.944975 0.310656 0.000100
0.824407 0.945599 0.316362 0.000100
0.823858 0.945384 0.299071 0.000100
0.821659 0.945812 0.291667 0.000100
0.821988 0.946471 0.299396 0.000100
0.821346 0.946206 0.297693 0.000100
0.822034 0.946431 0.299117 0.000010
0.822014 0.946524 0.306444 0.000010
0.822122 0.946464 0.307681 0.000010
0.822292 0.946641 0.304181 0.000010
0.822410 0.946602 0.300310 0.000010
0.821898 0.946596 0.308250 0.000010
