0.658972 0.659354 0.734951 0.010000
0.678768 0.688542 0.687705 0.010000
0.752505 0.758774 0.602363 0.010000
0.770137 0.779972 0.555988 0.010000
0.769552 0.804363 0.506049 0.010000
0.786993 0.833166 0.463916 0.010000
0.775318 0.831315 0.679687 0.010000
0.803612 0.850717 0.583006 0.010000
0.785117 0.843706 0.339105 0.010000
0.781444 0.858546 0.453081 0.010000
0.762517 0.845436 0.617235 0.010000
0.794375 0.877800 0.502050 0.010000
0.785301 0.889865 0.664440 0.010000
0.772903 0.892108 0.444447 0.010000
0.805548 0.901641 0.283255 0.010000
0.816890 0.904460 0.470836 0.010000
0.790772 0.897916 0.647069 0.010000
0.821490 0.904873 0.465730 0.010000
0.806862 0.909861 0.312185 0.010000
0.803302 0.896169 0.544699 0.010000
0.807124 0.904175 0.685366 0.010000
0.831637 0.930699 0.356147 0.001000
0.832775 0.933541 0.380390 0.001000
0.833690 0.935208 0.283662 0.001000
0.839235 0.936906 0.305776 0.001000
0.837669 0.936350 0.261737 0.001000
0.835198 0.936819 0.364921 0.001000
0.837667 0.938466 0.282414 0.001000
0.834885 0.938686 0.281922 0.001000
0.825893 0.940131 0.353473 0.001000
0.836595 0.939788 0.321421 0.001000
0.835528 0.939281 0.351527 0.001000
0.835876 0.942672 0.309449 0.000100
0.836605 0.942759 0.317188 0.000100
0.835796 0.943496 0.326571 0.000100
0.833645 0.943508 0.330672 0.000100
0.834434 0.943516 0.296880 0.000100
0.835360 0.943706 0.313214 0.000100
0.835429 0.943798 0.318146 0.000010
0.835296 0.943834 0.310460 0.000010
0.836006 0.943822 0.322413 0.000010
0.835667 0.943868 0.311504 0.000010
0.836218 0.943864 0.321540 0.000010
0.835329 0.943913 0.315858 0.000010
