0.632366 0.674141 0.603261 0.010000
0.633909 0.704155 0.755472 0.010000
0.689017 0.753692 0.552993 0.010000
0.721379 0.782099 0.626157 0.010000
0.739489 0.799208 0.665073 0.010000
0.731568 0.803749 0.762116 0.010000
0.753080 0.805101 0.522229 0.010000
0.772959 0.842282 0.761430 0.010000
0.788969 0.867955 0.487891 0.010000
0.801327 0.869018 0.554273 0.010000
0.794582 0.875268 0.412935 0.010000
0.800411 0.885995 0.400535 0.010000
0.799916 0.896916 0.363697 0.010000
0.805136 0.893959 0.540019 0.010000
0.812298 0.889486 0.406909 0.010000
0.818278 0.898752 0.303514 0.010000
0.816420 0.906412 0.508837 0.010000
0.813186 0.909146 0.627742 0.010000
0.810368 0.908376 0.407622 0.010000
0.820789 0.918701 0.369403 0.010000
0.821016 0.910805 0.528060 0.010000
0.839571 0.918102 0.379846 0.010000
0.843688 0.933730 0.345252 0.001000
0.842434 0.935788 0.317250 0.001000
0.835808 0.937516 0.332663 0.001000
0.842483 0.938031 0.291258 0.001000
0.842668 0.937908 0.296351 0.001000
0.844767 0.940003 0.365903 0.001000
0.842338 0.940743 0.290060 0.001000
0.843108 0.940799 0.378333 0.001000
0.842681 0.939097 0.374004 0.001000
0.844866 0.941920 0.295064 0.001000
0.841832 0.941719 0.340821 0.001000
0.844298 0.941716 0.388251 0.001000
0.845969 0.943698 0.282437 0.001000
0.847613 0.942542 0.364960 0.001000
0.844761 0.941238 0.309383 0.001000
0.845009 0.944615 0.292962 0.001000
0.845064 0.944448 0.309867 0.001000
0.845164 0.944643 0.323611 0.001000
0.846341 0.945066 0.318467 0.001000
0.847817 0.946608 0.302431 0.000100
0.846545 0.946957 0.330936 0.000100
0.846691 0.947221 0.293531 0.000100
0.846212 0.947257 0.287280 0.000100
0.847739 0.947262 0.316964 0.000100
0.846928 0.947733 0.323630 0.000100
0.847207 0.947884 0.304064 0.000010
0.847354 0.947919 0.299475 0.000010
0.847154 0.947895 0.301929 0.000010
0.847105 0.947852 0.295229 0.000010
0.847107 0.947970 0.304896 0.000010
0.847237 0.947971 0.307661 0.000010
