0.590337 0.678219 0.717437 0.010000
0.637156 0.761343 0.573337 0.010000
0.667228 0.818537 0.507442 0.010000
0.696787 0.833281 0.498081 0.010000
0.691608 0.837237 0.412335 0.010000
0.684851 0.838459 0.372752 0.010000
0.717310 0.859709 0.410509 0.010000
0.696839 0.865444 0.384579 0.010000
0.710295 0.876199 0.563663 0.010000
0.690451 0.882839 0.372243 0.010000
0.729553 0.880459 0.648047 0.010000
0.728556 0.902964 0.378464 0.010000
0.714868 0.904048 0.465433 0.010000
0.738324 0.904982 0.509025 0.010000
0.743661 0.901836 0.566503 0.010000
0.752934 0.909004 0.337738 0.010000
0.734537 0.916568 0.496182 0.010000
0.751986 0.910830 0.290745 0.010000
0.744604 0.914478 0.378024 0.010000
0.740697 0.917166 0.435745 0.010000
0.743381 0.915856 0.396111 0.010000
0.746626 0.921765 0.333568 0.010000
0.729127 0.912198 0.293401 0.010000
0.741098 0.922713 0.484532 0.010000
0.760051 0.939789 0.317460 0.001000
0.759005 0.941847 0.333577 0.001000
0.755456 0.942200 0.288265 0.001000
0.751205 0.943371 0.309838 0.001000
0.744909 0.940870 0.368554 0.001000
0.756637 0.944685 0.270039 0.001000
0.747876 0.944494 0.245572 0.001000
0.751043 0.946376 0.277547 0.001000
0.758881 0.945801 0.253443 0.001000
0.758972 0.946422 0.329786 0.001000
0.757417 0.948447 0.362504 0.001000
0.764653 0.947593 0.342312 0.001000
0.755055 0.947763 0.300282 0.001000
0.759663 0.949485 0.288034 0.000100
0.758921 0.949529 0.302470 0.000100
0.759905 0.950058 0.328819 0.000100
0.762405 0.950234 0.336033 0.000100
0.763005 0.950201 0.301871 0.000100
0.757985 0.950498 0.285480 0.000100
0.758818 0.950550 0.296186 0.000010
0.759603 0.950535 0.300508 0.000010
0.760395 0.950521 0.304301 0.000010
0.760977 0.950560 0.303257 0.000010
0.761036 0.950578 0.306069 0.000010
0.760590 0.950586 0.303432 0.000010
