0.732529 0.700025 0.684483 0.010000
0.778496 0.763384 0.505533 0.010000
0.816023 0.792962 0.432811 0.010000
0.737647 0.755607 0.850692 0.010000
0.782957 0.770558 1.141020 0.010000
0.832936 0.851813 0.967867 0.010000
0.804300 0.850186 0.274249 0.010000
0.847014 0.889098 0.448883 0.010000
0.841779 0.883659 1.263736 0.010000
0.843704 0.898039 0.665314 0.010000
0.839267 0.894064 0.655852 0.010000
0.845098 0.913378 0.502172 0.010000
0.844607 0.901686 0.573941 0.010000
0.867607 0.935350 0.502323 0.001000
0.868318 0.940021 0.379589 0.001000
0.855941 0.939436 0.477422 0.001000
0.861944 0.938408 0.338439 0.001000
0.850766 0.944129 0.266384 0.001000
0.857044 0.945352 0.356056 0.001000
0.854451 0.945826 0.387632 0.001000
0.853912 0.949320 0.364964 0.001000
0.850626 0.949641 0.331984 0.001000
0.843491 0.945773 0.372925 0.001000
0.852849 0.951162 0.360191 0.001000
0.852697 0.954074 0.336473 0.000100
0.852639 0.954723 0.333589 0.000100
0.849862 0.955261 0.324210 0.000100
0.851360 0.955718 0.340954 0.000100
0.847634 0.955603 0.328422 0.000100
0.848774 0.954413 0.325650 0.000100
0.849066 0.955073 0.319683 0.000010
0.848762 0.955521 0.314207 0.000010
0.848652 0.955771 0.314721 0.000010
0.848571 0.955856 0.322761 0.000010
0.849653 0.956063 0.319075 0.000010
0.849052 0.956104 0.318886 0.000010
