0.630185 0.734683 0.507210 0.010000
0.686521 0.784368 0.955540 0.010000
0.688009 0.791040 0.609571 0.010000
0.723233 0.854346 0.834291 0.010000
0.667943 0.826275 0.345823 0.010000
0.706118 0.858362 1.079363 0.010000
0.718740 0.874017 0.409534 0.010000
0.745768 0.888902 0.839332 0.010000
0.684898 0.833182 0.254514 0.010000
0.743435 0.903695 0.534682 0.010000
0.757423 0.917674 0.371987 0.010000
0.733383 0.896857 0.204445 0.010000
0.760496 0.922996 0.590386 0.010000
0.760698 0.912201 1.014595 0.010000
0.765653 0.919805 0.583187 0.010000
0.756722 0.933542 0.239219 0.010000
0.732131 0.915831 0.217070 0.010000
0.742845 0.925412 0.203095 0.010000
0.746271 0.930091 0.545746 0.010000
0.762987 0.929048 0.778332 0.010000
0.719087 0.926116 0.577697 0.010000
0.745387 0.928171 0.815592 0.010000
0.733933 0.914751 0.683486 0.010000
0.749492 0.925006 0.808173 0.010000
0.782542 0.955699 0.361506 0.001000
0.783571 0.960274 0.265425 0.001000
0.771247 0.962011 0.231927 0.001000
0.788922 0.964462 0.300625 0.001000
0.781527 0.964471 0.246735 0.001000
0.779886 0.967367 0.246600 0.001000
0.773195 0.967452 0.237471 0.000100
0.770859 0.966877 0.247475 0.000100
0.769911 0.967264 0.239855 0.000100
0.769084 0.967241 0.249576 0.000100
0.771235 0.967260 0.241829 0.000100
0.770946 0.967432 0.242358 0.000100
0.770290 0.967514 0.248365 0.000010
0.770160 0.967568 0.251436 0.000010
0.770032 0.967552 0.249870 0.000010
0.769249 0.967564 0.246656 0.000010
0.768870 0.967556 0.249416 0.000010
0.769250 0.967615 0.248295 0.000010
