0.694943 0.732140 0.200747 0.010000
0.729888 0.744583 1.347153 0.010000
0.782829 0.820515 0.992482 0.010000
0.752518 0.804138 0.622737 0.010000
0.815300 0.870346 1.921508 0.010000
0.819094 0.894699 0.348155 0.010000
0.807558 0.905940 0.332432 0.010000
0.822220 0.890875 0.694705 0.001000
0.835537 0.927316 0.894092 0.001000
0.828531 0.908896 0.507175 0.001000
0.846274 0.943774 0.626776 0.001000
0.842839 0.945933 0.378289 0.001000
0.838988 0.947763 0.589641 0.001000
0.849074 0.956324 0.361343 0.000100
0.852274 0.957612 0.341223 0.000100
0.853245 0.958466 0.333560 0.000100
0.852346 0.959013 0.332939 0.000100
0.849472 0.958671 0.375208 0.000100
0.848905 0.959590 0.302352 0.000100
0.849416 0.959758 0.294177 0.000010
0.849437 0.959756 0.280641 0.000010
0.849648 0.959829 0.282534 0.000010
0.849737 0.959896 0.281008 0.000010
0.849495 0.959936 0.286121 0.000010
0.849131 0.959993 0.287766 0.000010
