0.759988 0.742279 1.112127 0.010000
0.760236 0.807455 0.300777 0.010000
0.788989 0.846792 0.874484 0.010000
0.766199 0.858588 1.462577 0.010000
0.792971 0.852583 2.607360 0.010000
0.776886 0.855879 1.047635 0.010000
0.825170 0.891213 2.048996 0.010000
0.843901 0.918309 0.372130 0.010000
0.853655 0.932963 1.141073 0.001000
0.862591 0.946779 0.748825 0.001000
0.859953 0.950703 0.580469 0.001000
0.857146 0.953801 0.542679 0.001000
0.862287 0.958756 0.468929 0.001000
0.851447 0.960234 0.194676 0.001000
0.847189 0.958586 0.401941 0.001000
0.847605 0.961646 0.445024 0.001000
0.847792 0.965396 0.356996 0.001000
0.852189 0.967096 0.237988 0.001000
0.832027 0.960616 0.377776 0.001000
0.851804 0.967669 0.304876 0.001000
0.849034 0.971427 0.243131 0.000100
0.849855 0.972353 0.273701 0.000100
0.852175 0.972886 0.252792 0.000100
0.844534 0.972862 0.212725 0.000100
0.850189 0.973606 0.222090 0.000100
0.846943 0.973392 0.257595 0.000100
0.846929 0.973891 0.233923 0.000010
0.846586 0.974013 0.224765 0.000010
0.846673 0.974119 0.229775 0.000010
0.846708 0.974140 0.230441 0.000010
0.845879 0.974169 0.223176 0.000010
0.846616 0.974192 0.227504 0.000010
