0.685837 0.794586 0.219321 0.010000
0.676928 0.829988 0.539258 0.010000
0.723819 0.857601 2.943566 0.010000
0.722089 0.894430 0.469311 0.010000
0.757327 0.890444 1.053218 0.010000
0.726697 0.847594 0.802460 0.010000
0.771854 0.873721 0.661016 0.010000
0.785234 0.934631 0.432014 0.001000
0.793049 0.946307 0.454619 0.001000
0.775780 0.953165 0.292910 0.001000
0.793951 0.951190 0.438296 0.001000
0.772708 0.950314 0.274611 0.001000
0.778253 0.956660 0.463939 0.001000
0.780510 0.963780 0.340205 0.000100
0.781062 0.965024 0.271950 0.000100
0.782690 0.965599 0.259448 0.000100
0.777762 0.965786 0.280830 0.000100
0.777920 0.966399 0.266135 0.000100
0.774196 0.966500 0.275333 0.000100
0.774722 0.966752 0.258591 0.000010
0.775329 0.966839 0.259574 0.000010
0.775062 0.966889 0.256073 0.000010
0.775285 0.966952 0.255466 0.000010
0.775081 0.966930 0.254618 0.000010
0.775992 0.967007 0.264315 0.000010
