0.726401 0.736983 0.673062 0.010000
0.774088 0.786466 0.459477 0.010000
0.802193 0.837616 0.344928 0.010000
0.820454 0.876343 0.879886 0.010000
0.835336 0.877244 0.527103 0.010000
0.843561 0.880743 1.084739 0.010000
0.863713 0.896017 1.212850 0.010000
0.809964 0.878906 0.230259 0.010000
0.843700 0.897121 1.801589 0.010000
0.850557 0.921589 0.362723 0.010000
0.826073 0.924722 0.322057 0.010000
0.842408 0.917605 1.257883 0.010000
0.860824 0.946032 0.336706 0.010000
0.838412 0.930628 0.376510 0.010000
0.865002 0.962125 0.284078 0.001000
0.855981 0.964895 0.291809 0.001000
0.845302 0.966483 0.194240 0.001000
0.841873 0.967146 0.272621 0.001000
0.852994 0.971607 0.249919 0.001000
0.849682 0.971167 0.248960 0.001000
0.838117 0.973589 0.199257 0.001000
0.837154 0.971983 0.391927 0.001000
0.841240 0.973477 0.239506 0.001000
0.830996 0.977810 0.202965 0.000100
0.825750 0.978493 0.207714 0.000100
0.825573 0.978945 0.216292 0.000100
0.826209 0.979082 0.195891 0.000100
0.828911 0.979284 0.213419 0.000100
0.828227 0.979353 0.205544 0.000100
0.826466 0.979511 0.196361 0.000010
0.826321 0.979576 0.198619 0.000010
0.826263 0.979596 0.198799 0.000010
0.826153 0.979627 0.201126 0.000010
0.826553 0.979658 0.201730 0.000010
0.826847 0.979669 0.200786 0.000010
