0.684151 0.774862 0.246797 0.010000
0.698684 0.804712 0.222315 0.010000
0.726292 0.847853 0.263662 0.010000
0.764938 0.896612 0.710764 0.010000
0.734684 0.888862 0.892910 0.010000
0.741506 0.924969 0.140410 0.010000
0.732314 0.923641 0.467303 0.010000
0.753433 0.920521 0.940684 0.010000
0.760396 0.927441 0.740880 0.010000
0.775849 0.941040 0.594885 0.010000
0.741992 0.920977 0.331268 0.010000
0.774416 0.942652 0.768035 0.010000
0.787191 0.962805 0.488511 0.001000
0.789091 0.966639 0.381989 0.001000
0.794518 0.969947 0.272661 0.001000
0.790348 0.971277 0.345402 0.001000
0.778724 0.971140 0.231991 0.001000
0.781095 0.973242 0.233163 0.001000
0.787408 0.976314 0.232488 0.000100
0.786998 0.976812 0.218782 0.000100
0.788217 0.977283 0.210980 0.000100
0.786539 0.977220 0.232870 0.000100
0.785573 0.977495 0.216368 0.000100
0.786452 0.977511 0.195513 0.000100
0.786595 0.977727 0.208475 0.000010
0.786930 0.977769 0.211322 0.000010
0.786632 0.977816 0.214840 0.000010
0.786273 0.977859 0.211251 0.000010
0.786104 0.977869 0.209615 0.000010
0.786237 0.977912 0.208743 0.000010
