refined/1a4k
refined/1d6v
refined/1eb2
refined/1hn4
refined/1igj
refined/1lrh
refined/1m7i
refined/1mh5
refined/1mjj
refined/1o36
refined/1pz5
refined/1qyg
refined/1t7d
refined/1usi
refined/1usk
refined/1uz8
refined/1w0z
refined/1w11
refined/1w13
refined/1y0l
refined/1yej
refined/1zea
refined/2b7d
refined/2bok
refined/2cht
refined/2flr
refined/2gv7
refined/2r0z
refined/2r1y
refined/2r23
refined/2r75
refined/2rk8
refined/2tpi
refined/2v8w
refined/2xej
refined/2y5g
refined/3muz
refined/3mv0
refined/4j48
refined/4jyt
refined/4nja
refined/4o9v
refined/4qf7
refined/4x8v
refined/5l30
refined/5u0f
refined/5u6j
other/1aqj
other/1awh
other/1azx
other/1bcj
other/1c12
other/1cea
other/1dbb
other/1dbk
other/1eat
other/1eed
other/1epp
other/1epq
other/1gmy
other/1gvk
other/1gvu
other/1h1b
other/1h9l
other/1him
other/1i8i
other/1iau
other/1ibg
other/1it6
other/1k2i
other/1kr3
other/1lqe
other/1lqf
other/1m5b
other/1m5e
other/1m5f
other/1mmp
other/1nde
other/1nzl
other/1nzv
other/1oeb
other/1ow4
other/1oxn
other/1oxq
other/1oy7
other/1p01
other/1p02
other/1p03
other/1p04
other/1p05
other/1p06
other/1p10
other/1pau
other/1ph0
other/1pig
other/1pum
other/1pw6
other/1pxh
other/1q4k
other/1qiw
other/1qr3
other/1rdi
other/1rdj
other/1rdl
other/1rdn
other/1rhj
other/1rhk
other/1rhr
other/1rhu
other/1s9v
other/1sc8
other/1tc1
other/1tet
other/1u9l
other/1ujk
other/1vja
other/1w10
other/1w12
other/1w14
other/1w70
other/1xot
other/1xr8
other/1yyy
other/1z6j
other/2adm
other/2bks
other/2dbl
other/2eh8
other/2evo
other/2feq
other/2fov
other/2h5d
other/2hrp
other/2i47
other/2j4q
other/2ntf
other/2or9
other/2pyi
other/2qbx
other/2qhr
other/2qlm
other/2r2b
other/2uzv
other/2v86
other/2w16
other/2w6t
other/2w6u
