0.601618 0.705673 0.601286 0.010000
0.641738 0.746766 0.605246 0.010000
0.702550 0.826513 0.584616 0.010000
0.739564 0.859989 0.532333 0.010000
0.734183 0.874742 0.465895 0.010000
0.756857 0.884643 0.519143 0.010000
0.720810 0.883935 0.422310 0.010000
0.738989 0.898222 0.374727 0.010000
0.729387 0.893817 0.532282 0.010000
0.743195 0.903262 0.450239 0.010000
0.740776 0.905452 0.415390 0.010000
0.729759 0.907447 0.344458 0.010000
0.721431 0.903978 0.443862 0.010000
0.747453 0.912312 0.462390 0.010000
0.745292 0.920179 0.404054 0.010000
0.749178 0.918841 0.435475 0.010000
0.738420 0.910189 0.231437 0.010000
0.751227 0.930296 0.347783 0.010000
0.757190 0.930484 0.458191 0.010000
0.730241 0.927699 0.283476 0.010000
0.747004 0.928932 0.324118 0.010000
0.735084 0.920655 0.298771 0.010000
0.745964 0.925161 0.308492 0.010000
0.755207 0.946383 0.297264 0.001000
0.759549 0.949760 0.278694 0.001000
0.759648 0.952296 0.324956 0.001000
0.755509 0.952869 0.287952 0.001000
0.749008 0.953407 0.291749 0.001000
0.757203 0.955680 0.329303 0.001000
0.756681 0.956591 0.277915 0.000100
0.755778 0.956400 0.288538 0.000100
0.755748 0.956734 0.273855 0.000100
0.757535 0.956864 0.285122 0.000100
0.758910 0.956803 0.277396 0.000100
0.755525 0.956723 0.265491 0.000100
0.756732 0.956980 0.281437 0.000010
0.757358 0.957075 0.282629 0.000010
0.757335 0.957071 0.278936 0.000010
0.757351 0.957132 0.282903 0.000010
0.757440 0.957155 0.277846 0.000010
0.757323 0.957190 0.281360 0.000010
