0.619724 0.624575 0.640501 0.010000
0.628121 0.678018 0.529046 0.010000
0.720161 0.782457 0.513488 0.010000
0.757897 0.828192 0.509067 0.010000
0.772129 0.846259 0.392659 0.010000
0.802816 0.867530 0.549010 0.010000
0.800378 0.868528 0.422879 0.010000
0.797528 0.877907 0.481209 0.010000
0.805667 0.888880 0.467475 0.010000
0.800885 0.891558 0.512956 0.010000
0.807834 0.900937 0.388894 0.010000
0.793866 0.897342 0.450161 0.010000
0.817460 0.908061 0.466443 0.010000
0.823910 0.907562 0.363979 0.010000
0.799863 0.909303 0.423319 0.010000
0.832074 0.913844 0.431061 0.010000
0.811781 0.913450 0.401687 0.010000
0.791483 0.902115 0.305417 0.010000
0.801614 0.923153 0.422181 0.010000
0.814289 0.923344 0.378851 0.010000
0.817509 0.916555 0.364060 0.010000
0.779459 0.921229 0.569502 0.010000
0.799584 0.918446 0.316313 0.010000
0.804049 0.924270 0.284244 0.010000
0.814556 0.924625 0.298106 0.010000
0.817657 0.921013 0.443174 0.010000
0.830241 0.926639 0.414340 0.010000
0.804734 0.931864 0.400893 0.010000
0.819429 0.924723 0.425195 0.010000
0.800502 0.931283 0.272771 0.010000
0.826048 0.931787 0.409585 0.010000
0.812628 0.931624 0.317157 0.010000
0.840775 0.931447 0.359007 0.010000
0.831721 0.936224 0.367827 0.010000
0.836534 0.933528 0.385522 0.010000
0.819195 0.938090 0.374625 0.010000
0.826356 0.952895 0.245246 0.001000
0.831229 0.954335 0.295618 0.001000
0.831174 0.956011 0.256497 0.001000
0.828132 0.956923 0.277643 0.001000
0.835530 0.957229 0.251569 0.001000
0.830780 0.958389 0.274756 0.001000
0.828807 0.958085 0.300751 0.001000
0.833656 0.959616 0.272121 0.000100
0.834172 0.959716 0.255062 0.000100
0.833299 0.959816 0.279279 0.000100
0.833361 0.960297 0.246286 0.000100
0.834298 0.960704 0.254531 0.000100
0.835077 0.960849 0.264595 0.000100
0.834666 0.960648 0.261468 0.000010
0.834730 0.960674 0.262290 0.000010
0.835043 0.960651 0.263532 0.000010
0.835427 0.960761 0.263523 0.000010
0.835190 0.960671 0.262174 0.000010
0.835210 0.960682 0.262699 0.000010
