0.592453 0.670845 0.636670 0.010000
0.607376 0.729847 0.571613 0.010000
0.692431 0.799131 0.527449 0.010000
0.718375 0.868238 0.459544 0.010000
0.747662 0.871471 0.580488 0.010000
0.722635 0.889744 0.591750 0.010000
0.733216 0.897883 0.334651 0.010000
0.731919 0.900632 0.481059 0.010000
0.716088 0.904579 0.402696 0.010000
0.735969 0.915015 0.345121 0.010000
0.733835 0.911758 0.308431 0.010000
0.762337 0.917621 0.431335 0.010000
0.719028 0.909504 0.404521 0.010000
0.747116 0.926139 0.408927 0.010000
0.752293 0.927042 0.281158 0.010000
0.733850 0.926329 0.460430 0.010000
0.735141 0.930125 0.396122 0.010000
0.749566 0.919560 0.346275 0.010000
0.749662 0.930270 0.322992 0.010000
0.746471 0.931226 0.435058 0.010000
0.753806 0.931932 0.542333 0.010000
0.760561 0.949132 0.314806 0.001000
0.759699 0.951278 0.265263 0.001000
0.763132 0.952184 0.284519 0.001000
0.760078 0.953069 0.279671 0.001000
0.755037 0.954222 0.274409 0.001000
0.760541 0.955656 0.262539 0.001000
0.766004 0.957393 0.308192 0.001000
0.752150 0.956158 0.233695 0.001000
0.758798 0.957910 0.262853 0.001000
0.753969 0.957797 0.307065 0.001000
0.752717 0.957929 0.269625 0.001000
0.758365 0.959330 0.284258 0.001000
0.759425 0.960547 0.270915 0.001000
0.760181 0.960492 0.288888 0.001000
0.761150 0.961181 0.267759 0.000100
0.761903 0.961548 0.253560 0.000100
0.760617 0.961322 0.248496 0.000100
0.760731 0.961603 0.274235 0.000100
0.759879 0.961580 0.263649 0.000100
0.760147 0.961774 0.252780 0.000100
0.760612 0.961902 0.259192 0.000010
0.760458 0.961851 0.255377 0.000010
0.760472 0.961888 0.266799 0.000010
0.760301 0.961926 0.260346 0.000010
0.760434 0.961916 0.263812 0.000010
0.759919 0.961884 0.256495 0.000010
