0.648804 0.621624 0.686804 0.010000
0.707748 0.708553 0.565042 0.010000
0.756990 0.779659 0.478764 0.010000
0.787583 0.825213 0.596867 0.010000
0.799126 0.848707 0.458886 0.010000
0.796279 0.863505 0.407215 0.010000
0.804418 0.870329 0.560779 0.010000
0.816434 0.881681 0.489175 0.010000
0.794974 0.884245 0.434084 0.010000
0.808473 0.890006 0.494075 0.010000
0.832140 0.896471 0.455584 0.010000
0.819968 0.894037 0.573896 0.010000
0.833078 0.917480 0.343538 0.001000
0.828508 0.922124 0.345057 0.001000
0.832036 0.924566 0.361770 0.001000
0.827993 0.925966 0.402186 0.001000
0.820101 0.927282 0.291660 0.001000
0.826448 0.929523 0.333464 0.001000
0.830995 0.930755 0.341290 0.001000
0.821554 0.930342 0.333390 0.001000
0.823707 0.930481 0.402751 0.001000
0.819221 0.931457 0.299172 0.001000
0.819116 0.934081 0.328795 0.001000
0.825267 0.936099 0.341935 0.000100
0.821242 0.936113 0.337084 0.000100
0.822680 0.935828 0.335275 0.000100
0.821491 0.936582 0.328028 0.000100
0.819815 0.936119 0.342064 0.000100
0.819628 0.936690 0.324818 0.000100
0.819459 0.936602 0.332704 0.000010
0.820346 0.936722 0.324613 0.000010
0.820045 0.936637 0.321841 0.000010
0.820531 0.936763 0.336282 0.000010
0.820360 0.936714 0.332917 0.000010
0.820435 0.936792 0.332465 0.000010
