0.678230 0.658947 0.617052 0.010000
0.708141 0.745153 0.581855 0.010000
0.755445 0.791287 0.621449 0.010000
0.767593 0.816340 0.526216 0.010000
0.792015 0.840384 0.472627 0.010000
0.782759 0.854978 0.509283 0.010000
0.792585 0.855954 0.491369 0.010000
0.811329 0.862846 0.407846 0.010000
0.820339 0.888378 0.422082 0.010000
0.795450 0.872043 0.409356 0.010000
0.799357 0.889616 0.320183 0.010000
0.786413 0.899598 0.511370 0.010000
0.811079 0.885795 0.465878 0.010000
0.809031 0.895464 0.290098 0.010000
0.815734 0.892116 0.408305 0.010000
0.813487 0.903473 0.287181 0.010000
0.820079 0.908834 0.348001 0.010000
0.804429 0.900797 0.372030 0.010000
0.832291 0.895917 0.431319 0.010000
0.828082 0.909995 0.549185 0.010000
0.837958 0.911803 0.401284 0.010000
0.827359 0.913806 0.352227 0.010000
0.844471 0.933572 0.327706 0.001000
0.844408 0.937077 0.347525 0.001000
0.838805 0.937269 0.326782 0.001000
0.843705 0.940485 0.364873 0.001000
0.843784 0.939439 0.287866 0.001000
0.843055 0.940379 0.293343 0.001000
0.844504 0.942616 0.312469 0.000100
0.844364 0.942873 0.321439 0.000100
0.843409 0.942847 0.319499 0.000100
0.843761 0.943031 0.299396 0.000100
0.843738 0.943339 0.318509 0.000100
0.844058 0.943545 0.306389 0.000100
0.844178 0.943592 0.305638 0.000010
0.844274 0.943616 0.305859 0.000010
0.844387 0.943549 0.308517 0.000010
0.844401 0.943653 0.308258 0.000010
0.844521 0.943654 0.308148 0.000010
0.844777 0.943715 0.308227 0.000010
