0.590544 0.689734 0.594914 0.010000
0.609931 0.743796 0.605304 0.010000
0.663992 0.815297 0.491851 0.010000
0.676074 0.842591 0.419598 0.010000
0.705896 0.859018 0.436752 0.010000
0.705754 0.876255 0.363753 0.010000
0.718314 0.884248 0.343708 0.010000
0.720532 0.891622 0.620543 0.010000
0.730344 0.903974 0.421801 0.010000
0.687319 0.896168 0.461027 0.010000
0.720175 0.913649 0.453953 0.010000
0.730224 0.910862 0.517685 0.010000
0.719120 0.918111 0.451550 0.010000
0.740753 0.931539 0.364719 0.001000
0.729522 0.933813 0.341349 0.001000
0.740979 0.937490 0.322220 0.001000
0.741875 0.936629 0.290778 0.001000
0.737116 0.939008 0.305368 0.001000
0.738169 0.938995 0.336468 0.001000
0.740031 0.940857 0.317054 0.001000
0.744026 0.942310 0.329362 0.001000
0.742653 0.942408 0.289496 0.001000
0.728458 0.939865 0.306317 0.001000
0.738419 0.943247 0.348425 0.001000
0.752707 0.943537 0.269745 0.001000
0.740534 0.945154 0.276348 0.001000
0.738472 0.944622 0.369433 0.001000
0.740412 0.944832 0.273553 0.001000
0.738094 0.945280 0.313259 0.001000
0.738462 0.945812 0.385343 0.001000
0.736278 0.946086 0.299001 0.001000
0.743130 0.948989 0.330424 0.000100
0.742412 0.949533 0.320524 0.000100
0.740565 0.949506 0.294009 0.000100
0.741058 0.949875 0.284212 0.000100
0.745631 0.950150 0.302457 0.000100
0.743807 0.950376 0.314653 0.000100
0.743324 0.950368 0.302760 0.000010
0.744490 0.950322 0.295438 0.000010
0.744412 0.950286 0.299266 0.000010
0.744457 0.950338 0.306053 0.000010
0.744612 0.950347 0.297462 0.000010
0.744717 0.950416 0.302472 0.000010
