0.601406 0.642871 0.622220 0.010000
0.667406 0.715912 0.583826 0.010000
0.722089 0.778872 0.472528 0.010000
0.758316 0.826505 0.532843 0.010000
0.792787 0.844455 0.506438 0.010000
0.801604 0.856996 0.446647 0.010000
0.807131 0.870427 0.431114 0.010000
0.805785 0.877810 0.404691 0.010000
0.822182 0.888554 0.391115 0.010000
0.820885 0.874745 0.421234 0.010000
0.810678 0.891336 0.403472 0.010000
0.804547 0.893561 0.407473 0.010000
0.819136 0.901161 0.340183 0.010000
0.834248 0.899611 0.387468 0.010000
0.822017 0.890248 0.481063 0.010000
0.811678 0.904345 0.338765 0.010000
0.823792 0.904889 0.346851 0.010000
0.832768 0.903597 0.533038 0.010000
0.830230 0.911346 0.287477 0.010000
0.823800 0.912479 0.546441 0.010000
0.821249 0.913746 0.357018 0.010000
0.842820 0.914427 0.365173 0.010000
0.839228 0.911597 0.298476 0.010000
0.839958 0.909689 0.309232 0.010000
0.837563 0.918454 0.344403 0.010000
0.847113 0.935669 0.311138 0.001000
0.855500 0.938673 0.339081 0.001000
0.857693 0.939219 0.338060 0.001000
0.858481 0.939982 0.304241 0.001000
0.853396 0.942649 0.286896 0.001000
0.854687 0.942658 0.299957 0.001000
0.852784 0.944327 0.289998 0.001000
0.855934 0.944081 0.305284 0.001000
0.855448 0.945486 0.272184 0.001000
0.854206 0.947244 0.296643 0.001000
0.860439 0.947584 0.288033 0.001000
0.854124 0.947355 0.255680 0.001000
0.849287 0.946636 0.235320 0.001000
0.851032 0.948973 0.275957 0.001000
0.850239 0.947314 0.295713 0.001000
0.852865 0.947660 0.274062 0.001000
0.855464 0.950589 0.344111 0.001000
0.855299 0.950938 0.274420 0.001000
0.857162 0.952411 0.294740 0.001000
0.855250 0.953402 0.285667 0.000100
0.854023 0.952998 0.306702 0.000100
0.854218 0.952977 0.269055 0.000100
0.854606 0.953255 0.282013 0.000100
0.854166 0.953066 0.272259 0.000100
0.855922 0.953413 0.268042 0.000100
0.855467 0.953721 0.273576 0.000010
0.855518 0.953700 0.278973 0.000010
0.855302 0.953887 0.274600 0.000010
0.855515 0.953769 0.278515 0.000010
0.854980 0.954035 0.271385 0.000010
0.854766 0.953944 0.278674 0.000010
