0.674452 0.641728 0.664460 0.010000
0.720039 0.703149 0.705724 0.010000
0.741936 0.764377 0.509528 0.010000
0.768595 0.796010 0.501129 0.010000
0.794174 0.833791 0.459333 0.010000
0.811319 0.857088 0.475957 0.010000
0.819389 0.856909 0.440166 0.010000
0.809819 0.881927 0.456960 0.010000
0.820018 0.869825 0.616952 0.010000
0.799066 0.884397 0.405800 0.010000
0.816615 0.892452 0.442965 0.010000
0.817671 0.890354 0.484299 0.010000
0.816343 0.893380 0.505068 0.010000
0.810666 0.899816 0.417898 0.010000
0.813616 0.905480 0.394410 0.010000
0.818834 0.905670 0.411852 0.010000
0.820197 0.905730 0.396552 0.010000
0.812489 0.903841 0.449378 0.010000
0.815338 0.916403 0.373126 0.010000
0.811390 0.922229 0.363331 0.010000
0.788868 0.924872 0.411872 0.010000
0.815013 0.916870 0.326380 0.010000
0.804744 0.924846 0.364089 0.010000
0.821044 0.925508 0.391400 0.010000
0.818323 0.919031 0.364511 0.010000
0.809623 0.923457 0.386233 0.010000
0.824161 0.927794 0.420954 0.010000
0.796355 0.923417 0.395924 0.010000
0.803494 0.942181 0.309434 0.001000
0.805711 0.946113 0.303173 0.001000
0.806998 0.948182 0.288644 0.001000
0.805444 0.948784 0.334187 0.001000
0.801086 0.949446 0.291165 0.001000
0.801293 0.952937 0.326757 0.001000
0.799665 0.952976 0.305001 0.001000
0.810700 0.953148 0.310445 0.001000
0.805467 0.953784 0.330340 0.001000
0.807085 0.955151 0.267917 0.000100
0.805637 0.955633 0.289767 0.000100
0.808334 0.955748 0.275930 0.000100
0.805157 0.955989 0.294743 0.000100
0.805431 0.955868 0.293884 0.000100
0.804461 0.955555 0.283419 0.000100
0.805123 0.955989 0.295496 0.000100
0.804959 0.955889 0.280318 0.000010
0.804626 0.955954 0.285523 0.000010
0.804706 0.956019 0.283754 0.000010
0.804889 0.956056 0.288394 0.000010
0.804059 0.956089 0.282443 0.000010
0.805218 0.956109 0.285417 0.000010
